Log file open, 11/21/19 18:08:49
LogWindows: Failed to load 'aqProf.dll' (GetLastError=126)
LogWindows: File 'aqProf.dll' does not exist
LogWindows: Failed to load 'VtuneApi.dll' (GetLastError=126)
LogWindows: File 'VtuneApi.dll' does not exist
LogWindows: Failed to load 'VtuneApi32e.dll' (GetLastError=126)
LogWindows: File 'VtuneApi32e.dll' does not exist
LogConsoleResponse: Display: Failed to find resolution value strings in scalability ini. Falling back to default.
LogInit: Display: Running engine for game: NeonGlider
LogPakFile: Registered encryption key '00000000000000000000000000000000': 0 pak files mounted, 0 remain pending
LogPlatformFile: Not using cached read wrapper
LogTaskGraph: Started task graph with 5 named threads and 35 total threads with 3 sets of task threads.
LogStats: Stats thread started at 0.418411
LogD3D11RHI: Loaded GFSDK_Aftermath_Lib.x64.dll
LogICUInternationalization: ICU TimeZone Detection - Raw Offset: +0:00, Platform Override: ''
LogPluginManager: Mounting plugin Paper2D
LogPluginManager: Mounting plugin AISupport
LogPluginManager: Mounting plugin LightPropagationVolume
LogPluginManager: Mounting plugin ActorLayerUtilities
LogPluginManager: Mounting plugin CLionSourceCodeAccess
LogPluginManager: Mounting plugin CodeLiteSourceCodeAccess
LogPluginManager: Mounting plugin GitSourceControl
LogPluginManager: Mounting plugin KDevelopSourceCodeAccess
LogPluginManager: Mounting plugin NullSourceCodeAccess
LogPluginManager: Mounting plugin PerforceSourceControl
LogPluginManager: Mounting plugin SubversionSourceControl
LogPluginManager: Mounting plugin UObjectPlugin
LogPluginManager: Mounting plugin VisualStudioCodeSourceCodeAccess
LogPluginManager: Mounting plugin VisualStudioSourceCodeAccess
LogPluginManager: Mounting plugin XCodeSourceCodeAccess
LogPluginManager: Mounting plugin AssetManagerEditor
LogPluginManager: Mounting plugin CryptoKeys
LogPluginManager: Mounting plugin DataValidation
LogPluginManager: Mounting plugin FacialAnimation
LogPluginManager: Mounting plugin GameplayTagsEditor
LogPluginManager: Mounting plugin MacGraphicsSwitching
LogPluginManager: Mounting plugin MeshEditor
LogPluginManager: Mounting plugin MobileLauncherProfileWizard
LogPluginManager: Mounting plugin PluginBrowser
LogPluginManager: Mounting plugin SpeedTreeImporter
LogPluginManager: Mounting plugin DatasmithContent
LogPluginManager: Mounting plugin VariantManagerContent
LogPluginManager: Mounting plugin AlembicImporter
LogPluginManager: Mounting plugin AppleImageUtils
LogPluginManager: Mounting plugin AppleVision
LogPluginManager: Mounting plugin BackChannel
LogPluginManager: Mounting plugin CharacterAI
LogPluginManager: Mounting plugin GeometryCache
LogPluginManager: Mounting plugin HTML5Networking
LogPluginManager: Mounting plugin ProxyLODPlugin
LogPluginManager: Mounting plugin MagicLeap
LogPluginManager: Mounting plugin MagicLeapMedia
LogPluginManager: Mounting plugin AndroidMedia
LogPluginManager: Mounting plugin AvfMedia
LogPluginManager: Mounting plugin ImgMedia
LogPluginManager: Mounting plugin LinearTimecode
LogPluginManager: Mounting plugin MediaCompositing
LogPluginManager: Mounting plugin MediaPlayerEditor
LogPluginManager: Mounting plugin WebMMedia
LogPluginManager: Mounting plugin WmfMedia
LogPluginManager: Mounting plugin TcpMessaging
LogPluginManager: Mounting plugin UdpMessaging
LogPluginManager: Mounting plugin ActorSequence
LogPluginManager: Mounting plugin LevelSequenceEditor
LogPluginManager: Mounting plugin MatineeToLevelSequence
LogPluginManager: Mounting plugin NetcodeUnitTest
LogPluginManager: Mounting plugin NUTUnrealEngine4
LogPluginManager: Mounting plugin OnlineSubsystemGooglePlay
LogPluginManager: Mounting plugin OnlineSubsystemIOS
LogPluginManager: Mounting plugin OnlineSubsystem
LogPluginManager: Mounting plugin OnlineSubsystemNull
LogPluginManager: Mounting plugin OnlineSubsystemUtils
LogPluginManager: Mounting plugin LauncherChunkInstaller
LogPluginManager: Mounting plugin AndroidDeviceProfileSelector
LogPluginManager: Mounting plugin AndroidMoviePlayer
LogPluginManager: Mounting plugin AndroidPermission
LogPluginManager: Mounting plugin AppleMoviePlayer
LogPluginManager: Mounting plugin ArchVisCharacter
LogPluginManager: Mounting plugin AudioCapture
LogPluginManager: Mounting plugin CableComponent
LogPluginManager: Mounting plugin CustomMeshComponent
LogPluginManager: Mounting plugin EditableMesh
LogPluginManager: Mounting plugin ExampleDeviceProfileSelector
LogPluginManager: Mounting plugin Firebase
LogPluginManager: Mounting plugin GoogleCloudMessaging
LogPluginManager: Mounting plugin IOSDeviceProfileSelector
LogPluginManager: Mounting plugin LinuxDeviceProfileSelector
LogPluginManager: Mounting plugin LocationServicesBPLibrary
LogPluginManager: Mounting plugin MobilePatchingUtils
LogPluginManager: Mounting plugin OculusVR
LogPluginManager: Mounting plugin PhysXVehicles
LogPluginManager: Mounting plugin ProceduralMeshComponent
LogPluginManager: Mounting plugin RuntimePhysXCooking
LogPluginManager: Mounting plugin SteamVR
LogPluginManager: Mounting plugin WebMMoviePlayer
LogPluginManager: Mounting plugin WindowsMoviePlayer
LogStreaming: Display: Took  0.123s to configure plugins.
LogInit: Using libcurl 7.55.1-DEV
LogInit:  - built for x86_64-pc-win32
LogInit:  - supports SSL with OpenSSL/1.0.2h
LogInit:  - supports HTTP deflate (compression) using libz 1.2.8
LogInit:  - other features:
LogInit:      CURL_VERSION_SSL
LogInit:      CURL_VERSION_LIBZ
LogInit:      CURL_VERSION_IPV6
LogInit:      CURL_VERSION_ASYNCHDNS
LogInit:      CURL_VERSION_LARGEFILE
LogInit:      CURL_VERSION_IDN
LogInit:  CurlRequestOptions (configurable via config and command line):
LogInit:  - bVerifyPeer = true  - Libcurl will verify peer certificate
LogInit:  - bUseHttpProxy = false  - Libcurl will NOT use HTTP proxy
LogInit:  - bDontReuseConnections = false  - Libcurl will reuse connections
LogInit:  - MaxHostConnections = 16  - Libcurl will limit the number of connections to a host
LogInit:  - LocalHostAddr = Default
LogInit:  - BufferSize = 65536
LogInit: WinSock: version 1.1 (2.2), MaxSocks=32767, MaxUdp=65467
LogInit: Build: ++UE4+Release-4.21-CL-4753647
LogInit: Engine Version: 4.21.2-4753647+++UE4+Release-4.21
LogInit: Compatible Engine Version: 4.21.0-4541578+++UE4+Release-4.21
LogInit: Net CL: 4541578
LogInit: OS: Windows 10 (), CPU: Intel(R) Xeon(R) CPU E5-1650 v3 @ 3.50GHz, GPU: NVIDIA GeForce GTX 980 Ti
LogInit: Compiled (64-bit): Jan 19 2019 02:07:31
LogInit: Compiled with Visual C++: 19.13.26129.00
LogInit: Build Configuration: Development
LogInit: Branch Name: ++UE4+Release-4.21
LogInit: Command Line: 
LogInit: Base Directory: C:/Program Files/Epic Games/UE_4.21/Engine/Binaries/Win64/
LogInit: Installed Engine Build: 1
LogDevObjectVersion: Number of dev versions registered: 22
LogDevObjectVersion:   Dev-Blueprints (B0D832E4-1F89-4F0D-ACCF-7EB736FD4AA2): 10
LogDevObjectVersion:   Dev-Build (E1C64328-A22C-4D53-A36C-8E866417BD8C): 0
LogDevObjectVersion:   Dev-Core (375EC13C-06E4-48FB-B500-84F0262A717E): 2
LogDevObjectVersion:   Dev-Editor (E4B068ED-F494-42E9-A231-DA0B2E46BB41): 26
LogDevObjectVersion:   Dev-Framework (CFFC743F-43B0-4480-9391-14DF171D2073): 34
LogDevObjectVersion:   Dev-Mobile (B02B49B5-BB20-44E9-A304-32B752E40360): 2
LogDevObjectVersion:   Dev-Networking (A4E4105C-59A1-49B5-A7C5-40C4547EDFEE): 0
LogDevObjectVersion:   Dev-Online (39C831C9-5AE6-47DC-9A44-9C173E1C8E7C): 0
LogDevObjectVersion:   Dev-Physics (78F01B33-EBEA-4F98-B9B4-84EACCB95AA2): 0
LogDevObjectVersion:   Dev-Platform (6631380F-2D4D-43E0-8009-CF276956A95A): 0
LogDevObjectVersion:   Dev-Rendering (12F88B9F-8875-4AFC-A67C-D90C383ABD29): 27
LogDevObjectVersion:   Dev-Sequencer (7B5AE74C-D270-4C10-A958-57980B212A5A): 9
LogDevObjectVersion:   Dev-VR (D7296918-1DD6-4BDD-9DE2-64A83CC13884): 2
LogDevObjectVersion:   Dev-LoadTimes (C2A15278-BFE7-4AFE-6C17-90FF531DF755): 1
LogDevObjectVersion:   Private-Geometry (6EACA3D4-40EC-4CC1-B786-8BED09428FC5): 3
LogDevObjectVersion:   Dev-AnimPhys (29E575DD-E0A3-4627-9D10-D276232CDCEA): 17
LogDevObjectVersion:   Dev-Anim (AF43A65D-7FD3-4947-9873-3E8ED9C1BB05): 2
LogDevObjectVersion:   Dev-ReflectionCapture (6B266CEC-1EC7-4B8F-A30B-E4D90942FC07): 1
LogDevObjectVersion:   Dev-Automation (0DF73D61-A23F-47EA-B727-89E90C41499A): 1
LogDevObjectVersion:   FortniteMain (601D1886-AC64-4F84-AA16-D3DE0DEAC7D6): 17
LogDevObjectVersion:   Dev-Enterprise (9DFFBCD6-494F-0158-E221-12823C92A888): 4
LogDevObjectVersion:   Dev-Niagara (F2AED0AC-9AFE-416F-8664-AA7FFA26D6FC): 1
LogStreaming: Display: Took  0.003s to delete old logs.
LogInit: Presizing for max 8388607 objects, including 0 objects not considered by GC, pre-allocating 0 bytes for permanent pool.
LogInit: Object subsystem initialized
LogConfig: Setting CVar [[con.DebugEarlyDefault:1]]
LogConfig: Setting CVar [[r.setres:1280x720]]
[2019.11.21-18.08.50:247][  0]LogConfig: Setting CVar [[r.VSync:0]]
[2019.11.21-18.08.50:247][  0]LogConfig: Setting CVar [[r.RHICmdBypass:0]]
[2019.11.21-18.08.50:247][  0]LogConfig: Applying CVar settings from Section [/Script/Engine.RendererSettings] File [C:/Users/V8076248/Desktop/Test/NeonGlider/Neon_Glider(Kyle_Version)/Saved/Config/Windows/Engine.ini]
[2019.11.21-18.08.50:247][  0]LogConfig: Setting CVar [[r.GPUCrashDebugging:0]]
[2019.11.21-18.08.50:247][  0]LogConfig: Applying CVar settings from Section [/Script/Engine.RendererOverrideSettings] File [C:/Users/V8076248/Desktop/Test/NeonGlider/Neon_Glider(Kyle_Version)/Saved/Config/Windows/Engine.ini]
[2019.11.21-18.08.50:247][  0]LogConfig: Applying CVar settings from Section [/Script/Engine.StreamingSettings] File [C:/Users/V8076248/Desktop/Test/NeonGlider/Neon_Glider(Kyle_Version)/Saved/Config/Windows/Engine.ini]
[2019.11.21-18.08.50:247][  0]LogConfig: Setting CVar [[s.MinBulkDataSizeForAsyncLoading:131072]]
[2019.11.21-18.08.50:247][  0]LogConfig: Setting CVar [[s.AsyncLoadingThreadEnabled:0]]
[2019.11.21-18.08.50:247][  0]LogConfig: Setting CVar [[s.EventDrivenLoaderEnabled:1]]
[2019.11.21-18.08.50:247][  0]LogConfig: Setting CVar [[s.WarnIfTimeLimitExceeded:0]]
[2019.11.21-18.08.50:247][  0]LogConfig: Setting CVar [[s.TimeLimitExceededMultiplier:1.5]]
[2019.11.21-18.08.50:247][  0]LogConfig: Setting CVar [[s.TimeLimitExceededMinTime:0.005]]
[2019.11.21-18.08.50:247][  0]LogConfig: Setting CVar [[s.UseBackgroundLevelStreaming:1]]
[2019.11.21-18.08.50:247][  0]LogConfig: Setting CVar [[s.PriorityAsyncLoadingExtraTime:15.0]]
[2019.11.21-18.08.50:247][  0]LogConfig: Setting CVar [[s.LevelStreamingActorsUpdateTimeLimit:5.0]]
[2019.11.21-18.08.50:247][  0]LogConfig: Setting CVar [[s.PriorityLevelStreamingActorsUpdateExtraTime:5.0]]
[2019.11.21-18.08.50:247][  0]LogConfig: Setting CVar [[s.LevelStreamingComponentsRegistrationGranularity:10]]
[2019.11.21-18.08.50:247][  0]LogConfig: Setting CVar [[s.UnregisterComponentsTimeLimit:1.0]]
[2019.11.21-18.08.50:247][  0]LogConfig: Setting CVar [[s.LevelStreamingComponentsUnregistrationGranularity:5]]
[2019.11.21-18.08.50:247][  0]LogConfig: Applying CVar settings from Section [/Script/Engine.GarbageCollectionSettings] File [C:/Users/V8076248/Desktop/Test/NeonGlider/Neon_Glider(Kyle_Version)/Saved/Config/Windows/Engine.ini]
[2019.11.21-18.08.50:247][  0]LogConfig: Setting CVar [[gc.MaxObjectsNotConsideredByGC:1]]
[2019.11.21-18.08.50:247][  0]LogConfig: Setting CVar [[gc.SizeOfPermanentObjectPool:0]]
[2019.11.21-18.08.50:247][  0]LogConfig: Setting CVar [[gc.FlushStreamingOnGC:0]]
[2019.11.21-18.08.50:247][  0]LogConfig: Setting CVar [[gc.NumRetriesBeforeForcingGC:10]]
[2019.11.21-18.08.50:247][  0]LogConfig: Setting CVar [[gc.AllowParallelGC:1]]
[2019.11.21-18.08.50:247][  0]LogConfig: Setting CVar [[gc.TimeBetweenPurgingPendingKillObjects:61.1]]
[2019.11.21-18.08.50:247][  0]LogConfig: Setting CVar [[gc.MaxObjectsInEditor:8388607]]
[2019.11.21-18.08.50:247][  0]LogConfig: Setting CVar [[gc.IncrementalBeginDestroyEnabled:1]]
[2019.11.21-18.08.50:248][  0]LogConfig: Setting CVar [[gc.CreateGCClusters:1]]
[2019.11.21-18.08.50:248][  0]LogConfig: Setting CVar [[gc.MergeGCClusters:0]]
[2019.11.21-18.08.50:248][  0]LogConfig: Setting CVar [[gc.MinGCClusterSize:5]]
[2019.11.21-18.08.50:248][  0]LogConfig: Setting CVar [[gc.ActorClusteringEnabled:0]]
[2019.11.21-18.08.50:248][  0]LogConfig: Setting CVar [[gc.BlueprintClusteringEnabled:0]]
[2019.11.21-18.08.50:248][  0]LogConfig: Setting CVar [[gc.UseDisregardForGCOnDedicatedServers:0]]
[2019.11.21-18.08.50:248][  0]LogConfig: Applying CVar settings from Section [/Script/Engine.NetworkSettings] File [C:/Users/V8076248/Desktop/Test/NeonGlider/Neon_Glider(Kyle_Version)/Saved/Config/Windows/Engine.ini]
[2019.11.21-18.08.50:248][  0]LogConfig: Applying CVar settings from Section [/Script/UnrealEd.CookerSettings] File [C:/Users/V8076248/Desktop/Test/NeonGlider/Neon_Glider(Kyle_Version)/Saved/Config/Windows/Engine.ini]
[2019.11.21-18.08.50:253][  0]LogConfig: Applying CVar settings from Section [ViewDistanceQuality@3] File [C:/Users/V8076248/Desktop/Test/NeonGlider/Neon_Glider(Kyle_Version)/Saved/Config/Windows/Scalability.ini]
[2019.11.21-18.08.50:253][  0]LogConfig: Setting CVar [[r.SkeletalMeshLODBias:0]]
[2019.11.21-18.08.50:253][  0]LogConfig: Setting CVar [[r.ViewDistanceScale:1.0]]
[2019.11.21-18.08.50:253][  0]LogConfig: Applying CVar settings from Section [AntiAliasingQuality@3] File [C:/Users/V8076248/Desktop/Test/NeonGlider/Neon_Glider(Kyle_Version)/Saved/Config/Windows/Scalability.ini]
[2019.11.21-18.08.50:253][  0]LogConfig: Setting CVar [[r.PostProcessAAQuality:4]]
[2019.11.21-18.08.50:253][  0]LogConfig: Applying CVar settings from Section [ShadowQuality@3] File [C:/Users/V8076248/Desktop/Test/NeonGlider/Neon_Glider(Kyle_Version)/Saved/Config/Windows/Scalability.ini]
[2019.11.21-18.08.50:253][  0]LogConfig: Setting CVar [[r.LightFunctionQuality:1]]
[2019.11.21-18.08.50:253][  0]LogConfig: Setting CVar [[r.ShadowQuality:5]]
[2019.11.21-18.08.50:253][  0]LogConfig: Setting CVar [[r.Shadow.CSM.MaxCascades:10]]
[2019.11.21-18.08.50:253][  0]LogConfig: Setting CVar [[r.Shadow.MaxResolution:2048]]
[2019.11.21-18.08.50:253][  0]LogConfig: Setting CVar [[r.Shadow.MaxCSMResolution:2048]]
[2019.11.21-18.08.50:253][  0]LogConfig: Setting CVar [[r.Shadow.RadiusThreshold:0.01]]
[2019.11.21-18.08.50:253][  0]LogConfig: Setting CVar [[r.Shadow.DistanceScale:1.0]]
[2019.11.21-18.08.50:254][  0]LogConfig: Setting CVar [[r.Shadow.CSM.TransitionScale:1.0]]
[2019.11.21-18.08.50:254][  0]LogConfig: Setting CVar [[r.Shadow.PreShadowResolutionFactor:1.0]]
[2019.11.21-18.08.50:254][  0]LogConfig: Setting CVar [[r.DistanceFieldShadowing:1]]
[2019.11.21-18.08.50:254][  0]LogConfig: Setting CVar [[r.DistanceFieldAO:1]]
[2019.11.21-18.08.50:254][  0]LogConfig: Setting CVar [[r.AOQuality:2]]
[2019.11.21-18.08.50:254][  0]LogConfig: Setting CVar [[r.VolumetricFog:1]]
[2019.11.21-18.08.50:254][  0]LogConfig: Setting CVar [[r.VolumetricFog.GridPixelSize:8]]
[2019.11.21-18.08.50:254][  0]LogConfig: Setting CVar [[r.VolumetricFog.GridSizeZ:128]]
[2019.11.21-18.08.50:254][  0]LogConfig: Setting CVar [[r.VolumetricFog.HistoryMissSupersampleCount:4]]
[2019.11.21-18.08.50:254][  0]LogConfig: Setting CVar [[r.LightMaxDrawDistanceScale:1]]
[2019.11.21-18.08.50:254][  0]LogConfig: Setting CVar [[r.CapsuleShadows:1]]
[2019.11.21-18.08.50:254][  0]LogConfig: Applying CVar settings from Section [PostProcessQuality@3] File [C:/Users/V8076248/Desktop/Test/NeonGlider/Neon_Glider(Kyle_Version)/Saved/Config/Windows/Scalability.ini]
[2019.11.21-18.08.50:254][  0]LogConfig: Setting CVar [[r.MotionBlurQuality:4]]
[2019.11.21-18.08.50:254][  0]LogConfig: Setting CVar [[r.AmbientOcclusionMipLevelFactor:0.4]]
[2019.11.21-18.08.50:254][  0]LogConfig: Setting CVar [[r.AmbientOcclusionMaxQuality:100]]
[2019.11.21-18.08.50:254][  0]LogConfig: Setting CVar [[r.AmbientOcclusionLevels:-1]]
[2019.11.21-18.08.50:254][  0]LogConfig: Setting CVar [[r.AmbientOcclusionRadiusScale:1.0]]
[2019.11.21-18.08.50:254][  0]LogConfig: Setting CVar [[r.DepthOfFieldQuality:2]]
[2019.11.21-18.08.50:254][  0]LogConfig: Setting CVar [[r.RenderTargetPoolMin:400]]
[2019.11.21-18.08.50:254][  0]LogConfig: Setting CVar [[r.LensFlareQuality:2]]
[2019.11.21-18.08.50:254][  0]LogConfig: Setting CVar [[r.SceneColorFringeQuality:1]]
[2019.11.21-18.08.50:254][  0]LogConfig: Setting CVar [[r.EyeAdaptationQuality:2]]
[2019.11.21-18.08.50:254][  0]LogConfig: Setting CVar [[r.BloomQuality:5]]
[2019.11.21-18.08.50:254][  0]LogConfig: Setting CVar [[r.FastBlurThreshold:100]]
[2019.11.21-18.08.50:254][  0]LogConfig: Setting CVar [[r.Upscale.Quality:3]]
[2019.11.21-18.08.50:254][  0]LogConfig: Setting CVar [[r.Tonemapper.GrainQuantization:1]]
[2019.11.21-18.08.50:254][  0]LogConfig: Setting CVar [[r.LightShaftQuality:1]]
[2019.11.21-18.08.50:254][  0]LogConfig: Setting CVar [[r.Filter.SizeScale:1]]
[2019.11.21-18.08.50:254][  0]LogConfig: Setting CVar [[r.Tonemapper.Quality:5]]
[2019.11.21-18.08.50:254][  0]LogConfig: Setting CVar [[r.DOF.Gather.AccumulatorQuality:1        ; higher gathering accumulator quality]]
[2019.11.21-18.08.50:254][  0]LogConfig: Setting CVar [[r.DOF.Gather.PostfilterMethod:1          ; Median3x3 postfilering method]]
[2019.11.21-18.08.50:254][  0]LogConfig: Setting CVar [[r.DOF.Gather.EnableBokehSettings:0       ; no bokeh simulation when gathering]]
[2019.11.21-18.08.50:254][  0]LogConfig: Setting CVar [[r.DOF.Gather.RingCount:4                 ; medium number of samples when gathering]]
[2019.11.21-18.08.50:254][  0]LogConfig: Setting CVar [[r.DOF.Scatter.ForegroundCompositing:1    ; additive foreground scattering]]
[2019.11.21-18.08.50:254][  0]LogConfig: Setting CVar [[r.DOF.Scatter.BackgroundCompositing:2    ; additive background scattering]]
[2019.11.21-18.08.50:254][  0]LogConfig: Setting CVar [[r.DOF.Scatter.EnableBokehSettings:1      ; bokeh simulation when scattering]]
[2019.11.21-18.08.50:254][  0]LogConfig: Setting CVar [[r.DOF.Scatter.MaxSpriteRatio:0.1         ; only a maximum of 10% of scattered bokeh]]
[2019.11.21-18.08.50:254][  0]LogConfig: Setting CVar [[r.DOF.Recombine.Quality:1                ; cheap slight out of focus]]
[2019.11.21-18.08.50:254][  0]LogConfig: Setting CVar [[r.DOF.Recombine.EnableBokehSettings:0    ; no bokeh simulation on slight out of focus]]
[2019.11.21-18.08.50:254][  0]LogConfig: Setting CVar [[r.DOF.TemporalAAQuality:1                ; more stable temporal accumulation]]
[2019.11.21-18.08.50:254][  0]LogConfig: Setting CVar [[r.DOF.Kernel.MaxForegroundRadius:0.025]]
[2019.11.21-18.08.50:254][  0]LogConfig: Setting CVar [[r.DOF.Kernel.MaxBackgroundRadius:0.025]]
[2019.11.21-18.08.50:254][  0]LogConfig: Applying CVar settings from Section [TextureQuality@3] File [C:/Users/V8076248/Desktop/Test/NeonGlider/Neon_Glider(Kyle_Version)/Saved/Config/Windows/Scalability.ini]
[2019.11.21-18.08.50:254][  0]LogConfig: Setting CVar [[r.Streaming.MipBias:0]]
[2019.11.21-18.08.50:254][  0]LogConfig: Setting CVar [[r.Streaming.AmortizeCPUToGPUCopy:0]]
[2019.11.21-18.08.50:254][  0]LogConfig: Setting CVar [[r.Streaming.MaxNumTexturesToStreamPerFrame:0]]
[2019.11.21-18.08.50:254][  0]LogConfig: Setting CVar [[r.Streaming.Boost:1]]
[2019.11.21-18.08.50:254][  0]LogConfig: Setting CVar [[r.MaxAnisotropy:8]]
[2019.11.21-18.08.50:254][  0]LogConfig: Setting CVar [[r.Streaming.LimitPoolSizeToVRAM:0]]
[2019.11.21-18.08.50:254][  0]LogConfig: Setting CVar [[r.Streaming.PoolSize:1000]]
[2019.11.21-18.08.50:254][  0]LogConfig: Setting CVar [[r.Streaming.MaxEffectiveScreenSize:0]]
[2019.11.21-18.08.50:254][  0]LogConfig: Applying CVar settings from Section [EffectsQuality@3] File [C:/Users/V8076248/Desktop/Test/NeonGlider/Neon_Glider(Kyle_Version)/Saved/Config/Windows/Scalability.ini]
[2019.11.21-18.08.50:254][  0]LogConfig: Setting CVar [[r.TranslucencyLightingVolumeDim:64]]
[2019.11.21-18.08.50:254][  0]LogConfig: Setting CVar [[r.RefractionQuality:2]]
[2019.11.21-18.08.50:254][  0]LogConfig: Setting CVar [[r.SSR.Quality:3]]
[2019.11.21-18.08.50:254][  0]LogConfig: Setting CVar [[r.SceneColorFormat:4]]
[2019.11.21-18.08.50:254][  0]LogConfig: Setting CVar [[r.DetailMode:2]]
[2019.11.21-18.08.50:254][  0]LogConfig: Setting CVar [[r.TranslucencyVolumeBlur:1]]
[2019.11.21-18.08.50:254][  0]LogConfig: Setting CVar [[r.MaterialQualityLevel:1 ; High quality]]
[2019.11.21-18.08.50:254][  0]LogConfig: Setting CVar [[r.SSS.Scale:1]]
[2019.11.21-18.08.50:254][  0]LogConfig: Setting CVar [[r.SSS.SampleSet:2]]
[2019.11.21-18.08.50:254][  0]LogConfig: Setting CVar [[r.SSS.Quality:1]]
[2019.11.21-18.08.50:254][  0]LogConfig: Setting CVar [[r.SSS.HalfRes:1]]
[2019.11.21-18.08.50:254][  0]LogConfig: Setting CVar [[r.EmitterSpawnRateScale:1.0]]
[2019.11.21-18.08.50:254][  0]LogConfig: Setting CVar [[r.ParticleLightQuality:2]]
[2019.11.21-18.08.50:254][  0]LogConfig: Applying CVar settings from Section [FoliageQuality@3] File [C:/Users/V8076248/Desktop/Test/NeonGlider/Neon_Glider(Kyle_Version)/Saved/Config/Windows/Scalability.ini]
[2019.11.21-18.08.50:254][  0]LogConfig: Setting CVar [[foliage.DensityScale:1.0]]
[2019.11.21-18.08.50:254][  0]LogConfig: Setting CVar [[grass.DensityScale:1.0]]
[2019.11.21-18.08.50:254][  0]LogInit: Selected Device Profile: [Windows]
[2019.11.21-18.08.50:254][  0]LogInit: Applying CVar settings loaded from the selected device profile: [Windows]
[2019.11.21-18.08.50:274][  0]LogHAL: Display: Platform has ~ 32 GB [34271838208 / 34359738368 / 32], which maps to Largest [LargestMinGB=32, LargerMinGB=12, DefaultMinGB=8, SmallerMinGB=6, SmallestMinGB=0)
[2019.11.21-18.08.50:274][  0]LogConfig: Setting CVar [[r.Vulkan.UseRealUBs:1]]
[2019.11.21-18.08.50:274][  0]LogInit: Going up to parent DeviceProfile []
[2019.11.21-18.08.50:274][  0]LogConfig: Applying CVar settings from Section [ViewDistanceQuality@3] File [C:/Users/V8076248/Desktop/Test/NeonGlider/Neon_Glider(Kyle_Version)/Saved/Config/Windows/Scalability.ini]
[2019.11.21-18.08.50:274][  0]LogConfig: Setting CVar [[r.SkeletalMeshLODBias:0]]
[2019.11.21-18.08.50:274][  0]LogConfig: Setting CVar [[r.ViewDistanceScale:1.0]]
[2019.11.21-18.08.50:274][  0]LogConfig: Applying CVar settings from Section [AntiAliasingQuality@3] File [C:/Users/V8076248/Desktop/Test/NeonGlider/Neon_Glider(Kyle_Version)/Saved/Config/Windows/Scalability.ini]
[2019.11.21-18.08.50:274][  0]LogConfig: Setting CVar [[r.PostProcessAAQuality:4]]
[2019.11.21-18.08.50:274][  0]LogConfig: Applying CVar settings from Section [ShadowQuality@3] File [C:/Users/V8076248/Desktop/Test/NeonGlider/Neon_Glider(Kyle_Version)/Saved/Config/Windows/Scalability.ini]
[2019.11.21-18.08.50:274][  0]LogConfig: Setting CVar [[r.LightFunctionQuality:1]]
[2019.11.21-18.08.50:274][  0]LogConfig: Setting CVar [[r.ShadowQuality:5]]
[2019.11.21-18.08.50:274][  0]LogConfig: Setting CVar [[r.Shadow.CSM.MaxCascades:10]]
[2019.11.21-18.08.50:274][  0]LogConfig: Setting CVar [[r.Shadow.MaxResolution:2048]]
[2019.11.21-18.08.50:274][  0]LogConfig: Setting CVar [[r.Shadow.MaxCSMResolution:2048]]
[2019.11.21-18.08.50:274][  0]LogConfig: Setting CVar [[r.Shadow.RadiusThreshold:0.01]]
[2019.11.21-18.08.50:274][  0]LogConfig: Setting CVar [[r.Shadow.DistanceScale:1.0]]
[2019.11.21-18.08.50:274][  0]LogConfig: Setting CVar [[r.Shadow.CSM.TransitionScale:1.0]]
[2019.11.21-18.08.50:274][  0]LogConfig: Setting CVar [[r.Shadow.PreShadowResolutionFactor:1.0]]
[2019.11.21-18.08.50:274][  0]LogConfig: Setting CVar [[r.DistanceFieldShadowing:1]]
[2019.11.21-18.08.50:274][  0]LogConfig: Setting CVar [[r.DistanceFieldAO:1]]
[2019.11.21-18.08.50:274][  0]LogConfig: Setting CVar [[r.AOQuality:2]]
[2019.11.21-18.08.50:274][  0]LogConfig: Setting CVar [[r.VolumetricFog:1]]
[2019.11.21-18.08.50:274][  0]LogConfig: Setting CVar [[r.VolumetricFog.GridPixelSize:8]]
[2019.11.21-18.08.50:274][  0]LogConfig: Setting CVar [[r.VolumetricFog.GridSizeZ:128]]
[2019.11.21-18.08.50:274][  0]LogConfig: Setting CVar [[r.VolumetricFog.HistoryMissSupersampleCount:4]]
[2019.11.21-18.08.50:274][  0]LogConfig: Setting CVar [[r.LightMaxDrawDistanceScale:1]]
[2019.11.21-18.08.50:274][  0]LogConfig: Setting CVar [[r.CapsuleShadows:1]]
[2019.11.21-18.08.50:274][  0]LogConfig: Applying CVar settings from Section [PostProcessQuality@3] File [C:/Users/V8076248/Desktop/Test/NeonGlider/Neon_Glider(Kyle_Version)/Saved/Config/Windows/Scalability.ini]
[2019.11.21-18.08.50:274][  0]LogConfig: Setting CVar [[r.MotionBlurQuality:4]]
[2019.11.21-18.08.50:274][  0]LogConfig: Setting CVar [[r.AmbientOcclusionMipLevelFactor:0.4]]
[2019.11.21-18.08.50:274][  0]LogConfig: Setting CVar [[r.AmbientOcclusionMaxQuality:100]]
[2019.11.21-18.08.50:274][  0]LogConfig: Setting CVar [[r.AmbientOcclusionLevels:-1]]
[2019.11.21-18.08.50:274][  0]LogConfig: Setting CVar [[r.AmbientOcclusionRadiusScale:1.0]]
[2019.11.21-18.08.50:274][  0]LogConfig: Setting CVar [[r.DepthOfFieldQuality:2]]
[2019.11.21-18.08.50:274][  0]LogConfig: Setting CVar [[r.RenderTargetPoolMin:400]]
[2019.11.21-18.08.50:274][  0]LogConfig: Setting CVar [[r.LensFlareQuality:2]]
[2019.11.21-18.08.50:274][  0]LogConfig: Setting CVar [[r.SceneColorFringeQuality:1]]
[2019.11.21-18.08.50:274][  0]LogConfig: Setting CVar [[r.EyeAdaptationQuality:2]]
[2019.11.21-18.08.50:274][  0]LogConfig: Setting CVar [[r.BloomQuality:5]]
[2019.11.21-18.08.50:274][  0]LogConfig: Setting CVar [[r.FastBlurThreshold:100]]
[2019.11.21-18.08.50:274][  0]LogConfig: Setting CVar [[r.Upscale.Quality:3]]
[2019.11.21-18.08.50:274][  0]LogConfig: Setting CVar [[r.Tonemapper.GrainQuantization:1]]
[2019.11.21-18.08.50:274][  0]LogConfig: Setting CVar [[r.LightShaftQuality:1]]
[2019.11.21-18.08.50:274][  0]LogConfig: Setting CVar [[r.Filter.SizeScale:1]]
[2019.11.21-18.08.50:274][  0]LogConfig: Setting CVar [[r.Tonemapper.Quality:5]]
[2019.11.21-18.08.50:274][  0]LogConfig: Setting CVar [[r.DOF.Gather.AccumulatorQuality:1        ; higher gathering accumulator quality]]
[2019.11.21-18.08.50:274][  0]LogConfig: Setting CVar [[r.DOF.Gather.PostfilterMethod:1          ; Median3x3 postfilering method]]
[2019.11.21-18.08.50:274][  0]LogConfig: Setting CVar [[r.DOF.Gather.EnableBokehSettings:0       ; no bokeh simulation when gathering]]
[2019.11.21-18.08.50:274][  0]LogConfig: Setting CVar [[r.DOF.Gather.RingCount:4                 ; medium number of samples when gathering]]
[2019.11.21-18.08.50:274][  0]LogConfig: Setting CVar [[r.DOF.Scatter.ForegroundCompositing:1    ; additive foreground scattering]]
[2019.11.21-18.08.50:274][  0]LogConfig: Setting CVar [[r.DOF.Scatter.BackgroundCompositing:2    ; additive background scattering]]
[2019.11.21-18.08.50:274][  0]LogConfig: Setting CVar [[r.DOF.Scatter.EnableBokehSettings:1      ; bokeh simulation when scattering]]
[2019.11.21-18.08.50:274][  0]LogConfig: Setting CVar [[r.DOF.Scatter.MaxSpriteRatio:0.1         ; only a maximum of 10% of scattered bokeh]]
[2019.11.21-18.08.50:274][  0]LogConfig: Setting CVar [[r.DOF.Recombine.Quality:1                ; cheap slight out of focus]]
[2019.11.21-18.08.50:274][  0]LogConfig: Setting CVar [[r.DOF.Recombine.EnableBokehSettings:0    ; no bokeh simulation on slight out of focus]]
[2019.11.21-18.08.50:274][  0]LogConfig: Setting CVar [[r.DOF.TemporalAAQuality:1                ; more stable temporal accumulation]]
[2019.11.21-18.08.50:274][  0]LogConfig: Setting CVar [[r.DOF.Kernel.MaxForegroundRadius:0.025]]
[2019.11.21-18.08.50:274][  0]LogConfig: Setting CVar [[r.DOF.Kernel.MaxBackgroundRadius:0.025]]
[2019.11.21-18.08.50:274][  0]LogConfig: Applying CVar settings from Section [TextureQuality@3] File [C:/Users/V8076248/Desktop/Test/NeonGlider/Neon_Glider(Kyle_Version)/Saved/Config/Windows/Scalability.ini]
[2019.11.21-18.08.50:274][  0]LogConfig: Setting CVar [[r.Streaming.MipBias:0]]
[2019.11.21-18.08.50:274][  0]LogConfig: Setting CVar [[r.Streaming.AmortizeCPUToGPUCopy:0]]
[2019.11.21-18.08.50:274][  0]LogConfig: Setting CVar [[r.Streaming.MaxNumTexturesToStreamPerFrame:0]]
[2019.11.21-18.08.50:274][  0]LogConfig: Setting CVar [[r.Streaming.Boost:1]]
[2019.11.21-18.08.50:274][  0]LogConfig: Setting CVar [[r.MaxAnisotropy:8]]
[2019.11.21-18.08.50:274][  0]LogConfig: Setting CVar [[r.Streaming.LimitPoolSizeToVRAM:0]]
[2019.11.21-18.08.50:274][  0]LogConfig: Setting CVar [[r.Streaming.PoolSize:1000]]
[2019.11.21-18.08.50:274][  0]LogConfig: Setting CVar [[r.Streaming.MaxEffectiveScreenSize:0]]
[2019.11.21-18.08.50:274][  0]LogConfig: Applying CVar settings from Section [EffectsQuality@3] File [C:/Users/V8076248/Desktop/Test/NeonGlider/Neon_Glider(Kyle_Version)/Saved/Config/Windows/Scalability.ini]
[2019.11.21-18.08.50:274][  0]LogConfig: Setting CVar [[r.TranslucencyLightingVolumeDim:64]]
[2019.11.21-18.08.50:274][  0]LogConfig: Setting CVar [[r.RefractionQuality:2]]
[2019.11.21-18.08.50:274][  0]LogConfig: Setting CVar [[r.SSR.Quality:3]]
[2019.11.21-18.08.50:274][  0]LogConfig: Setting CVar [[r.SceneColorFormat:4]]
[2019.11.21-18.08.50:275][  0]LogConfig: Setting CVar [[r.DetailMode:2]]
[2019.11.21-18.08.50:275][  0]LogConfig: Setting CVar [[r.TranslucencyVolumeBlur:1]]
[2019.11.21-18.08.50:275][  0]LogConfig: Setting CVar [[r.MaterialQualityLevel:1 ; High quality]]
[2019.11.21-18.08.50:275][  0]LogConfig: Setting CVar [[r.SSS.Scale:1]]
[2019.11.21-18.08.50:275][  0]LogConfig: Setting CVar [[r.SSS.SampleSet:2]]
[2019.11.21-18.08.50:275][  0]LogConfig: Setting CVar [[r.SSS.Quality:1]]
[2019.11.21-18.08.50:275][  0]LogConfig: Setting CVar [[r.SSS.HalfRes:1]]
[2019.11.21-18.08.50:275][  0]LogConfig: Setting CVar [[r.EmitterSpawnRateScale:1.0]]
[2019.11.21-18.08.50:275][  0]LogConfig: Setting CVar [[r.ParticleLightQuality:2]]
[2019.11.21-18.08.50:275][  0]LogConfig: Applying CVar settings from Section [FoliageQuality@3] File [C:/Users/V8076248/Desktop/Test/NeonGlider/Neon_Glider(Kyle_Version)/Saved/Config/Windows/Scalability.ini]
[2019.11.21-18.08.50:275][  0]LogConfig: Setting CVar [[foliage.DensityScale:1.0]]
[2019.11.21-18.08.50:275][  0]LogConfig: Setting CVar [[grass.DensityScale:1.0]]
[2019.11.21-18.08.50:275][  0]LogConfig: Applying CVar settings from Section [Startup] File [../../../Engine/Config/ConsoleVariables.ini]
[2019.11.21-18.08.50:275][  0]LogConfig: Setting CVar [[net.UseAdaptiveNetUpdateFrequency:0]]
[2019.11.21-18.08.50:275][  0]LogConfig: Applying CVar settings from Section [ConsoleVariables] File [C:/Users/V8076248/Desktop/Test/NeonGlider/Neon_Glider(Kyle_Version)/Saved/Config/Windows/Engine.ini]
[2019.11.21-18.08.50:275][  0]LogInit: Computer: TU45364
[2019.11.21-18.08.50:275][  0]LogInit: User: v8076248
[2019.11.21-18.08.50:275][  0]LogInit: CPU Page size=4096, Cores=6
[2019.11.21-18.08.50:275][  0]LogInit: High frequency timer resolution =10.000000 MHz
[2019.11.21-18.08.50:275][  0]LogMemory: Memory total: Physical=31.9GB (32GB approx)
[2019.11.21-18.08.50:275][  0]LogMemory: Platform Memory Stats for Windows
[2019.11.21-18.08.50:275][  0]LogMemory: Process Physical Memory: 105.98 MB used, 105.98 MB peak
[2019.11.21-18.08.50:275][  0]LogMemory: Process Virtual Memory: 94.74 MB used, 94.74 MB peak
[2019.11.21-18.08.50:275][  0]LogMemory: Physical Memory: 8158.80 MB used,  24525.37 MB free, 32684.17 MB total
[2019.11.21-18.08.50:275][  0]LogMemory: Virtual Memory: 4672.01 MB used,  134213056.00 MB free, 134217728.00 MB total
[2019.11.21-18.08.50:291][  0]LogInit: Using OS detected language (en-GB).
[2019.11.21-18.08.50:292][  0]LogInit: Using OS detected locale (en-GB).
[2019.11.21-18.08.50:293][  0]LogTextLocalizationManager: No specific localization for 'en-GB' exists, so the 'en' localization will be used.
[2019.11.21-18.08.50:650][  0]LogStreaming: Display: Took  0.359s to InitEngineTextLocalization.
[2019.11.21-18.08.50:651][  0]LogInit: Setting process to per monitor DPI aware
[2019.11.21-18.08.50:696][  0]LogSlate: New Slate User Created.  User Index 0, Is Virtual User: 0
[2019.11.21-18.08.50:696][  0]LogSlate: Slate User Registered.  User Index 0, Is Virtual User: 0
[2019.11.21-18.08.50:943][  0]LogHMD: Failed to initialize OpenVR with code 110
[2019.11.21-18.08.50:943][  0]LogD3D11RHI: D3D11 adapters:
[2019.11.21-18.08.50:997][  0]LogD3D11RHI:    0. 'NVIDIA GeForce GTX 980 Ti' (Feature Level 11_0)
[2019.11.21-18.08.50:997][  0]LogD3D11RHI:       6097/0/16342 MB DedicatedVideo/DedicatedSystem/SharedSystem, Outputs:2, VendorId:0x10de
[2019.11.21-18.08.50:999][  0]LogD3D11RHI:    1. 'Microsoft Basic Render Driver' (Feature Level 11_0)
[2019.11.21-18.08.50:999][  0]LogD3D11RHI:       0/0/16342 MB DedicatedVideo/DedicatedSystem/SharedSystem, Outputs:0, VendorId:0x1414
[2019.11.21-18.08.50:999][  0]LogD3D11RHI: Chosen D3D11 Adapter: 0
[2019.11.21-18.08.51:006][  0]LogD3D11RHI: Creating new Direct3DDevice
[2019.11.21-18.08.51:006][  0]LogD3D11RHI:     GPU DeviceId: 0x17c8 (for the marketing name, search the web for "GPU Device Id")
[2019.11.21-18.08.51:006][  0]LogWindows: EnumDisplayDevices:
[2019.11.21-18.08.51:006][  0]LogWindows:    0. 'NVIDIA GeForce GTX 980 Ti' (P:1 D:1)
[2019.11.21-18.08.51:007][  0]LogWindows:    1. 'NVIDIA GeForce GTX 980 Ti' (P:0 D:1)
[2019.11.21-18.08.51:007][  0]LogWindows:    2. 'NVIDIA GeForce GTX 980 Ti' (P:0 D:0)
[2019.11.21-18.08.51:008][  0]LogWindows:    3. 'NVIDIA GeForce GTX 980 Ti' (P:0 D:0)
[2019.11.21-18.08.51:008][  0]LogWindows: DebugString: FoundDriverCount:4 
[2019.11.21-18.08.51:008][  0]LogD3D11RHI:     Adapter Name: NVIDIA GeForce GTX 980 Ti
[2019.11.21-18.08.51:008][  0]LogD3D11RHI:   Driver Version: 391.35 (internal:23.21.13.9135, unified:391.35)
[2019.11.21-18.08.51:008][  0]LogD3D11RHI:      Driver Date: 3-23-2018
[2019.11.21-18.08.51:009][  0]LogRHI: Texture pool is 4268 MB (70% of 6097 MB)
[2019.11.21-18.08.51:040][  0]LogD3D11RHI: Async texture creation enabled
[2019.11.21-18.08.51:055][  0]LogD3D11RHI: GPU Timing Frequency: 1000.000000 (Debug: 2 2)
[2019.11.21-18.08.51:783][  0]LogTemp: Display: Loaded TP AllDesktopTargetPlatform
[2019.11.21-18.08.51:797][  0]LogTemp: Display: Loaded TP MacClientTargetPlatform
[2019.11.21-18.08.51:811][  0]LogTemp: Display: Loaded TP MacNoEditorTargetPlatform
[2019.11.21-18.08.51:826][  0]LogTemp: Display: Loaded TP MacServerTargetPlatform
[2019.11.21-18.08.51:840][  0]LogTemp: Display: Loaded TP MacTargetPlatform
[2019.11.21-18.08.51:854][  0]LogTemp: Display: Loaded TP WindowsClientTargetPlatform
[2019.11.21-18.08.51:868][  0]LogTemp: Display: Loaded TP WindowsNoEditorTargetPlatform
[2019.11.21-18.08.51:883][  0]LogTemp: Display: Loaded TP WindowsServerTargetPlatform
[2019.11.21-18.08.51:889][  0]LogTemp: Display: Loaded TP WindowsTargetPlatform
[2019.11.21-18.08.51:971][  0]LogTemp: Display: Loaded TP AndroidTargetPlatform
[2019.11.21-18.08.51:971][  0]LogTemp: Display: Loaded TP AndroidTargetPlatform
[2019.11.21-18.08.51:971][  0]LogTemp: Display: Loaded TP AndroidTargetPlatform
[2019.11.21-18.08.51:971][  0]LogTemp: Display: Loaded TP AndroidTargetPlatform
[2019.11.21-18.08.51:971][  0]LogTemp: Display: Loaded TP AndroidTargetPlatform
[2019.11.21-18.08.51:971][  0]LogTemp: Display: Loaded TP AndroidTargetPlatform
[2019.11.21-18.08.51:971][  0]LogTemp: Display: Loaded TP AndroidTargetPlatform
[2019.11.21-18.08.51:971][  0]LogTemp: Display: Loaded TP AndroidTargetPlatform
[2019.11.21-18.08.51:971][  0]LogTemp: Display: Loaded TP AndroidTargetPlatform
[2019.11.21-18.08.51:971][  0]LogTemp: Display: Loaded TP AndroidTargetPlatform
[2019.11.21-18.08.51:971][  0]LogTemp: Display: Loaded TP AndroidTargetPlatform
[2019.11.21-18.08.51:971][  0]LogTemp: Display: Loaded TP AndroidTargetPlatform
[2019.11.21-18.08.51:971][  0]LogTemp: Display: Loaded TP AndroidTargetPlatform
[2019.11.21-18.08.51:971][  0]LogTemp: Display: Loaded TP AndroidTargetPlatform
[2019.11.21-18.08.51:971][  0]LogTemp: Display: Loaded TP AndroidTargetPlatform
[2019.11.21-18.08.51:971][  0]LogTemp: Display: Loaded TP AndroidTargetPlatform
[2019.11.21-18.08.51:971][  0]LogTemp: Display: Loaded TP AndroidTargetPlatform
[2019.11.21-18.08.51:971][  0]LogTemp: Display: Loaded TP AndroidTargetPlatform
[2019.11.21-18.08.51:974][  0]LogTemp: Display: Loaded TP HTML5TargetPlatform
[2019.11.21-18.08.52:047][  0]LogTemp: Display: Loaded TP IOSTargetPlatform
[2019.11.21-18.08.52:047][  0]LogTemp: Display: Loaded TP IOSTargetPlatform
[2019.11.21-18.08.52:083][  0]LogTemp: Display: Loaded TP TVOSTargetPlatform
[2019.11.21-18.08.52:083][  0]LogTemp: Display: Loaded TP TVOSTargetPlatform
[2019.11.21-18.08.52:096][  0]LogTemp: Display: Loaded TP LinuxClientTargetPlatform
[2019.11.21-18.08.52:110][  0]LogTemp: Display: Loaded TP LinuxNoEditorTargetPlatform
[2019.11.21-18.08.52:124][  0]LogTemp: Display: Loaded TP LinuxServerTargetPlatform
[2019.11.21-18.08.52:138][  0]LogTemp: Display: Loaded TP LinuxTargetPlatform
[2019.11.21-18.08.52:187][  0]LogTemp: Display: Loaded TP LuminTargetPlatform
[2019.11.21-18.08.52:187][  0]LogTemp: Display: Loaded TP LuminTargetPlatform
[2019.11.21-18.08.52:187][  0]LogTargetPlatformManager: Display: Building Assets For Windows
[2019.11.21-18.08.52:294][  0]LogShaderCompilers: Guid format shader working directory is -33 characters bigger than the processId version (../../../../../../Users/V8076248/Desktop/Test/NeonGlider/Neon_Glider(Kyle_Version)/Intermediate/Shaders/WorkingDirectory/8148/).
[2019.11.21-18.08.52:294][  0]LogShaderCompilers: Cleaned the shader compiler working directory 'C:/Users/V8076248/AppData/Local/Temp/UnrealShaderWorkingDir/164E860A4E2108A861547B9BC817AFC1/'.
[2019.11.21-18.08.52:297][  0]LogXGEController: Cannot use XGE Controller as Incredibuild is not installed on this machine.
[2019.11.21-18.08.52:297][  0]LogShaderCompilers: Cannot use XGE Shader Compiler as Incredibuild is not installed on this machine.
[2019.11.21-18.08.52:297][  0]LogShaderCompilers: Display: Using Local Shader Compiler.
[2019.11.21-18.08.52:909][  0]LogDerivedDataCache: Display: Max Cache Size: 512 MB
[2019.11.21-18.08.52:961][  0]LogDerivedDataCache: Loaded boot cache 0.05s 71MB C:/Users/V8076248/AppData/Local/UnrealEngine/4.21/DerivedDataCache/Boot.ddc.
[2019.11.21-18.08.52:961][  0]LogDerivedDataCache: Display: Loaded Boot cache: C:/Users/V8076248/AppData/Local/UnrealEngine/4.21/DerivedDataCache/Boot.ddc
[2019.11.21-18.08.52:961][  0]LogDerivedDataCache: FDerivedDataBackendGraph:  Pak pak cache file ../../../../../../Users/V8076248/Desktop/Test/NeonGlider/Neon_Glider(Kyle_Version)/DerivedDataCache/DDC.ddp not found, will not use a pak cache.
[2019.11.21-18.08.52:961][  0]LogDerivedDataCache: Unable to find inner node Pak for hierarchical cache Hierarchy.
[2019.11.21-18.08.52:961][  0]LogDerivedDataCache: FDerivedDataBackendGraph:  CompressedPak pak cache file ../../../../../../Users/V8076248/Desktop/Test/NeonGlider/Neon_Glider(Kyle_Version)/DerivedDataCache/Compressed.ddp not found, will not use a pak cache.
[2019.11.21-18.08.52:961][  0]LogDerivedDataCache: Unable to find inner node CompressedPak for hierarchical cache Hierarchy.
[2019.11.21-18.08.52:977][  0]LogDerivedDataCache: Display: Pak cache opened for reading ../../../Engine/DerivedDataCache/Compressed.ddp.
[2019.11.21-18.08.52:978][  0]LogDerivedDataCache: FDerivedDataBackendGraph:  EnterprisePak pak cache file ../../../Enterprise/DerivedDataCache/Compressed.ddp not found, will not use a pak cache.
[2019.11.21-18.08.52:978][  0]LogDerivedDataCache: Unable to find inner node EnterprisePak for hierarchical cache Hierarchy.
[2019.11.21-18.08.52:990][  0]LogDerivedDataCache: Using Local data cache path C:/Users/V8076248/AppData/Local/UnrealEngine/Common/DerivedDataCache: Writable
[2019.11.21-18.08.52:990][  0]LogDerivedDataCache: Shared data cache path not found in *engine.ini, will not use an Shared cache.
[2019.11.21-18.08.52:990][  0]LogDerivedDataCache: Unable to find inner node Shared for hierarchical cache Hierarchy.
[2019.11.21-18.08.53:035][  0]LogMaterial: Verifying Global Shaders for PCD3D_SM5
[2019.11.21-18.08.53:038][  0]LogSlate: Using FreeType 2.6.0
[2019.11.21-18.08.53:039][  0]LogSlate: SlateFontServices - WITH_FREETYPE: 1, WITH_HARFBUZZ: 1
[2019.11.21-18.08.53:133][  0]LogAssetRegistry: FAssetRegistry took 0.0345 seconds to start up
[2019.11.21-18.08.53:550][  0]LogInit: Selected Device Profile: [Windows]
[2019.11.21-18.08.53:723][  0]LogSimplygon: Simplygon DLL not present - disabling.
[2019.11.21-18.08.53:728][  0]LogMeshReduction: Using SimplygonSwarm for distributed automatic mesh merging
[2019.11.21-18.08.53:728][  0]LogMeshReduction: Using ProxyLODMeshReduction for automatic mesh merging
[2019.11.21-18.08.53:728][  0]LogMeshReduction: Using QuadricMeshReduction for automatic static mesh reduction
[2019.11.21-18.08.53:728][  0]LogMeshReduction: No automatic skeletal mesh reduction module available
[2019.11.21-18.08.53:752][  0]LogNetVersion: NeonGlider 1.0.0, NetCL: 4541578, EngineNetVer: 5, GameNetVer: 0 (Checksum: 1337179755)
[2019.11.21-18.08.54:427][  0]LogPackageLocalizationCache: Processed 11 localized package path(s) for 2 prioritized culture(s) in 0.113963 seconds
[2019.11.21-18.08.54:432][  0]LogUObjectArray: 39775 objects as part of root set at end of initial load.
[2019.11.21-18.08.54:432][  0]LogUObjectAllocator: 6914656 out of 0 bytes used by permanent object pool.
[2019.11.21-18.08.54:432][  0]LogUObjectArray: CloseDisregardForGC: 0/0 objects in disregard for GC pool
[2019.11.21-18.08.55:494][  0]LogTcpMessaging: Initializing TcpMessaging bridge
[2019.11.21-18.08.55:508][  0]LogUdpMessaging: Initializing bridge on interface 0.0.0.0:0 to multicast group 230.0.0.1:6666.
[2019.11.21-18.08.56:261][  0]SourceControl: Source control is disabled
[2019.11.21-18.08.56:261][  0]SourceControl: Source control is disabled
[2019.11.21-18.08.56:263][  0]SourceControl: Source control is disabled
[2019.11.21-18.08.56:265][  0]SourceControl: Source control is disabled
[2019.11.21-18.08.56:533][  0]LogAndroidPermission: UAndroidPermissionCallbackProxy::GetInstance
[2019.11.21-18.08.56:737][  0]LogOcInput: OculusInput pre-init called
[2019.11.21-18.08.56:917][  0]LogEngine: Initializing Engine...
[2019.11.21-18.08.56:918][  0]LogHMD: Failed to initialize OpenVR with code 110
[2019.11.21-18.08.56:920][  0]LogStats: UGameplayTagsManager::ConstructGameplayTagTree: ImportINI prefixes -  0.000 s
[2019.11.21-18.08.56:920][  0]LogStats: UGameplayTagsManager::ConstructGameplayTagTree: Construct from data asset -  0.000 s
[2019.11.21-18.08.56:920][  0]LogStats: UGameplayTagsManager::ConstructGameplayTagTree: ImportINI -  0.000 s
[2019.11.21-18.08.56:920][  0]LogStats: UGameplayTagsManager::ConstructGameplayTagTree: GameplayTagTreeChangedEvent.Broadcast -  0.000 s
[2019.11.21-18.08.57:415][  0]LogInit: Initializing FReadOnlyCVARCache
[2019.11.21-18.08.57:447][  0]LogAIModule: Creating AISystem for world Untitled
[2019.11.21-18.08.57:500][  0]LogInit: XAudio2 using 'Speakers (Realtek High Definition Audio)' : 2 channels at 48 kHz using 32 bits per sample (channel mask 0x3)
[2019.11.21-18.08.57:677][  0]LogInit: FAudioDevice initialized.
[2019.11.21-18.08.57:678][  0]LogNetVersion: Set ProjectVersion to 1.0.0.0. Version Checksum will be recalculated on next use.
[2019.11.21-18.08.57:780][  0]LogDerivedDataCache: Saved boot cache 0.10s 71MB C:/Users/V8076248/AppData/Local/UnrealEngine/4.21/DerivedDataCache/Boot.ddc.
[2019.11.21-18.08.57:811][  0]LogInit: Texture streaming: Enabled
[2019.11.21-18.08.57:860][  0]LogEngineSessionManager: EngineSessionManager initialized
[2019.11.21-18.08.57:899][  0]LogInit: Transaction tracking system initialized
[2019.11.21-18.08.57:929][  0]BlueprintLog: New page: Editor Load
[2019.11.21-18.08.58:035][  0]LocalizationService: Localization service is disabled
[2019.11.21-18.08.58:753][  0]LogFileCache: Scanning file cache for directory 'C:/Users/V8076248/Desktop/Test/NeonGlider/Neon_Glider(Kyle_Version)/Content/' took 0.04s
[2019.11.21-18.08.58:753][  0]LogCook: Display: Max memory allowance for cook 16384mb min free memory 0mb
[2019.11.21-18.08.58:753][  0]LogCook: Display: Mobile HDR setting 1
[2019.11.21-18.08.58:753][  0]LogGameplayTags: Display: UGameplayTagsManager::DoneAddingNativeTags. DelegateIsBound: 0
[2019.11.21-18.08.58:753][  0]LogStats: UGameplayTagsManager::ConstructGameplayTagTree: ImportINI prefixes -  0.000 s
[2019.11.21-18.08.58:753][  0]LogStats: UGameplayTagsManager::ConstructGameplayTagTree: Construct from data asset -  0.000 s
[2019.11.21-18.08.58:753][  0]LogStats: UGameplayTagsManager::ConstructGameplayTagTree: ImportINI -  0.000 s
[2019.11.21-18.08.58:753][  0]LogStats: UGameplayTagsManager::ConstructGameplayTagTree: GameplayTagTreeChangedEvent.Broadcast -  0.000 s
[2019.11.21-18.08.59:001][  0]SourceControl: Source control is disabled
[2019.11.21-18.08.59:001][  0]Cmd: MAP LOAD FILE="../../../../../../Users/V8076248/Desktop/Test/NeonGlider/Neon_Glider(Kyle_Version)/Content/TwinStickBP/Maps/MainMAp.umap" TEMPLATE=0 SHOWPROGRESS=1 FEATURELEVEL=3
[2019.11.21-18.08.59:002][  0]LightingResults: New page: Lighting Build
[2019.11.21-18.08.59:009][  0]MapCheck: New page: Map Check
[2019.11.21-18.08.59:009][  0]LightingResults: New page: Lighting Build
[2019.11.21-18.09.00:090][  0]LogAIModule: Creating AISystem for world MainMap
[2019.11.21-18.09.00:111][  0]LogEditorServer: Finished looking for orphan Actors (0.000 secs)
[2019.11.21-18.09.00:156][  0]Cmd: MAP CHECKDEP NOCLEARLOG
[2019.11.21-18.09.00:157][  0]MapCheck: Map check complete: 0 Error(s), 0 Warning(s), took 0.249ms to complete.
[2019.11.21-18.09.00:157][  0]LogFileHelpers: Loading map 'MainMAp' took 1.156
[2019.11.21-18.09.00:308][  0]LogSlate: Updating window title bar state: overlay mode, drag disabled, window buttons hidden, title bar hidden
[2019.11.21-18.09.00:324][  0]LogSlate: Updating window title bar state: overlay mode, drag disabled, window buttons hidden, title bar hidden
[2019.11.21-18.09.00:333][  0]LogSlate: Updating window title bar state: overlay mode, drag disabled, window buttons hidden, title bar hidden
[2019.11.21-18.09.00:341][  0]LogSlate: Updating window title bar state: overlay mode, drag disabled, window buttons hidden, title bar hidden
[2019.11.21-18.09.00:350][  0]LogCollectionManager: Loaded 0 collections in 0.002425 seconds
[2019.11.21-18.09.00:395][  0]LogFileCache: Scanning file cache for directory 'C:/Users/V8076248/Desktop/Test/NeonGlider/Neon_Glider(Kyle_Version)/Saved/Collections/' took 0.01s
[2019.11.21-18.09.00:395][  0]LogFileCache: Scanning file cache for directory 'C:/Users/V8076248/Desktop/Test/NeonGlider/Neon_Glider(Kyle_Version)/Content/Developers/v8076248/Collections/' took 0.01s
[2019.11.21-18.09.00:395][  0]LogFileCache: Scanning file cache for directory 'C:/Users/V8076248/Desktop/Test/NeonGlider/Neon_Glider(Kyle_Version)/Content/Collections/' took 0.01s
[2019.11.21-18.09.00:395][  0]LogCollectionManager: Rebuilt the GUID cache for 0 collections in 0.000000 seconds
[2019.11.21-18.09.00:410][  0]LogContentBrowser: Native class hierarchy populated in 0.0149 seconds. Added 2651 classes and 620 folders.
[2019.11.21-18.09.00:421][  0]LogContentBrowser: Native class hierarchy updated for 'WidgetCarousel' in 0.0003 seconds. Added 0 classes and 0 folders.
[2019.11.21-18.09.00:423][  0]LogPakFile: Registered encryption key '00000000000000000000000000000000': 0 pak files mounted, 0 remain pending
[2019.11.21-18.09.00:424][  0]LogPakFile: Registered encryption key '00000000000000000000000000000000': 0 pak files mounted, 0 remain pending
[2019.11.21-18.09.00:425][  0]LogPakFile: Registered encryption key '00000000000000000000000000000000': 0 pak files mounted, 0 remain pending
[2019.11.21-18.09.00:425][  0]LogPakFile: Registered encryption key '00000000000000000000000000000000': 0 pak files mounted, 0 remain pending
[2019.11.21-18.09.00:426][  0]LogPakFile: Registered encryption key '00000000000000000000000000000000': 0 pak files mounted, 0 remain pending
[2019.11.21-18.09.00:427][  0]LogPakFile: Registered encryption key '00000000000000000000000000000000': 0 pak files mounted, 0 remain pending
[2019.11.21-18.09.00:427][  0]LogPakFile: Registered encryption key '00000000000000000000000000000000': 0 pak files mounted, 0 remain pending
[2019.11.21-18.09.00:428][  0]LogPakFile: Registered encryption key '00000000000000000000000000000000': 0 pak files mounted, 0 remain pending
[2019.11.21-18.09.00:429][  0]LogPakFile: Registered encryption key '00000000000000000000000000000000': 0 pak files mounted, 0 remain pending
[2019.11.21-18.09.00:430][  0]LogPakFile: Registered encryption key '00000000000000000000000000000000': 0 pak files mounted, 0 remain pending
[2019.11.21-18.09.00:430][  0]LogPakFile: Registered encryption key '00000000000000000000000000000000': 0 pak files mounted, 0 remain pending
[2019.11.21-18.09.00:431][  0]LogPakFile: Registered encryption key '00000000000000000000000000000000': 0 pak files mounted, 0 remain pending
[2019.11.21-18.09.00:432][  0]LogPakFile: Registered encryption key '00000000000000000000000000000000': 0 pak files mounted, 0 remain pending
[2019.11.21-18.09.00:433][  0]LogPakFile: Registered encryption key '00000000000000000000000000000000': 0 pak files mounted, 0 remain pending
[2019.11.21-18.09.00:433][  0]LogPakFile: Registered encryption key '00000000000000000000000000000000': 0 pak files mounted, 0 remain pending
[2019.11.21-18.09.00:434][  0]LogPakFile: Registered encryption key '00000000000000000000000000000000': 0 pak files mounted, 0 remain pending
[2019.11.21-18.09.00:435][  0]LogPakFile: Registered encryption key '00000000000000000000000000000000': 0 pak files mounted, 0 remain pending
[2019.11.21-18.09.00:436][  0]LogPakFile: Registered encryption key '00000000000000000000000000000000': 0 pak files mounted, 0 remain pending
[2019.11.21-18.09.00:436][  0]LogPakFile: Registered encryption key '00000000000000000000000000000000': 0 pak files mounted, 0 remain pending
[2019.11.21-18.09.00:437][  0]LogPakFile: Registered encryption key '00000000000000000000000000000000': 0 pak files mounted, 0 remain pending
[2019.11.21-18.09.00:438][  0]LogPakFile: Registered encryption key '00000000000000000000000000000000': 0 pak files mounted, 0 remain pending
[2019.11.21-18.09.00:439][  0]LogPakFile: Registered encryption key '00000000000000000000000000000000': 0 pak files mounted, 0 remain pending
[2019.11.21-18.09.00:440][  0]LogPakFile: Registered encryption key '00000000000000000000000000000000': 0 pak files mounted, 0 remain pending
[2019.11.21-18.09.00:440][  0]LogPakFile: Registered encryption key '00000000000000000000000000000000': 0 pak files mounted, 0 remain pending
[2019.11.21-18.09.00:441][  0]LogPakFile: Registered encryption key '00000000000000000000000000000000': 0 pak files mounted, 0 remain pending
[2019.11.21-18.09.00:442][  0]LogPakFile: Registered encryption key '00000000000000000000000000000000': 0 pak files mounted, 0 remain pending
[2019.11.21-18.09.00:497][  0]LogContentBrowser: Native class hierarchy updated for 'AddContentDialog' in 0.0004 seconds. Added 0 classes and 0 folders.
[2019.11.21-18.09.00:504][  0]LogContentBrowser: Native class hierarchy updated for 'SceneOutliner' in 0.0004 seconds. Added 1 classes and 2 folders.
[2019.11.21-18.09.00:524][  0]LogSlate: Took 0.000290 seconds to synchronously load lazily loaded font '../../../Engine/Content/Slate/Fonts/Roboto-Regular.ttf' (155K)
[2019.11.21-18.09.00:527][  0]LogSlate: Took 0.000314 seconds to synchronously load lazily loaded font '../../../Engine/Content/Slate/Fonts/Roboto-Bold.ttf' (160K)
[2019.11.21-18.09.00:536][  0]LogSlate: Took 0.000221 seconds to synchronously load lazily loaded font '../../../Engine/Content/Editor/Slate/Fonts/FontAwesome.ttf' (139K)
[2019.11.21-18.09.00:667][  0]LogRenderer: Reallocating scene render targets to support 1208x652 Format 10 NumSamples 1 (Frame:1).
[2019.11.21-18.09.00:813][  0]LogSlate: FSceneViewport::OnFocusLost() reason 2
[2019.11.21-18.09.00:829][  0]LogSlate: Window 'Tutorials' being destroyed
[2019.11.21-18.09.00:864][  0]LogContentBrowser: Native class hierarchy updated for 'HierarchicalLODOutliner' in 0.0003 seconds. Added 0 classes and 0 folders.
[2019.11.21-18.09.00:864][  0]LogLoad: (Engine Initialization) Total time: 13.11 seconds
[2019.11.21-18.09.00:864][  0]LogLoad: (Engine Initialization) Total Blueprint compile time: 0.00 seconds
[2019.11.21-18.09.00:954][  0]LogContentStreaming: Texture pool size now 1000 MB
[2019.11.21-18.09.00:985][  0]LogSlate: Took 0.000176 seconds to synchronously load lazily loaded font '../../../Engine/Content/Slate/Fonts/Roboto-Light.ttf' (167K)
[2019.11.21-18.09.00:992][  1]LogFileCache: Retrieving MD5 hashes for directory 'C:/Users/V8076248/Desktop/Test/NeonGlider/Neon_Glider(Kyle_Version)/Content/' took 0.11s
[2019.11.21-18.09.01:329][  4]LogAssetRegistry: Asset discovery search completed in 8.2174 seconds
[2019.11.21-18.09.01:331][  4]LogCollectionManager: Rebuilt the object cache for 0 collections in 0.000000 seconds (found 0 objects)
[2019.11.21-18.09.01:331][  4]LogCollectionManager: Fixed up redirectors for 0 collections in 0.000049 seconds (updated 0 objects)
[2019.11.21-18.09.02:715][163]LogSlate: FSceneViewport::OnFocusLost() reason 0
[2019.11.21-18.09.02:773][170]LogTemp: Repeating last play command: Selected Viewport
[2019.11.21-18.09.02:792][170]LogBlueprintUserMessages: Early PlayInEditor Detection: Level '/Game/TwinStickBP/Maps/MainMAp.MainMap:PersistentLevel' has LevelScriptBlueprint '/Game/TwinStickBP/Maps/MainMAp.MainMap:PersistentLevel.MainMap' with GeneratedClass '/Game/TwinStickBP/Maps/MainMAp.MainMap_C' with ClassGeneratedBy '/Game/TwinStickBP/Maps/MainMAp.MainMap:PersistentLevel.MainMap'
[2019.11.21-18.09.02:792][170]LogPlayLevel: PlayLevel: No blueprints needed recompiling
[2019.11.21-18.09.02:792][170]PIE: New page: PIE session: MainMAp (21 Nov 2019 18:09:02)
[2019.11.21-18.09.02:804][170]LogPlayLevel: Creating play world package: /Game/TwinStickBP/Maps/UEDPIE_0_MainMAp
[2019.11.21-18.09.02:811][170]LogPlayLevel: PIE: StaticDuplicateObject took: (0.006826s)
[2019.11.21-18.09.02:812][170]LogAIModule: Creating AISystem for world MainMap
[2019.11.21-18.09.02:812][170]LogPlayLevel: PIE: World Init took: (0.000503s)
[2019.11.21-18.09.02:812][170]LogPlayLevel: PIE: Created PIE world by copying editor world from /Game/TwinStickBP/Maps/MainMAp.MainMap to /Game/TwinStickBP/Maps/UEDPIE_0_MainMAp.MainMap (0.007625s)
[2019.11.21-18.09.02:854][170]LogInit: XAudio2 using 'Speakers (Realtek High Definition Audio)' : 2 channels at 48 kHz using 32 bits per sample (channel mask 0x3)
[2019.11.21-18.09.02:890][170]LogInit: FAudioDevice initialized.
[2019.11.21-18.09.02:936][170]LogLoad: Game class is 'BP_Gamemode_C'
[2019.11.21-18.09.02:941][170]LogWorld: Bringing World /Game/TwinStickBP/Maps/UEDPIE_0_MainMAp.MainMap up for play (max tick rate 0) at 2019.11.21-18.09.02
[2019.11.21-18.09.02:942][170]LogWorld: Bringing up level for play took: 0.004614
[2019.11.21-18.09.02:969][170]LogContentBrowser: Native class hierarchy updated for 'MovieSceneCapture' in 0.0009 seconds. Added 20 classes and 0 folders.
[2019.11.21-18.09.02:972][170]PIE: Play in editor start time for /Game/TwinStickBP/Maps/UEDPIE_0_MainMAp -0.781
[2019.11.21-18.09.02:972][170]LogBlueprintUserMessages: Late PlayInEditor Detection: Level '/Game/TwinStickBP/Maps/MainMAp.MainMap:PersistentLevel' has LevelScriptBlueprint '/Game/TwinStickBP/Maps/MainMAp.MainMap:PersistentLevel.MainMap' with GeneratedClass '/Game/TwinStickBP/Maps/MainMAp.MainMap_C' with ClassGeneratedBy '/Game/TwinStickBP/Maps/MainMAp.MainMap:PersistentLevel.MainMap'
[2019.11.21-18.09.15:125][602]LogBlueprintUserMessages: Early EndPlayMap Detection: Level '/Game/TwinStickBP/Maps/MainMAp.MainMap:PersistentLevel' has LevelScriptBlueprint '/Game/TwinStickBP/Maps/MainMAp.MainMap:PersistentLevel.MainMap' with GeneratedClass '/Game/TwinStickBP/Maps/MainMAp.MainMap_C' with ClassGeneratedBy '/Game/TwinStickBP/Maps/MainMAp.MainMap:PersistentLevel.MainMap'
[2019.11.21-18.09.15:125][602]LogSlate: Updating window title bar state: overlay mode, drag disabled, window buttons hidden, title bar hidden
[2019.11.21-18.09.15:160][602]LogPlayLevel: Display: Shutting down PIE online subsystems
[2019.11.21-18.09.15:160][602]LogBlueprintUserMessages: Late EndPlayMap Detection: Level '/Game/TwinStickBP/Maps/MainMAp.MainMap:PersistentLevel' has LevelScriptBlueprint '/Game/TwinStickBP/Maps/MainMAp.MainMap:PersistentLevel.MainMap' with GeneratedClass '/Game/TwinStickBP/Maps/MainMAp.MainMap_C' with ClassGeneratedBy '/Game/TwinStickBP/Maps/MainMAp.MainMap:PersistentLevel.MainMap'
[2019.11.21-18.09.15:206][602]LogSlate: Updating window title bar state: overlay mode, drag disabled, window buttons hidden, title bar hidden
[2019.11.21-18.09.15:230][603]LogPlayLevel: Display: Destroying online subsystem :Context_3
[2019.11.21-18.09.17:275][808]LogSlate: FSceneViewport::OnFocusLost() reason 0
[2019.11.21-18.09.17:334][814]LogTemp: Repeating last play command: Selected Viewport
[2019.11.21-18.09.17:354][814]LogBlueprintUserMessages: Early PlayInEditor Detection: Level '/Game/TwinStickBP/Maps/MainMAp.MainMap:PersistentLevel' has LevelScriptBlueprint '/Game/TwinStickBP/Maps/MainMAp.MainMap:PersistentLevel.MainMap' with GeneratedClass '/Game/TwinStickBP/Maps/MainMAp.MainMap_C' with ClassGeneratedBy '/Game/TwinStickBP/Maps/MainMAp.MainMap:PersistentLevel.MainMap'
[2019.11.21-18.09.17:354][814]LogPlayLevel: PlayLevel: No blueprints needed recompiling
[2019.11.21-18.09.17:354][814]PIE: New page: PIE session: MainMAp (21 Nov 2019 18:09:17)
[2019.11.21-18.09.17:354][814]LogPlayLevel: Creating play world package: /Game/TwinStickBP/Maps/UEDPIE_0_MainMAp
[2019.11.21-18.09.17:361][814]LogPlayLevel: PIE: StaticDuplicateObject took: (0.006675s)
[2019.11.21-18.09.17:361][814]LogAIModule: Creating AISystem for world MainMap
[2019.11.21-18.09.17:361][814]LogPlayLevel: PIE: World Init took: (0.000540s)
[2019.11.21-18.09.17:362][814]LogPlayLevel: PIE: Created PIE world by copying editor world from /Game/TwinStickBP/Maps/MainMAp.MainMap to /Game/TwinStickBP/Maps/UEDPIE_0_MainMAp.MainMap (0.007339s)
[2019.11.21-18.09.17:406][814]LogInit: XAudio2 using 'Speakers (Realtek High Definition Audio)' : 2 channels at 48 kHz using 32 bits per sample (channel mask 0x3)
[2019.11.21-18.09.17:463][814]LogInit: FAudioDevice initialized.
[2019.11.21-18.09.17:500][814]LogLoad: Game class is 'BP_Gamemode_C'
[2019.11.21-18.09.17:504][814]LogWorld: Bringing World /Game/TwinStickBP/Maps/UEDPIE_0_MainMAp.MainMap up for play (max tick rate 0) at 2019.11.21-18.09.17
[2019.11.21-18.09.17:505][814]LogWorld: Bringing up level for play took: 0.004391
[2019.11.21-18.09.17:521][814]PIE: Play in editor start time for /Game/TwinStickBP/Maps/UEDPIE_0_MainMAp -0.232
[2019.11.21-18.09.17:521][814]LogBlueprintUserMessages: Late PlayInEditor Detection: Level '/Game/TwinStickBP/Maps/MainMAp.MainMap:PersistentLevel' has LevelScriptBlueprint '/Game/TwinStickBP/Maps/MainMAp.MainMap:PersistentLevel.MainMap' with GeneratedClass '/Game/TwinStickBP/Maps/MainMAp.MainMap_C' with ClassGeneratedBy '/Game/TwinStickBP/Maps/MainMAp.MainMap:PersistentLevel.MainMap'
[2019.11.21-18.09.22:592][408]LogBlueprintUserMessages: Early EndPlayMap Detection: Level '/Game/TwinStickBP/Maps/MainMAp.MainMap:PersistentLevel' has LevelScriptBlueprint '/Game/TwinStickBP/Maps/MainMAp.MainMap:PersistentLevel.MainMap' with GeneratedClass '/Game/TwinStickBP/Maps/MainMAp.MainMap_C' with ClassGeneratedBy '/Game/TwinStickBP/Maps/MainMAp.MainMap:PersistentLevel.MainMap'
[2019.11.21-18.09.22:592][408]LogSlate: Updating window title bar state: overlay mode, drag disabled, window buttons hidden, title bar hidden
[2019.11.21-18.09.22:624][408]LogPlayLevel: Display: Shutting down PIE online subsystems
[2019.11.21-18.09.22:624][408]LogBlueprintUserMessages: Late EndPlayMap Detection: Level '/Game/TwinStickBP/Maps/MainMAp.MainMap:PersistentLevel' has LevelScriptBlueprint '/Game/TwinStickBP/Maps/MainMAp.MainMap:PersistentLevel.MainMap' with GeneratedClass '/Game/TwinStickBP/Maps/MainMAp.MainMap_C' with ClassGeneratedBy '/Game/TwinStickBP/Maps/MainMAp.MainMap:PersistentLevel.MainMap'
[2019.11.21-18.09.22:670][408]LogSlate: Updating window title bar state: overlay mode, drag disabled, window buttons hidden, title bar hidden
[2019.11.21-18.09.22:698][409]LogPlayLevel: Display: Destroying online subsystem :Context_4
[2019.11.21-18.09.23:290][472]LogSlate: FSceneViewport::OnFocusLost() reason 0
[2019.11.21-18.09.23:456][491]LogSlate: Took 0.000200 seconds to synchronously load lazily loaded font '../../../Engine/Content/Slate/Fonts/Roboto-Light.ttf' (167K)
[2019.11.21-18.09.23:465][491]LogAssetEditorManager: Opening Asset editor for Blueprint /Game/TwinStickBP/Blueprints/Player/BP_Player.BP_Player
[2019.11.21-18.09.23:973][491]LogContentBrowser: Native class hierarchy updated for 'BlueprintGraph' in 0.0006 seconds. Added 117 classes and 0 folders.
[2019.11.21-18.09.25:059][491]LogSlate: Took 0.000376 seconds to synchronously load lazily loaded font '../../../Engine/Content/Slate/Fonts/Roboto-BoldCondensed.ttf' (158K)
[2019.11.21-18.09.25:392][492]LogSlate: Took 0.000317 seconds to synchronously load lazily loaded font '../../../Engine/Content/Slate/Fonts/Roboto-Italic.ttf' (157K)
[2019.11.21-18.09.30:372][720]LogTemp: Repeating last play command: Selected Viewport
[2019.11.21-18.09.30:393][720]LogBlueprintUserMessages: Early PlayInEditor Detection: Level '/Game/TwinStickBP/Maps/MainMAp.MainMap:PersistentLevel' has LevelScriptBlueprint '/Game/TwinStickBP/Maps/MainMAp.MainMap:PersistentLevel.MainMap' with GeneratedClass '/Game/TwinStickBP/Maps/MainMAp.MainMap_C' with ClassGeneratedBy '/Game/TwinStickBP/Maps/MainMAp.MainMap:PersistentLevel.MainMap'
[2019.11.21-18.09.30:393][720]LogPlayLevel: PlayLevel: No blueprints needed recompiling
[2019.11.21-18.09.30:393][720]PIE: New page: PIE session: MainMAp (21 Nov 2019 18:09:30)
[2019.11.21-18.09.30:394][720]LogPlayLevel: Creating play world package: /Game/TwinStickBP/Maps/UEDPIE_0_MainMAp
[2019.11.21-18.09.30:400][720]LogPlayLevel: PIE: StaticDuplicateObject took: (0.006165s)
[2019.11.21-18.09.30:400][720]LogAIModule: Creating AISystem for world MainMap
[2019.11.21-18.09.30:400][720]LogPlayLevel: PIE: World Init took: (0.000548s)
[2019.11.21-18.09.30:400][720]LogPlayLevel: PIE: Created PIE world by copying editor world from /Game/TwinStickBP/Maps/MainMAp.MainMap to /Game/TwinStickBP/Maps/UEDPIE_0_MainMAp.MainMap (0.006824s)
[2019.11.21-18.09.30:450][720]LogInit: XAudio2 using 'Speakers (Realtek High Definition Audio)' : 2 channels at 48 kHz using 32 bits per sample (channel mask 0x3)
[2019.11.21-18.09.30:498][720]LogInit: FAudioDevice initialized.
[2019.11.21-18.09.30:531][720]LogLoad: Game class is 'BP_Gamemode_C'
[2019.11.21-18.09.30:535][720]LogWorld: Bringing World /Game/TwinStickBP/Maps/UEDPIE_0_MainMAp.MainMap up for play (max tick rate 0) at 2019.11.21-18.09.30
[2019.11.21-18.09.30:536][720]LogWorld: Bringing up level for play took: 0.003972
[2019.11.21-18.09.30:553][720]PIE: Play in editor start time for /Game/TwinStickBP/Maps/UEDPIE_0_MainMAp 0.8
[2019.11.21-18.09.30:553][720]LogBlueprintUserMessages: Late PlayInEditor Detection: Level '/Game/TwinStickBP/Maps/MainMAp.MainMap:PersistentLevel' has LevelScriptBlueprint '/Game/TwinStickBP/Maps/MainMAp.MainMap:PersistentLevel.MainMap' with GeneratedClass '/Game/TwinStickBP/Maps/MainMAp.MainMap_C' with ClassGeneratedBy '/Game/TwinStickBP/Maps/MainMAp.MainMap:PersistentLevel.MainMap'
[2019.11.21-18.09.33:250][928]LogBlueprintUserMessages: Early EndPlayMap Detection: Level '/Game/TwinStickBP/Maps/MainMAp.MainMap:PersistentLevel' has LevelScriptBlueprint '/Game/TwinStickBP/Maps/MainMAp.MainMap:PersistentLevel.MainMap' with GeneratedClass '/Game/TwinStickBP/Maps/MainMAp.MainMap_C' with ClassGeneratedBy '/Game/TwinStickBP/Maps/MainMAp.MainMap:PersistentLevel.MainMap'
[2019.11.21-18.09.33:250][928]LogSlate: Updating window title bar state: overlay mode, drag disabled, window buttons hidden, title bar hidden
[2019.11.21-18.09.33:302][928]LogPlayLevel: Display: Shutting down PIE online subsystems
[2019.11.21-18.09.33:302][928]LogBlueprintUserMessages: Late EndPlayMap Detection: Level '/Game/TwinStickBP/Maps/MainMAp.MainMap:PersistentLevel' has LevelScriptBlueprint '/Game/TwinStickBP/Maps/MainMAp.MainMap:PersistentLevel.MainMap' with GeneratedClass '/Game/TwinStickBP/Maps/MainMAp.MainMap_C' with ClassGeneratedBy '/Game/TwinStickBP/Maps/MainMAp.MainMap:PersistentLevel.MainMap'
[2019.11.21-18.09.33:351][928]LogSlate: Updating window title bar state: overlay mode, drag disabled, window buttons hidden, title bar hidden
[2019.11.21-18.09.33:681][929]LogPlayLevel: Display: Destroying online subsystem :Context_7
[2019.11.21-18.09.35:676][ 53]LogSlate: FSceneViewport::OnFocusLost() reason 0
[2019.11.21-18.09.36:087][ 84]LogTemp: Repeating last play command: Selected Viewport
[2019.11.21-18.09.36:106][ 84]LogBlueprintUserMessages: Early PlayInEditor Detection: Level '/Game/TwinStickBP/Maps/MainMAp.MainMap:PersistentLevel' has LevelScriptBlueprint '/Game/TwinStickBP/Maps/MainMAp.MainMap:PersistentLevel.MainMap' with GeneratedClass '/Game/TwinStickBP/Maps/MainMAp.MainMap_C' with ClassGeneratedBy '/Game/TwinStickBP/Maps/MainMAp.MainMap:PersistentLevel.MainMap'
[2019.11.21-18.09.36:106][ 84]LogPlayLevel: PlayLevel: No blueprints needed recompiling
[2019.11.21-18.09.36:107][ 84]PIE: New page: PIE session: MainMAp (21 Nov 2019 18:09:36)
[2019.11.21-18.09.36:107][ 84]LogPlayLevel: Creating play world package: /Game/TwinStickBP/Maps/UEDPIE_0_MainMAp
[2019.11.21-18.09.36:113][ 84]LogPlayLevel: PIE: StaticDuplicateObject took: (0.006207s)
[2019.11.21-18.09.36:114][ 84]LogAIModule: Creating AISystem for world MainMap
[2019.11.21-18.09.36:114][ 84]LogPlayLevel: PIE: World Init took: (0.000602s)
[2019.11.21-18.09.36:114][ 84]LogPlayLevel: PIE: Created PIE world by copying editor world from /Game/TwinStickBP/Maps/MainMAp.MainMap to /Game/TwinStickBP/Maps/UEDPIE_0_MainMAp.MainMap (0.006921s)
[2019.11.21-18.09.36:163][ 84]LogInit: XAudio2 using 'Speakers (Realtek High Definition Audio)' : 2 channels at 48 kHz using 32 bits per sample (channel mask 0x3)
[2019.11.21-18.09.36:216][ 84]LogInit: FAudioDevice initialized.
[2019.11.21-18.09.36:252][ 84]LogLoad: Game class is 'BP_Gamemode_C'
[2019.11.21-18.09.36:256][ 84]LogWorld: Bringing World /Game/TwinStickBP/Maps/UEDPIE_0_MainMAp.MainMap up for play (max tick rate 0) at 2019.11.21-18.09.36
[2019.11.21-18.09.36:257][ 84]LogWorld: Bringing up level for play took: 0.004163
[2019.11.21-18.09.36:273][ 84]PIE: Play in editor start time for /Game/TwinStickBP/Maps/UEDPIE_0_MainMAp 0.519
[2019.11.21-18.09.36:273][ 84]LogBlueprintUserMessages: Late PlayInEditor Detection: Level '/Game/TwinStickBP/Maps/MainMAp.MainMap:PersistentLevel' has LevelScriptBlueprint '/Game/TwinStickBP/Maps/MainMAp.MainMap:PersistentLevel.MainMap' with GeneratedClass '/Game/TwinStickBP/Maps/MainMAp.MainMap_C' with ClassGeneratedBy '/Game/TwinStickBP/Maps/MainMAp.MainMap:PersistentLevel.MainMap'
[2019.11.21-18.09.51:441][324]LogBlueprintUserMessages: Early EndPlayMap Detection: Level '/Game/TwinStickBP/Maps/MainMAp.MainMap:PersistentLevel' has LevelScriptBlueprint '/Game/TwinStickBP/Maps/MainMAp.MainMap:PersistentLevel.MainMap' with GeneratedClass '/Game/TwinStickBP/Maps/MainMAp.MainMap_C' with ClassGeneratedBy '/Game/TwinStickBP/Maps/MainMAp.MainMap:PersistentLevel.MainMap'
[2019.11.21-18.09.51:441][324]LogSlate: Updating window title bar state: overlay mode, drag disabled, window buttons hidden, title bar hidden
[2019.11.21-18.09.51:495][324]LogPlayLevel: Display: Shutting down PIE online subsystems
[2019.11.21-18.09.51:496][324]LogBlueprintUserMessages: Late EndPlayMap Detection: Level '/Game/TwinStickBP/Maps/MainMAp.MainMap:PersistentLevel' has LevelScriptBlueprint '/Game/TwinStickBP/Maps/MainMAp.MainMap:PersistentLevel.MainMap' with GeneratedClass '/Game/TwinStickBP/Maps/MainMAp.MainMap_C' with ClassGeneratedBy '/Game/TwinStickBP/Maps/MainMAp.MainMap:PersistentLevel.MainMap'
[2019.11.21-18.09.51:551][324]LogSlate: Updating window title bar state: overlay mode, drag disabled, window buttons hidden, title bar hidden
[2019.11.21-18.09.51:839][325]LogPlayLevel: Display: Destroying online subsystem :Context_8
[2019.11.21-18.09.53:357][438]LogSlate: FSceneViewport::OnFocusLost() reason 0
[2019.11.21-18.10.05:873][278]LogTemp: Repeating last play command: Selected Viewport
[2019.11.21-18.10.05:893][278]LogBlueprintUserMessages: Early PlayInEditor Detection: Level '/Game/TwinStickBP/Maps/MainMAp.MainMap:PersistentLevel' has LevelScriptBlueprint '/Game/TwinStickBP/Maps/MainMAp.MainMap:PersistentLevel.MainMap' with GeneratedClass '/Game/TwinStickBP/Maps/MainMAp.MainMap_C' with ClassGeneratedBy '/Game/TwinStickBP/Maps/MainMAp.MainMap:PersistentLevel.MainMap'
[2019.11.21-18.10.05:893][278]LogPlayLevel: PlayLevel: No blueprints needed recompiling
[2019.11.21-18.10.05:893][278]PIE: New page: PIE session: MainMAp (21 Nov 2019 18:10:05)
[2019.11.21-18.10.05:893][278]LogPlayLevel: Creating play world package: /Game/TwinStickBP/Maps/UEDPIE_0_MainMAp
[2019.11.21-18.10.05:899][278]LogPlayLevel: PIE: StaticDuplicateObject took: (0.006150s)
[2019.11.21-18.10.05:900][278]LogAIModule: Creating AISystem for world MainMap
[2019.11.21-18.10.05:900][278]LogPlayLevel: PIE: World Init took: (0.000604s)
[2019.11.21-18.10.05:900][278]LogPlayLevel: PIE: Created PIE world by copying editor world from /Game/TwinStickBP/Maps/MainMAp.MainMap to /Game/TwinStickBP/Maps/UEDPIE_0_MainMAp.MainMap (0.006865s)
[2019.11.21-18.10.05:942][278]LogInit: XAudio2 using 'Speakers (Realtek High Definition Audio)' : 2 channels at 48 kHz using 32 bits per sample (channel mask 0x3)
[2019.11.21-18.10.05:981][278]LogInit: FAudioDevice initialized.
[2019.11.21-18.10.06:025][278]LogLoad: Game class is 'BP_Gamemode_C'
[2019.11.21-18.10.06:030][278]LogWorld: Bringing World /Game/TwinStickBP/Maps/UEDPIE_0_MainMAp.MainMap up for play (max tick rate 0) at 2019.11.21-18.10.06
[2019.11.21-18.10.06:032][278]LogWorld: Bringing up level for play took: 0.005231
[2019.11.21-18.10.06:048][278]PIE: Play in editor start time for /Game/TwinStickBP/Maps/UEDPIE_0_MainMAp 0.295
[2019.11.21-18.10.06:048][278]LogBlueprintUserMessages: Late PlayInEditor Detection: Level '/Game/TwinStickBP/Maps/MainMAp.MainMap:PersistentLevel' has LevelScriptBlueprint '/Game/TwinStickBP/Maps/MainMAp.MainMap:PersistentLevel.MainMap' with GeneratedClass '/Game/TwinStickBP/Maps/MainMAp.MainMap_C' with ClassGeneratedBy '/Game/TwinStickBP/Maps/MainMAp.MainMap:PersistentLevel.MainMap'
[2019.11.21-18.10.08:908][504]LogSlate: Window 'BP_Player*' being destroyed
[2019.11.21-18.10.08:912][504]LogSlate: Window 'BP_Player*' being destroyed
[2019.11.21-18.10.20:678][886]LogBlueprintUserMessages: Early EndPlayMap Detection: Level '/Game/TwinStickBP/Maps/MainMAp.MainMap:PersistentLevel' has LevelScriptBlueprint '/Game/TwinStickBP/Maps/MainMAp.MainMap:PersistentLevel.MainMap' with GeneratedClass '/Game/TwinStickBP/Maps/MainMAp.MainMap_C' with ClassGeneratedBy '/Game/TwinStickBP/Maps/MainMAp.MainMap:PersistentLevel.MainMap'
[2019.11.21-18.10.20:678][886]LogSlate: Updating window title bar state: overlay mode, drag disabled, window buttons hidden, title bar hidden
[2019.11.21-18.10.20:712][886]LogPlayLevel: Display: Shutting down PIE online subsystems
[2019.11.21-18.10.20:712][886]LogBlueprintUserMessages: Late EndPlayMap Detection: Level '/Game/TwinStickBP/Maps/MainMAp.MainMap:PersistentLevel' has LevelScriptBlueprint '/Game/TwinStickBP/Maps/MainMAp.MainMap:PersistentLevel.MainMap' with GeneratedClass '/Game/TwinStickBP/Maps/MainMAp.MainMap_C' with ClassGeneratedBy '/Game/TwinStickBP/Maps/MainMAp.MainMap:PersistentLevel.MainMap'
[2019.11.21-18.10.20:766][886]LogSlate: Updating window title bar state: overlay mode, drag disabled, window buttons hidden, title bar hidden
[2019.11.21-18.10.20:799][887]LogPlayLevel: Display: Destroying online subsystem :Context_9
[2019.11.21-18.10.22:607][ 82]LogSlate: FSceneViewport::OnFocusLost() reason 0
[2019.11.21-18.10.22:749][ 97]LogAssetEditorManager: Opening Asset editor for Blueprint /Game/TwinStickBP/Blueprints/Player/BP_Player.BP_Player
[2019.11.21-18.12.35:463][878]LogSlate: Prevented a slow task dialog from being summoned while a context menu was open
[2019.11.21-18.12.42:362][435]BlueprintLog: New page: Compile BP_Player
[2019.11.21-18.14.56:438][736]LogAssetEditorManager: Opening Asset editor for Blueprint /Game/TwinStickBP/Blueprints/Pickups/BP_DamagePickup.BP_DamagePickup
[2019.11.21-18.15.01:651][300]LogSlate: Window 'Color Picker' being destroyed
[2019.11.21-18.15.14:307][339]LogSlate: Window 'Color Picker' being destroyed
[2019.11.21-18.15.50:718][406]BlueprintLog: New page: Compile BP_Player
[2019.11.21-18.15.51:866][418]LogSavePackage: Moving '../../../../../../Users/V8076248/Desktop/Test/NeonGlider/Neon_Glider(Kyle_Version)/Saved/BP_Player183510CA4F4D220B84EBAFB00871C0B6.tmp' to '../../../../../../Users/V8076248/Desktop/Test/NeonGlider/Neon_Glider(Kyle_Version)/Content/TwinStickBP/Blueprints/Player/BP_Player.uasset'
[2019.11.21-18.15.53:864][581]LogTemp: Repeating last play command: Selected Viewport
[2019.11.21-18.15.53:904][581]LogBlueprintUserMessages: Early PlayInEditor Detection: Level '/Game/TwinStickBP/Maps/MainMAp.MainMap:PersistentLevel' has LevelScriptBlueprint '/Game/TwinStickBP/Maps/MainMAp.MainMap:PersistentLevel.MainMap' with GeneratedClass '/Game/TwinStickBP/Maps/MainMAp.MainMap_C' with ClassGeneratedBy '/Game/TwinStickBP/Maps/MainMAp.MainMap:PersistentLevel.MainMap'
[2019.11.21-18.15.53:904][581]LogPlayLevel: PlayLevel: No blueprints needed recompiling
[2019.11.21-18.15.53:904][581]PIE: New page: PIE session: MainMAp (21 Nov 2019 18:15:53)
[2019.11.21-18.15.53:905][581]LogPlayLevel: Creating play world package: /Game/TwinStickBP/Maps/UEDPIE_0_MainMAp
[2019.11.21-18.15.53:911][581]LogPlayLevel: PIE: StaticDuplicateObject took: (0.006388s)
[2019.11.21-18.15.53:912][581]LogAIModule: Creating AISystem for world MainMap
[2019.11.21-18.15.53:912][581]LogPlayLevel: PIE: World Init took: (0.000500s)
[2019.11.21-18.15.53:912][581]LogPlayLevel: PIE: Created PIE world by copying editor world from /Game/TwinStickBP/Maps/MainMAp.MainMap to /Game/TwinStickBP/Maps/UEDPIE_0_MainMAp.MainMap (0.007002s)
[2019.11.21-18.15.53:969][581]LogInit: XAudio2 using 'Speakers (Realtek High Definition Audio)' : 2 channels at 48 kHz using 32 bits per sample (channel mask 0x3)
[2019.11.21-18.15.54:007][581]LogInit: FAudioDevice initialized.
[2019.11.21-18.15.54:043][581]LogLoad: Game class is 'BP_Gamemode_C'
[2019.11.21-18.15.54:047][581]LogWorld: Bringing World /Game/TwinStickBP/Maps/UEDPIE_0_MainMAp.MainMap up for play (max tick rate 0) at 2019.11.21-18.15.54
[2019.11.21-18.15.54:048][581]LogWorld: Bringing up level for play took: 0.004076
[2019.11.21-18.15.54:064][581]PIE: Play in editor start time for /Game/TwinStickBP/Maps/UEDPIE_0_MainMAp 0.31
[2019.11.21-18.15.54:064][581]LogBlueprintUserMessages: Late PlayInEditor Detection: Level '/Game/TwinStickBP/Maps/MainMAp.MainMap:PersistentLevel' has LevelScriptBlueprint '/Game/TwinStickBP/Maps/MainMAp.MainMap:PersistentLevel.MainMap' with GeneratedClass '/Game/TwinStickBP/Maps/MainMAp.MainMap_C' with ClassGeneratedBy '/Game/TwinStickBP/Maps/MainMAp.MainMap:PersistentLevel.MainMap'
[2019.11.21-18.15.59:816][261]LogBlueprintUserMessages: Early EndPlayMap Detection: Level '/Game/TwinStickBP/Maps/MainMAp.MainMap:PersistentLevel' has LevelScriptBlueprint '/Game/TwinStickBP/Maps/MainMAp.MainMap:PersistentLevel.MainMap' with GeneratedClass '/Game/TwinStickBP/Maps/MainMAp.MainMap_C' with ClassGeneratedBy '/Game/TwinStickBP/Maps/MainMAp.MainMap:PersistentLevel.MainMap'
[2019.11.21-18.15.59:816][261]LogSlate: Updating window title bar state: overlay mode, drag disabled, window buttons hidden, title bar hidden
[2019.11.21-18.15.59:860][261]LogPlayLevel: Display: Shutting down PIE online subsystems
[2019.11.21-18.15.59:860][261]LogBlueprintUserMessages: Late EndPlayMap Detection: Level '/Game/TwinStickBP/Maps/MainMAp.MainMap:PersistentLevel' has LevelScriptBlueprint '/Game/TwinStickBP/Maps/MainMAp.MainMap:PersistentLevel.MainMap' with GeneratedClass '/Game/TwinStickBP/Maps/MainMAp.MainMap_C' with ClassGeneratedBy '/Game/TwinStickBP/Maps/MainMAp.MainMap:PersistentLevel.MainMap'
[2019.11.21-18.15.59:913][261]LogSlate: Updating window title bar state: overlay mode, drag disabled, window buttons hidden, title bar hidden
[2019.11.21-18.15.59:937][262]LogPlayLevel: Display: Destroying online subsystem :Context_15
[2019.11.21-18.16.03:915][712]LogEditorViewport: Clicking on Actor (LMB): BP_Player_C (TwinStickPawn)
[2019.11.21-18.16.05:735][874]LogSlate: FSceneViewport::OnFocusLost() reason 2
[2019.11.21-18.16.06:822][995]LogSlate: FSceneViewport::OnFocusLost() reason 2
[2019.11.21-18.16.31:588][309]LogSlate: Window 'BP_Player*' being destroyed
[2019.11.21-18.16.31:593][309]LogSlate: Window 'BP_Player*' being destroyed
[2019.11.21-18.16.32:553][380]LogSlate: FSceneViewport::OnFocusLost() reason 0
[2019.11.21-18.16.33:819][387]LogSlate: Window 'Save Content' being destroyed
[2019.11.21-18.16.33:831][387]LogSlate: FSceneViewport::OnFocusLost() reason 2
[2019.11.21-18.16.34:046][387]LogSavePackage: Moving '../../../../../../Users/V8076248/Desktop/Test/NeonGlider/Neon_Glider(Kyle_Version)/Saved/BP_PlayerDF58CEF64FA121710D6162BE36E29F2B.tmp' to '../../../../../../Users/V8076248/Desktop/Test/NeonGlider/Neon_Glider(Kyle_Version)/Content/TwinStickBP/Blueprints/Player/BP_Player.uasset'
[2019.11.21-18.16.34:432][387]LogSavePackage: Moving '../../../../../../Users/V8076248/Desktop/Test/NeonGlider/Neon_Glider(Kyle_Version)/Saved/MainMApEEF6E35B42DA32DCC3C607BB4EA5107D.tmp' to '../../../../../../Users/V8076248/Desktop/Test/NeonGlider/Neon_Glider(Kyle_Version)/Content/TwinStickBP/Maps/MainMAp.umap'
[2019.11.21-18.16.34:488][387]LogFileHelpers: Saving map 'MainMAp' took 0.432
