Log file open, 12/08/19 22:46:16
LogWindows: Failed to load 'aqProf.dll' (GetLastError=126)
LogWindows: File 'aqProf.dll' does not exist
LogWindows: Failed to load 'VtuneApi.dll' (GetLastError=126)
LogWindows: File 'VtuneApi.dll' does not exist
LogWindows: Failed to load 'VtuneApi32e.dll' (GetLastError=126)
LogWindows: File 'VtuneApi32e.dll' does not exist
LogConsoleResponse: Display: Failed to find resolution value strings in scalability ini. Falling back to default.
LogInit: Display: Running engine for game: NeonGlider
LogPakFile: Registered encryption key '00000000000000000000000000000000': 0 pak files mounted, 0 remain pending
LogPlatformFile: Not using cached read wrapper
LogTaskGraph: Started task graph with 5 named threads and 35 total threads with 3 sets of task threads.
LogStats: Stats thread started at 0.418416
LogD3D11RHI: Loaded GFSDK_Aftermath_Lib.x64.dll
LogICUInternationalization: ICU TimeZone Detection - Raw Offset: +0:00, Platform Override: ''
LogPluginManager: Mounting plugin Paper2D
LogPluginManager: Mounting plugin AISupport
LogPluginManager: Mounting plugin LightPropagationVolume
LogPluginManager: Mounting plugin ActorLayerUtilities
LogPluginManager: Mounting plugin CLionSourceCodeAccess
LogPluginManager: Mounting plugin CodeLiteSourceCodeAccess
LogPluginManager: Mounting plugin GitSourceControl
LogPluginManager: Mounting plugin KDevelopSourceCodeAccess
LogPluginManager: Mounting plugin NullSourceCodeAccess
LogPluginManager: Mounting plugin PerforceSourceControl
LogPluginManager: Mounting plugin SubversionSourceControl
LogPluginManager: Mounting plugin UObjectPlugin
LogPluginManager: Mounting plugin VisualStudioCodeSourceCodeAccess
LogPluginManager: Mounting plugin VisualStudioSourceCodeAccess
LogPluginManager: Mounting plugin XCodeSourceCodeAccess
LogPluginManager: Mounting plugin AssetManagerEditor
LogPluginManager: Mounting plugin CryptoKeys
LogPluginManager: Mounting plugin DataValidation
LogPluginManager: Mounting plugin FacialAnimation
LogPluginManager: Mounting plugin GameplayTagsEditor
LogPluginManager: Mounting plugin MacGraphicsSwitching
LogPluginManager: Mounting plugin MeshEditor
LogPluginManager: Mounting plugin MobileLauncherProfileWizard
LogPluginManager: Mounting plugin PluginBrowser
LogPluginManager: Mounting plugin SpeedTreeImporter
LogPluginManager: Mounting plugin DatasmithContent
LogPluginManager: Mounting plugin VariantManagerContent
LogPluginManager: Mounting plugin AlembicImporter
LogPluginManager: Mounting plugin AppleImageUtils
LogPluginManager: Mounting plugin AppleVision
LogPluginManager: Mounting plugin BackChannel
LogPluginManager: Mounting plugin CharacterAI
LogPluginManager: Mounting plugin GeometryCache
LogPluginManager: Mounting plugin HTML5Networking
LogPluginManager: Mounting plugin ProxyLODPlugin
LogPluginManager: Mounting plugin MagicLeap
LogPluginManager: Mounting plugin MagicLeapMedia
LogPluginManager: Mounting plugin AndroidMedia
LogPluginManager: Mounting plugin AvfMedia
LogPluginManager: Mounting plugin ImgMedia
LogPluginManager: Mounting plugin LinearTimecode
LogPluginManager: Mounting plugin MediaCompositing
LogPluginManager: Mounting plugin MediaPlayerEditor
LogPluginManager: Mounting plugin WebMMedia
LogPluginManager: Mounting plugin WmfMedia
LogPluginManager: Mounting plugin TcpMessaging
LogPluginManager: Mounting plugin UdpMessaging
LogPluginManager: Mounting plugin ActorSequence
LogPluginManager: Mounting plugin LevelSequenceEditor
LogPluginManager: Mounting plugin MatineeToLevelSequence
LogPluginManager: Mounting plugin NetcodeUnitTest
LogPluginManager: Mounting plugin NUTUnrealEngine4
LogPluginManager: Mounting plugin OnlineSubsystemGooglePlay
LogPluginManager: Mounting plugin OnlineSubsystemIOS
LogPluginManager: Mounting plugin OnlineSubsystem
LogPluginManager: Mounting plugin OnlineSubsystemNull
LogPluginManager: Mounting plugin OnlineSubsystemUtils
LogPluginManager: Mounting plugin LauncherChunkInstaller
LogPluginManager: Mounting plugin AndroidDeviceProfileSelector
LogPluginManager: Mounting plugin AndroidMoviePlayer
LogPluginManager: Mounting plugin AndroidPermission
LogPluginManager: Mounting plugin AppleMoviePlayer
LogPluginManager: Mounting plugin ArchVisCharacter
LogPluginManager: Mounting plugin AudioCapture
LogPluginManager: Mounting plugin CableComponent
LogPluginManager: Mounting plugin CustomMeshComponent
LogPluginManager: Mounting plugin EditableMesh
LogPluginManager: Mounting plugin ExampleDeviceProfileSelector
LogPluginManager: Mounting plugin Firebase
LogPluginManager: Mounting plugin GoogleCloudMessaging
LogPluginManager: Mounting plugin IOSDeviceProfileSelector
LogPluginManager: Mounting plugin LinuxDeviceProfileSelector
LogPluginManager: Mounting plugin LocationServicesBPLibrary
LogPluginManager: Mounting plugin MobilePatchingUtils
LogPluginManager: Mounting plugin OculusVR
LogPluginManager: Mounting plugin PhysXVehicles
LogPluginManager: Mounting plugin ProceduralMeshComponent
LogPluginManager: Mounting plugin RuntimePhysXCooking
LogPluginManager: Mounting plugin SteamVR
LogPluginManager: Mounting plugin WebMMoviePlayer
LogPluginManager: Mounting plugin WindowsMoviePlayer
LogStreaming: Display: Took  0.085s to configure plugins.
LogInit: Using libcurl 7.55.1-DEV
LogInit:  - built for x86_64-pc-win32
LogInit:  - supports SSL with OpenSSL/1.0.2h
LogInit:  - supports HTTP deflate (compression) using libz 1.2.8
LogInit:  - other features:
LogInit:      CURL_VERSION_SSL
LogInit:      CURL_VERSION_LIBZ
LogInit:      CURL_VERSION_IPV6
LogInit:      CURL_VERSION_ASYNCHDNS
LogInit:      CURL_VERSION_LARGEFILE
LogInit:      CURL_VERSION_IDN
LogInit:  CurlRequestOptions (configurable via config and command line):
LogInit:  - bVerifyPeer = true  - Libcurl will verify peer certificate
LogInit:  - bUseHttpProxy = false  - Libcurl will NOT use HTTP proxy
LogInit:  - bDontReuseConnections = false  - Libcurl will reuse connections
LogInit:  - MaxHostConnections = 16  - Libcurl will limit the number of connections to a host
LogInit:  - LocalHostAddr = Default
LogInit:  - BufferSize = 65536
LogInit: WinSock: version 1.1 (2.2), MaxSocks=32767, MaxUdp=65467
LogInit: Build: ++UE4+Release-4.21-CL-4753647
LogInit: Engine Version: 4.21.2-4753647+++UE4+Release-4.21
LogInit: Compatible Engine Version: 4.21.0-4541578+++UE4+Release-4.21
LogInit: Net CL: 4541578
LogInit: OS: Windows 10 (), CPU: Intel(R) Xeon(R) CPU E5-1650 v3 @ 3.50GHz, GPU: NVIDIA GeForce GTX 980 Ti
LogInit: Compiled (64-bit): Jan 19 2019 02:07:31
LogInit: Compiled with Visual C++: 19.13.26129.00
LogInit: Build Configuration: Development
LogInit: Branch Name: ++UE4+Release-4.21
LogInit: Command Line:  /Game/TwinStickBP/Maps/GameplayVideoMaps/L_MainMenu -game -PIEVIACONSOLE -ResX=1280 -ResY=720 -Multiprocess -messaging -SessionName="Play in Standalone Game" -windowed
LogInit: Base Directory: C:/Program Files/Epic Games/UE_4.21/Engine/Binaries/Win64/
LogInit: Installed Engine Build: 1
LogDevObjectVersion: Number of dev versions registered: 22
LogDevObjectVersion:   Dev-Blueprints (B0D832E4-1F89-4F0D-ACCF-7EB736FD4AA2): 10
LogDevObjectVersion:   Dev-Build (E1C64328-A22C-4D53-A36C-8E866417BD8C): 0
LogDevObjectVersion:   Dev-Core (375EC13C-06E4-48FB-B500-84F0262A717E): 2
LogDevObjectVersion:   Dev-Editor (E4B068ED-F494-42E9-A231-DA0B2E46BB41): 26
LogDevObjectVersion:   Dev-Framework (CFFC743F-43B0-4480-9391-14DF171D2073): 34
LogDevObjectVersion:   Dev-Mobile (B02B49B5-BB20-44E9-A304-32B752E40360): 2
LogDevObjectVersion:   Dev-Networking (A4E4105C-59A1-49B5-A7C5-40C4547EDFEE): 0
LogDevObjectVersion:   Dev-Online (39C831C9-5AE6-47DC-9A44-9C173E1C8E7C): 0
LogDevObjectVersion:   Dev-Physics (78F01B33-EBEA-4F98-B9B4-84EACCB95AA2): 0
LogDevObjectVersion:   Dev-Platform (6631380F-2D4D-43E0-8009-CF276956A95A): 0
LogDevObjectVersion:   Dev-Rendering (12F88B9F-8875-4AFC-A67C-D90C383ABD29): 27
LogDevObjectVersion:   Dev-Sequencer (7B5AE74C-D270-4C10-A958-57980B212A5A): 9
LogDevObjectVersion:   Dev-VR (D7296918-1DD6-4BDD-9DE2-64A83CC13884): 2
LogDevObjectVersion:   Dev-LoadTimes (C2A15278-BFE7-4AFE-6C17-90FF531DF755): 1
LogDevObjectVersion:   Private-Geometry (6EACA3D4-40EC-4CC1-B786-8BED09428FC5): 3
LogDevObjectVersion:   Dev-AnimPhys (29E575DD-E0A3-4627-9D10-D276232CDCEA): 17
LogDevObjectVersion:   Dev-Anim (AF43A65D-7FD3-4947-9873-3E8ED9C1BB05): 2
LogDevObjectVersion:   Dev-ReflectionCapture (6B266CEC-1EC7-4B8F-A30B-E4D90942FC07): 1
LogDevObjectVersion:   Dev-Automation (0DF73D61-A23F-47EA-B727-89E90C41499A): 1
LogDevObjectVersion:   FortniteMain (601D1886-AC64-4F84-AA16-D3DE0DEAC7D6): 17
LogDevObjectVersion:   Dev-Enterprise (9DFFBCD6-494F-0158-E221-12823C92A888): 4
LogDevObjectVersion:   Dev-Niagara (F2AED0AC-9AFE-416F-8664-AA7FFA26D6FC): 1
LogStreaming: Display: Took  0.003s to delete old logs.
LogInit: Presizing for max 8388607 objects, including 0 objects not considered by GC, pre-allocating 0 bytes for permanent pool.
LogInit: Object subsystem initialized
LogConfig: Setting CVar [[con.DebugEarlyDefault:1]]
LogConfig: Setting CVar [[r.setres:1280x720]]
[2019.12.08-22.46.17:198][  0]LogConfig: Setting CVar [[con.DebugEarlyDefault:1]]
[2019.12.08-22.46.17:198][  0]LogConfig: Setting CVar [[r.setres:1280x720]]
[2019.12.08-22.46.17:198][  0]LogConfig: Applying CVar settings from Section [/Script/Engine.RendererSettings] File [C:/Users/V8203442/Desktop/GitHub/NeonGlider/Neon_Glider(Kyle_Version)/Saved/Config/Windows/Engine.ini]
[2019.12.08-22.46.17:198][  0]LogConfig: Setting CVar [[r.GPUCrashDebugging:0]]
[2019.12.08-22.46.17:198][  0]LogConfig: Applying CVar settings from Section [/Script/Engine.RendererOverrideSettings] File [C:/Users/V8203442/Desktop/GitHub/NeonGlider/Neon_Glider(Kyle_Version)/Saved/Config/Windows/Engine.ini]
[2019.12.08-22.46.17:198][  0]LogConfig: Applying CVar settings from Section [/Script/Engine.StreamingSettings] File [C:/Users/V8203442/Desktop/GitHub/NeonGlider/Neon_Glider(Kyle_Version)/Saved/Config/Windows/Engine.ini]
[2019.12.08-22.46.17:198][  0]LogConfig: Setting CVar [[s.MinBulkDataSizeForAsyncLoading:131072]]
[2019.12.08-22.46.17:198][  0]LogConfig: Setting CVar [[s.AsyncLoadingThreadEnabled:0]]
[2019.12.08-22.46.17:198][  0]LogConfig: Setting CVar [[s.EventDrivenLoaderEnabled:1]]
[2019.12.08-22.46.17:198][  0]LogConfig: Setting CVar [[s.WarnIfTimeLimitExceeded:0]]
[2019.12.08-22.46.17:198][  0]LogConfig: Setting CVar [[s.TimeLimitExceededMultiplier:1.5]]
[2019.12.08-22.46.17:198][  0]LogConfig: Setting CVar [[s.TimeLimitExceededMinTime:0.005]]
[2019.12.08-22.46.17:198][  0]LogConfig: Setting CVar [[s.UseBackgroundLevelStreaming:1]]
[2019.12.08-22.46.17:198][  0]LogConfig: Setting CVar [[s.PriorityAsyncLoadingExtraTime:15.0]]
[2019.12.08-22.46.17:198][  0]LogConfig: Setting CVar [[s.LevelStreamingActorsUpdateTimeLimit:5.0]]
[2019.12.08-22.46.17:198][  0]LogConfig: Setting CVar [[s.PriorityLevelStreamingActorsUpdateExtraTime:5.0]]
[2019.12.08-22.46.17:198][  0]LogConfig: Setting CVar [[s.LevelStreamingComponentsRegistrationGranularity:10]]
[2019.12.08-22.46.17:198][  0]LogConfig: Setting CVar [[s.UnregisterComponentsTimeLimit:1.0]]
[2019.12.08-22.46.17:198][  0]LogConfig: Setting CVar [[s.LevelStreamingComponentsUnregistrationGranularity:5]]
[2019.12.08-22.46.17:198][  0]LogConfig: Applying CVar settings from Section [/Script/Engine.GarbageCollectionSettings] File [C:/Users/V8203442/Desktop/GitHub/NeonGlider/Neon_Glider(Kyle_Version)/Saved/Config/Windows/Engine.ini]
[2019.12.08-22.46.17:198][  0]LogConfig: Setting CVar [[gc.MaxObjectsNotConsideredByGC:1]]
[2019.12.08-22.46.17:198][  0]LogConfig: Setting CVar [[gc.SizeOfPermanentObjectPool:0]]
[2019.12.08-22.46.17:198][  0]LogConfig: Setting CVar [[gc.FlushStreamingOnGC:0]]
[2019.12.08-22.46.17:198][  0]LogConfig: Setting CVar [[gc.NumRetriesBeforeForcingGC:10]]
[2019.12.08-22.46.17:198][  0]LogConfig: Setting CVar [[gc.AllowParallelGC:1]]
[2019.12.08-22.46.17:198][  0]LogConfig: Setting CVar [[gc.TimeBetweenPurgingPendingKillObjects:61.1]]
[2019.12.08-22.46.17:198][  0]LogConfig: Setting CVar [[gc.MaxObjectsInEditor:8388607]]
[2019.12.08-22.46.17:198][  0]LogConfig: Setting CVar [[gc.IncrementalBeginDestroyEnabled:1]]
[2019.12.08-22.46.17:199][  0]LogConfig: Setting CVar [[gc.CreateGCClusters:1]]
[2019.12.08-22.46.17:199][  0]LogConfig: Setting CVar [[gc.MergeGCClusters:0]]
[2019.12.08-22.46.17:199][  0]LogConfig: Setting CVar [[gc.MinGCClusterSize:5]]
[2019.12.08-22.46.17:199][  0]LogConfig: Setting CVar [[gc.ActorClusteringEnabled:0]]
[2019.12.08-22.46.17:199][  0]LogConfig: Setting CVar [[gc.BlueprintClusteringEnabled:0]]
[2019.12.08-22.46.17:199][  0]LogConfig: Setting CVar [[gc.UseDisregardForGCOnDedicatedServers:0]]
[2019.12.08-22.46.17:199][  0]LogConfig: Applying CVar settings from Section [/Script/Engine.NetworkSettings] File [C:/Users/V8203442/Desktop/GitHub/NeonGlider/Neon_Glider(Kyle_Version)/Saved/Config/Windows/Engine.ini]
[2019.12.08-22.46.17:199][  0]LogConfig: Applying CVar settings from Section [/Script/UnrealEd.CookerSettings] File [C:/Users/V8203442/Desktop/GitHub/NeonGlider/Neon_Glider(Kyle_Version)/Saved/Config/Windows/Engine.ini]
[2019.12.08-22.46.17:204][  0]LogConfig: Applying CVar settings from Section [ViewDistanceQuality@3] File [C:/Users/V8203442/Desktop/GitHub/NeonGlider/Neon_Glider(Kyle_Version)/Saved/Config/Windows/Scalability.ini]
[2019.12.08-22.46.17:204][  0]LogConfig: Setting CVar [[r.SkeletalMeshLODBias:0]]
[2019.12.08-22.46.17:204][  0]LogConfig: Setting CVar [[r.ViewDistanceScale:1.0]]
[2019.12.08-22.46.17:204][  0]LogConfig: Applying CVar settings from Section [AntiAliasingQuality@3] File [C:/Users/V8203442/Desktop/GitHub/NeonGlider/Neon_Glider(Kyle_Version)/Saved/Config/Windows/Scalability.ini]
[2019.12.08-22.46.17:204][  0]LogConfig: Setting CVar [[r.PostProcessAAQuality:4]]
[2019.12.08-22.46.17:204][  0]LogConfig: Applying CVar settings from Section [ShadowQuality@3] File [C:/Users/V8203442/Desktop/GitHub/NeonGlider/Neon_Glider(Kyle_Version)/Saved/Config/Windows/Scalability.ini]
[2019.12.08-22.46.17:204][  0]LogConfig: Setting CVar [[r.LightFunctionQuality:1]]
[2019.12.08-22.46.17:204][  0]LogConfig: Setting CVar [[r.ShadowQuality:5]]
[2019.12.08-22.46.17:204][  0]LogConfig: Setting CVar [[r.Shadow.CSM.MaxCascades:10]]
[2019.12.08-22.46.17:204][  0]LogConfig: Setting CVar [[r.Shadow.MaxResolution:2048]]
[2019.12.08-22.46.17:204][  0]LogConfig: Setting CVar [[r.Shadow.MaxCSMResolution:2048]]
[2019.12.08-22.46.17:204][  0]LogConfig: Setting CVar [[r.Shadow.RadiusThreshold:0.01]]
[2019.12.08-22.46.17:204][  0]LogConfig: Setting CVar [[r.Shadow.DistanceScale:1.0]]
[2019.12.08-22.46.17:204][  0]LogConfig: Setting CVar [[r.Shadow.CSM.TransitionScale:1.0]]
[2019.12.08-22.46.17:204][  0]LogConfig: Setting CVar [[r.Shadow.PreShadowResolutionFactor:1.0]]
[2019.12.08-22.46.17:204][  0]LogConfig: Setting CVar [[r.DistanceFieldShadowing:1]]
[2019.12.08-22.46.17:204][  0]LogConfig: Setting CVar [[r.DistanceFieldAO:1]]
[2019.12.08-22.46.17:204][  0]LogConfig: Setting CVar [[r.AOQuality:2]]
[2019.12.08-22.46.17:204][  0]LogConfig: Setting CVar [[r.VolumetricFog:1]]
[2019.12.08-22.46.17:204][  0]LogConfig: Setting CVar [[r.VolumetricFog.GridPixelSize:8]]
[2019.12.08-22.46.17:204][  0]LogConfig: Setting CVar [[r.VolumetricFog.GridSizeZ:128]]
[2019.12.08-22.46.17:204][  0]LogConfig: Setting CVar [[r.VolumetricFog.HistoryMissSupersampleCount:4]]
[2019.12.08-22.46.17:204][  0]LogConfig: Setting CVar [[r.LightMaxDrawDistanceScale:1]]
[2019.12.08-22.46.17:204][  0]LogConfig: Setting CVar [[r.CapsuleShadows:1]]
[2019.12.08-22.46.17:204][  0]LogConfig: Applying CVar settings from Section [PostProcessQuality@3] File [C:/Users/V8203442/Desktop/GitHub/NeonGlider/Neon_Glider(Kyle_Version)/Saved/Config/Windows/Scalability.ini]
[2019.12.08-22.46.17:204][  0]LogConfig: Setting CVar [[r.MotionBlurQuality:4]]
[2019.12.08-22.46.17:204][  0]LogConfig: Setting CVar [[r.AmbientOcclusionMipLevelFactor:0.4]]
[2019.12.08-22.46.17:204][  0]LogConfig: Setting CVar [[r.AmbientOcclusionMaxQuality:100]]
[2019.12.08-22.46.17:204][  0]LogConfig: Setting CVar [[r.AmbientOcclusionLevels:-1]]
[2019.12.08-22.46.17:204][  0]LogConfig: Setting CVar [[r.AmbientOcclusionRadiusScale:1.0]]
[2019.12.08-22.46.17:204][  0]LogConfig: Setting CVar [[r.DepthOfFieldQuality:2]]
[2019.12.08-22.46.17:204][  0]LogConfig: Setting CVar [[r.RenderTargetPoolMin:400]]
[2019.12.08-22.46.17:204][  0]LogConfig: Setting CVar [[r.LensFlareQuality:2]]
[2019.12.08-22.46.17:204][  0]LogConfig: Setting CVar [[r.SceneColorFringeQuality:1]]
[2019.12.08-22.46.17:204][  0]LogConfig: Setting CVar [[r.EyeAdaptationQuality:2]]
[2019.12.08-22.46.17:204][  0]LogConfig: Setting CVar [[r.BloomQuality:5]]
[2019.12.08-22.46.17:204][  0]LogConfig: Setting CVar [[r.FastBlurThreshold:100]]
[2019.12.08-22.46.17:204][  0]LogConfig: Setting CVar [[r.Upscale.Quality:3]]
[2019.12.08-22.46.17:204][  0]LogConfig: Setting CVar [[r.Tonemapper.GrainQuantization:1]]
[2019.12.08-22.46.17:204][  0]LogConfig: Setting CVar [[r.LightShaftQuality:1]]
[2019.12.08-22.46.17:204][  0]LogConfig: Setting CVar [[r.Filter.SizeScale:1]]
[2019.12.08-22.46.17:204][  0]LogConfig: Setting CVar [[r.Tonemapper.Quality:5]]
[2019.12.08-22.46.17:204][  0]LogConfig: Setting CVar [[r.DOF.Gather.AccumulatorQuality:1        ; higher gathering accumulator quality]]
[2019.12.08-22.46.17:204][  0]LogConfig: Setting CVar [[r.DOF.Gather.PostfilterMethod:1          ; Median3x3 postfilering method]]
[2019.12.08-22.46.17:204][  0]LogConfig: Setting CVar [[r.DOF.Gather.EnableBokehSettings:0       ; no bokeh simulation when gathering]]
[2019.12.08-22.46.17:204][  0]LogConfig: Setting CVar [[r.DOF.Gather.RingCount:4                 ; medium number of samples when gathering]]
[2019.12.08-22.46.17:204][  0]LogConfig: Setting CVar [[r.DOF.Scatter.ForegroundCompositing:1    ; additive foreground scattering]]
[2019.12.08-22.46.17:204][  0]LogConfig: Setting CVar [[r.DOF.Scatter.BackgroundCompositing:2    ; additive background scattering]]
[2019.12.08-22.46.17:204][  0]LogConfig: Setting CVar [[r.DOF.Scatter.EnableBokehSettings:1      ; bokeh simulation when scattering]]
[2019.12.08-22.46.17:204][  0]LogConfig: Setting CVar [[r.DOF.Scatter.MaxSpriteRatio:0.1         ; only a maximum of 10% of scattered bokeh]]
[2019.12.08-22.46.17:205][  0]LogConfig: Setting CVar [[r.DOF.Recombine.Quality:1                ; cheap slight out of focus]]
[2019.12.08-22.46.17:205][  0]LogConfig: Setting CVar [[r.DOF.Recombine.EnableBokehSettings:0    ; no bokeh simulation on slight out of focus]]
[2019.12.08-22.46.17:205][  0]LogConfig: Setting CVar [[r.DOF.TemporalAAQuality:1                ; more stable temporal accumulation]]
[2019.12.08-22.46.17:205][  0]LogConfig: Setting CVar [[r.DOF.Kernel.MaxForegroundRadius:0.025]]
[2019.12.08-22.46.17:205][  0]LogConfig: Setting CVar [[r.DOF.Kernel.MaxBackgroundRadius:0.025]]
[2019.12.08-22.46.17:205][  0]LogConfig: Applying CVar settings from Section [TextureQuality@3] File [C:/Users/V8203442/Desktop/GitHub/NeonGlider/Neon_Glider(Kyle_Version)/Saved/Config/Windows/Scalability.ini]
[2019.12.08-22.46.17:205][  0]LogConfig: Setting CVar [[r.Streaming.MipBias:0]]
[2019.12.08-22.46.17:205][  0]LogConfig: Setting CVar [[r.Streaming.AmortizeCPUToGPUCopy:0]]
[2019.12.08-22.46.17:205][  0]LogConfig: Setting CVar [[r.Streaming.MaxNumTexturesToStreamPerFrame:0]]
[2019.12.08-22.46.17:205][  0]LogConfig: Setting CVar [[r.Streaming.Boost:1]]
[2019.12.08-22.46.17:205][  0]LogConfig: Setting CVar [[r.MaxAnisotropy:8]]
[2019.12.08-22.46.17:205][  0]LogConfig: Setting CVar [[r.Streaming.LimitPoolSizeToVRAM:0]]
[2019.12.08-22.46.17:205][  0]LogConfig: Setting CVar [[r.Streaming.PoolSize:1000]]
[2019.12.08-22.46.17:205][  0]LogConfig: Setting CVar [[r.Streaming.MaxEffectiveScreenSize:0]]
[2019.12.08-22.46.17:205][  0]LogConfig: Applying CVar settings from Section [EffectsQuality@3] File [C:/Users/V8203442/Desktop/GitHub/NeonGlider/Neon_Glider(Kyle_Version)/Saved/Config/Windows/Scalability.ini]
[2019.12.08-22.46.17:205][  0]LogConfig: Setting CVar [[r.TranslucencyLightingVolumeDim:64]]
[2019.12.08-22.46.17:205][  0]LogConfig: Setting CVar [[r.RefractionQuality:2]]
[2019.12.08-22.46.17:205][  0]LogConfig: Setting CVar [[r.SSR.Quality:3]]
[2019.12.08-22.46.17:205][  0]LogConfig: Setting CVar [[r.SceneColorFormat:4]]
[2019.12.08-22.46.17:205][  0]LogConfig: Setting CVar [[r.DetailMode:2]]
[2019.12.08-22.46.17:205][  0]LogConfig: Setting CVar [[r.TranslucencyVolumeBlur:1]]
[2019.12.08-22.46.17:205][  0]LogConfig: Setting CVar [[r.MaterialQualityLevel:1 ; High quality]]
[2019.12.08-22.46.17:205][  0]LogConfig: Setting CVar [[r.SSS.Scale:1]]
[2019.12.08-22.46.17:205][  0]LogConfig: Setting CVar [[r.SSS.SampleSet:2]]
[2019.12.08-22.46.17:205][  0]LogConfig: Setting CVar [[r.SSS.Quality:1]]
[2019.12.08-22.46.17:205][  0]LogConfig: Setting CVar [[r.SSS.HalfRes:1]]
[2019.12.08-22.46.17:205][  0]LogConfig: Setting CVar [[r.EmitterSpawnRateScale:1.0]]
[2019.12.08-22.46.17:205][  0]LogConfig: Setting CVar [[r.ParticleLightQuality:2]]
[2019.12.08-22.46.17:205][  0]LogConfig: Applying CVar settings from Section [FoliageQuality@3] File [C:/Users/V8203442/Desktop/GitHub/NeonGlider/Neon_Glider(Kyle_Version)/Saved/Config/Windows/Scalability.ini]
[2019.12.08-22.46.17:205][  0]LogConfig: Setting CVar [[foliage.DensityScale:1.0]]
[2019.12.08-22.46.17:205][  0]LogConfig: Setting CVar [[grass.DensityScale:1.0]]
[2019.12.08-22.46.17:205][  0]LogInit: Selected Device Profile: [Windows]
[2019.12.08-22.46.17:205][  0]LogInit: Applying CVar settings loaded from the selected device profile: [Windows]
[2019.12.08-22.46.17:209][  0]LogHAL: Display: Platform has ~ 32 GB [34271674368 / 34359738368 / 32], which maps to Largest [LargestMinGB=32, LargerMinGB=12, DefaultMinGB=8, SmallerMinGB=6, SmallestMinGB=0)
[2019.12.08-22.46.17:209][  0]LogConfig: Setting CVar [[r.Vulkan.UseRealUBs:1]]
[2019.12.08-22.46.17:209][  0]LogInit: Going up to parent DeviceProfile []
[2019.12.08-22.46.17:209][  0]LogConfig: Applying CVar settings from Section [ViewDistanceQuality@3] File [C:/Users/V8203442/Desktop/GitHub/NeonGlider/Neon_Glider(Kyle_Version)/Saved/Config/Windows/Scalability.ini]
[2019.12.08-22.46.17:209][  0]LogConfig: Setting CVar [[r.SkeletalMeshLODBias:0]]
[2019.12.08-22.46.17:209][  0]LogConfig: Setting CVar [[r.ViewDistanceScale:1.0]]
[2019.12.08-22.46.17:209][  0]LogConfig: Applying CVar settings from Section [AntiAliasingQuality@3] File [C:/Users/V8203442/Desktop/GitHub/NeonGlider/Neon_Glider(Kyle_Version)/Saved/Config/Windows/Scalability.ini]
[2019.12.08-22.46.17:209][  0]LogConfig: Setting CVar [[r.PostProcessAAQuality:4]]
[2019.12.08-22.46.17:209][  0]LogConfig: Applying CVar settings from Section [ShadowQuality@3] File [C:/Users/V8203442/Desktop/GitHub/NeonGlider/Neon_Glider(Kyle_Version)/Saved/Config/Windows/Scalability.ini]
[2019.12.08-22.46.17:209][  0]LogConfig: Setting CVar [[r.LightFunctionQuality:1]]
[2019.12.08-22.46.17:209][  0]LogConfig: Setting CVar [[r.ShadowQuality:5]]
[2019.12.08-22.46.17:209][  0]LogConfig: Setting CVar [[r.Shadow.CSM.MaxCascades:10]]
[2019.12.08-22.46.17:209][  0]LogConfig: Setting CVar [[r.Shadow.MaxResolution:2048]]
[2019.12.08-22.46.17:209][  0]LogConfig: Setting CVar [[r.Shadow.MaxCSMResolution:2048]]
[2019.12.08-22.46.17:209][  0]LogConfig: Setting CVar [[r.Shadow.RadiusThreshold:0.01]]
[2019.12.08-22.46.17:209][  0]LogConfig: Setting CVar [[r.Shadow.DistanceScale:1.0]]
[2019.12.08-22.46.17:209][  0]LogConfig: Setting CVar [[r.Shadow.CSM.TransitionScale:1.0]]
[2019.12.08-22.46.17:209][  0]LogConfig: Setting CVar [[r.Shadow.PreShadowResolutionFactor:1.0]]
[2019.12.08-22.46.17:209][  0]LogConfig: Setting CVar [[r.DistanceFieldShadowing:1]]
[2019.12.08-22.46.17:210][  0]LogConfig: Setting CVar [[r.DistanceFieldAO:1]]
[2019.12.08-22.46.17:210][  0]LogConfig: Setting CVar [[r.AOQuality:2]]
[2019.12.08-22.46.17:210][  0]LogConfig: Setting CVar [[r.VolumetricFog:1]]
[2019.12.08-22.46.17:210][  0]LogConfig: Setting CVar [[r.VolumetricFog.GridPixelSize:8]]
[2019.12.08-22.46.17:210][  0]LogConfig: Setting CVar [[r.VolumetricFog.GridSizeZ:128]]
[2019.12.08-22.46.17:210][  0]LogConfig: Setting CVar [[r.VolumetricFog.HistoryMissSupersampleCount:4]]
[2019.12.08-22.46.17:210][  0]LogConfig: Setting CVar [[r.LightMaxDrawDistanceScale:1]]
[2019.12.08-22.46.17:210][  0]LogConfig: Setting CVar [[r.CapsuleShadows:1]]
[2019.12.08-22.46.17:210][  0]LogConfig: Applying CVar settings from Section [PostProcessQuality@3] File [C:/Users/V8203442/Desktop/GitHub/NeonGlider/Neon_Glider(Kyle_Version)/Saved/Config/Windows/Scalability.ini]
[2019.12.08-22.46.17:210][  0]LogConfig: Setting CVar [[r.MotionBlurQuality:4]]
[2019.12.08-22.46.17:210][  0]LogConfig: Setting CVar [[r.AmbientOcclusionMipLevelFactor:0.4]]
[2019.12.08-22.46.17:210][  0]LogConfig: Setting CVar [[r.AmbientOcclusionMaxQuality:100]]
[2019.12.08-22.46.17:210][  0]LogConfig: Setting CVar [[r.AmbientOcclusionLevels:-1]]
[2019.12.08-22.46.17:210][  0]LogConfig: Setting CVar [[r.AmbientOcclusionRadiusScale:1.0]]
[2019.12.08-22.46.17:210][  0]LogConfig: Setting CVar [[r.DepthOfFieldQuality:2]]
[2019.12.08-22.46.17:210][  0]LogConfig: Setting CVar [[r.RenderTargetPoolMin:400]]
[2019.12.08-22.46.17:210][  0]LogConfig: Setting CVar [[r.LensFlareQuality:2]]
[2019.12.08-22.46.17:210][  0]LogConfig: Setting CVar [[r.SceneColorFringeQuality:1]]
[2019.12.08-22.46.17:210][  0]LogConfig: Setting CVar [[r.EyeAdaptationQuality:2]]
[2019.12.08-22.46.17:210][  0]LogConfig: Setting CVar [[r.BloomQuality:5]]
[2019.12.08-22.46.17:210][  0]LogConfig: Setting CVar [[r.FastBlurThreshold:100]]
[2019.12.08-22.46.17:210][  0]LogConfig: Setting CVar [[r.Upscale.Quality:3]]
[2019.12.08-22.46.17:210][  0]LogConfig: Setting CVar [[r.Tonemapper.GrainQuantization:1]]
[2019.12.08-22.46.17:210][  0]LogConfig: Setting CVar [[r.LightShaftQuality:1]]
[2019.12.08-22.46.17:210][  0]LogConfig: Setting CVar [[r.Filter.SizeScale:1]]
[2019.12.08-22.46.17:210][  0]LogConfig: Setting CVar [[r.Tonemapper.Quality:5]]
[2019.12.08-22.46.17:210][  0]LogConfig: Setting CVar [[r.DOF.Gather.AccumulatorQuality:1        ; higher gathering accumulator quality]]
[2019.12.08-22.46.17:210][  0]LogConfig: Setting CVar [[r.DOF.Gather.PostfilterMethod:1          ; Median3x3 postfilering method]]
[2019.12.08-22.46.17:210][  0]LogConfig: Setting CVar [[r.DOF.Gather.EnableBokehSettings:0       ; no bokeh simulation when gathering]]
[2019.12.08-22.46.17:210][  0]LogConfig: Setting CVar [[r.DOF.Gather.RingCount:4                 ; medium number of samples when gathering]]
[2019.12.08-22.46.17:210][  0]LogConfig: Setting CVar [[r.DOF.Scatter.ForegroundCompositing:1    ; additive foreground scattering]]
[2019.12.08-22.46.17:210][  0]LogConfig: Setting CVar [[r.DOF.Scatter.BackgroundCompositing:2    ; additive background scattering]]
[2019.12.08-22.46.17:210][  0]LogConfig: Setting CVar [[r.DOF.Scatter.EnableBokehSettings:1      ; bokeh simulation when scattering]]
[2019.12.08-22.46.17:210][  0]LogConfig: Setting CVar [[r.DOF.Scatter.MaxSpriteRatio:0.1         ; only a maximum of 10% of scattered bokeh]]
[2019.12.08-22.46.17:210][  0]LogConfig: Setting CVar [[r.DOF.Recombine.Quality:1                ; cheap slight out of focus]]
[2019.12.08-22.46.17:210][  0]LogConfig: Setting CVar [[r.DOF.Recombine.EnableBokehSettings:0    ; no bokeh simulation on slight out of focus]]
[2019.12.08-22.46.17:210][  0]LogConfig: Setting CVar [[r.DOF.TemporalAAQuality:1                ; more stable temporal accumulation]]
[2019.12.08-22.46.17:210][  0]LogConfig: Setting CVar [[r.DOF.Kernel.MaxForegroundRadius:0.025]]
[2019.12.08-22.46.17:210][  0]LogConfig: Setting CVar [[r.DOF.Kernel.MaxBackgroundRadius:0.025]]
[2019.12.08-22.46.17:210][  0]LogConfig: Applying CVar settings from Section [TextureQuality@3] File [C:/Users/V8203442/Desktop/GitHub/NeonGlider/Neon_Glider(Kyle_Version)/Saved/Config/Windows/Scalability.ini]
[2019.12.08-22.46.17:210][  0]LogConfig: Setting CVar [[r.Streaming.MipBias:0]]
[2019.12.08-22.46.17:210][  0]LogConfig: Setting CVar [[r.Streaming.AmortizeCPUToGPUCopy:0]]
[2019.12.08-22.46.17:210][  0]LogConfig: Setting CVar [[r.Streaming.MaxNumTexturesToStreamPerFrame:0]]
[2019.12.08-22.46.17:210][  0]LogConfig: Setting CVar [[r.Streaming.Boost:1]]
[2019.12.08-22.46.17:210][  0]LogConfig: Setting CVar [[r.MaxAnisotropy:8]]
[2019.12.08-22.46.17:210][  0]LogConfig: Setting CVar [[r.Streaming.LimitPoolSizeToVRAM:0]]
[2019.12.08-22.46.17:210][  0]LogConfig: Setting CVar [[r.Streaming.PoolSize:1000]]
[2019.12.08-22.46.17:210][  0]LogConfig: Setting CVar [[r.Streaming.MaxEffectiveScreenSize:0]]
[2019.12.08-22.46.17:210][  0]LogConfig: Applying CVar settings from Section [EffectsQuality@3] File [C:/Users/V8203442/Desktop/GitHub/NeonGlider/Neon_Glider(Kyle_Version)/Saved/Config/Windows/Scalability.ini]
[2019.12.08-22.46.17:210][  0]LogConfig: Setting CVar [[r.TranslucencyLightingVolumeDim:64]]
[2019.12.08-22.46.17:210][  0]LogConfig: Setting CVar [[r.RefractionQuality:2]]
[2019.12.08-22.46.17:210][  0]LogConfig: Setting CVar [[r.SSR.Quality:3]]
[2019.12.08-22.46.17:210][  0]LogConfig: Setting CVar [[r.SceneColorFormat:4]]
[2019.12.08-22.46.17:210][  0]LogConfig: Setting CVar [[r.DetailMode:2]]
[2019.12.08-22.46.17:210][  0]LogConfig: Setting CVar [[r.TranslucencyVolumeBlur:1]]
[2019.12.08-22.46.17:210][  0]LogConfig: Setting CVar [[r.MaterialQualityLevel:1 ; High quality]]
[2019.12.08-22.46.17:210][  0]LogConfig: Setting CVar [[r.SSS.Scale:1]]
[2019.12.08-22.46.17:210][  0]LogConfig: Setting CVar [[r.SSS.SampleSet:2]]
[2019.12.08-22.46.17:210][  0]LogConfig: Setting CVar [[r.SSS.Quality:1]]
[2019.12.08-22.46.17:210][  0]LogConfig: Setting CVar [[r.SSS.HalfRes:1]]
[2019.12.08-22.46.17:210][  0]LogConfig: Setting CVar [[r.EmitterSpawnRateScale:1.0]]
[2019.12.08-22.46.17:210][  0]LogConfig: Setting CVar [[r.ParticleLightQuality:2]]
[2019.12.08-22.46.17:210][  0]LogConfig: Applying CVar settings from Section [FoliageQuality@3] File [C:/Users/V8203442/Desktop/GitHub/NeonGlider/Neon_Glider(Kyle_Version)/Saved/Config/Windows/Scalability.ini]
[2019.12.08-22.46.17:210][  0]LogConfig: Setting CVar [[foliage.DensityScale:1.0]]
[2019.12.08-22.46.17:210][  0]LogConfig: Setting CVar [[grass.DensityScale:1.0]]
[2019.12.08-22.46.17:210][  0]LogConfig: Applying CVar settings from Section [Startup] File [../../../Engine/Config/ConsoleVariables.ini]
[2019.12.08-22.46.17:212][  0]LogConfig: Setting CVar [[net.UseAdaptiveNetUpdateFrequency:0]]
[2019.12.08-22.46.17:212][  0]LogConfig: Applying CVar settings from Section [ConsoleVariables] File [C:/Users/V8203442/Desktop/GitHub/NeonGlider/Neon_Glider(Kyle_Version)/Saved/Config/Windows/Engine.ini]
[2019.12.08-22.46.17:212][  0]LogInit: Computer: TU45324
[2019.12.08-22.46.17:212][  0]LogInit: User: V8203442
[2019.12.08-22.46.17:212][  0]LogInit: CPU Page size=4096, Cores=6
[2019.12.08-22.46.17:212][  0]LogInit: High frequency timer resolution =10.000000 MHz
[2019.12.08-22.46.17:212][  0]LogMemory: Memory total: Physical=31.9GB (32GB approx)
[2019.12.08-22.46.17:212][  0]LogMemory: Platform Memory Stats for Windows
[2019.12.08-22.46.17:212][  0]LogMemory: Process Physical Memory: 106.13 MB used, 106.14 MB peak
[2019.12.08-22.46.17:212][  0]LogMemory: Process Virtual Memory: 97.13 MB used, 97.13 MB peak
[2019.12.08-22.46.17:212][  0]LogMemory: Physical Memory: 6345.11 MB used,  26338.90 MB free, 32684.02 MB total
[2019.12.08-22.46.17:212][  0]LogMemory: Virtual Memory: 4674.45 MB used,  134213056.00 MB free, 134217728.00 MB total
[2019.12.08-22.46.17:228][  0]LogInit: Using OS detected language (en-GB).
[2019.12.08-22.46.17:228][  0]LogInit: Using OS detected locale (en-GB).
[2019.12.08-22.46.17:229][  0]LogTextLocalizationManager: No specific localization for 'en-GB' exists, so the 'en' localization will be used.
[2019.12.08-22.46.17:599][  0]LogStreaming: Display: Took  0.371s to InitEngineTextLocalization.
[2019.12.08-22.46.17:634][  0]LogSlate: New Slate User Created.  User Index 0, Is Virtual User: 0
[2019.12.08-22.46.17:634][  0]LogSlate: Slate User Registered.  User Index 0, Is Virtual User: 0
[2019.12.08-22.46.17:644][  0]LogHMD: Failed to initialize OpenVR with code 110
[2019.12.08-22.46.17:644][  0]LogD3D11RHI: D3D11 adapters:
[2019.12.08-22.46.17:688][  0]LogD3D11RHI:    0. 'NVIDIA GeForce GTX 980 Ti' (Feature Level 11_0)
[2019.12.08-22.46.17:688][  0]LogD3D11RHI:       6097/0/16342 MB DedicatedVideo/DedicatedSystem/SharedSystem, Outputs:2, VendorId:0x10de
[2019.12.08-22.46.17:691][  0]LogD3D11RHI:    1. 'Microsoft Basic Render Driver' (Feature Level 11_0)
[2019.12.08-22.46.17:691][  0]LogD3D11RHI:       0/0/16342 MB DedicatedVideo/DedicatedSystem/SharedSystem, Outputs:0, VendorId:0x1414
[2019.12.08-22.46.17:691][  0]LogD3D11RHI: Chosen D3D11 Adapter: 0
[2019.12.08-22.46.17:696][  0]LogD3D11RHI: Creating new Direct3DDevice
[2019.12.08-22.46.17:696][  0]LogD3D11RHI:     GPU DeviceId: 0x17c8 (for the marketing name, search the web for "GPU Device Id")
[2019.12.08-22.46.17:696][  0]LogWindows: EnumDisplayDevices:
[2019.12.08-22.46.17:696][  0]LogWindows:    0. 'NVIDIA GeForce GTX 980 Ti' (P:1 D:1)
[2019.12.08-22.46.17:697][  0]LogWindows:    1. 'NVIDIA GeForce GTX 980 Ti' (P:0 D:1)
[2019.12.08-22.46.17:697][  0]LogWindows:    2. 'NVIDIA GeForce GTX 980 Ti' (P:0 D:0)
[2019.12.08-22.46.17:698][  0]LogWindows:    3. 'NVIDIA GeForce GTX 980 Ti' (P:0 D:0)
[2019.12.08-22.46.17:698][  0]LogWindows: DebugString: FoundDriverCount:4 
[2019.12.08-22.46.17:698][  0]LogD3D11RHI:     Adapter Name: NVIDIA GeForce GTX 980 Ti
[2019.12.08-22.46.17:698][  0]LogD3D11RHI:   Driver Version: 391.35 (internal:23.21.13.9135, unified:391.35)
[2019.12.08-22.46.17:698][  0]LogD3D11RHI:      Driver Date: 3-23-2018
[2019.12.08-22.46.17:698][  0]LogRHI: Texture pool is 4268 MB (70% of 6097 MB)
[2019.12.08-22.46.17:729][  0]LogD3D11RHI: Async texture creation enabled
[2019.12.08-22.46.17:745][  0]LogD3D11RHI: GPU Timing Frequency: 1000.000000 (Debug: 2 2)
[2019.12.08-22.46.18:203][  0]LogTemp: Display: Loaded TP WindowsClientTargetPlatform
[2019.12.08-22.46.18:217][  0]LogTemp: Display: Loaded TP WindowsNoEditorTargetPlatform
[2019.12.08-22.46.18:231][  0]LogTemp: Display: Loaded TP WindowsServerTargetPlatform
[2019.12.08-22.46.18:245][  0]LogTemp: Display: Loaded TP WindowsTargetPlatform
[2019.12.08-22.46.18:245][  0]LogTargetPlatformManager: Display: Building Assets For Windows
[2019.12.08-22.46.18:305][  0]LogShaderCompilers: Guid format shader working directory is -35 characters bigger than the processId version (../../../../../../Users/V8203442/Desktop/GitHub/NeonGlider/Neon_Glider(Kyle_Version)/Intermediate/Shaders/WorkingDirectory/1076/).
[2019.12.08-22.46.18:305][  0]LogShaderCompilers: Cleaned the shader compiler working directory 'C:/Users/V8203442/AppData/Local/Temp/UnrealShaderWorkingDir/FC63C83B49EF6AE201805A9EEDE38667/'.
[2019.12.08-22.46.18:308][  0]LogXGEController: Cannot use XGE Controller as Incredibuild is not installed on this machine.
[2019.12.08-22.46.18:308][  0]LogShaderCompilers: Cannot use XGE Shader Compiler as Incredibuild is not installed on this machine.
[2019.12.08-22.46.18:308][  0]LogShaderCompilers: Display: Using Local Shader Compiler.
[2019.12.08-22.46.18:850][  0]LogDerivedDataCache: Display: Max Cache Size: 512 MB
[2019.12.08-22.46.18:905][  0]LogDerivedDataCache: Loaded boot cache 0.05s 86MB C:/Users/V8203442/AppData/Local/UnrealEngine/4.21/DerivedDataCache/Boot.ddc.
[2019.12.08-22.46.18:905][  0]LogDerivedDataCache: Display: Loaded Boot cache: C:/Users/V8203442/AppData/Local/UnrealEngine/4.21/DerivedDataCache/Boot.ddc
[2019.12.08-22.46.18:905][  0]LogDerivedDataCache: FDerivedDataBackendGraph:  Pak pak cache file ../../../../../../Users/V8203442/Desktop/GitHub/NeonGlider/Neon_Glider(Kyle_Version)/DerivedDataCache/DDC.ddp not found, will not use a pak cache.
[2019.12.08-22.46.18:905][  0]LogDerivedDataCache: Unable to find inner node Pak for hierarchical cache Hierarchy.
[2019.12.08-22.46.18:905][  0]LogDerivedDataCache: FDerivedDataBackendGraph:  CompressedPak pak cache file ../../../../../../Users/V8203442/Desktop/GitHub/NeonGlider/Neon_Glider(Kyle_Version)/DerivedDataCache/Compressed.ddp not found, will not use a pak cache.
[2019.12.08-22.46.18:905][  0]LogDerivedDataCache: Unable to find inner node CompressedPak for hierarchical cache Hierarchy.
[2019.12.08-22.46.18:921][  0]LogDerivedDataCache: Display: Pak cache opened for reading ../../../Engine/DerivedDataCache/Compressed.ddp.
[2019.12.08-22.46.18:921][  0]LogDerivedDataCache: FDerivedDataBackendGraph:  EnterprisePak pak cache file ../../../Enterprise/DerivedDataCache/Compressed.ddp not found, will not use a pak cache.
[2019.12.08-22.46.18:921][  0]LogDerivedDataCache: Unable to find inner node EnterprisePak for hierarchical cache Hierarchy.
[2019.12.08-22.46.18:933][  0]LogDerivedDataCache: Using Local data cache path C:/Users/V8203442/AppData/Local/UnrealEngine/Common/DerivedDataCache: Writable
[2019.12.08-22.46.18:933][  0]LogDerivedDataCache: Shared data cache path not found in *engine.ini, will not use an Shared cache.
[2019.12.08-22.46.18:933][  0]LogDerivedDataCache: Unable to find inner node Shared for hierarchical cache Hierarchy.
[2019.12.08-22.46.18:954][  0]LogMaterial: Verifying Global Shaders for PCD3D_SM5
[2019.12.08-22.46.18:956][  0]LogSlate: Using FreeType 2.6.0
[2019.12.08-22.46.18:956][  0]LogSlate: SlateFontServices - WITH_FREETYPE: 1, WITH_HARFBUZZ: 1
[2019.12.08-22.46.19:055][  0]LogInit: Using OS detected language (en-GB).
[2019.12.08-22.46.19:055][  0]LogInit: Using OS detected locale (en-GB).
[2019.12.08-22.46.19:056][  0]LogTextLocalizationManager: No localization for 'en-GB' exists, so 'en' will be used for the language.
[2019.12.08-22.46.19:056][  0]LogTextLocalizationManager: No localization for 'en-GB' exists, so 'en' will be used for the locale.
[2019.12.08-22.46.19:056][  0]LogSlate: FontCache flush requested. Reason: Culture for localization was changed
[2019.12.08-22.46.19:056][  0]LogSlate: FontCache flush requested. Reason: Culture for localization was changed
[2019.12.08-22.46.19:381][  0]LogStreaming: Display: Took  0.325s to InitGameTextLocalization.
[2019.12.08-22.46.19:388][  0]LogAssetRegistry: FAssetRegistry took 0.0042 seconds to start up
[2019.12.08-22.46.19:575][  0]LogPackageLocalizationCache: Processed 11 localized package path(s) for 1 prioritized culture(s) in 0.011114 seconds
[2019.12.08-22.46.19:708][  0]LogInit: Selected Device Profile: [Windows]
[2019.12.08-22.46.19:847][  0]LogSimplygon: Simplygon DLL not present - disabling.
[2019.12.08-22.46.19:851][  0]LogMeshReduction: Using SimplygonSwarm for distributed automatic mesh merging
[2019.12.08-22.46.19:851][  0]LogMeshReduction: Using ProxyLODMeshReduction for automatic mesh merging
[2019.12.08-22.46.19:851][  0]LogMeshReduction: Using QuadricMeshReduction for automatic static mesh reduction
[2019.12.08-22.46.19:851][  0]LogMeshReduction: No automatic skeletal mesh reduction module available
[2019.12.08-22.46.19:861][  0]LogNetVersion: NeonGlider 1.0.0, NetCL: 4541578, EngineNetVer: 5, GameNetVer: 0 (Checksum: 1337179755)
[2019.12.08-22.46.20:397][  0]LogMoviePlayer: Initializing movie player
[2019.12.08-22.46.20:497][  0]LogTcpMessaging: Initializing TcpMessaging bridge
[2019.12.08-22.46.20:509][  0]LogUdpMessaging: Initializing bridge on interface 0.0.0.0:0 to multicast group 230.0.0.1:6666.
[2019.12.08-22.46.20:594][  0]SourceControl: Source control is disabled
[2019.12.08-22.46.20:594][  0]SourceControl: Source control is disabled
[2019.12.08-22.46.20:595][  0]SourceControl: Source control is disabled
[2019.12.08-22.46.20:722][  0]LogAndroidPermission: UAndroidPermissionCallbackProxy::GetInstance
[2019.12.08-22.46.20:811][  0]LogOcInput: OculusInput pre-init called
[2019.12.08-22.46.20:819][  0]LogUObjectArray: 43226 objects as part of root set at end of initial load.
[2019.12.08-22.46.20:819][  0]LogUObjectAllocator: 7590224 out of 0 bytes used by permanent object pool.
[2019.12.08-22.46.20:819][  0]LogUObjectArray: CloseDisregardForGC: 0/0 objects in disregard for GC pool
[2019.12.08-22.46.20:949][  0]LogEngine: Initializing Engine...
[2019.12.08-22.46.20:950][  0]LogHMD: Failed to initialize OpenVR with code 110
[2019.12.08-22.46.20:962][  0]LogStats: UGameplayTagsManager::ConstructGameplayTagTree: ImportINI prefixes -  0.000 s
[2019.12.08-22.46.20:962][  0]LogStats: UGameplayTagsManager::ConstructGameplayTagTree: Construct from data asset -  0.000 s
[2019.12.08-22.46.20:962][  0]LogStats: UGameplayTagsManager::ConstructGameplayTagTree: ImportINI -  0.000 s
[2019.12.08-22.46.20:962][  0]LogStats: UGameplayTagsManager::ConstructGameplayTagTree: GameplayTagTreeChangedEvent.Broadcast -  0.000 s
[2019.12.08-22.46.21:128][  0]LogInit: Initializing FReadOnlyCVARCache
[2019.12.08-22.46.21:151][  0]LogInit: XAudio2 using 'Speakers (Realtek High Definition Audio)' : 2 channels at 48 kHz using 32 bits per sample (channel mask 0x3)
[2019.12.08-22.46.21:207][  0]LogInit: FAudioDevice initialized.
[2019.12.08-22.46.21:219][  0]LogNetVersion: Set ProjectVersion to 1.0.0.0. Version Checksum will be recalculated on next use.
[2019.12.08-22.46.21:228][  0]LogInit: Texture streaming: Enabled
[2019.12.08-22.46.21:372][  0]LogSlate: Updating window title bar state: overlay mode, drag disabled, window buttons hidden, title bar hidden
[2019.12.08-22.46.21:372][  0]LogInit: Display: Game Engine Initialized.
[2019.12.08-22.46.21:372][  0]LogGameplayTags: Display: UGameplayTagsManager::DoneAddingNativeTags. DelegateIsBound: 0
[2019.12.08-22.46.21:372][  0]LogStats: UGameplayTagsManager::ConstructGameplayTagTree: ImportINI prefixes -  0.000 s
[2019.12.08-22.46.21:372][  0]LogStats: UGameplayTagsManager::ConstructGameplayTagTree: Construct from data asset -  0.000 s
[2019.12.08-22.46.21:372][  0]LogStats: UGameplayTagsManager::ConstructGameplayTagTree: ImportINI -  0.000 s
[2019.12.08-22.46.21:372][  0]LogStats: UGameplayTagsManager::ConstructGameplayTagTree: GameplayTagTreeChangedEvent.Broadcast -  0.000 s
[2019.12.08-22.46.21:388][  0]LogInit: Display: Starting Game.
[2019.12.08-22.46.21:388][  0]LogNet: Browse: /Game/TwinStickBP/Maps/GameplayVideoMaps/L_MainMenu?Name=Player
[2019.12.08-22.46.21:388][  0]LogLoad: LoadMap: /Game/TwinStickBP/Maps/GameplayVideoMaps/L_MainMenu?Name=Player
[2019.12.08-22.46.21:456][  0]LogAIModule: Creating AISystem for world L_MainMenu
[2019.12.08-22.46.21:697][  0]LogLoad: Game class is 'BP_Gamemode_C'
[2019.12.08-22.46.21:698][  0]LogWorld: Bringing World /Game/TwinStickBP/Maps/GameplayVideoMaps/L_MainMenu.L_MainMenu up for play (max tick rate 0) at 2019.12.08-22.46.21
[2019.12.08-22.46.21:698][  0]LogWorld: Bringing up level for play took: 0.000521
[2019.12.08-22.46.21:699][  0]LogGameMode: FindPlayerStart: PATHS NOT DEFINED or NO PLAYERSTART with positive rating
[2019.12.08-22.46.21:704][  0]LogPlayerController: Error: InputMode:UIOnly - Attempting to focus Non-Focusable widget SObjectWidget [Widget.cpp(710)]!
[2019.12.08-22.46.21:705][  0]LogLoad: Took 0.316864 seconds to LoadMap(/Game/TwinStickBP/Maps/GameplayVideoMaps/L_MainMenu)
[2019.12.08-22.46.21:757][  0]LogRenderer: Reallocating scene render targets to support 1280x720 Format 10 NumSamples 1 (Frame:1).
[2019.12.08-22.46.21:757][  0]LogLoad: (Engine Initialization) Total time: 6.73 seconds
[2019.12.08-22.46.21:757][  0]LogLoad: (Engine Initialization) Total Blueprint compile time: 0.00 seconds
[2019.12.08-22.46.21:779][  0]LogContentStreaming: Texture pool size now 1000 MB
[2019.12.08-22.46.21:809][  0]LogRenderer: Reallocating scene render targets to support 1920x1140 Format 10 NumSamples 1 (Frame:3).
[2019.12.08-22.46.21:867][  1]LogRenderer: Reallocating scene render targets to support 1280x720 Format 10 NumSamples 1 (Frame:4).
[2019.12.08-22.46.21:877][  2]LogRenderer: Reallocating scene render targets to support 1920x1140 Format 10 NumSamples 1 (Frame:5).
[2019.12.08-22.46.21:893][  3]LogRenderer: Reallocating scene render targets to support 1280x720 Format 10 NumSamples 1 (Frame:6).
[2019.12.08-22.46.24:090][133]LogRenderer: Reallocating scene render targets to support 1920x1140 Format 10 NumSamples 1 (Frame:138).
[2019.12.08-22.47.48:382][359]LogSlate: FSceneViewport::OnFocusLost() reason 0
[2019.12.08-22.47.48:559][361]LogPackageName: SearchForPackageOnDisk took   0.146s to resolve L_TobyTutorial.umap.
[2019.12.08-22.47.48:692][361]LogPackageName: SearchForPackageOnDisk took   0.132s to resolve L_TobyTutorial.umap.
[2019.12.08-22.47.48:692][361]LogNet: Browse: /Game/TwinStickBP/Maps/GameplayVideoMaps/L_TobyTutorial
[2019.12.08-22.47.48:692][361]LogLoad: LoadMap: /Game/TwinStickBP/Maps/GameplayVideoMaps/L_TobyTutorial
[2019.12.08-22.47.49:012][361]LogLinker: Warning: Can't find file '/Game/TwinStickBP/Art/StaticMeshes/lambert1'
[2019.12.08-22.47.49:012][361]LoadErrors: Failed to load /Game/TwinStickBP/Art/StaticMeshes/lambert1.lambert1 Referenced by SM_Cube
[2019.12.08-22.47.49:012][361]LogUObjectGlobals: Warning: Failed to load '/Game/TwinStickBP/Art/StaticMeshes/lambert1': Can't find file '/Game/TwinStickBP/Art/StaticMeshes/lambert1'
[2019.12.08-22.47.49:012][361]LogLinker: Warning: Can't find file for asset '/Game/TwinStickBP/Art/StaticMeshes/lambert1' while loading NULL.
[2019.12.08-22.47.49:012][361]LoadErrors: Failed to load /Game/TwinStickBP/Art/StaticMeshes/lambert1.lambert1 Referenced by SM_Cube
[2019.12.08-22.47.49:012][361]LogUObjectGlobals: Warning: Failed to load '/Game/TwinStickBP/Art/StaticMeshes/lambert1': Can't find file for asset '/Game/TwinStickBP/Art/StaticMeshes/lambert1' while loading NULL.
[2019.12.08-22.47.49:012][361]LogLinker: Warning: Can't find file '/Game/TwinStickBP/Art/StaticMeshes/lambert1'
[2019.12.08-22.47.49:012][361]LoadErrors: Failed to load /Game/TwinStickBP/Art/StaticMeshes/lambert1.lambert1 Referenced by SM_Cube
[2019.12.08-22.47.49:012][361]LogUObjectGlobals: Warning: Failed to load '/Game/TwinStickBP/Art/StaticMeshes/lambert1': Can't find file '/Game/TwinStickBP/Art/StaticMeshes/lambert1'
[2019.12.08-22.47.49:012][361]LogLinker: Warning: Can't find file for asset '/Game/TwinStickBP/Art/StaticMeshes/lambert1' while loading NULL.
[2019.12.08-22.47.49:013][361]LoadErrors: Failed to load /Game/TwinStickBP/Art/StaticMeshes/lambert1.lambert1 Referenced by SM_Cube
[2019.12.08-22.47.49:013][361]LogUObjectGlobals: Warning: Failed to load '/Game/TwinStickBP/Art/StaticMeshes/lambert1': Can't find file for asset '/Game/TwinStickBP/Art/StaticMeshes/lambert1' while loading NULL.
[2019.12.08-22.47.49:065][361]LogAIModule: Creating AISystem for world L_TobyTutorial
[2019.12.08-22.47.49:065][361]LogLoad: Game class is 'BP_Gamemode_C'
[2019.12.08-22.47.49:083][361]LogWorld: Bringing World /Game/TwinStickBP/Maps/GameplayVideoMaps/L_TobyTutorial.L_TobyTutorial up for play (max tick rate 0) at 2019.12.08-22.47.49
[2019.12.08-22.47.49:083][361]LogWorld: Bringing up level for play took: 0.017292
[2019.12.08-22.47.49:085][361]LogLoad: Took 0.393894 seconds to LoadMap(/Game/TwinStickBP/Maps/GameplayVideoMaps/L_TobyTutorial)
[2019.12.08-22.48.14:073][899]LogPackageName: SearchForPackageOnDisk took   0.139s to resolve L_TobyFloors.umap.
[2019.12.08-22.48.14:214][900]LogPackageName: SearchForPackageOnDisk took   0.140s to resolve L_TobyFloors.umap.
[2019.12.08-22.48.14:214][900]LogNet: Browse: /Game/TwinStickBP/Maps/GameplayVideoMaps/L_TobyFloors
[2019.12.08-22.48.14:215][900]LogLoad: LoadMap: /Game/TwinStickBP/Maps/GameplayVideoMaps/L_TobyFloors
[2019.12.08-22.48.14:626][900]LogLinker: Warning: Can't find file '/Game/TwinStickBP/Art/StaticMeshes/lambert1'
[2019.12.08-22.48.14:626][900]LoadErrors: Failed to load /Game/TwinStickBP/Art/StaticMeshes/lambert1.lambert1 Referenced by SM_Cube
[2019.12.08-22.48.14:626][900]LogUObjectGlobals: Warning: Failed to load '/Game/TwinStickBP/Art/StaticMeshes/lambert1': Can't find file '/Game/TwinStickBP/Art/StaticMeshes/lambert1'
[2019.12.08-22.48.14:626][900]LogLinker: Warning: Can't find file for asset '/Game/TwinStickBP/Art/StaticMeshes/lambert1' while loading NULL.
[2019.12.08-22.48.14:626][900]LoadErrors: Failed to load /Game/TwinStickBP/Art/StaticMeshes/lambert1.lambert1 Referenced by SM_Cube
[2019.12.08-22.48.14:626][900]LogUObjectGlobals: Warning: Failed to load '/Game/TwinStickBP/Art/StaticMeshes/lambert1': Can't find file for asset '/Game/TwinStickBP/Art/StaticMeshes/lambert1' while loading NULL.
[2019.12.08-22.48.14:627][900]LogLinker: Warning: Can't find file '/Game/TwinStickBP/Art/StaticMeshes/lambert1'
[2019.12.08-22.48.14:627][900]LoadErrors: Failed to load /Game/TwinStickBP/Art/StaticMeshes/lambert1.lambert1 Referenced by SM_Cube
[2019.12.08-22.48.14:627][900]LogUObjectGlobals: Warning: Failed to load '/Game/TwinStickBP/Art/StaticMeshes/lambert1': Can't find file '/Game/TwinStickBP/Art/StaticMeshes/lambert1'
[2019.12.08-22.48.14:627][900]LogLinker: Warning: Can't find file for asset '/Game/TwinStickBP/Art/StaticMeshes/lambert1' while loading NULL.
[2019.12.08-22.48.14:627][900]LoadErrors: Failed to load /Game/TwinStickBP/Art/StaticMeshes/lambert1.lambert1 Referenced by SM_Cube
[2019.12.08-22.48.14:627][900]LogUObjectGlobals: Warning: Failed to load '/Game/TwinStickBP/Art/StaticMeshes/lambert1': Can't find file for asset '/Game/TwinStickBP/Art/StaticMeshes/lambert1' while loading NULL.
[2019.12.08-22.48.14:773][900]LogAIModule: Creating AISystem for world L_TobyFloors
[2019.12.08-22.48.14:773][900]LogLoad: Game class is 'BP_Gamemode_C'
[2019.12.08-22.48.14:808][900]LogWorld: Bringing World /Game/TwinStickBP/Maps/GameplayVideoMaps/L_TobyFloors.L_TobyFloors up for play (max tick rate 0) at 2019.12.08-22.48.14
[2019.12.08-22.48.14:810][900]LogWorld: Bringing up level for play took: 0.035598
[2019.12.08-22.48.14:813][900]LogLoad: Took 0.597698 seconds to LoadMap(/Game/TwinStickBP/Maps/GameplayVideoMaps/L_TobyFloors)
[2019.12.08-22.48.17:230][ 50]LogSpawn: Warning: SpawnActor failed because of collision at the spawn location [X=1869.220 Y=-2208.635 Z=594.379] for [BP_Enemy_Shooter_C]
[2019.12.08-22.48.36:739][259]LogSpawn: Warning: SpawnActor failed because of collision at the spawn location [X=4230.987 Y=-1433.659 Z=594.379] for [BP_New_Enemy_C]
[2019.12.08-22.48.36:740][259]LogSpawn: Warning: SpawnActor failed because of collision at the spawn location [X=4581.890 Y=-2344.997 Z=594.379] for [BP_New_Enemy_C]
[2019.12.08-22.48.36:979][274]LogSpawn: Warning: SpawnActor failed because of collision at the spawn location [X=3990.455 Y=-2284.259 Z=594.379] for [BP_Enemy_Shooter_C]
[2019.12.08-22.48.36:980][274]LogSpawn: Warning: SpawnActor failed because of collision at the spawn location [X=4158.057 Y=-2315.530 Z=594.379] for [BP_Enemy_Shooter_C]
[2019.12.08-22.48.36:980][274]LogSpawn: Warning: SpawnActor failed because of collision at the spawn location [X=3638.759 Y=-1423.521 Z=594.379] for [BP_Enemy_Shooter_C]
[2019.12.08-22.48.51:739][189]LogSpawn: Warning: SpawnActor failed because of collision at the spawn location [X=4207.546 Y=953.069 Z=619.276] for [BP_New_Enemy_C]
[2019.12.08-22.49.00:802][751]LogScript: Warning: Attempted to access BP_Heal_C_2 via property OverlappedActor, but BP_Heal_C_2 is pending kill
	BP_Player_C /Game/TwinStickBP/Maps/GameplayVideoMaps/L_TobyFloors.L_TobyFloors:PersistentLevel.BP_Player_C_0
	Function /Game/TwinStickBP/Blueprints/Player/BP_Player.BP_Player_C:ExecuteUbergraph_BP_Player:006F
[2019.12.08-22.49.00:802][751]LogScript: Warning: Script call stack:
	Function /Game/TwinStickBP/Blueprints/Player/BP_Player.BP_Player_C:BndEvt__ShipMeshComponent_K2Node_ComponentBoundEvent_0_ComponentBeginOverlapSignature__DelegateSignature
	Function /Game/TwinStickBP/Blueprints/Player/BP_Player.BP_Player_C:ExecuteUbergraph_BP_Player

[2019.12.08-22.49.10:643][361]LogSpawn: Warning: SpawnActor failed because of collision at the spawn location [X=1671.129 Y=3146.579 Z=594.379] for [BP_New_Enemy_C]
[2019.12.08-22.49.10:644][361]LogSpawn: Warning: SpawnActor failed because of collision at the spawn location [X=1464.812 Y=2583.196 Z=594.379] for [BP_New_Enemy_C]
[2019.12.08-22.49.20:241][956]LogSpawn: Warning: SpawnActor failed because of collision at the spawn location [X=766.023 Y=2620.930 Z=594.379] for [BP_Enemy_Shooter_C]
[2019.12.08-22.49.20:241][956]LogSpawn: Warning: SpawnActor failed because of collision at the spawn location [X=1203.843 Y=3520.303 Z=594.379] for [BP_Enemy_Shooter_C]
[2019.12.08-22.49.24:108][196]LogScript: Warning: Script Msg: Attempted to access index 2 from array 'Pickups' of length 2 in '/Game/TwinStickBP/Blueprints/EnemyAI/BP_Enemy_Shooter.BP_Enemy_Shooter_C'!
[2019.12.08-22.49.24:108][196]LogScript: Warning: UGameplayStatics::BeginSpawningActorFromClass: can not spawn an actor from a NULL class
[2019.12.08-22.49.41:559][269]LogPackageName: SearchForPackageOnDisk took   0.136s to resolve L_TobyMaze.umap.
[2019.12.08-22.49.41:697][269]LogPackageName: SearchForPackageOnDisk took   0.138s to resolve L_TobyBossMap.umap.
[2019.12.08-22.49.41:832][270]LogPackageName: SearchForPackageOnDisk took   0.133s to resolve L_TobyBossMap.umap.
[2019.12.08-22.49.41:832][270]LogNet: Browse: /Game/TwinStickBP/Maps/GameplayVideoMaps/L_TobyBossMap
[2019.12.08-22.49.41:832][270]LogLoad: LoadMap: /Game/TwinStickBP/Maps/GameplayVideoMaps/L_TobyBossMap
[2019.12.08-22.49.42:389][270]LogAIModule: Creating AISystem for world L_TobyBossMap
[2019.12.08-22.49.42:389][270]LogLoad: Game class is 'BP_Gamemode_C'
[2019.12.08-22.49.42:396][270]LogWorld: Bringing World /Game/TwinStickBP/Maps/GameplayVideoMaps/L_TobyBossMap.L_TobyBossMap up for play (max tick rate 0) at 2019.12.08-22.49.42
[2019.12.08-22.49.42:396][270]LogWorld: Bringing up level for play took: 0.006947
[2019.12.08-22.49.42:399][270]LogLoad: Took 0.567218 seconds to LoadMap(/Game/TwinStickBP/Maps/GameplayVideoMaps/L_TobyBossMap)
[2019.12.08-22.50.12:911][162]Closing by request
[2019.12.08-22.50.12:911][162]LogWindows: FPlatformMisc::RequestExit(0)
[2019.12.08-22.50.13:103][163]LogSlate: Window 'NeonGlider (64-bit Development PCD3D_SM5) ' being destroyed
[2019.12.08-22.50.13:104][163]LogWindowsTextInputMethodSystem: Display: IME system now deactivated.
[2019.12.08-22.50.13:109][163]LogExit: Preparing to exit.
[2019.12.08-22.50.13:109][163]LogMoviePlayer: Shutting down movie player
[2019.12.08-22.50.13:641][163]LogSlate: Updating window title bar state: overlay mode, drag disabled, window buttons hidden, title bar hidden
[2019.12.08-22.50.13:656][163]LogExit: Game engine shut down
[2019.12.08-22.50.13:710][163]LogExit: Object subsystem successfully closed.
[2019.12.08-22.50.13:727][163]LogShaderCompilers: Display: Shaders left to compile 0
[2019.12.08-22.50.13:729][163]LogD3D11RHI: Shutdown
[2019.12.08-22.50.13:729][163]LogD3D11RHI: CleanupD3DDevice
[2019.12.08-22.50.13:731][163]LogD3D11RHI: ~FD3D11DynamicRHI
[2019.12.08-22.50.13:750][163]LogModuleManager: Shutting down and abandoning module SequenceRecorderSections (382)
[2019.12.08-22.50.13:750][163]LogModuleManager: Shutting down and abandoning module SequenceRecorder (380)
[2019.12.08-22.50.13:750][163]LogModuleManager: Shutting down and abandoning module AutomationController (378)
[2019.12.08-22.50.13:750][163]LogModuleManager: Shutting down and abandoning module AutomationWorker (376)
[2019.12.08-22.50.13:750][163]LogModuleManager: Shutting down and abandoning module Voice (374)
[2019.12.08-22.50.13:750][163]LogModuleManager: Shutting down and abandoning module AIModule (372)
[2019.12.08-22.50.13:750][163]LogModuleManager: Shutting down and abandoning module GameplayDebugger (371)
[2019.12.08-22.50.13:750][163]LogModuleManager: Shutting down and abandoning module AITestSuite (369)
[2019.12.08-22.50.13:750][163]LogModuleManager: Shutting down and abandoning module NavigationSystem (367)
[2019.12.08-22.50.13:751][163]LogModuleManager: Shutting down and abandoning module WmfMediaFactory (364)
[2019.12.08-22.50.13:751][163]LogModuleManager: Shutting down and abandoning module WebMMediaFactory (362)
[2019.12.08-22.50.13:751][163]LogModuleManager: Shutting down and abandoning module WebMMedia (360)
[2019.12.08-22.50.13:751][163]LogModuleManager: Shutting down and abandoning module OpenExrWrapper (358)
[2019.12.08-22.50.13:751][163]LogModuleManager: Shutting down and abandoning module ImgMediaFactory (356)
[2019.12.08-22.50.13:751][163]LogModuleManager: Shutting down and abandoning module AvfMediaFactory (354)
[2019.12.08-22.50.13:751][163]LogModuleManager: Shutting down and abandoning module MagicLeapCameraPreviewFactory (352)
[2019.12.08-22.50.13:751][163]LogModuleManager: Shutting down and abandoning module MagicLeapMediaFactory (350)
[2019.12.08-22.50.13:751][163]LogModuleManager: Shutting down and abandoning module CharacterAI (348)
[2019.12.08-22.50.13:751][163]LogModuleManager: Shutting down and abandoning module SessionServices (346)
[2019.12.08-22.50.13:751][163]LogModuleManager: Shutting down and abandoning module MovieSceneCapture (344)
[2019.12.08-22.50.13:751][163]LogModuleManager: Shutting down and abandoning module MovieSceneTracks (342)
[2019.12.08-22.50.13:751][163]LogModuleManager: Shutting down and abandoning module MovieScene (340)
[2019.12.08-22.50.13:751][163]LogModuleManager: Shutting down and abandoning module StreamingPauseRendering (338)
[2019.12.08-22.50.13:751][163]LogModuleManager: Shutting down and abandoning module PortalServices (336)
[2019.12.08-22.50.13:751][163]LogModuleManager: Shutting down and abandoning module PortalRpc (334)
[2019.12.08-22.50.13:751][163]LogModuleManager: Shutting down and abandoning module MessagingRpc (332)
[2019.12.08-22.50.13:751][163]LogModuleManager: Shutting down and abandoning module ImageWriteQueue (330)
[2019.12.08-22.50.13:752][163]LogModuleManager: Shutting down and abandoning module ProfilerService (328)
[2019.12.08-22.50.13:832][163]LogModuleManager: Shutting down and abandoning module TaskGraph (326)
[2019.12.08-22.50.13:832][163]LogModuleManager: Shutting down and abandoning module SteamVRController (324)
[2019.12.08-22.50.13:832][163]LogModuleManager: Shutting down and abandoning module ProceduralMeshComponent (322)
[2019.12.08-22.50.13:832][163]LogModuleManager: Shutting down and abandoning module OculusInput (320)
[2019.12.08-22.50.13:832][163]LogModuleManager: Shutting down and abandoning module MobilePatchingUtils (318)
[2019.12.08-22.50.13:832][163]LogModuleManager: Shutting down and abandoning module EditableMesh (316)
[2019.12.08-22.50.13:832][163]LogModuleManager: Shutting down and abandoning module CustomMeshComponent (314)
[2019.12.08-22.50.13:832][163]LogModuleManager: Shutting down and abandoning module CableComponent (312)
[2019.12.08-22.50.13:832][163]LogModuleManager: Shutting down and abandoning module AudioCapture (310)
[2019.12.08-22.50.13:832][163]LogModuleManager: Shutting down and abandoning module ArchVisCharacter (308)
[2019.12.08-22.50.13:832][163]LogModuleManager: Shutting down and abandoning module AndroidPermission (306)
[2019.12.08-22.50.13:832][163]LogModuleManager: Shutting down and abandoning module NUTUnrealEngine4 (304)
[2019.12.08-22.50.13:832][163]LogModuleManager: Shutting down and abandoning module NetcodeUnitTest (302)
[2019.12.08-22.50.13:832][163]LogModuleManager: Shutting down and abandoning module MediaCompositing (300)
[2019.12.08-22.50.13:832][163]LogModuleManager: Shutting down and abandoning module LinearTimecode (298)
[2019.12.08-22.50.13:832][163]LogModuleManager: Shutting down and abandoning module ImgMedia (296)
[2019.12.08-22.50.13:834][163]LogModuleManager: Shutting down and abandoning module HTML5Networking (294)
[2019.12.08-22.50.13:834][163]LogModuleManager: Shutting down and abandoning module GeometryCacheTracks (292)
[2019.12.08-22.50.13:834][163]LogModuleManager: Shutting down and abandoning module GeometryCacheSequencer (291)
[2019.12.08-22.50.13:834][163]LogModuleManager: Shutting down and abandoning module GeometryCache (288)
[2019.12.08-22.50.13:834][163]LogModuleManager: Shutting down and abandoning module GeometryCacheEd (287)
[2019.12.08-22.50.13:834][163]LogModuleManager: Shutting down and abandoning module BackChannel (284)
[2019.12.08-22.50.13:834][163]LogModuleManager: Shutting down and abandoning module AppleVision (282)
[2019.12.08-22.50.13:834][163]LogModuleManager: Shutting down and abandoning module AppleImageUtilsBlueprintSupport (280)
[2019.12.08-22.50.13:834][163]LogModuleManager: Shutting down and abandoning module AppleImageUtils (278)
[2019.12.08-22.50.13:834][163]LogModuleManager: Shutting down and abandoning module VariantManagerContent (276)
[2019.12.08-22.50.13:834][163]LogModuleManager: Shutting down and abandoning module CryptoKeysOpenSSL (274)
[2019.12.08-22.50.13:834][163]LogModuleManager: Shutting down and abandoning module CryptoKeys (272)
[2019.12.08-22.50.13:834][163]LogModuleManager: Shutting down and abandoning module VisualStudioSourceCodeAccess (270)
[2019.12.08-22.50.13:834][163]LogModuleManager: Shutting down and abandoning module HotReload (269)
[2019.12.08-22.50.13:835][163]LogModuleManager: Shutting down and abandoning module DirectoryWatcher (268)
[2019.12.08-22.50.13:835][163]LogModuleManager: Shutting down and abandoning module VisualStudioCodeSourceCodeAccess (264)
[2019.12.08-22.50.13:835][163]LogModuleManager: Shutting down and abandoning module UObjectPlugin (262)
[2019.12.08-22.50.13:835][163]LogModuleManager: Shutting down and abandoning module SubversionSourceControl (260)
[2019.12.08-22.50.13:835][163]LogModuleManager: Shutting down and abandoning module PerforceSourceControl (258)
[2019.12.08-22.50.13:835][163]LogModuleManager: Shutting down and abandoning module SourceControl (257)
[2019.12.08-22.50.13:835][163]LogModuleManager: Shutting down and abandoning module CLionSourceCodeAccess (254)
[2019.12.08-22.50.13:835][163]LogModuleManager: Shutting down and abandoning module ActorLayerUtilities (252)
[2019.12.08-22.50.13:835][163]LogModuleManager: Shutting down and abandoning module RuntimePhysXCooking (250)
[2019.12.08-22.50.13:835][163]LogModuleManager: Shutting down and abandoning module PhysXVehiclesEditor (248)
[2019.12.08-22.50.13:835][163]LogModuleManager: Shutting down and abandoning module PhysXVehicles (246)
[2019.12.08-22.50.13:835][163]LogModuleManager: Shutting down and abandoning module LocationServicesBPLibrary (244)
[2019.12.08-22.50.13:835][163]LogModuleManager: Shutting down and abandoning module ActorSequence (242)
[2019.12.08-22.50.13:835][163]LogModuleManager: Shutting down and abandoning module UdpMessaging (240)
[2019.12.08-22.50.13:936][163]LogModuleManager: Shutting down and abandoning module TcpMessaging (238)
[2019.12.08-22.50.14:630][163]LogModuleManager: Shutting down and abandoning module MagicLeapAudio (236)
[2019.12.08-22.50.14:630][163]LogModuleManager: Shutting down and abandoning module GameplayTagsEditor (234)
[2019.12.08-22.50.14:630][163]LogModuleManager: Shutting down and abandoning module FacialAnimation (232)
[2019.12.08-22.50.14:630][163]LogModuleManager: Shutting down and abandoning module DataValidation (230)
[2019.12.08-22.50.14:630][163]LogModuleManager: Shutting down and abandoning module AssetManagerEditor (228)
[2019.12.08-22.50.14:630][163]LogModuleManager: Shutting down and abandoning module TreeMap (227)
[2019.12.08-22.50.14:630][163]LogModuleManager: Shutting down and abandoning module LightPropagationVolumeRuntime (224)
[2019.12.08-22.50.14:630][163]LogModuleManager: Shutting down and abandoning module AISupportModule (222)
[2019.12.08-22.50.14:630][163]LogModuleManager: Shutting down and abandoning module Paper2D (220)
[2019.12.08-22.50.14:630][163]LogModuleManager: Shutting down and abandoning module WindowsMoviePlayer (218)
[2019.12.08-22.50.14:630][163]LogModuleManager: Shutting down and abandoning module WebMMoviePlayer (216)
[2019.12.08-22.50.14:630][163]LogModuleManager: Shutting down and abandoning module WmfMedia (214)
[2019.12.08-22.50.14:631][163]LogModuleManager: Shutting down and abandoning module Media (213)
[2019.12.08-22.50.14:637][163]LogModuleManager: Shutting down and abandoning module PacketHandler (210)
[2019.12.08-22.50.14:637][163]LogModuleManager: Shutting down and abandoning module ClothingSystemEditor (208)
[2019.12.08-22.50.14:637][163]LogModuleManager: Shutting down and abandoning module ClothingSystemRuntime (206)
[2019.12.08-22.50.14:637][163]LogModuleManager: Shutting down and abandoning module MediaAssets (204)
[2019.12.08-22.50.14:637][163]LogModuleManager: Shutting down and abandoning module Overlay (202)
[2019.12.08-22.50.14:637][163]LogModuleManager: Shutting down and abandoning module OverlayEditor (201)
[2019.12.08-22.50.14:637][163]LogModuleManager: Shutting down and abandoning module VREditor (198)
[2019.12.08-22.50.14:637][163]LogModuleManager: Shutting down and abandoning module StringTableEditor (196)
[2019.12.08-22.50.14:637][163]LogModuleManager: Shutting down and abandoning module GameplayTasksEditor (194)
[2019.12.08-22.50.14:637][163]LogModuleManager: Shutting down and abandoning module BehaviorTreeEditor (192)
[2019.12.08-22.50.14:637][163]LogModuleManager: Shutting down and abandoning module FunctionalTesting (190)
[2019.12.08-22.50.14:637][163]LogModuleManager: Shutting down and abandoning module CollisionAnalyzer (188)
[2019.12.08-22.50.14:637][163]LogModuleManager: Shutting down and abandoning module WorkspaceMenuStructure (187)
[2019.12.08-22.50.14:637][163]LogModuleManager: Shutting down and abandoning module UMG (184)
[2019.12.08-22.50.14:637][163]LogModuleManager: Shutting down and abandoning module UMGEditor (183)
[2019.12.08-22.50.14:637][163]LogModuleManager: Shutting down and abandoning module Sequencer (182)
[2019.12.08-22.50.14:637][163]LogModuleManager: Shutting down and abandoning module MessageLog (179)
[2019.12.08-22.50.14:637][163]LogModuleManager: Shutting down and abandoning module SlateReflector (174)
[2019.12.08-22.50.14:637][163]LogModuleManager: Shutting down and abandoning module Slate (172)
[2019.12.08-22.50.14:637][163]LogModuleManager: Shutting down and abandoning module EditorStyle (170)
[2019.12.08-22.50.14:638][163]LogModuleManager: Shutting down and abandoning module MRMesh (168)
[2019.12.08-22.50.14:638][163]LogModuleManager: Shutting down and abandoning module Messaging (166)
[2019.12.08-22.50.14:638][163]LogModuleManager: Shutting down and abandoning module SourceCodeAccess (164)
[2019.12.08-22.50.14:638][163]LogModuleManager: Shutting down and abandoning module HeadMountedDisplay (162)
[2019.12.08-22.50.14:638][163]LogModuleManager: Shutting down and abandoning module XAudio2 (160)
[2019.12.08-22.50.14:638][163]LogModuleManager: Shutting down and abandoning module Networking (158)
[2019.12.08-22.50.14:638][163]LogModuleManager: Shutting down and abandoning module Core (156)
[2019.12.08-22.50.14:638][163]LogModuleManager: Shutting down and abandoning module LevelSequence (154)
[2019.12.08-22.50.14:639][163]LogModuleManager: Shutting down and abandoning module KismetCompiler (152)
[2019.12.08-22.50.14:639][163]LogModuleManager: Shutting down and abandoning module MeshUtilities (150)
[2019.12.08-22.50.14:639][163]LogModuleManager: Shutting down and abandoning module MeshMergeUtilities (149)
[2019.12.08-22.50.14:639][163]LogModuleManager: Shutting down and abandoning module MeshReductionInterface (148)
[2019.12.08-22.50.14:639][163]LogModuleManager: Shutting down and abandoning module SimplygonSwarm (147)
[2019.12.08-22.50.14:639][163]LogModuleManager: Shutting down and abandoning module ProxyLODMeshReduction (145)
[2019.12.08-22.50.14:639][163]LogModuleManager: Shutting down and abandoning module SimplygonMeshReduction (143)
[2019.12.08-22.50.14:639][163]LogModuleManager: Shutting down and abandoning module QuadricMeshReduction (141)
[2019.12.08-22.50.14:639][163]LogModuleManager: Shutting down and abandoning module MaterialBaking (137)
[2019.12.08-22.50.14:639][163]LogModuleManager: Shutting down and abandoning module PIEPreviewDeviceProfileSelector (132)
[2019.12.08-22.50.14:639][163]LogModuleManager: Shutting down and abandoning module DerivedDataCache (130)
[2019.12.08-22.50.14:677][163]LogDerivedDataCache: Shutdown
[2019.12.08-22.50.14:677][163]LogModuleManager: Shutting down and abandoning module XGEController (128)
[2019.12.08-22.50.14:677][163]LogModuleManager: Shutting down and abandoning module TargetPlatform (126)
[2019.12.08-22.50.14:677][163]LogModuleManager: Shutting down and abandoning module VulkanShaderFormat (125)
[2019.12.08-22.50.14:677][163]LogModuleManager: Shutting down and abandoning module ShaderFormatVectorVM (123)
[2019.12.08-22.50.14:677][163]LogModuleManager: Shutting down and abandoning module ShaderFormatOpenGL (121)
[2019.12.08-22.50.14:677][163]LogModuleManager: Shutting down and abandoning module ShaderFormatD3D (119)
[2019.12.08-22.50.14:677][163]LogModuleManager: Shutting down and abandoning module MetalShaderFormat (117)
[2019.12.08-22.50.14:677][163]LogModuleManager: Shutting down and abandoning module TextureFormatUncompressed (115)
[2019.12.08-22.50.14:677][163]LogModuleManager: Shutting down and abandoning module TextureFormatPVR (113)
[2019.12.08-22.50.14:677][163]LogModuleManager: Shutting down and abandoning module TextureFormatDXT (111)
[2019.12.08-22.50.14:677][163]LogModuleManager: Shutting down and abandoning module TextureFormatIntelISPCTexComp (109)
[2019.12.08-22.50.14:677][163]LogModuleManager: Shutting down and abandoning module TextureFormatASTC (107)
[2019.12.08-22.50.14:677][163]LogModuleManager: Shutting down and abandoning module ImageWrapper (106)
[2019.12.08-22.50.14:677][163]LogModuleManager: Shutting down and abandoning module TextureFormatAndroid (103)
[2019.12.08-22.50.14:677][163]LogModuleManager: Shutting down and abandoning module AudioFormatOpus (101)
[2019.12.08-22.50.14:677][163]LogModuleManager: Shutting down and abandoning module AudioFormatOgg (99)
[2019.12.08-22.50.14:677][163]LogModuleManager: Shutting down and abandoning module AudioFormatADPCM (97)
[2019.12.08-22.50.14:677][163]LogModuleManager: Shutting down and abandoning module WindowsTargetPlatform (95)
[2019.12.08-22.50.14:677][163]LogModuleManager: Shutting down and abandoning module WindowsServerTargetPlatform (93)
[2019.12.08-22.50.14:677][163]LogModuleManager: Shutting down and abandoning module WindowsNoEditorTargetPlatform (91)
[2019.12.08-22.50.14:677][163]LogModuleManager: Shutting down and abandoning module WindowsClientTargetPlatform (89)
[2019.12.08-22.50.14:677][163]LogModuleManager: Shutting down and abandoning module InputCore (86)
[2019.12.08-22.50.14:677][163]LogModuleManager: Shutting down and abandoning module Settings (84)
[2019.12.08-22.50.14:677][163]LogModuleManager: Shutting down and abandoning module PhysXCooking (82)
[2019.12.08-22.50.14:677][163]LogModuleManager: Shutting down and abandoning module SteamVR (80)
[2019.12.08-22.50.14:677][163]LogHMD: Freeing OpenVRDLLHandle.
[2019.12.08-22.50.14:677][163]LogModuleManager: Shutting down and abandoning module OculusHMD (78)
[2019.12.08-22.50.14:677][163]LogModuleManager: Shutting down and abandoning module ExampleDeviceProfileSelector (76)
[2019.12.08-22.50.14:678][163]LogModuleManager: Shutting down and abandoning module LauncherChunkInstaller (74)
[2019.12.08-22.50.14:678][163]LogModuleManager: Shutting down and abandoning module OnlineBlueprintSupport (72)
[2019.12.08-22.50.14:678][163]LogModuleManager: Shutting down and abandoning module OnlineSubsystem (68)
[2019.12.08-22.50.14:678][163]LogModuleManager: Shutting down and abandoning module XMPP (63)
[2019.12.08-22.50.14:678][163]LogModuleManager: Shutting down and abandoning module WebSockets (62)
[2019.12.08-22.50.14:703][163]LogModuleManager: Shutting down and abandoning module HTTP (59)
[2019.12.08-22.50.14:716][163]LogModuleManager: Shutting down and abandoning module SSL (58)
[2019.12.08-22.50.14:717][163]LogModuleManager: Shutting down and abandoning module MagicLeapIdentity (54)
[2019.12.08-22.50.14:717][163]LogModuleManager: Shutting down and abandoning module MagicLeapHelperVulkan (52)
[2019.12.08-22.50.14:717][163]LogModuleManager: Shutting down and abandoning module MagicLeapHelperOpenGL (50)
[2019.12.08-22.50.14:717][163]LogModuleManager: Shutting down and abandoning module MagicLeapSecureStorage (48)
[2019.12.08-22.50.14:717][163]LogModuleManager: Shutting down and abandoning module MagicLeapHandTracking (46)
[2019.12.08-22.50.14:717][163]LogModuleManager: Shutting down and abandoning module MagicLeapEyeTracker (44)
[2019.12.08-22.50.14:717][163]LogModuleManager: Shutting down and abandoning module MagicLeapController (42)
[2019.12.08-22.50.14:717][163]LogSlate: Slate User Destroyed.  User Index 0, Is Virtual User: 0
[2019.12.08-22.50.14:717][163]LogModuleManager: Shutting down and abandoning module MagicLeap (40)
[2019.12.08-22.50.14:717][163]LogModuleManager: Shutting down and abandoning module DatasmithContent (38)
[2019.12.08-22.50.14:718][163]LogModuleManager: Shutting down and abandoning module AnimationModifiers (36)
[2019.12.08-22.50.14:718][163]LogModuleManager: Shutting down and abandoning module PropertyEditor (35)
[2019.12.08-22.50.14:718][163]LogModuleManager: Shutting down and abandoning module AudioEditor (32)
[2019.12.08-22.50.14:718][163]LogModuleManager: Shutting down and abandoning module TextureCompressor (30)
[2019.12.08-22.50.14:718][163]LogModuleManager: Shutting down and abandoning module ShaderCore (28)
[2019.12.08-22.50.14:718][163]LogModuleManager: Shutting down and abandoning module Landscape (26)
[2019.12.08-22.50.14:718][163]LogModuleManager: Shutting down and abandoning module SlateRHIRenderer (24)
[2019.12.08-22.50.14:718][163]LogModuleManager: Shutting down and abandoning module OpenGLDrv (22)
[2019.12.08-22.50.14:718][163]LogModuleManager: Shutting down and abandoning module D3D11RHI (20)
[2019.12.08-22.50.14:718][163]LogModuleManager: Shutting down and abandoning module AnimGraphRuntime (18)
[2019.12.08-22.50.14:718][163]LogModuleManager: Shutting down and abandoning module Renderer (16)
[2019.12.08-22.50.14:718][163]LogModuleManager: Shutting down and abandoning module Engine (14)
[2019.12.08-22.50.14:718][163]LogModuleManager: Shutting down and abandoning module CoreUObject (12)
[2019.12.08-22.50.14:718][163]LogModuleManager: Shutting down and abandoning module NetworkFile (10)
[2019.12.08-22.50.14:718][163]LogModuleManager: Shutting down and abandoning module CookedIterativeFile (8)
[2019.12.08-22.50.14:718][163]LogModuleManager: Shutting down and abandoning module StreamingFile (6)
[2019.12.08-22.50.14:718][163]LogModuleManager: Shutting down and abandoning module SandboxFile (4)
[2019.12.08-22.50.14:718][163]LogModuleManager: Shutting down and abandoning module PakFile (2)
[2019.12.08-22.50.14:724][163]LogExit: Exiting.
[2019.12.08-22.50.14:732][163]Log file closed, 12/08/19 22:50:14
