Log file open, 12/09/19 06:32:45
LogWindows: Failed to load 'aqProf.dll' (GetLastError=126)
LogWindows: File 'aqProf.dll' does not exist
LogWindows: Failed to load 'VtuneApi.dll' (GetLastError=126)
LogWindows: File 'VtuneApi.dll' does not exist
LogWindows: Failed to load 'VtuneApi32e.dll' (GetLastError=126)
LogWindows: File 'VtuneApi32e.dll' does not exist
LogConsoleResponse: Display: Failed to find resolution value strings in scalability ini. Falling back to default.
LogInit: Display: Running engine for game: NeonGlider
LogPakFile: Registered encryption key '00000000000000000000000000000000': 0 pak files mounted, 0 remain pending
LogPlatformFile: Not using cached read wrapper
LogTaskGraph: Started task graph with 5 named threads and 35 total threads with 3 sets of task threads.
LogStats: Stats thread started at 0.413634
LogD3D11RHI: Loaded GFSDK_Aftermath_Lib.x64.dll
LogICUInternationalization: ICU TimeZone Detection - Raw Offset: +0:00, Platform Override: ''
LogPluginManager: Mounting plugin Paper2D
LogPluginManager: Mounting plugin AISupport
LogPluginManager: Mounting plugin LightPropagationVolume
LogPluginManager: Mounting plugin ActorLayerUtilities
LogPluginManager: Mounting plugin CLionSourceCodeAccess
LogPluginManager: Mounting plugin CodeLiteSourceCodeAccess
LogPluginManager: Mounting plugin GitSourceControl
LogPluginManager: Mounting plugin KDevelopSourceCodeAccess
LogPluginManager: Mounting plugin NullSourceCodeAccess
LogPluginManager: Mounting plugin PerforceSourceControl
LogPluginManager: Mounting plugin SubversionSourceControl
LogPluginManager: Mounting plugin UObjectPlugin
LogPluginManager: Mounting plugin VisualStudioCodeSourceCodeAccess
LogPluginManager: Mounting plugin VisualStudioSourceCodeAccess
LogPluginManager: Mounting plugin XCodeSourceCodeAccess
LogPluginManager: Mounting plugin AssetManagerEditor
LogPluginManager: Mounting plugin CryptoKeys
LogPluginManager: Mounting plugin DataValidation
LogPluginManager: Mounting plugin FacialAnimation
LogPluginManager: Mounting plugin GameplayTagsEditor
LogPluginManager: Mounting plugin MacGraphicsSwitching
LogPluginManager: Mounting plugin MeshEditor
LogPluginManager: Mounting plugin MobileLauncherProfileWizard
LogPluginManager: Mounting plugin PluginBrowser
LogPluginManager: Mounting plugin SpeedTreeImporter
LogPluginManager: Mounting plugin DatasmithContent
LogPluginManager: Mounting plugin VariantManagerContent
LogPluginManager: Mounting plugin AlembicImporter
LogPluginManager: Mounting plugin AppleImageUtils
LogPluginManager: Mounting plugin AppleVision
LogPluginManager: Mounting plugin BackChannel
LogPluginManager: Mounting plugin CharacterAI
LogPluginManager: Mounting plugin GeometryCache
LogPluginManager: Mounting plugin HTML5Networking
LogPluginManager: Mounting plugin ProxyLODPlugin
LogPluginManager: Mounting plugin MagicLeap
LogPluginManager: Mounting plugin MagicLeapMedia
LogPluginManager: Mounting plugin AndroidMedia
LogPluginManager: Mounting plugin AvfMedia
LogPluginManager: Mounting plugin ImgMedia
LogPluginManager: Mounting plugin LinearTimecode
LogPluginManager: Mounting plugin MediaCompositing
LogPluginManager: Mounting plugin MediaPlayerEditor
LogPluginManager: Mounting plugin WebMMedia
LogPluginManager: Mounting plugin WmfMedia
LogPluginManager: Mounting plugin TcpMessaging
LogPluginManager: Mounting plugin UdpMessaging
LogPluginManager: Mounting plugin ActorSequence
LogPluginManager: Mounting plugin LevelSequenceEditor
LogPluginManager: Mounting plugin MatineeToLevelSequence
LogPluginManager: Mounting plugin NetcodeUnitTest
LogPluginManager: Mounting plugin NUTUnrealEngine4
LogPluginManager: Mounting plugin OnlineSubsystemGooglePlay
LogPluginManager: Mounting plugin OnlineSubsystemIOS
LogPluginManager: Mounting plugin OnlineSubsystem
LogPluginManager: Mounting plugin OnlineSubsystemNull
LogPluginManager: Mounting plugin OnlineSubsystemUtils
LogPluginManager: Mounting plugin LauncherChunkInstaller
LogPluginManager: Mounting plugin AndroidDeviceProfileSelector
LogPluginManager: Mounting plugin AndroidMoviePlayer
LogPluginManager: Mounting plugin AndroidPermission
LogPluginManager: Mounting plugin AppleMoviePlayer
LogPluginManager: Mounting plugin ArchVisCharacter
LogPluginManager: Mounting plugin AudioCapture
LogPluginManager: Mounting plugin CableComponent
LogPluginManager: Mounting plugin CustomMeshComponent
LogPluginManager: Mounting plugin EditableMesh
LogPluginManager: Mounting plugin ExampleDeviceProfileSelector
LogPluginManager: Mounting plugin Firebase
LogPluginManager: Mounting plugin GoogleCloudMessaging
LogPluginManager: Mounting plugin IOSDeviceProfileSelector
LogPluginManager: Mounting plugin LinuxDeviceProfileSelector
LogPluginManager: Mounting plugin LocationServicesBPLibrary
LogPluginManager: Mounting plugin MobilePatchingUtils
LogPluginManager: Mounting plugin OculusVR
LogPluginManager: Mounting plugin PhysXVehicles
LogPluginManager: Mounting plugin ProceduralMeshComponent
LogPluginManager: Mounting plugin RuntimePhysXCooking
LogPluginManager: Mounting plugin SteamVR
LogPluginManager: Mounting plugin WebMMoviePlayer
LogPluginManager: Mounting plugin WindowsMoviePlayer
LogStreaming: Display: Took  0.128s to configure plugins.
LogInit: Using libcurl 7.55.1-DEV
LogInit:  - built for x86_64-pc-win32
LogInit:  - supports SSL with OpenSSL/1.0.2h
LogInit:  - supports HTTP deflate (compression) using libz 1.2.8
LogInit:  - other features:
LogInit:      CURL_VERSION_SSL
LogInit:      CURL_VERSION_LIBZ
LogInit:      CURL_VERSION_IPV6
LogInit:      CURL_VERSION_ASYNCHDNS
LogInit:      CURL_VERSION_LARGEFILE
LogInit:      CURL_VERSION_IDN
LogInit:  CurlRequestOptions (configurable via config and command line):
LogInit:  - bVerifyPeer = true  - Libcurl will verify peer certificate
LogInit:  - bUseHttpProxy = false  - Libcurl will NOT use HTTP proxy
LogInit:  - bDontReuseConnections = false  - Libcurl will reuse connections
LogInit:  - MaxHostConnections = 16  - Libcurl will limit the number of connections to a host
LogInit:  - LocalHostAddr = Default
LogInit:  - BufferSize = 65536
LogInit: WinSock: version 1.1 (2.2), MaxSocks=32767, MaxUdp=65467
LogInit: Build: ++UE4+Release-4.21-CL-4753647
LogInit: Engine Version: 4.21.2-4753647+++UE4+Release-4.21
LogInit: Compatible Engine Version: 4.21.0-4541578+++UE4+Release-4.21
LogInit: Net CL: 4541578
LogInit: OS: Windows 10 (), CPU: Intel(R) Xeon(R) Gold 6128 CPU @ 3.40GHz, GPU: NVIDIA GeForce GTX 1080 Ti
LogInit: Compiled (64-bit): Jan 19 2019 02:07:31
LogInit: Compiled with Visual C++: 19.13.26129.00
LogInit: Build Configuration: Development
LogInit: Branch Name: ++UE4+Release-4.21
LogInit: Command Line:  /Game/TwinStickBP/Maps/GameplayVideoMaps/L_MainMenu -game -PIEVIACONSOLE -ResX=1280 -ResY=720 -Multiprocess -messaging -SessionName="Play in Standalone Game" -windowed
LogInit: Base Directory: C:/Program Files/Epic Games/UE_4.21/Engine/Binaries/Win64/
LogInit: Installed Engine Build: 1
LogDevObjectVersion: Number of dev versions registered: 22
LogDevObjectVersion:   Dev-Blueprints (B0D832E4-1F89-4F0D-ACCF-7EB736FD4AA2): 10
LogDevObjectVersion:   Dev-Build (E1C64328-A22C-4D53-A36C-8E866417BD8C): 0
LogDevObjectVersion:   Dev-Core (375EC13C-06E4-48FB-B500-84F0262A717E): 2
LogDevObjectVersion:   Dev-Editor (E4B068ED-F494-42E9-A231-DA0B2E46BB41): 26
LogDevObjectVersion:   Dev-Framework (CFFC743F-43B0-4480-9391-14DF171D2073): 34
LogDevObjectVersion:   Dev-Mobile (B02B49B5-BB20-44E9-A304-32B752E40360): 2
LogDevObjectVersion:   Dev-Networking (A4E4105C-59A1-49B5-A7C5-40C4547EDFEE): 0
LogDevObjectVersion:   Dev-Online (39C831C9-5AE6-47DC-9A44-9C173E1C8E7C): 0
LogDevObjectVersion:   Dev-Physics (78F01B33-EBEA-4F98-B9B4-84EACCB95AA2): 0
LogDevObjectVersion:   Dev-Platform (6631380F-2D4D-43E0-8009-CF276956A95A): 0
LogDevObjectVersion:   Dev-Rendering (12F88B9F-8875-4AFC-A67C-D90C383ABD29): 27
LogDevObjectVersion:   Dev-Sequencer (7B5AE74C-D270-4C10-A958-57980B212A5A): 9
LogDevObjectVersion:   Dev-VR (D7296918-1DD6-4BDD-9DE2-64A83CC13884): 2
LogDevObjectVersion:   Dev-LoadTimes (C2A15278-BFE7-4AFE-6C17-90FF531DF755): 1
LogDevObjectVersion:   Private-Geometry (6EACA3D4-40EC-4CC1-B786-8BED09428FC5): 3
LogDevObjectVersion:   Dev-AnimPhys (29E575DD-E0A3-4627-9D10-D276232CDCEA): 17
LogDevObjectVersion:   Dev-Anim (AF43A65D-7FD3-4947-9873-3E8ED9C1BB05): 2
LogDevObjectVersion:   Dev-ReflectionCapture (6B266CEC-1EC7-4B8F-A30B-E4D90942FC07): 1
LogDevObjectVersion:   Dev-Automation (0DF73D61-A23F-47EA-B727-89E90C41499A): 1
LogDevObjectVersion:   FortniteMain (601D1886-AC64-4F84-AA16-D3DE0DEAC7D6): 17
LogDevObjectVersion:   Dev-Enterprise (9DFFBCD6-494F-0158-E221-12823C92A888): 4
LogDevObjectVersion:   Dev-Niagara (F2AED0AC-9AFE-416F-8664-AA7FFA26D6FC): 1
LogStreaming: Display: Took  0.002s to delete old logs.
LogInit: Presizing for max 8388607 objects, including 0 objects not considered by GC, pre-allocating 0 bytes for permanent pool.
LogInit: Object subsystem initialized
LogConfig: Setting CVar [[con.DebugEarlyDefault:1]]
LogConfig: Setting CVar [[r.setres:1280x720]]
[2019.12.09-06.32.45:770][  0]LogConfig: Setting CVar [[con.DebugEarlyDefault:1]]
[2019.12.09-06.32.45:771][  0]LogConfig: Setting CVar [[r.setres:1280x720]]
[2019.12.09-06.32.45:771][  0]LogConfig: Applying CVar settings from Section [/Script/Engine.RendererSettings] File [F:/University/Year 2/Games Development/GithubVers/NeonGlider/Neon_Glider(Kyle_Version)/Saved/Config/Windows/Engine.ini]
[2019.12.09-06.32.45:771][  0]LogConfig: Setting CVar [[r.GPUCrashDebugging:0]]
[2019.12.09-06.32.45:771][  0]LogConfig: Applying CVar settings from Section [/Script/Engine.RendererOverrideSettings] File [F:/University/Year 2/Games Development/GithubVers/NeonGlider/Neon_Glider(Kyle_Version)/Saved/Config/Windows/Engine.ini]
[2019.12.09-06.32.45:771][  0]LogConfig: Applying CVar settings from Section [/Script/Engine.StreamingSettings] File [F:/University/Year 2/Games Development/GithubVers/NeonGlider/Neon_Glider(Kyle_Version)/Saved/Config/Windows/Engine.ini]
[2019.12.09-06.32.45:771][  0]LogConfig: Setting CVar [[s.MinBulkDataSizeForAsyncLoading:131072]]
[2019.12.09-06.32.45:771][  0]LogConfig: Setting CVar [[s.AsyncLoadingThreadEnabled:0]]
[2019.12.09-06.32.45:771][  0]LogConfig: Setting CVar [[s.EventDrivenLoaderEnabled:1]]
[2019.12.09-06.32.45:771][  0]LogConfig: Setting CVar [[s.WarnIfTimeLimitExceeded:0]]
[2019.12.09-06.32.45:771][  0]LogConfig: Setting CVar [[s.TimeLimitExceededMultiplier:1.5]]
[2019.12.09-06.32.45:771][  0]LogConfig: Setting CVar [[s.TimeLimitExceededMinTime:0.005]]
[2019.12.09-06.32.45:771][  0]LogConfig: Setting CVar [[s.UseBackgroundLevelStreaming:1]]
[2019.12.09-06.32.45:771][  0]LogConfig: Setting CVar [[s.PriorityAsyncLoadingExtraTime:15.0]]
[2019.12.09-06.32.45:771][  0]LogConfig: Setting CVar [[s.LevelStreamingActorsUpdateTimeLimit:5.0]]
[2019.12.09-06.32.45:771][  0]LogConfig: Setting CVar [[s.PriorityLevelStreamingActorsUpdateExtraTime:5.0]]
[2019.12.09-06.32.45:771][  0]LogConfig: Setting CVar [[s.LevelStreamingComponentsRegistrationGranularity:10]]
[2019.12.09-06.32.45:771][  0]LogConfig: Setting CVar [[s.UnregisterComponentsTimeLimit:1.0]]
[2019.12.09-06.32.45:771][  0]LogConfig: Setting CVar [[s.LevelStreamingComponentsUnregistrationGranularity:5]]
[2019.12.09-06.32.45:771][  0]LogConfig: Applying CVar settings from Section [/Script/Engine.GarbageCollectionSettings] File [F:/University/Year 2/Games Development/GithubVers/NeonGlider/Neon_Glider(Kyle_Version)/Saved/Config/Windows/Engine.ini]
[2019.12.09-06.32.45:771][  0]LogConfig: Setting CVar [[gc.MaxObjectsNotConsideredByGC:1]]
[2019.12.09-06.32.45:771][  0]LogConfig: Setting CVar [[gc.SizeOfPermanentObjectPool:0]]
[2019.12.09-06.32.45:771][  0]LogConfig: Setting CVar [[gc.FlushStreamingOnGC:0]]
[2019.12.09-06.32.45:771][  0]LogConfig: Setting CVar [[gc.NumRetriesBeforeForcingGC:10]]
[2019.12.09-06.32.45:771][  0]LogConfig: Setting CVar [[gc.AllowParallelGC:1]]
[2019.12.09-06.32.45:771][  0]LogConfig: Setting CVar [[gc.TimeBetweenPurgingPendingKillObjects:61.1]]
[2019.12.09-06.32.45:771][  0]LogConfig: Setting CVar [[gc.MaxObjectsInEditor:8388607]]
[2019.12.09-06.32.45:771][  0]LogConfig: Setting CVar [[gc.IncrementalBeginDestroyEnabled:1]]
[2019.12.09-06.32.45:771][  0]LogConfig: Setting CVar [[gc.CreateGCClusters:1]]
[2019.12.09-06.32.45:771][  0]LogConfig: Setting CVar [[gc.MergeGCClusters:0]]
[2019.12.09-06.32.45:771][  0]LogConfig: Setting CVar [[gc.MinGCClusterSize:5]]
[2019.12.09-06.32.45:771][  0]LogConfig: Setting CVar [[gc.ActorClusteringEnabled:0]]
[2019.12.09-06.32.45:771][  0]LogConfig: Setting CVar [[gc.BlueprintClusteringEnabled:0]]
[2019.12.09-06.32.45:771][  0]LogConfig: Setting CVar [[gc.UseDisregardForGCOnDedicatedServers:0]]
[2019.12.09-06.32.45:771][  0]LogConfig: Applying CVar settings from Section [/Script/Engine.NetworkSettings] File [F:/University/Year 2/Games Development/GithubVers/NeonGlider/Neon_Glider(Kyle_Version)/Saved/Config/Windows/Engine.ini]
[2019.12.09-06.32.45:771][  0]LogConfig: Applying CVar settings from Section [/Script/UnrealEd.CookerSettings] File [F:/University/Year 2/Games Development/GithubVers/NeonGlider/Neon_Glider(Kyle_Version)/Saved/Config/Windows/Engine.ini]
[2019.12.09-06.32.45:779][  0]LogConfig: Applying CVar settings from Section [ViewDistanceQuality@3] File [F:/University/Year 2/Games Development/GithubVers/NeonGlider/Neon_Glider(Kyle_Version)/Saved/Config/Windows/Scalability.ini]
[2019.12.09-06.32.45:779][  0]LogConfig: Setting CVar [[r.SkeletalMeshLODBias:0]]
[2019.12.09-06.32.45:779][  0]LogConfig: Setting CVar [[r.ViewDistanceScale:1.0]]
[2019.12.09-06.32.45:779][  0]LogConfig: Applying CVar settings from Section [AntiAliasingQuality@3] File [F:/University/Year 2/Games Development/GithubVers/NeonGlider/Neon_Glider(Kyle_Version)/Saved/Config/Windows/Scalability.ini]
[2019.12.09-06.32.45:779][  0]LogConfig: Setting CVar [[r.PostProcessAAQuality:4]]
[2019.12.09-06.32.45:779][  0]LogConfig: Applying CVar settings from Section [ShadowQuality@3] File [F:/University/Year 2/Games Development/GithubVers/NeonGlider/Neon_Glider(Kyle_Version)/Saved/Config/Windows/Scalability.ini]
[2019.12.09-06.32.45:779][  0]LogConfig: Setting CVar [[r.LightFunctionQuality:1]]
[2019.12.09-06.32.45:779][  0]LogConfig: Setting CVar [[r.ShadowQuality:5]]
[2019.12.09-06.32.45:779][  0]LogConfig: Setting CVar [[r.Shadow.CSM.MaxCascades:10]]
[2019.12.09-06.32.45:779][  0]LogConfig: Setting CVar [[r.Shadow.MaxResolution:2048]]
[2019.12.09-06.32.45:779][  0]LogConfig: Setting CVar [[r.Shadow.MaxCSMResolution:2048]]
[2019.12.09-06.32.45:779][  0]LogConfig: Setting CVar [[r.Shadow.RadiusThreshold:0.01]]
[2019.12.09-06.32.45:779][  0]LogConfig: Setting CVar [[r.Shadow.DistanceScale:1.0]]
[2019.12.09-06.32.45:779][  0]LogConfig: Setting CVar [[r.Shadow.CSM.TransitionScale:1.0]]
[2019.12.09-06.32.45:779][  0]LogConfig: Setting CVar [[r.Shadow.PreShadowResolutionFactor:1.0]]
[2019.12.09-06.32.45:779][  0]LogConfig: Setting CVar [[r.DistanceFieldShadowing:1]]
[2019.12.09-06.32.45:780][  0]LogConfig: Setting CVar [[r.DistanceFieldAO:1]]
[2019.12.09-06.32.45:780][  0]LogConfig: Setting CVar [[r.AOQuality:2]]
[2019.12.09-06.32.45:780][  0]LogConfig: Setting CVar [[r.VolumetricFog:1]]
[2019.12.09-06.32.45:780][  0]LogConfig: Setting CVar [[r.VolumetricFog.GridPixelSize:8]]
[2019.12.09-06.32.45:780][  0]LogConfig: Setting CVar [[r.VolumetricFog.GridSizeZ:128]]
[2019.12.09-06.32.45:780][  0]LogConfig: Setting CVar [[r.VolumetricFog.HistoryMissSupersampleCount:4]]
[2019.12.09-06.32.45:780][  0]LogConfig: Setting CVar [[r.LightMaxDrawDistanceScale:1]]
[2019.12.09-06.32.45:780][  0]LogConfig: Setting CVar [[r.CapsuleShadows:1]]
[2019.12.09-06.32.45:780][  0]LogConfig: Applying CVar settings from Section [PostProcessQuality@3] File [F:/University/Year 2/Games Development/GithubVers/NeonGlider/Neon_Glider(Kyle_Version)/Saved/Config/Windows/Scalability.ini]
[2019.12.09-06.32.45:780][  0]LogConfig: Setting CVar [[r.MotionBlurQuality:4]]
[2019.12.09-06.32.45:780][  0]LogConfig: Setting CVar [[r.AmbientOcclusionMipLevelFactor:0.4]]
[2019.12.09-06.32.45:780][  0]LogConfig: Setting CVar [[r.AmbientOcclusionMaxQuality:100]]
[2019.12.09-06.32.45:780][  0]LogConfig: Setting CVar [[r.AmbientOcclusionLevels:-1]]
[2019.12.09-06.32.45:780][  0]LogConfig: Setting CVar [[r.AmbientOcclusionRadiusScale:1.0]]
[2019.12.09-06.32.45:780][  0]LogConfig: Setting CVar [[r.DepthOfFieldQuality:2]]
[2019.12.09-06.32.45:780][  0]LogConfig: Setting CVar [[r.RenderTargetPoolMin:400]]
[2019.12.09-06.32.45:780][  0]LogConfig: Setting CVar [[r.LensFlareQuality:2]]
[2019.12.09-06.32.45:780][  0]LogConfig: Setting CVar [[r.SceneColorFringeQuality:1]]
[2019.12.09-06.32.45:780][  0]LogConfig: Setting CVar [[r.EyeAdaptationQuality:2]]
[2019.12.09-06.32.45:780][  0]LogConfig: Setting CVar [[r.BloomQuality:5]]
[2019.12.09-06.32.45:780][  0]LogConfig: Setting CVar [[r.FastBlurThreshold:100]]
[2019.12.09-06.32.45:780][  0]LogConfig: Setting CVar [[r.Upscale.Quality:3]]
[2019.12.09-06.32.45:780][  0]LogConfig: Setting CVar [[r.Tonemapper.GrainQuantization:1]]
[2019.12.09-06.32.45:780][  0]LogConfig: Setting CVar [[r.LightShaftQuality:1]]
[2019.12.09-06.32.45:780][  0]LogConfig: Setting CVar [[r.Filter.SizeScale:1]]
[2019.12.09-06.32.45:780][  0]LogConfig: Setting CVar [[r.Tonemapper.Quality:5]]
[2019.12.09-06.32.45:780][  0]LogConfig: Setting CVar [[r.DOF.Gather.AccumulatorQuality:1        ; higher gathering accumulator quality]]
[2019.12.09-06.32.45:780][  0]LogConfig: Setting CVar [[r.DOF.Gather.PostfilterMethod:1          ; Median3x3 postfilering method]]
[2019.12.09-06.32.45:780][  0]LogConfig: Setting CVar [[r.DOF.Gather.EnableBokehSettings:0       ; no bokeh simulation when gathering]]
[2019.12.09-06.32.45:780][  0]LogConfig: Setting CVar [[r.DOF.Gather.RingCount:4                 ; medium number of samples when gathering]]
[2019.12.09-06.32.45:780][  0]LogConfig: Setting CVar [[r.DOF.Scatter.ForegroundCompositing:1    ; additive foreground scattering]]
[2019.12.09-06.32.45:780][  0]LogConfig: Setting CVar [[r.DOF.Scatter.BackgroundCompositing:2    ; additive background scattering]]
[2019.12.09-06.32.45:780][  0]LogConfig: Setting CVar [[r.DOF.Scatter.EnableBokehSettings:1      ; bokeh simulation when scattering]]
[2019.12.09-06.32.45:780][  0]LogConfig: Setting CVar [[r.DOF.Scatter.MaxSpriteRatio:0.1         ; only a maximum of 10% of scattered bokeh]]
[2019.12.09-06.32.45:780][  0]LogConfig: Setting CVar [[r.DOF.Recombine.Quality:1                ; cheap slight out of focus]]
[2019.12.09-06.32.45:780][  0]LogConfig: Setting CVar [[r.DOF.Recombine.EnableBokehSettings:0    ; no bokeh simulation on slight out of focus]]
[2019.12.09-06.32.45:780][  0]LogConfig: Setting CVar [[r.DOF.TemporalAAQuality:1                ; more stable temporal accumulation]]
[2019.12.09-06.32.45:780][  0]LogConfig: Setting CVar [[r.DOF.Kernel.MaxForegroundRadius:0.025]]
[2019.12.09-06.32.45:780][  0]LogConfig: Setting CVar [[r.DOF.Kernel.MaxBackgroundRadius:0.025]]
[2019.12.09-06.32.45:780][  0]LogConfig: Applying CVar settings from Section [TextureQuality@3] File [F:/University/Year 2/Games Development/GithubVers/NeonGlider/Neon_Glider(Kyle_Version)/Saved/Config/Windows/Scalability.ini]
[2019.12.09-06.32.45:780][  0]LogConfig: Setting CVar [[r.Streaming.MipBias:0]]
[2019.12.09-06.32.45:781][  0]LogConfig: Setting CVar [[r.Streaming.AmortizeCPUToGPUCopy:0]]
[2019.12.09-06.32.45:781][  0]LogConfig: Setting CVar [[r.Streaming.MaxNumTexturesToStreamPerFrame:0]]
[2019.12.09-06.32.45:781][  0]LogConfig: Setting CVar [[r.Streaming.Boost:1]]
[2019.12.09-06.32.45:781][  0]LogConfig: Setting CVar [[r.MaxAnisotropy:8]]
[2019.12.09-06.32.45:781][  0]LogConfig: Setting CVar [[r.Streaming.LimitPoolSizeToVRAM:0]]
[2019.12.09-06.32.45:781][  0]LogConfig: Setting CVar [[r.Streaming.PoolSize:1000]]
[2019.12.09-06.32.45:781][  0]LogConfig: Setting CVar [[r.Streaming.MaxEffectiveScreenSize:0]]
[2019.12.09-06.32.45:781][  0]LogConfig: Applying CVar settings from Section [EffectsQuality@3] File [F:/University/Year 2/Games Development/GithubVers/NeonGlider/Neon_Glider(Kyle_Version)/Saved/Config/Windows/Scalability.ini]
[2019.12.09-06.32.45:781][  0]LogConfig: Setting CVar [[r.TranslucencyLightingVolumeDim:64]]
[2019.12.09-06.32.45:781][  0]LogConfig: Setting CVar [[r.RefractionQuality:2]]
[2019.12.09-06.32.45:781][  0]LogConfig: Setting CVar [[r.SSR.Quality:3]]
[2019.12.09-06.32.45:781][  0]LogConfig: Setting CVar [[r.SceneColorFormat:4]]
[2019.12.09-06.32.45:781][  0]LogConfig: Setting CVar [[r.DetailMode:2]]
[2019.12.09-06.32.45:781][  0]LogConfig: Setting CVar [[r.TranslucencyVolumeBlur:1]]
[2019.12.09-06.32.45:781][  0]LogConfig: Setting CVar [[r.MaterialQualityLevel:1 ; High quality]]
[2019.12.09-06.32.45:781][  0]LogConfig: Setting CVar [[r.SSS.Scale:1]]
[2019.12.09-06.32.45:781][  0]LogConfig: Setting CVar [[r.SSS.SampleSet:2]]
[2019.12.09-06.32.45:781][  0]LogConfig: Setting CVar [[r.SSS.Quality:1]]
[2019.12.09-06.32.45:781][  0]LogConfig: Setting CVar [[r.SSS.HalfRes:1]]
[2019.12.09-06.32.45:781][  0]LogConfig: Setting CVar [[r.EmitterSpawnRateScale:1.0]]
[2019.12.09-06.32.45:781][  0]LogConfig: Setting CVar [[r.ParticleLightQuality:2]]
[2019.12.09-06.32.45:781][  0]LogConfig: Applying CVar settings from Section [FoliageQuality@3] File [F:/University/Year 2/Games Development/GithubVers/NeonGlider/Neon_Glider(Kyle_Version)/Saved/Config/Windows/Scalability.ini]
[2019.12.09-06.32.45:781][  0]LogConfig: Setting CVar [[foliage.DensityScale:1.0]]
[2019.12.09-06.32.45:781][  0]LogConfig: Setting CVar [[grass.DensityScale:1.0]]
[2019.12.09-06.32.45:781][  0]LogInit: Selected Device Profile: [Windows]
[2019.12.09-06.32.45:781][  0]LogInit: Applying CVar settings loaded from the selected device profile: [Windows]
[2019.12.09-06.32.45:792][  0]LogHAL: Display: Platform has ~ 32 GB [34044575744 / 34359738368 / 32], which maps to Largest [LargestMinGB=32, LargerMinGB=12, DefaultMinGB=8, SmallerMinGB=6, SmallestMinGB=0)
[2019.12.09-06.32.45:792][  0]LogConfig: Setting CVar [[r.Vulkan.UseRealUBs:1]]
[2019.12.09-06.32.45:792][  0]LogInit: Going up to parent DeviceProfile []
[2019.12.09-06.32.45:792][  0]LogConfig: Applying CVar settings from Section [ViewDistanceQuality@3] File [F:/University/Year 2/Games Development/GithubVers/NeonGlider/Neon_Glider(Kyle_Version)/Saved/Config/Windows/Scalability.ini]
[2019.12.09-06.32.45:792][  0]LogConfig: Setting CVar [[r.SkeletalMeshLODBias:0]]
[2019.12.09-06.32.45:792][  0]LogConfig: Setting CVar [[r.ViewDistanceScale:1.0]]
[2019.12.09-06.32.45:792][  0]LogConfig: Applying CVar settings from Section [AntiAliasingQuality@3] File [F:/University/Year 2/Games Development/GithubVers/NeonGlider/Neon_Glider(Kyle_Version)/Saved/Config/Windows/Scalability.ini]
[2019.12.09-06.32.45:792][  0]LogConfig: Setting CVar [[r.PostProcessAAQuality:4]]
[2019.12.09-06.32.45:792][  0]LogConfig: Applying CVar settings from Section [ShadowQuality@3] File [F:/University/Year 2/Games Development/GithubVers/NeonGlider/Neon_Glider(Kyle_Version)/Saved/Config/Windows/Scalability.ini]
[2019.12.09-06.32.45:793][  0]LogConfig: Setting CVar [[r.LightFunctionQuality:1]]
[2019.12.09-06.32.45:793][  0]LogConfig: Setting CVar [[r.ShadowQuality:5]]
[2019.12.09-06.32.45:793][  0]LogConfig: Setting CVar [[r.Shadow.CSM.MaxCascades:10]]
[2019.12.09-06.32.45:793][  0]LogConfig: Setting CVar [[r.Shadow.MaxResolution:2048]]
[2019.12.09-06.32.45:793][  0]LogConfig: Setting CVar [[r.Shadow.MaxCSMResolution:2048]]
[2019.12.09-06.32.45:793][  0]LogConfig: Setting CVar [[r.Shadow.RadiusThreshold:0.01]]
[2019.12.09-06.32.45:793][  0]LogConfig: Setting CVar [[r.Shadow.DistanceScale:1.0]]
[2019.12.09-06.32.45:793][  0]LogConfig: Setting CVar [[r.Shadow.CSM.TransitionScale:1.0]]
[2019.12.09-06.32.45:793][  0]LogConfig: Setting CVar [[r.Shadow.PreShadowResolutionFactor:1.0]]
[2019.12.09-06.32.45:793][  0]LogConfig: Setting CVar [[r.DistanceFieldShadowing:1]]
[2019.12.09-06.32.45:793][  0]LogConfig: Setting CVar [[r.DistanceFieldAO:1]]
[2019.12.09-06.32.45:793][  0]LogConfig: Setting CVar [[r.AOQuality:2]]
[2019.12.09-06.32.45:793][  0]LogConfig: Setting CVar [[r.VolumetricFog:1]]
[2019.12.09-06.32.45:793][  0]LogConfig: Setting CVar [[r.VolumetricFog.GridPixelSize:8]]
[2019.12.09-06.32.45:793][  0]LogConfig: Setting CVar [[r.VolumetricFog.GridSizeZ:128]]
[2019.12.09-06.32.45:793][  0]LogConfig: Setting CVar [[r.VolumetricFog.HistoryMissSupersampleCount:4]]
[2019.12.09-06.32.45:793][  0]LogConfig: Setting CVar [[r.LightMaxDrawDistanceScale:1]]
[2019.12.09-06.32.45:793][  0]LogConfig: Setting CVar [[r.CapsuleShadows:1]]
[2019.12.09-06.32.45:793][  0]LogConfig: Applying CVar settings from Section [PostProcessQuality@3] File [F:/University/Year 2/Games Development/GithubVers/NeonGlider/Neon_Glider(Kyle_Version)/Saved/Config/Windows/Scalability.ini]
[2019.12.09-06.32.45:793][  0]LogConfig: Setting CVar [[r.MotionBlurQuality:4]]
[2019.12.09-06.32.45:793][  0]LogConfig: Setting CVar [[r.AmbientOcclusionMipLevelFactor:0.4]]
[2019.12.09-06.32.45:793][  0]LogConfig: Setting CVar [[r.AmbientOcclusionMaxQuality:100]]
[2019.12.09-06.32.45:793][  0]LogConfig: Setting CVar [[r.AmbientOcclusionLevels:-1]]
[2019.12.09-06.32.45:793][  0]LogConfig: Setting CVar [[r.AmbientOcclusionRadiusScale:1.0]]
[2019.12.09-06.32.45:793][  0]LogConfig: Setting CVar [[r.DepthOfFieldQuality:2]]
[2019.12.09-06.32.45:793][  0]LogConfig: Setting CVar [[r.RenderTargetPoolMin:400]]
[2019.12.09-06.32.45:793][  0]LogConfig: Setting CVar [[r.LensFlareQuality:2]]
[2019.12.09-06.32.45:793][  0]LogConfig: Setting CVar [[r.SceneColorFringeQuality:1]]
[2019.12.09-06.32.45:793][  0]LogConfig: Setting CVar [[r.EyeAdaptationQuality:2]]
[2019.12.09-06.32.45:793][  0]LogConfig: Setting CVar [[r.BloomQuality:5]]
[2019.12.09-06.32.45:794][  0]LogConfig: Setting CVar [[r.FastBlurThreshold:100]]
[2019.12.09-06.32.45:794][  0]LogConfig: Setting CVar [[r.Upscale.Quality:3]]
[2019.12.09-06.32.45:794][  0]LogConfig: Setting CVar [[r.Tonemapper.GrainQuantization:1]]
[2019.12.09-06.32.45:794][  0]LogConfig: Setting CVar [[r.LightShaftQuality:1]]
[2019.12.09-06.32.45:794][  0]LogConfig: Setting CVar [[r.Filter.SizeScale:1]]
[2019.12.09-06.32.45:794][  0]LogConfig: Setting CVar [[r.Tonemapper.Quality:5]]
[2019.12.09-06.32.45:794][  0]LogConfig: Setting CVar [[r.DOF.Gather.AccumulatorQuality:1        ; higher gathering accumulator quality]]
[2019.12.09-06.32.45:794][  0]LogConfig: Setting CVar [[r.DOF.Gather.PostfilterMethod:1          ; Median3x3 postfilering method]]
[2019.12.09-06.32.45:794][  0]LogConfig: Setting CVar [[r.DOF.Gather.EnableBokehSettings:0       ; no bokeh simulation when gathering]]
[2019.12.09-06.32.45:794][  0]LogConfig: Setting CVar [[r.DOF.Gather.RingCount:4                 ; medium number of samples when gathering]]
[2019.12.09-06.32.45:794][  0]LogConfig: Setting CVar [[r.DOF.Scatter.ForegroundCompositing:1    ; additive foreground scattering]]
[2019.12.09-06.32.45:794][  0]LogConfig: Setting CVar [[r.DOF.Scatter.BackgroundCompositing:2    ; additive background scattering]]
[2019.12.09-06.32.45:794][  0]LogConfig: Setting CVar [[r.DOF.Scatter.EnableBokehSettings:1      ; bokeh simulation when scattering]]
[2019.12.09-06.32.45:794][  0]LogConfig: Setting CVar [[r.DOF.Scatter.MaxSpriteRatio:0.1         ; only a maximum of 10% of scattered bokeh]]
[2019.12.09-06.32.45:794][  0]LogConfig: Setting CVar [[r.DOF.Recombine.Quality:1                ; cheap slight out of focus]]
[2019.12.09-06.32.45:794][  0]LogConfig: Setting CVar [[r.DOF.Recombine.EnableBokehSettings:0    ; no bokeh simulation on slight out of focus]]
[2019.12.09-06.32.45:794][  0]LogConfig: Setting CVar [[r.DOF.TemporalAAQuality:1                ; more stable temporal accumulation]]
[2019.12.09-06.32.45:794][  0]LogConfig: Setting CVar [[r.DOF.Kernel.MaxForegroundRadius:0.025]]
[2019.12.09-06.32.45:794][  0]LogConfig: Setting CVar [[r.DOF.Kernel.MaxBackgroundRadius:0.025]]
[2019.12.09-06.32.45:794][  0]LogConfig: Applying CVar settings from Section [TextureQuality@3] File [F:/University/Year 2/Games Development/GithubVers/NeonGlider/Neon_Glider(Kyle_Version)/Saved/Config/Windows/Scalability.ini]
[2019.12.09-06.32.45:794][  0]LogConfig: Setting CVar [[r.Streaming.MipBias:0]]
[2019.12.09-06.32.45:794][  0]LogConfig: Setting CVar [[r.Streaming.AmortizeCPUToGPUCopy:0]]
[2019.12.09-06.32.45:794][  0]LogConfig: Setting CVar [[r.Streaming.MaxNumTexturesToStreamPerFrame:0]]
[2019.12.09-06.32.45:794][  0]LogConfig: Setting CVar [[r.Streaming.Boost:1]]
[2019.12.09-06.32.45:794][  0]LogConfig: Setting CVar [[r.MaxAnisotropy:8]]
[2019.12.09-06.32.45:794][  0]LogConfig: Setting CVar [[r.Streaming.LimitPoolSizeToVRAM:0]]
[2019.12.09-06.32.45:794][  0]LogConfig: Setting CVar [[r.Streaming.PoolSize:1000]]
[2019.12.09-06.32.45:794][  0]LogConfig: Setting CVar [[r.Streaming.MaxEffectiveScreenSize:0]]
[2019.12.09-06.32.45:794][  0]LogConfig: Applying CVar settings from Section [EffectsQuality@3] File [F:/University/Year 2/Games Development/GithubVers/NeonGlider/Neon_Glider(Kyle_Version)/Saved/Config/Windows/Scalability.ini]
[2019.12.09-06.32.45:794][  0]LogConfig: Setting CVar [[r.TranslucencyLightingVolumeDim:64]]
[2019.12.09-06.32.45:794][  0]LogConfig: Setting CVar [[r.RefractionQuality:2]]
[2019.12.09-06.32.45:794][  0]LogConfig: Setting CVar [[r.SSR.Quality:3]]
[2019.12.09-06.32.45:795][  0]LogConfig: Setting CVar [[r.SceneColorFormat:4]]
[2019.12.09-06.32.45:795][  0]LogConfig: Setting CVar [[r.DetailMode:2]]
[2019.12.09-06.32.45:795][  0]LogConfig: Setting CVar [[r.TranslucencyVolumeBlur:1]]
[2019.12.09-06.32.45:795][  0]LogConfig: Setting CVar [[r.MaterialQualityLevel:1 ; High quality]]
[2019.12.09-06.32.45:795][  0]LogConfig: Setting CVar [[r.SSS.Scale:1]]
[2019.12.09-06.32.45:795][  0]LogConfig: Setting CVar [[r.SSS.SampleSet:2]]
[2019.12.09-06.32.45:795][  0]LogConfig: Setting CVar [[r.SSS.Quality:1]]
[2019.12.09-06.32.45:795][  0]LogConfig: Setting CVar [[r.SSS.HalfRes:1]]
[2019.12.09-06.32.45:795][  0]LogConfig: Setting CVar [[r.EmitterSpawnRateScale:1.0]]
[2019.12.09-06.32.45:795][  0]LogConfig: Setting CVar [[r.ParticleLightQuality:2]]
[2019.12.09-06.32.45:795][  0]LogConfig: Applying CVar settings from Section [FoliageQuality@3] File [F:/University/Year 2/Games Development/GithubVers/NeonGlider/Neon_Glider(Kyle_Version)/Saved/Config/Windows/Scalability.ini]
[2019.12.09-06.32.45:795][  0]LogConfig: Setting CVar [[foliage.DensityScale:1.0]]
[2019.12.09-06.32.45:795][  0]LogConfig: Setting CVar [[grass.DensityScale:1.0]]
[2019.12.09-06.32.45:795][  0]LogConfig: Applying CVar settings from Section [Startup] File [../../../Engine/Config/ConsoleVariables.ini]
[2019.12.09-06.32.45:795][  0]LogConfig: Setting CVar [[net.UseAdaptiveNetUpdateFrequency:0]]
[2019.12.09-06.32.45:795][  0]LogConfig: Applying CVar settings from Section [ConsoleVariables] File [F:/University/Year 2/Games Development/GithubVers/NeonGlider/Neon_Glider(Kyle_Version)/Saved/Config/Windows/Engine.ini]
[2019.12.09-06.32.45:795][  0]LogInit: Computer: TU39017
[2019.12.09-06.32.45:795][  0]LogInit: User: V8076248
[2019.12.09-06.32.45:795][  0]LogInit: CPU Page size=4096, Cores=6
[2019.12.09-06.32.45:795][  0]LogInit: High frequency timer resolution =10.000000 MHz
[2019.12.09-06.32.45:796][  0]LogMemory: Memory total: Physical=31.7GB (32GB approx)
[2019.12.09-06.32.45:796][  0]LogMemory: Platform Memory Stats for Windows
[2019.12.09-06.32.45:796][  0]LogMemory: Process Physical Memory: 105.99 MB used, 106.00 MB peak
[2019.12.09-06.32.45:796][  0]LogMemory: Process Virtual Memory: 96.99 MB used, 96.99 MB peak
[2019.12.09-06.32.45:796][  0]LogMemory: Physical Memory: 11742.88 MB used,  20724.56 MB free, 32467.44 MB total
[2019.12.09-06.32.45:796][  0]LogMemory: Virtual Memory: 4674.45 MB used,  134213056.00 MB free, 134217728.00 MB total
[2019.12.09-06.32.45:831][  0]LogInit: Using OS detected language (en-GB).
[2019.12.09-06.32.45:831][  0]LogInit: Using OS detected locale (en-GB).
[2019.12.09-06.32.45:832][  0]LogTextLocalizationManager: No specific localization for 'en-GB' exists, so the 'en' localization will be used.
[2019.12.09-06.32.46:247][  0]LogStreaming: Display: Took  0.415s to InitEngineTextLocalization.
[2019.12.09-06.32.46:286][  0]LogSlate: New Slate User Created.  User Index 0, Is Virtual User: 0
[2019.12.09-06.32.46:286][  0]LogSlate: Slate User Registered.  User Index 0, Is Virtual User: 0
[2019.12.09-06.32.46:298][  0]LogHMD: Failed to initialize OpenVR with code 110
[2019.12.09-06.32.46:298][  0]LogD3D11RHI: D3D11 adapters:
[2019.12.09-06.32.46:356][  0]LogD3D11RHI:    0. 'NVIDIA GeForce GTX 1080 Ti' (Feature Level 11_0)
[2019.12.09-06.32.46:356][  0]LogD3D11RHI:       11127/0/16233 MB DedicatedVideo/DedicatedSystem/SharedSystem, Outputs:2, VendorId:0x10de
[2019.12.09-06.32.46:359][  0]LogD3D11RHI:    1. 'Microsoft Basic Render Driver' (Feature Level 11_0)
[2019.12.09-06.32.46:359][  0]LogD3D11RHI:       0/0/16233 MB DedicatedVideo/DedicatedSystem/SharedSystem, Outputs:0, VendorId:0x1414
[2019.12.09-06.32.46:359][  0]LogD3D11RHI: Chosen D3D11 Adapter: 0
[2019.12.09-06.32.46:368][  0]LogD3D11RHI: Creating new Direct3DDevice
[2019.12.09-06.32.46:368][  0]LogD3D11RHI:     GPU DeviceId: 0x1b06 (for the marketing name, search the web for "GPU Device Id")
[2019.12.09-06.32.46:368][  0]LogWindows: EnumDisplayDevices:
[2019.12.09-06.32.46:369][  0]LogWindows:    0. 'NVIDIA GeForce GTX 1080 Ti' (P:1 D:1)
[2019.12.09-06.32.46:370][  0]LogWindows:    1. 'NVIDIA GeForce GTX 1080 Ti' (P:0 D:1)
[2019.12.09-06.32.46:371][  0]LogWindows:    2. 'NVIDIA GeForce GTX 1080 Ti' (P:0 D:0)
[2019.12.09-06.32.46:372][  0]LogWindows:    3. 'NVIDIA GeForce GTX 1080 Ti' (P:0 D:0)
[2019.12.09-06.32.46:372][  0]LogWindows: DebugString: FoundDriverCount:4 
[2019.12.09-06.32.46:372][  0]LogD3D11RHI:     Adapter Name: NVIDIA GeForce GTX 1080 Ti
[2019.12.09-06.32.46:372][  0]LogD3D11RHI:   Driver Version: 431.70 (internal:26.21.14.3170, unified:431.70)
[2019.12.09-06.32.46:372][  0]LogD3D11RHI:      Driver Date: 7-24-2019
[2019.12.09-06.32.46:372][  0]LogRHI: Texture pool is 7788 MB (70% of 11127 MB)
[2019.12.09-06.32.46:422][  0]LogD3D11RHI: Async texture creation enabled
[2019.12.09-06.32.46:436][  0]LogD3D11RHI: GPU Timing Frequency: 1000.000000 (Debug: 2 1)
[2019.12.09-06.32.47:014][  0]LogTemp: Display: Loaded TP WindowsClientTargetPlatform
[2019.12.09-06.32.47:026][  0]LogTemp: Display: Loaded TP WindowsNoEditorTargetPlatform
[2019.12.09-06.32.47:040][  0]LogTemp: Display: Loaded TP WindowsServerTargetPlatform
[2019.12.09-06.32.47:047][  0]LogTemp: Display: Loaded TP WindowsTargetPlatform
[2019.12.09-06.32.47:047][  0]LogTargetPlatformManager: Display: Building Assets For Windows
[2019.12.09-06.32.47:126][  0]LogShaderCompilers: Guid format shader working directory is -37 characters bigger than the processId version (F:/University/Year 2/Games Development/GithubVers/NeonGlider/Neon_Glider(Kyle_Version)/Intermediate/Shaders/WorkingDirectory/5752/).
[2019.12.09-06.32.47:126][  0]LogShaderCompilers: Cleaned the shader compiler working directory 'C:/Users/V8076248/AppData/Local/Temp/UnrealShaderWorkingDir/C869C53C4FA75BC40A6A71995D9FA798/'.
[2019.12.09-06.32.47:128][  0]LogXGEController: Cannot use XGE Controller as Incredibuild is not installed on this machine.
[2019.12.09-06.32.47:128][  0]LogShaderCompilers: Cannot use XGE Shader Compiler as Incredibuild is not installed on this machine.
[2019.12.09-06.32.47:128][  0]LogShaderCompilers: Display: Using Local Shader Compiler.
[2019.12.09-06.32.47:689][  0]LogDerivedDataCache: Display: Max Cache Size: 512 MB
[2019.12.09-06.32.47:731][  0]LogDerivedDataCache: Loaded boot cache 0.04s 71MB C:/Users/V8076248/AppData/Local/UnrealEngine/4.21/DerivedDataCache/Boot.ddc.
[2019.12.09-06.32.47:731][  0]LogDerivedDataCache: Display: Loaded Boot cache: C:/Users/V8076248/AppData/Local/UnrealEngine/4.21/DerivedDataCache/Boot.ddc
[2019.12.09-06.32.47:731][  0]LogDerivedDataCache: FDerivedDataBackendGraph:  Pak pak cache file F:/University/Year 2/Games Development/GithubVers/NeonGlider/Neon_Glider(Kyle_Version)/DerivedDataCache/DDC.ddp not found, will not use a pak cache.
[2019.12.09-06.32.47:731][  0]LogDerivedDataCache: Unable to find inner node Pak for hierarchical cache Hierarchy.
[2019.12.09-06.32.47:731][  0]LogDerivedDataCache: FDerivedDataBackendGraph:  CompressedPak pak cache file F:/University/Year 2/Games Development/GithubVers/NeonGlider/Neon_Glider(Kyle_Version)/DerivedDataCache/Compressed.ddp not found, will not use a pak cache.
[2019.12.09-06.32.47:731][  0]LogDerivedDataCache: Unable to find inner node CompressedPak for hierarchical cache Hierarchy.
[2019.12.09-06.32.47:754][  0]LogDerivedDataCache: Display: Pak cache opened for reading ../../../Engine/DerivedDataCache/Compressed.ddp.
[2019.12.09-06.32.47:754][  0]LogDerivedDataCache: FDerivedDataBackendGraph:  EnterprisePak pak cache file ../../../Enterprise/DerivedDataCache/Compressed.ddp not found, will not use a pak cache.
[2019.12.09-06.32.47:754][  0]LogDerivedDataCache: Unable to find inner node EnterprisePak for hierarchical cache Hierarchy.
[2019.12.09-06.32.47:766][  0]LogDerivedDataCache: Using Local data cache path C:/Users/V8076248/AppData/Local/UnrealEngine/Common/DerivedDataCache: Writable
[2019.12.09-06.32.47:766][  0]LogDerivedDataCache: Shared data cache path not found in *engine.ini, will not use an Shared cache.
[2019.12.09-06.32.47:766][  0]LogDerivedDataCache: Unable to find inner node Shared for hierarchical cache Hierarchy.
[2019.12.09-06.32.47:806][  0]LogMaterial: Verifying Global Shaders for PCD3D_SM5
[2019.12.09-06.32.47:808][  0]LogSlate: Using FreeType 2.6.0
[2019.12.09-06.32.47:808][  0]LogSlate: SlateFontServices - WITH_FREETYPE: 1, WITH_HARFBUZZ: 1
[2019.12.09-06.32.47:912][  0]LogInit: Using OS detected language (en-GB).
[2019.12.09-06.32.47:912][  0]LogInit: Using OS detected locale (en-GB).
[2019.12.09-06.32.47:912][  0]LogTextLocalizationManager: No localization for 'en-GB' exists, so 'en' will be used for the language.
[2019.12.09-06.32.47:912][  0]LogTextLocalizationManager: No localization for 'en-GB' exists, so 'en' will be used for the locale.
[2019.12.09-06.32.47:912][  0]LogSlate: FontCache flush requested. Reason: Culture for localization was changed
[2019.12.09-06.32.47:912][  0]LogSlate: FontCache flush requested. Reason: Culture for localization was changed
[2019.12.09-06.32.48:225][  0]LogStreaming: Display: Took  0.313s to InitGameTextLocalization.
[2019.12.09-06.32.48:238][  0]LogAssetRegistry: FAssetRegistry took 0.0068 seconds to start up
[2019.12.09-06.32.48:497][  0]LogPackageLocalizationCache: Processed 11 localized package path(s) for 1 prioritized culture(s) in 0.010810 seconds
[2019.12.09-06.32.48:617][  0]LogInit: Selected Device Profile: [Windows]
[2019.12.09-06.32.48:772][  0]LogSimplygon: Simplygon DLL not present - disabling.
[2019.12.09-06.32.48:775][  0]LogMeshReduction: Using SimplygonSwarm for distributed automatic mesh merging
[2019.12.09-06.32.48:775][  0]LogMeshReduction: Using ProxyLODMeshReduction for automatic mesh merging
[2019.12.09-06.32.48:775][  0]LogMeshReduction: Using QuadricMeshReduction for automatic static mesh reduction
[2019.12.09-06.32.48:775][  0]LogMeshReduction: No automatic skeletal mesh reduction module available
[2019.12.09-06.32.48:786][  0]LogNetVersion: NeonGlider 1.0.0, NetCL: 4541578, EngineNetVer: 5, GameNetVer: 0 (Checksum: 1337179755)
[2019.12.09-06.32.49:523][  0]LogMoviePlayer: Initializing movie player
[2019.12.09-06.32.49:624][  0]LogTcpMessaging: Initializing TcpMessaging bridge
[2019.12.09-06.32.49:636][  0]LogUdpMessaging: Initializing bridge on interface 0.0.0.0:0 to multicast group 230.0.0.1:6666.
[2019.12.09-06.32.49:719][  0]SourceControl: Source control is disabled
[2019.12.09-06.32.49:719][  0]SourceControl: Source control is disabled
[2019.12.09-06.32.49:720][  0]SourceControl: Source control is disabled
[2019.12.09-06.32.49:853][  0]LogAndroidPermission: UAndroidPermissionCallbackProxy::GetInstance
[2019.12.09-06.32.50:021][  0]LogOcInput: OculusInput pre-init called
[2019.12.09-06.32.50:029][  0]LogUObjectArray: 43226 objects as part of root set at end of initial load.
[2019.12.09-06.32.50:029][  0]LogUObjectAllocator: 7590224 out of 0 bytes used by permanent object pool.
[2019.12.09-06.32.50:029][  0]LogUObjectArray: CloseDisregardForGC: 0/0 objects in disregard for GC pool
[2019.12.09-06.32.50:164][  0]LogEngine: Initializing Engine...
[2019.12.09-06.32.50:165][  0]LogHMD: Failed to initialize OpenVR with code 110
[2019.12.09-06.32.50:177][  0]LogStats: UGameplayTagsManager::ConstructGameplayTagTree: ImportINI prefixes -  0.000 s
[2019.12.09-06.32.50:177][  0]LogStats: UGameplayTagsManager::ConstructGameplayTagTree: Construct from data asset -  0.000 s
[2019.12.09-06.32.50:177][  0]LogStats: UGameplayTagsManager::ConstructGameplayTagTree: ImportINI -  0.000 s
[2019.12.09-06.32.50:177][  0]LogStats: UGameplayTagsManager::ConstructGameplayTagTree: GameplayTagTreeChangedEvent.Broadcast -  0.000 s
[2019.12.09-06.32.50:326][  0]LogInit: Initializing FReadOnlyCVARCache
[2019.12.09-06.32.50:372][  0]LogInit: XAudio2 using 'Headset Earphone (HyperX Virtual Surround Sound)' : 2 channels at 48 kHz using 16 bits per sample (channel mask 0x3)
[2019.12.09-06.32.50:438][  0]LogInit: FAudioDevice initialized.
[2019.12.09-06.32.50:451][  0]LogNetVersion: Set ProjectVersion to 1.0.0.0. Version Checksum will be recalculated on next use.
[2019.12.09-06.32.50:461][  0]LogInit: Texture streaming: Enabled
[2019.12.09-06.32.50:660][  0]LogSlate: Updating window title bar state: overlay mode, drag disabled, window buttons hidden, title bar hidden
[2019.12.09-06.32.50:660][  0]LogInit: Display: Game Engine Initialized.
[2019.12.09-06.32.50:660][  0]LogGameplayTags: Display: UGameplayTagsManager::DoneAddingNativeTags. DelegateIsBound: 0
[2019.12.09-06.32.50:660][  0]LogStats: UGameplayTagsManager::ConstructGameplayTagTree: ImportINI prefixes -  0.000 s
[2019.12.09-06.32.50:660][  0]LogStats: UGameplayTagsManager::ConstructGameplayTagTree: Construct from data asset -  0.000 s
[2019.12.09-06.32.50:660][  0]LogStats: UGameplayTagsManager::ConstructGameplayTagTree: ImportINI -  0.000 s
[2019.12.09-06.32.50:660][  0]LogStats: UGameplayTagsManager::ConstructGameplayTagTree: GameplayTagTreeChangedEvent.Broadcast -  0.000 s
[2019.12.09-06.32.50:677][  0]LogInit: Display: Starting Game.
[2019.12.09-06.32.50:677][  0]LogNet: Browse: /Game/TwinStickBP/Maps/GameplayVideoMaps/L_MainMenu?Name=Player
[2019.12.09-06.32.50:678][  0]LogLoad: LoadMap: /Game/TwinStickBP/Maps/GameplayVideoMaps/L_MainMenu?Name=Player
[2019.12.09-06.32.50:751][  0]LogAIModule: Creating AISystem for world L_MainMenu
[2019.12.09-06.32.51:037][  0]LogLoad: Game class is 'BP_Gamemode_C'
[2019.12.09-06.32.51:038][  0]LogWorld: Bringing World /Game/TwinStickBP/Maps/GameplayVideoMaps/L_MainMenu.L_MainMenu up for play (max tick rate 0) at 2019.12.09-06.32.51
[2019.12.09-06.32.51:038][  0]LogWorld: Bringing up level for play took: 0.000524
[2019.12.09-06.32.51:038][  0]LogGameMode: FindPlayerStart: PATHS NOT DEFINED or NO PLAYERSTART with positive rating
[2019.12.09-06.32.51:044][  0]LogPlayerController: Error: InputMode:UIOnly - Attempting to focus Non-Focusable widget SObjectWidget [Widget.cpp(710)]!
[2019.12.09-06.32.51:045][  0]LogLoad: Took 0.366938 seconds to LoadMap(/Game/TwinStickBP/Maps/GameplayVideoMaps/L_MainMenu)
[2019.12.09-06.32.51:106][  0]LogRenderer: Reallocating scene render targets to support 1280x720 Format 10 NumSamples 1 (Frame:1).
[2019.12.09-06.32.51:106][  0]LogLoad: (Engine Initialization) Total time: 7.71 seconds
[2019.12.09-06.32.51:106][  0]LogLoad: (Engine Initialization) Total Blueprint compile time: 0.00 seconds
[2019.12.09-06.32.51:134][  0]LogContentStreaming: Texture pool size now 1000 MB
[2019.12.09-06.32.52:051][ 57]LogSlate: FSceneViewport::OnFocusLost() reason 0
[2019.12.09-06.32.52:242][ 62]LogPackageName: SearchForPackageOnDisk took   0.111s to resolve Options_Menu.umap.
[2019.12.09-06.32.52:349][ 62]LogPackageName: SearchForPackageOnDisk took   0.106s to resolve Options_Menu.umap.
[2019.12.09-06.32.52:349][ 62]LogNet: Browse: /Game/TwinStickBP/Maps/Options_Menu
[2019.12.09-06.32.52:350][ 62]LogLoad: LoadMap: /Game/TwinStickBP/Maps/Options_Menu
[2019.12.09-06.32.52:427][ 62]LogAIModule: Creating AISystem for world Options_Menu
[2019.12.09-06.32.52:743][ 62]LogLoad: Game class is 'BP_Gamemode_C'
[2019.12.09-06.32.52:744][ 62]LogWorld: Bringing World /Game/TwinStickBP/Maps/Options_Menu.Options_Menu up for play (max tick rate 0) at 2019.12.09-06.32.52
[2019.12.09-06.32.52:744][ 62]LogWorld: Bringing up level for play took: 0.000681
[2019.12.09-06.32.52:745][ 62]LogGameMode: FindPlayerStart: PATHS NOT DEFINED or NO PLAYERSTART with positive rating
[2019.12.09-06.32.52:749][ 62]LogPlayerController: Error: InputMode:UIOnly - Attempting to focus Non-Focusable widget SObjectWidget [Widget.cpp(710)]!
[2019.12.09-06.32.52:750][ 62]LogLoad: Took 0.401425 seconds to LoadMap(/Game/TwinStickBP/Maps/Options_Menu)
[2019.12.09-06.32.53:593][115]LogSlate: FSceneViewport::OnFocusLost() reason 0
[2019.12.09-06.32.54:593][169]LogPackageName: SearchForPackageOnDisk took   0.129s to resolve L_MainMenu.umap.
[2019.12.09-06.32.54:728][169]LogPackageName: SearchForPackageOnDisk took   0.134s to resolve L_MainMenu.umap.
[2019.12.09-06.32.54:728][169]LogNet: Browse: /Game/TwinStickBP/Maps/GameplayVideoMaps/L_MainMenu
[2019.12.09-06.32.54:729][169]LogLoad: LoadMap: /Game/TwinStickBP/Maps/GameplayVideoMaps/L_MainMenu
[2019.12.09-06.32.54:796][169]LogAIModule: Creating AISystem for world L_MainMenu
[2019.12.09-06.32.55:172][169]LogLoad: Game class is 'BP_Gamemode_C'
[2019.12.09-06.32.55:173][169]LogWorld: Bringing World /Game/TwinStickBP/Maps/GameplayVideoMaps/L_MainMenu.L_MainMenu up for play (max tick rate 0) at 2019.12.09-06.32.55
[2019.12.09-06.32.55:173][169]LogWorld: Bringing up level for play took: 0.000360
[2019.12.09-06.32.55:173][169]LogGameMode: FindPlayerStart: PATHS NOT DEFINED or NO PLAYERSTART with positive rating
[2019.12.09-06.32.55:175][169]LogPlayerController: Error: InputMode:UIOnly - Attempting to focus Non-Focusable widget SObjectWidget [Widget.cpp(710)]!
[2019.12.09-06.32.55:176][169]LogLoad: Took 0.447330 seconds to LoadMap(/Game/TwinStickBP/Maps/GameplayVideoMaps/L_MainMenu)
[2019.12.09-06.32.56:201][210]LogRenderer: Reallocating scene render targets to support 1920x1140 Format 10 NumSamples 1 (Frame:44).
[2019.12.09-06.32.58:780][370]LogSlate: FSceneViewport::OnFocusLost() reason 0
[2019.12.09-06.32.58:979][374]LogPackageName: SearchForPackageOnDisk took   0.134s to resolve L_TobyTutorial.umap.
[2019.12.09-06.32.59:103][374]LogPackageName: SearchForPackageOnDisk took   0.122s to resolve L_TobyTutorial.umap.
[2019.12.09-06.32.59:103][374]LogNet: Browse: /Game/TwinStickBP/Maps/GameplayVideoMaps/L_TobyTutorial
[2019.12.09-06.32.59:103][374]LogLoad: LoadMap: /Game/TwinStickBP/Maps/GameplayVideoMaps/L_TobyTutorial
[2019.12.09-06.32.59:467][374]LogLinker: Warning: Can't find file '/Game/TwinStickBP/Art/StaticMeshes/lambert1'
[2019.12.09-06.32.59:467][374]LoadErrors: Failed to load /Game/TwinStickBP/Art/StaticMeshes/lambert1.lambert1 Referenced by SM_Cube
[2019.12.09-06.32.59:467][374]LogUObjectGlobals: Warning: Failed to load '/Game/TwinStickBP/Art/StaticMeshes/lambert1': Can't find file '/Game/TwinStickBP/Art/StaticMeshes/lambert1'
[2019.12.09-06.32.59:467][374]LogLinker: Warning: Can't find file for asset '/Game/TwinStickBP/Art/StaticMeshes/lambert1' while loading NULL.
[2019.12.09-06.32.59:467][374]LoadErrors: Failed to load /Game/TwinStickBP/Art/StaticMeshes/lambert1.lambert1 Referenced by SM_Cube
[2019.12.09-06.32.59:467][374]LogUObjectGlobals: Warning: Failed to load '/Game/TwinStickBP/Art/StaticMeshes/lambert1': Can't find file for asset '/Game/TwinStickBP/Art/StaticMeshes/lambert1' while loading NULL.
[2019.12.09-06.32.59:468][374]LogLinker: Warning: Can't find file '/Game/TwinStickBP/Art/StaticMeshes/lambert1'
[2019.12.09-06.32.59:468][374]LoadErrors: Failed to load /Game/TwinStickBP/Art/StaticMeshes/lambert1.lambert1 Referenced by SM_Cube
[2019.12.09-06.32.59:468][374]LogUObjectGlobals: Warning: Failed to load '/Game/TwinStickBP/Art/StaticMeshes/lambert1': Can't find file '/Game/TwinStickBP/Art/StaticMeshes/lambert1'
[2019.12.09-06.32.59:468][374]LogLinker: Warning: Can't find file for asset '/Game/TwinStickBP/Art/StaticMeshes/lambert1' while loading NULL.
[2019.12.09-06.32.59:468][374]LoadErrors: Failed to load /Game/TwinStickBP/Art/StaticMeshes/lambert1.lambert1 Referenced by SM_Cube
[2019.12.09-06.32.59:468][374]LogUObjectGlobals: Warning: Failed to load '/Game/TwinStickBP/Art/StaticMeshes/lambert1': Can't find file for asset '/Game/TwinStickBP/Art/StaticMeshes/lambert1' while loading NULL.
[2019.12.09-06.32.59:569][374]LogAIModule: Creating AISystem for world L_TobyTutorial
[2019.12.09-06.32.59:569][374]LogLoad: Game class is 'BP_Gamemode_C'
[2019.12.09-06.32.59:596][374]LogWorld: Bringing World /Game/TwinStickBP/Maps/GameplayVideoMaps/L_TobyTutorial.L_TobyTutorial up for play (max tick rate 0) at 2019.12.09-06.32.59
[2019.12.09-06.32.59:596][374]LogWorld: Bringing up level for play took: 0.025841
[2019.12.09-06.32.59:599][374]LogLoad: Took 0.495372 seconds to LoadMap(/Game/TwinStickBP/Maps/GameplayVideoMaps/L_TobyTutorial)
[2019.12.09-06.33.15:909][385]LogScript: Warning: Script Msg: Attempted to access index 2 from array 'Pickups' of length 2 in '/Game/TwinStickBP/Blueprints/EnemyAI/BP_Enemy.BP_Enemy_C'!
[2019.12.09-06.33.15:909][385]LogScript: Warning: UGameplayStatics::BeginSpawningActorFromClass: can not spawn an actor from a NULL class
[2019.12.09-06.37.42:160][883]LogSlate: FSceneViewport::OnFocusLost() reason 0
[2019.12.09-06.37.42:359][888]LogPackageName: SearchForPackageOnDisk took   0.125s to resolve Options_Menu.umap.
[2019.12.09-06.37.42:485][888]LogPackageName: SearchForPackageOnDisk took   0.124s to resolve Options_Menu.umap.
[2019.12.09-06.37.42:485][888]LogNet: Browse: /Game/TwinStickBP/Maps/Options_Menu
[2019.12.09-06.37.42:485][888]LogLoad: LoadMap: /Game/TwinStickBP/Maps/Options_Menu
[2019.12.09-06.37.42:560][888]LogAIModule: Creating AISystem for world Options_Menu
[2019.12.09-06.37.42:948][888]LogLoad: Game class is 'BP_Gamemode_C'
[2019.12.09-06.37.42:950][888]LogWorld: Bringing World /Game/TwinStickBP/Maps/Options_Menu.Options_Menu up for play (max tick rate 0) at 2019.12.09-06.37.42
[2019.12.09-06.37.42:950][888]LogWorld: Bringing up level for play took: 0.000927
[2019.12.09-06.37.42:951][888]LogGameMode: FindPlayerStart: PATHS NOT DEFINED or NO PLAYERSTART with positive rating
[2019.12.09-06.37.42:956][888]LogPlayerController: Error: InputMode:UIOnly - Attempting to focus Non-Focusable widget SObjectWidget [Widget.cpp(710)]!
[2019.12.09-06.37.42:958][888]LogLoad: Took 0.473463 seconds to LoadMap(/Game/TwinStickBP/Maps/Options_Menu)
[2019.12.09-06.37.44:430][980]LogSlate: FSceneViewport::OnFocusLost() reason 0
[2019.12.09-06.37.46:117][ 75]LogPackageName: SearchForPackageOnDisk took   0.155s to resolve L_MainMenu.umap.
[2019.12.09-06.37.46:282][ 75]LogPackageName: SearchForPackageOnDisk took   0.164s to resolve L_MainMenu.umap.
[2019.12.09-06.37.46:282][ 75]LogNet: Browse: /Game/TwinStickBP/Maps/GameplayVideoMaps/L_MainMenu
[2019.12.09-06.37.46:282][ 75]LogLoad: LoadMap: /Game/TwinStickBP/Maps/GameplayVideoMaps/L_MainMenu
[2019.12.09-06.37.46:352][ 75]LogAIModule: Creating AISystem for world L_MainMenu
[2019.12.09-06.37.46:654][ 75]LogLoad: Game class is 'BP_Gamemode_C'
[2019.12.09-06.37.46:655][ 75]LogWorld: Bringing World /Game/TwinStickBP/Maps/GameplayVideoMaps/L_MainMenu.L_MainMenu up for play (max tick rate 0) at 2019.12.09-06.37.46
[2019.12.09-06.37.46:655][ 75]LogWorld: Bringing up level for play took: 0.000393
[2019.12.09-06.37.46:655][ 75]LogGameMode: FindPlayerStart: PATHS NOT DEFINED or NO PLAYERSTART with positive rating
[2019.12.09-06.37.46:657][ 75]LogPlayerController: Error: InputMode:UIOnly - Attempting to focus Non-Focusable widget SObjectWidget [Widget.cpp(710)]!
[2019.12.09-06.37.46:657][ 75]LogLoad: Took 0.375658 seconds to LoadMap(/Game/TwinStickBP/Maps/GameplayVideoMaps/L_MainMenu)
[2019.12.09-06.38.10:051][524]LogSlate: FSceneViewport::OnFocusLost() reason 0
[2019.12.09-06.38.10:279][530]LogPackageName: SearchForPackageOnDisk took   0.134s to resolve L_TobyTutorial.umap.
[2019.12.09-06.38.10:390][530]LogPackageName: SearchForPackageOnDisk took   0.110s to resolve L_TobyTutorial.umap.
[2019.12.09-06.38.10:390][530]LogNet: Browse: /Game/TwinStickBP/Maps/GameplayVideoMaps/L_TobyTutorial
[2019.12.09-06.38.10:390][530]LogLoad: LoadMap: /Game/TwinStickBP/Maps/GameplayVideoMaps/L_TobyTutorial
[2019.12.09-06.38.10:825][530]LogLinker: Warning: Can't find file '/Game/TwinStickBP/Art/StaticMeshes/lambert1'
[2019.12.09-06.38.10:825][530]LoadErrors: Failed to load /Game/TwinStickBP/Art/StaticMeshes/lambert1.lambert1 Referenced by SM_Cube
[2019.12.09-06.38.10:825][530]LogUObjectGlobals: Warning: Failed to load '/Game/TwinStickBP/Art/StaticMeshes/lambert1': Can't find file '/Game/TwinStickBP/Art/StaticMeshes/lambert1'
[2019.12.09-06.38.10:825][530]LogLinker: Warning: Can't find file for asset '/Game/TwinStickBP/Art/StaticMeshes/lambert1' while loading NULL.
[2019.12.09-06.38.10:826][530]LoadErrors: Failed to load /Game/TwinStickBP/Art/StaticMeshes/lambert1.lambert1 Referenced by SM_Cube
[2019.12.09-06.38.10:826][530]LogUObjectGlobals: Warning: Failed to load '/Game/TwinStickBP/Art/StaticMeshes/lambert1': Can't find file for asset '/Game/TwinStickBP/Art/StaticMeshes/lambert1' while loading NULL.
[2019.12.09-06.38.10:826][530]LogLinker: Warning: Can't find file '/Game/TwinStickBP/Art/StaticMeshes/lambert1'
[2019.12.09-06.38.10:826][530]LoadErrors: Failed to load /Game/TwinStickBP/Art/StaticMeshes/lambert1.lambert1 Referenced by SM_Cube
[2019.12.09-06.38.10:826][530]LogUObjectGlobals: Warning: Failed to load '/Game/TwinStickBP/Art/StaticMeshes/lambert1': Can't find file '/Game/TwinStickBP/Art/StaticMeshes/lambert1'
[2019.12.09-06.38.10:826][530]LogLinker: Warning: Can't find file for asset '/Game/TwinStickBP/Art/StaticMeshes/lambert1' while loading NULL.
[2019.12.09-06.38.10:826][530]LoadErrors: Failed to load /Game/TwinStickBP/Art/StaticMeshes/lambert1.lambert1 Referenced by SM_Cube
[2019.12.09-06.38.10:826][530]LogUObjectGlobals: Warning: Failed to load '/Game/TwinStickBP/Art/StaticMeshes/lambert1': Can't find file for asset '/Game/TwinStickBP/Art/StaticMeshes/lambert1' while loading NULL.
[2019.12.09-06.38.10:925][530]LogAIModule: Creating AISystem for world L_TobyTutorial
[2019.12.09-06.38.10:925][530]LogLoad: Game class is 'BP_Gamemode_C'
[2019.12.09-06.38.10:944][530]LogWorld: Bringing World /Game/TwinStickBP/Maps/GameplayVideoMaps/L_TobyTutorial.L_TobyTutorial up for play (max tick rate 0) at 2019.12.09-06.38.10
[2019.12.09-06.38.10:945][530]LogWorld: Bringing up level for play took: 0.018642
[2019.12.09-06.38.10:947][530]LogLoad: Took 0.557494 seconds to LoadMap(/Game/TwinStickBP/Maps/GameplayVideoMaps/L_TobyTutorial)
[2019.12.09-06.38.18:578][  3]LogSlate: FSceneViewport::OnFocusLost() reason 0
[2019.12.09-06.38.18:792][  8]LogPackageName: SearchForPackageOnDisk took   0.133s to resolve Options_Menu.umap.
[2019.12.09-06.38.18:915][  8]LogPackageName: SearchForPackageOnDisk took   0.122s to resolve Options_Menu.umap.
[2019.12.09-06.38.18:915][  8]LogNet: Browse: /Game/TwinStickBP/Maps/Options_Menu
[2019.12.09-06.38.18:915][  8]LogLoad: LoadMap: /Game/TwinStickBP/Maps/Options_Menu
[2019.12.09-06.38.18:987][  8]LogAIModule: Creating AISystem for world Options_Menu
[2019.12.09-06.38.19:304][  8]LogLoad: Game class is 'BP_Gamemode_C'
[2019.12.09-06.38.19:306][  8]LogWorld: Bringing World /Game/TwinStickBP/Maps/Options_Menu.Options_Menu up for play (max tick rate 0) at 2019.12.09-06.38.19
[2019.12.09-06.38.19:306][  8]LogWorld: Bringing up level for play took: 0.000620
[2019.12.09-06.38.19:306][  8]LogGameMode: FindPlayerStart: PATHS NOT DEFINED or NO PLAYERSTART with positive rating
[2019.12.09-06.38.19:310][  8]LogPlayerController: Error: InputMode:UIOnly - Attempting to focus Non-Focusable widget SObjectWidget [Widget.cpp(710)]!
[2019.12.09-06.38.19:310][  8]LogLoad: Took 0.395662 seconds to LoadMap(/Game/TwinStickBP/Maps/Options_Menu)
[2019.12.09-06.38.24:943][358]LogSlate: FSceneViewport::OnFocusLost() reason 0
[2019.12.09-06.38.36:318][ 56]LogPackageName: SearchForPackageOnDisk took   0.117s to resolve L_MainMenu.umap.
[2019.12.09-06.38.36:459][ 56]LogPackageName: SearchForPackageOnDisk took   0.140s to resolve L_MainMenu.umap.
[2019.12.09-06.38.36:459][ 56]LogNet: Browse: /Game/TwinStickBP/Maps/GameplayVideoMaps/L_MainMenu
[2019.12.09-06.38.36:459][ 56]LogLoad: LoadMap: /Game/TwinStickBP/Maps/GameplayVideoMaps/L_MainMenu
[2019.12.09-06.38.36:526][ 56]LogAIModule: Creating AISystem for world L_MainMenu
[2019.12.09-06.38.36:808][ 56]LogLoad: Game class is 'BP_Gamemode_C'
[2019.12.09-06.38.36:809][ 56]LogWorld: Bringing World /Game/TwinStickBP/Maps/GameplayVideoMaps/L_MainMenu.L_MainMenu up for play (max tick rate 0) at 2019.12.09-06.38.36
[2019.12.09-06.38.36:809][ 56]LogWorld: Bringing up level for play took: 0.000420
[2019.12.09-06.38.36:809][ 56]LogGameMode: FindPlayerStart: PATHS NOT DEFINED or NO PLAYERSTART with positive rating
[2019.12.09-06.38.36:811][ 56]LogPlayerController: Error: InputMode:UIOnly - Attempting to focus Non-Focusable widget SObjectWidget [Widget.cpp(710)]!
[2019.12.09-06.38.36:811][ 56]LogLoad: Took 0.351901 seconds to LoadMap(/Game/TwinStickBP/Maps/GameplayVideoMaps/L_MainMenu)
[2019.12.09-06.38.37:573][104]LogSlate: FSceneViewport::OnFocusLost() reason 0
[2019.12.09-06.38.37:813][110]LogPackageName: SearchForPackageOnDisk took   0.143s to resolve L_TobyTutorial.umap.
[2019.12.09-06.38.37:950][110]LogPackageName: SearchForPackageOnDisk took   0.136s to resolve L_TobyTutorial.umap.
[2019.12.09-06.38.37:950][110]LogNet: Browse: /Game/TwinStickBP/Maps/GameplayVideoMaps/L_TobyTutorial
[2019.12.09-06.38.37:950][110]LogLoad: LoadMap: /Game/TwinStickBP/Maps/GameplayVideoMaps/L_TobyTutorial
[2019.12.09-06.38.38:339][110]LogLinker: Warning: Can't find file '/Game/TwinStickBP/Art/StaticMeshes/lambert1'
[2019.12.09-06.38.38:339][110]LoadErrors: Failed to load /Game/TwinStickBP/Art/StaticMeshes/lambert1.lambert1 Referenced by SM_Cube
[2019.12.09-06.38.38:339][110]LogUObjectGlobals: Warning: Failed to load '/Game/TwinStickBP/Art/StaticMeshes/lambert1': Can't find file '/Game/TwinStickBP/Art/StaticMeshes/lambert1'
[2019.12.09-06.38.38:339][110]LogLinker: Warning: Can't find file for asset '/Game/TwinStickBP/Art/StaticMeshes/lambert1' while loading NULL.
[2019.12.09-06.38.38:339][110]LoadErrors: Failed to load /Game/TwinStickBP/Art/StaticMeshes/lambert1.lambert1 Referenced by SM_Cube
[2019.12.09-06.38.38:339][110]LogUObjectGlobals: Warning: Failed to load '/Game/TwinStickBP/Art/StaticMeshes/lambert1': Can't find file for asset '/Game/TwinStickBP/Art/StaticMeshes/lambert1' while loading NULL.
[2019.12.09-06.38.38:340][110]LogLinker: Warning: Can't find file '/Game/TwinStickBP/Art/StaticMeshes/lambert1'
[2019.12.09-06.38.38:340][110]LoadErrors: Failed to load /Game/TwinStickBP/Art/StaticMeshes/lambert1.lambert1 Referenced by SM_Cube
[2019.12.09-06.38.38:340][110]LogUObjectGlobals: Warning: Failed to load '/Game/TwinStickBP/Art/StaticMeshes/lambert1': Can't find file '/Game/TwinStickBP/Art/StaticMeshes/lambert1'
[2019.12.09-06.38.38:340][110]LogLinker: Warning: Can't find file for asset '/Game/TwinStickBP/Art/StaticMeshes/lambert1' while loading NULL.
[2019.12.09-06.38.38:340][110]LoadErrors: Failed to load /Game/TwinStickBP/Art/StaticMeshes/lambert1.lambert1 Referenced by SM_Cube
[2019.12.09-06.38.38:340][110]LogUObjectGlobals: Warning: Failed to load '/Game/TwinStickBP/Art/StaticMeshes/lambert1': Can't find file for asset '/Game/TwinStickBP/Art/StaticMeshes/lambert1' while loading NULL.
[2019.12.09-06.38.38:396][110]LogAIModule: Creating AISystem for world L_TobyTutorial
[2019.12.09-06.38.38:396][110]LogLoad: Game class is 'BP_Gamemode_C'
[2019.12.09-06.38.38:407][110]LogWorld: Bringing World /Game/TwinStickBP/Maps/GameplayVideoMaps/L_TobyTutorial.L_TobyTutorial up for play (max tick rate 0) at 2019.12.09-06.38.38
[2019.12.09-06.38.38:407][110]LogWorld: Bringing up level for play took: 0.010881
[2019.12.09-06.38.38:410][110]LogLoad: Took 0.458957 seconds to LoadMap(/Game/TwinStickBP/Maps/GameplayVideoMaps/L_TobyTutorial)
[2019.12.09-06.38.53:829][ 66]LogScript: Warning: Script Msg: Attempted to access index 2 from array 'Pickups' of length 2 in '/Game/TwinStickBP/Blueprints/EnemyAI/BP_Enemy.BP_Enemy_C'!
[2019.12.09-06.38.53:829][ 66]LogScript: Warning: UGameplayStatics::BeginSpawningActorFromClass: can not spawn an actor from a NULL class
[2019.12.09-06.39.10:256][ 75]LogPackageName: SearchForPackageOnDisk took   0.127s to resolve L_TobyFloors.umap.
[2019.12.09-06.39.10:376][ 76]LogPackageName: SearchForPackageOnDisk took   0.118s to resolve L_TobyFloors.umap.
[2019.12.09-06.39.10:376][ 76]LogNet: Browse: /Game/TwinStickBP/Maps/GameplayVideoMaps/L_TobyFloors
[2019.12.09-06.39.10:376][ 76]LogLoad: LoadMap: /Game/TwinStickBP/Maps/GameplayVideoMaps/L_TobyFloors
[2019.12.09-06.39.10:905][ 76]LogLinker: Warning: Can't find file '/Game/TwinStickBP/Art/StaticMeshes/lambert1'
[2019.12.09-06.39.10:905][ 76]LoadErrors: Failed to load /Game/TwinStickBP/Art/StaticMeshes/lambert1.lambert1 Referenced by SM_Cube
[2019.12.09-06.39.10:905][ 76]LogUObjectGlobals: Warning: Failed to load '/Game/TwinStickBP/Art/StaticMeshes/lambert1': Can't find file '/Game/TwinStickBP/Art/StaticMeshes/lambert1'
[2019.12.09-06.39.10:905][ 76]LogLinker: Warning: Can't find file for asset '/Game/TwinStickBP/Art/StaticMeshes/lambert1' while loading NULL.
[2019.12.09-06.39.10:905][ 76]LoadErrors: Failed to load /Game/TwinStickBP/Art/StaticMeshes/lambert1.lambert1 Referenced by SM_Cube
[2019.12.09-06.39.10:905][ 76]LogUObjectGlobals: Warning: Failed to load '/Game/TwinStickBP/Art/StaticMeshes/lambert1': Can't find file for asset '/Game/TwinStickBP/Art/StaticMeshes/lambert1' while loading NULL.
[2019.12.09-06.39.10:906][ 76]LogLinker: Warning: Can't find file '/Game/TwinStickBP/Art/StaticMeshes/lambert1'
[2019.12.09-06.39.10:906][ 76]LoadErrors: Failed to load /Game/TwinStickBP/Art/StaticMeshes/lambert1.lambert1 Referenced by SM_Cube
[2019.12.09-06.39.10:906][ 76]LogUObjectGlobals: Warning: Failed to load '/Game/TwinStickBP/Art/StaticMeshes/lambert1': Can't find file '/Game/TwinStickBP/Art/StaticMeshes/lambert1'
[2019.12.09-06.39.10:906][ 76]LogLinker: Warning: Can't find file for asset '/Game/TwinStickBP/Art/StaticMeshes/lambert1' while loading NULL.
[2019.12.09-06.39.10:906][ 76]LoadErrors: Failed to load /Game/TwinStickBP/Art/StaticMeshes/lambert1.lambert1 Referenced by SM_Cube
[2019.12.09-06.39.10:906][ 76]LogUObjectGlobals: Warning: Failed to load '/Game/TwinStickBP/Art/StaticMeshes/lambert1': Can't find file for asset '/Game/TwinStickBP/Art/StaticMeshes/lambert1' while loading NULL.
[2019.12.09-06.39.11:055][ 76]LogAIModule: Creating AISystem for world L_TobyFloors
[2019.12.09-06.39.11:055][ 76]LogLoad: Game class is 'BP_Gamemode_C'
[2019.12.09-06.39.11:099][ 76]LogWorld: Bringing World /Game/TwinStickBP/Maps/GameplayVideoMaps/L_TobyFloors.L_TobyFloors up for play (max tick rate 0) at 2019.12.09-06.39.11
[2019.12.09-06.39.11:100][ 76]LogWorld: Bringing up level for play took: 0.044159
[2019.12.09-06.39.11:103][ 76]LogLoad: Took 0.727164 seconds to LoadMap(/Game/TwinStickBP/Maps/GameplayVideoMaps/L_TobyFloors)
[2019.12.09-06.39.22:340][772]LogScript: Warning: Script Msg: Attempted to access index 2 from array 'Pickups' of length 2 in '/Game/TwinStickBP/Blueprints/EnemyAI/BP_New_Enemy.BP_New_Enemy_C'!
[2019.12.09-06.39.22:340][772]LogScript: Warning: UGameplayStatics::BeginSpawningActorFromClass: can not spawn an actor from a NULL class
[2019.12.09-06.39.27:114][ 68]LogScript: Warning: Script Msg: Attempted to access index 2 from array 'Pickups' of length 2 in '/Game/TwinStickBP/Blueprints/EnemyAI/BP_Enemy_Shooter.BP_Enemy_Shooter_C'!
[2019.12.09-06.39.27:114][ 68]LogScript: Warning: UGameplayStatics::BeginSpawningActorFromClass: can not spawn an actor from a NULL class
[2019.12.09-06.39.50:041][489]LogSpawn: Warning: SpawnActor failed because of collision at the spawn location [X=3301.139 Y=-1967.340 Z=594.379] for [BP_New_Enemy_C]
[2019.12.09-07.12.15:542][ 29]LogAudio: Warning: Current Audio Device with ID {0.0.0.00000000}.{1f59eb54-bd36-415b-a7e7-d4ef172bd8f5} was removed. Shutting down audio device.
[2019.12.09-07.12.15:630][ 29]LogInit: XAudio2 using 'Speakers (Realtek High Definition Audio)' : 2 channels at 48 kHz using 16 bits per sample (channel mask 0x3)
[2019.12.09-07.12.15:630][ 29]LogAudio: Warning: Waited 71.709999ms for audio thread.
[2019.12.09-07.12.15:665][ 29]LogAudio: Warning: Waited 107.569702ms for audio thread.
[2019.12.09-07.12.15:667][ 29]LogAudio: Warning: Waited 110.050095ms for audio thread.
[2019.12.09-07.12.15:984][ 45]LogAudio: Warning: Waited 71.514297ms for audio thread.
[2019.12.09-07.12.16:020][ 45]LogInit: XAudio2 using 'Speakers (Realtek High Definition Audio)' : 2 channels at 48 kHz using 16 bits per sample (channel mask 0x3)
[2019.12.09-07.12.16:020][ 45]LogAudio: Warning: Waited 107.508102ms for audio thread.
[2019.12.09-07.12.16:032][ 45]LogAudio: Warning: Waited 119.901199ms for audio thread.
