Log file open, 12/09/19 01:06:29
LogWindows: Failed to load 'aqProf.dll' (GetLastError=126)
LogWindows: File 'aqProf.dll' does not exist
LogWindows: Failed to load 'VtuneApi.dll' (GetLastError=126)
LogWindows: File 'VtuneApi.dll' does not exist
LogWindows: Failed to load 'VtuneApi32e.dll' (GetLastError=126)
LogWindows: File 'VtuneApi32e.dll' does not exist
LogConsoleResponse: Display: Failed to find resolution value strings in scalability ini. Falling back to default.
LogInit: Display: Running engine for game: NeonGlider
LogPakFile: Registered encryption key '00000000000000000000000000000000': 0 pak files mounted, 0 remain pending
LogPlatformFile: Not using cached read wrapper
LogTaskGraph: Started task graph with 5 named threads and 35 total threads with 3 sets of task threads.
LogStats: Stats thread started at 0.403475
LogD3D11RHI: Loaded GFSDK_Aftermath_Lib.x64.dll
LogICUInternationalization: ICU TimeZone Detection - Raw Offset: +0:00, Platform Override: ''
LogPluginManager: Mounting plugin Paper2D
LogPluginManager: Mounting plugin AISupport
LogPluginManager: Mounting plugin LightPropagationVolume
LogPluginManager: Mounting plugin ActorLayerUtilities
LogPluginManager: Mounting plugin CLionSourceCodeAccess
LogPluginManager: Mounting plugin CodeLiteSourceCodeAccess
LogPluginManager: Mounting plugin GitSourceControl
LogPluginManager: Mounting plugin KDevelopSourceCodeAccess
LogPluginManager: Mounting plugin NullSourceCodeAccess
LogPluginManager: Mounting plugin PerforceSourceControl
LogPluginManager: Mounting plugin SubversionSourceControl
LogPluginManager: Mounting plugin UObjectPlugin
LogPluginManager: Mounting plugin VisualStudioCodeSourceCodeAccess
LogPluginManager: Mounting plugin VisualStudioSourceCodeAccess
LogPluginManager: Mounting plugin XCodeSourceCodeAccess
LogPluginManager: Mounting plugin AssetManagerEditor
LogPluginManager: Mounting plugin CryptoKeys
LogPluginManager: Mounting plugin DataValidation
LogPluginManager: Mounting plugin FacialAnimation
LogPluginManager: Mounting plugin GameplayTagsEditor
LogPluginManager: Mounting plugin MacGraphicsSwitching
LogPluginManager: Mounting plugin MeshEditor
LogPluginManager: Mounting plugin MobileLauncherProfileWizard
LogPluginManager: Mounting plugin PluginBrowser
LogPluginManager: Mounting plugin SpeedTreeImporter
LogPluginManager: Mounting plugin DatasmithContent
LogPluginManager: Mounting plugin VariantManagerContent
LogPluginManager: Mounting plugin AlembicImporter
LogPluginManager: Mounting plugin AppleImageUtils
LogPluginManager: Mounting plugin AppleVision
LogPluginManager: Mounting plugin BackChannel
LogPluginManager: Mounting plugin CharacterAI
LogPluginManager: Mounting plugin GeometryCache
LogPluginManager: Mounting plugin HTML5Networking
LogPluginManager: Mounting plugin ProxyLODPlugin
LogPluginManager: Mounting plugin MagicLeap
LogPluginManager: Mounting plugin MagicLeapMedia
LogPluginManager: Mounting plugin AndroidMedia
LogPluginManager: Mounting plugin AvfMedia
LogPluginManager: Mounting plugin ImgMedia
LogPluginManager: Mounting plugin LinearTimecode
LogPluginManager: Mounting plugin MediaCompositing
LogPluginManager: Mounting plugin MediaPlayerEditor
LogPluginManager: Mounting plugin WebMMedia
LogPluginManager: Mounting plugin WmfMedia
LogPluginManager: Mounting plugin TcpMessaging
LogPluginManager: Mounting plugin UdpMessaging
LogPluginManager: Mounting plugin ActorSequence
LogPluginManager: Mounting plugin LevelSequenceEditor
LogPluginManager: Mounting plugin MatineeToLevelSequence
LogPluginManager: Mounting plugin NetcodeUnitTest
LogPluginManager: Mounting plugin NUTUnrealEngine4
LogPluginManager: Mounting plugin OnlineSubsystemGooglePlay
LogPluginManager: Mounting plugin OnlineSubsystemIOS
LogPluginManager: Mounting plugin OnlineSubsystem
LogPluginManager: Mounting plugin OnlineSubsystemNull
LogPluginManager: Mounting plugin OnlineSubsystemUtils
LogPluginManager: Mounting plugin LauncherChunkInstaller
LogPluginManager: Mounting plugin AndroidDeviceProfileSelector
LogPluginManager: Mounting plugin AndroidMoviePlayer
LogPluginManager: Mounting plugin AndroidPermission
LogPluginManager: Mounting plugin AppleMoviePlayer
LogPluginManager: Mounting plugin ArchVisCharacter
LogPluginManager: Mounting plugin AudioCapture
LogPluginManager: Mounting plugin CableComponent
LogPluginManager: Mounting plugin CustomMeshComponent
LogPluginManager: Mounting plugin EditableMesh
LogPluginManager: Mounting plugin ExampleDeviceProfileSelector
LogPluginManager: Mounting plugin Firebase
LogPluginManager: Mounting plugin GoogleCloudMessaging
LogPluginManager: Mounting plugin IOSDeviceProfileSelector
LogPluginManager: Mounting plugin LinuxDeviceProfileSelector
LogPluginManager: Mounting plugin LocationServicesBPLibrary
LogPluginManager: Mounting plugin MobilePatchingUtils
LogPluginManager: Mounting plugin OculusVR
LogPluginManager: Mounting plugin PhysXVehicles
LogPluginManager: Mounting plugin ProceduralMeshComponent
LogPluginManager: Mounting plugin RuntimePhysXCooking
LogPluginManager: Mounting plugin SteamVR
LogPluginManager: Mounting plugin WebMMoviePlayer
LogPluginManager: Mounting plugin WindowsMoviePlayer
LogStreaming: Display: Took  0.439s to configure plugins.
LogInit: Using libcurl 7.55.1-DEV
LogInit:  - built for x86_64-pc-win32
LogInit:  - supports SSL with OpenSSL/1.0.2h
LogInit:  - supports HTTP deflate (compression) using libz 1.2.8
LogInit:  - other features:
LogInit:      CURL_VERSION_SSL
LogInit:      CURL_VERSION_LIBZ
LogInit:      CURL_VERSION_IPV6
LogInit:      CURL_VERSION_ASYNCHDNS
LogInit:      CURL_VERSION_LARGEFILE
LogInit:      CURL_VERSION_IDN
LogInit:  CurlRequestOptions (configurable via config and command line):
LogInit:  - bVerifyPeer = true  - Libcurl will verify peer certificate
LogInit:  - bUseHttpProxy = false  - Libcurl will NOT use HTTP proxy
LogInit:  - bDontReuseConnections = false  - Libcurl will reuse connections
LogInit:  - MaxHostConnections = 16  - Libcurl will limit the number of connections to a host
LogInit:  - LocalHostAddr = Default
LogInit:  - BufferSize = 65536
LogInit: WinSock: version 1.1 (2.2), MaxSocks=32767, MaxUdp=65467
LogInit: Build: ++UE4+Release-4.21-CL-4753647
LogInit: Engine Version: 4.21.2-4753647+++UE4+Release-4.21
LogInit: Compatible Engine Version: 4.21.0-4541578+++UE4+Release-4.21
LogInit: Net CL: 4541578
LogInit: OS: Windows 10 (), CPU: Intel(R) Xeon(R) Gold 6128 CPU @ 3.40GHz, GPU: NVIDIA GeForce GTX 1080 Ti
LogInit: Compiled (64-bit): Jan 19 2019 02:07:31
LogInit: Compiled with Visual C++: 19.13.26129.00
LogInit: Build Configuration: Development
LogInit: Branch Name: ++UE4+Release-4.21
LogInit: Command Line: 
LogInit: Base Directory: C:/Program Files/Epic Games/UE_4.21/Engine/Binaries/Win64/
LogInit: Installed Engine Build: 1
LogDevObjectVersion: Number of dev versions registered: 22
LogDevObjectVersion:   Dev-Blueprints (B0D832E4-1F89-4F0D-ACCF-7EB736FD4AA2): 10
LogDevObjectVersion:   Dev-Build (E1C64328-A22C-4D53-A36C-8E866417BD8C): 0
LogDevObjectVersion:   Dev-Core (375EC13C-06E4-48FB-B500-84F0262A717E): 2
LogDevObjectVersion:   Dev-Editor (E4B068ED-F494-42E9-A231-DA0B2E46BB41): 26
LogDevObjectVersion:   Dev-Framework (CFFC743F-43B0-4480-9391-14DF171D2073): 34
LogDevObjectVersion:   Dev-Mobile (B02B49B5-BB20-44E9-A304-32B752E40360): 2
LogDevObjectVersion:   Dev-Networking (A4E4105C-59A1-49B5-A7C5-40C4547EDFEE): 0
LogDevObjectVersion:   Dev-Online (39C831C9-5AE6-47DC-9A44-9C173E1C8E7C): 0
LogDevObjectVersion:   Dev-Physics (78F01B33-EBEA-4F98-B9B4-84EACCB95AA2): 0
LogDevObjectVersion:   Dev-Platform (6631380F-2D4D-43E0-8009-CF276956A95A): 0
LogDevObjectVersion:   Dev-Rendering (12F88B9F-8875-4AFC-A67C-D90C383ABD29): 27
LogDevObjectVersion:   Dev-Sequencer (7B5AE74C-D270-4C10-A958-57980B212A5A): 9
LogDevObjectVersion:   Dev-VR (D7296918-1DD6-4BDD-9DE2-64A83CC13884): 2
LogDevObjectVersion:   Dev-LoadTimes (C2A15278-BFE7-4AFE-6C17-90FF531DF755): 1
LogDevObjectVersion:   Private-Geometry (6EACA3D4-40EC-4CC1-B786-8BED09428FC5): 3
LogDevObjectVersion:   Dev-AnimPhys (29E575DD-E0A3-4627-9D10-D276232CDCEA): 17
LogDevObjectVersion:   Dev-Anim (AF43A65D-7FD3-4947-9873-3E8ED9C1BB05): 2
LogDevObjectVersion:   Dev-ReflectionCapture (6B266CEC-1EC7-4B8F-A30B-E4D90942FC07): 1
LogDevObjectVersion:   Dev-Automation (0DF73D61-A23F-47EA-B727-89E90C41499A): 1
LogDevObjectVersion:   FortniteMain (601D1886-AC64-4F84-AA16-D3DE0DEAC7D6): 17
LogDevObjectVersion:   Dev-Enterprise (9DFFBCD6-494F-0158-E221-12823C92A888): 4
LogDevObjectVersion:   Dev-Niagara (F2AED0AC-9AFE-416F-8664-AA7FFA26D6FC): 1
LogStreaming: Display: Took  0.039s to delete old logs.
LogInit: Presizing for max 8388607 objects, including 0 objects not considered by GC, pre-allocating 0 bytes for permanent pool.
LogInit: Object subsystem initialized
LogConfig: Setting CVar [[con.DebugEarlyDefault:1]]
LogConfig: Setting CVar [[r.setres:1280x720]]
[2019.12.09-01.06.30:157][  0]LogConfig: Setting CVar [[r.VSync:0]]
[2019.12.09-01.06.30:157][  0]LogConfig: Setting CVar [[r.RHICmdBypass:0]]
[2019.12.09-01.06.30:157][  0]LogConfig: Applying CVar settings from Section [/Script/Engine.RendererSettings] File [F:/University/Year 2/Games Development/GithubVers/NeonGlider/Neon_Glider(Kyle_Version)/Saved/Config/Windows/Engine.ini]
[2019.12.09-01.06.30:157][  0]LogConfig: Setting CVar [[r.GPUCrashDebugging:0]]
[2019.12.09-01.06.30:157][  0]LogConfig: Applying CVar settings from Section [/Script/Engine.RendererOverrideSettings] File [F:/University/Year 2/Games Development/GithubVers/NeonGlider/Neon_Glider(Kyle_Version)/Saved/Config/Windows/Engine.ini]
[2019.12.09-01.06.30:157][  0]LogConfig: Applying CVar settings from Section [/Script/Engine.StreamingSettings] File [F:/University/Year 2/Games Development/GithubVers/NeonGlider/Neon_Glider(Kyle_Version)/Saved/Config/Windows/Engine.ini]
[2019.12.09-01.06.30:157][  0]LogConfig: Setting CVar [[s.MinBulkDataSizeForAsyncLoading:131072]]
[2019.12.09-01.06.30:158][  0]LogConfig: Setting CVar [[s.AsyncLoadingThreadEnabled:0]]
[2019.12.09-01.06.30:158][  0]LogConfig: Setting CVar [[s.EventDrivenLoaderEnabled:1]]
[2019.12.09-01.06.30:158][  0]LogConfig: Setting CVar [[s.WarnIfTimeLimitExceeded:0]]
[2019.12.09-01.06.30:158][  0]LogConfig: Setting CVar [[s.TimeLimitExceededMultiplier:1.5]]
[2019.12.09-01.06.30:158][  0]LogConfig: Setting CVar [[s.TimeLimitExceededMinTime:0.005]]
[2019.12.09-01.06.30:158][  0]LogConfig: Setting CVar [[s.UseBackgroundLevelStreaming:1]]
[2019.12.09-01.06.30:158][  0]LogConfig: Setting CVar [[s.PriorityAsyncLoadingExtraTime:15.0]]
[2019.12.09-01.06.30:158][  0]LogConfig: Setting CVar [[s.LevelStreamingActorsUpdateTimeLimit:5.0]]
[2019.12.09-01.06.30:158][  0]LogConfig: Setting CVar [[s.PriorityLevelStreamingActorsUpdateExtraTime:5.0]]
[2019.12.09-01.06.30:158][  0]LogConfig: Setting CVar [[s.LevelStreamingComponentsRegistrationGranularity:10]]
[2019.12.09-01.06.30:158][  0]LogConfig: Setting CVar [[s.UnregisterComponentsTimeLimit:1.0]]
[2019.12.09-01.06.30:158][  0]LogConfig: Setting CVar [[s.LevelStreamingComponentsUnregistrationGranularity:5]]
[2019.12.09-01.06.30:158][  0]LogConfig: Applying CVar settings from Section [/Script/Engine.GarbageCollectionSettings] File [F:/University/Year 2/Games Development/GithubVers/NeonGlider/Neon_Glider(Kyle_Version)/Saved/Config/Windows/Engine.ini]
[2019.12.09-01.06.30:158][  0]LogConfig: Setting CVar [[gc.MaxObjectsNotConsideredByGC:1]]
[2019.12.09-01.06.30:158][  0]LogConfig: Setting CVar [[gc.SizeOfPermanentObjectPool:0]]
[2019.12.09-01.06.30:158][  0]LogConfig: Setting CVar [[gc.FlushStreamingOnGC:0]]
[2019.12.09-01.06.30:158][  0]LogConfig: Setting CVar [[gc.NumRetriesBeforeForcingGC:10]]
[2019.12.09-01.06.30:158][  0]LogConfig: Setting CVar [[gc.AllowParallelGC:1]]
[2019.12.09-01.06.30:158][  0]LogConfig: Setting CVar [[gc.TimeBetweenPurgingPendingKillObjects:61.1]]
[2019.12.09-01.06.30:158][  0]LogConfig: Setting CVar [[gc.MaxObjectsInEditor:8388607]]
[2019.12.09-01.06.30:158][  0]LogConfig: Setting CVar [[gc.IncrementalBeginDestroyEnabled:1]]
[2019.12.09-01.06.30:158][  0]LogConfig: Setting CVar [[gc.CreateGCClusters:1]]
[2019.12.09-01.06.30:158][  0]LogConfig: Setting CVar [[gc.MergeGCClusters:0]]
[2019.12.09-01.06.30:158][  0]LogConfig: Setting CVar [[gc.MinGCClusterSize:5]]
[2019.12.09-01.06.30:158][  0]LogConfig: Setting CVar [[gc.ActorClusteringEnabled:0]]
[2019.12.09-01.06.30:158][  0]LogConfig: Setting CVar [[gc.BlueprintClusteringEnabled:0]]
[2019.12.09-01.06.30:158][  0]LogConfig: Setting CVar [[gc.UseDisregardForGCOnDedicatedServers:0]]
[2019.12.09-01.06.30:158][  0]LogConfig: Applying CVar settings from Section [/Script/Engine.NetworkSettings] File [F:/University/Year 2/Games Development/GithubVers/NeonGlider/Neon_Glider(Kyle_Version)/Saved/Config/Windows/Engine.ini]
[2019.12.09-01.06.30:158][  0]LogConfig: Applying CVar settings from Section [/Script/UnrealEd.CookerSettings] File [F:/University/Year 2/Games Development/GithubVers/NeonGlider/Neon_Glider(Kyle_Version)/Saved/Config/Windows/Engine.ini]
[2019.12.09-01.06.30:170][  0]LogConfig: Applying CVar settings from Section [ViewDistanceQuality@3] File [F:/University/Year 2/Games Development/GithubVers/NeonGlider/Neon_Glider(Kyle_Version)/Saved/Config/Windows/Scalability.ini]
[2019.12.09-01.06.30:170][  0]LogConfig: Setting CVar [[r.SkeletalMeshLODBias:0]]
[2019.12.09-01.06.30:170][  0]LogConfig: Setting CVar [[r.ViewDistanceScale:1.0]]
[2019.12.09-01.06.30:170][  0]LogConfig: Applying CVar settings from Section [AntiAliasingQuality@3] File [F:/University/Year 2/Games Development/GithubVers/NeonGlider/Neon_Glider(Kyle_Version)/Saved/Config/Windows/Scalability.ini]
[2019.12.09-01.06.30:171][  0]LogConfig: Setting CVar [[r.PostProcessAAQuality:4]]
[2019.12.09-01.06.30:171][  0]LogConfig: Applying CVar settings from Section [ShadowQuality@3] File [F:/University/Year 2/Games Development/GithubVers/NeonGlider/Neon_Glider(Kyle_Version)/Saved/Config/Windows/Scalability.ini]
[2019.12.09-01.06.30:171][  0]LogConfig: Setting CVar [[r.LightFunctionQuality:1]]
[2019.12.09-01.06.30:171][  0]LogConfig: Setting CVar [[r.ShadowQuality:5]]
[2019.12.09-01.06.30:171][  0]LogConfig: Setting CVar [[r.Shadow.CSM.MaxCascades:10]]
[2019.12.09-01.06.30:171][  0]LogConfig: Setting CVar [[r.Shadow.MaxResolution:2048]]
[2019.12.09-01.06.30:171][  0]LogConfig: Setting CVar [[r.Shadow.MaxCSMResolution:2048]]
[2019.12.09-01.06.30:171][  0]LogConfig: Setting CVar [[r.Shadow.RadiusThreshold:0.01]]
[2019.12.09-01.06.30:171][  0]LogConfig: Setting CVar [[r.Shadow.DistanceScale:1.0]]
[2019.12.09-01.06.30:171][  0]LogConfig: Setting CVar [[r.Shadow.CSM.TransitionScale:1.0]]
[2019.12.09-01.06.30:171][  0]LogConfig: Setting CVar [[r.Shadow.PreShadowResolutionFactor:1.0]]
[2019.12.09-01.06.30:171][  0]LogConfig: Setting CVar [[r.DistanceFieldShadowing:1]]
[2019.12.09-01.06.30:171][  0]LogConfig: Setting CVar [[r.DistanceFieldAO:1]]
[2019.12.09-01.06.30:171][  0]LogConfig: Setting CVar [[r.AOQuality:2]]
[2019.12.09-01.06.30:171][  0]LogConfig: Setting CVar [[r.VolumetricFog:1]]
[2019.12.09-01.06.30:171][  0]LogConfig: Setting CVar [[r.VolumetricFog.GridPixelSize:8]]
[2019.12.09-01.06.30:171][  0]LogConfig: Setting CVar [[r.VolumetricFog.GridSizeZ:128]]
[2019.12.09-01.06.30:171][  0]LogConfig: Setting CVar [[r.VolumetricFog.HistoryMissSupersampleCount:4]]
[2019.12.09-01.06.30:171][  0]LogConfig: Setting CVar [[r.LightMaxDrawDistanceScale:1]]
[2019.12.09-01.06.30:171][  0]LogConfig: Setting CVar [[r.CapsuleShadows:1]]
[2019.12.09-01.06.30:171][  0]LogConfig: Applying CVar settings from Section [PostProcessQuality@3] File [F:/University/Year 2/Games Development/GithubVers/NeonGlider/Neon_Glider(Kyle_Version)/Saved/Config/Windows/Scalability.ini]
[2019.12.09-01.06.30:171][  0]LogConfig: Setting CVar [[r.MotionBlurQuality:4]]
[2019.12.09-01.06.30:171][  0]LogConfig: Setting CVar [[r.AmbientOcclusionMipLevelFactor:0.4]]
[2019.12.09-01.06.30:171][  0]LogConfig: Setting CVar [[r.AmbientOcclusionMaxQuality:100]]
[2019.12.09-01.06.30:171][  0]LogConfig: Setting CVar [[r.AmbientOcclusionLevels:-1]]
[2019.12.09-01.06.30:171][  0]LogConfig: Setting CVar [[r.AmbientOcclusionRadiusScale:1.0]]
[2019.12.09-01.06.30:171][  0]LogConfig: Setting CVar [[r.DepthOfFieldQuality:2]]
[2019.12.09-01.06.30:171][  0]LogConfig: Setting CVar [[r.RenderTargetPoolMin:400]]
[2019.12.09-01.06.30:171][  0]LogConfig: Setting CVar [[r.LensFlareQuality:2]]
[2019.12.09-01.06.30:171][  0]LogConfig: Setting CVar [[r.SceneColorFringeQuality:1]]
[2019.12.09-01.06.30:171][  0]LogConfig: Setting CVar [[r.EyeAdaptationQuality:2]]
[2019.12.09-01.06.30:171][  0]LogConfig: Setting CVar [[r.BloomQuality:5]]
[2019.12.09-01.06.30:172][  0]LogConfig: Setting CVar [[r.FastBlurThreshold:100]]
[2019.12.09-01.06.30:172][  0]LogConfig: Setting CVar [[r.Upscale.Quality:3]]
[2019.12.09-01.06.30:172][  0]LogConfig: Setting CVar [[r.Tonemapper.GrainQuantization:1]]
[2019.12.09-01.06.30:172][  0]LogConfig: Setting CVar [[r.LightShaftQuality:1]]
[2019.12.09-01.06.30:172][  0]LogConfig: Setting CVar [[r.Filter.SizeScale:1]]
[2019.12.09-01.06.30:172][  0]LogConfig: Setting CVar [[r.Tonemapper.Quality:5]]
[2019.12.09-01.06.30:172][  0]LogConfig: Setting CVar [[r.DOF.Gather.AccumulatorQuality:1        ; higher gathering accumulator quality]]
[2019.12.09-01.06.30:172][  0]LogConfig: Setting CVar [[r.DOF.Gather.PostfilterMethod:1          ; Median3x3 postfilering method]]
[2019.12.09-01.06.30:172][  0]LogConfig: Setting CVar [[r.DOF.Gather.EnableBokehSettings:0       ; no bokeh simulation when gathering]]
[2019.12.09-01.06.30:172][  0]LogConfig: Setting CVar [[r.DOF.Gather.RingCount:4                 ; medium number of samples when gathering]]
[2019.12.09-01.06.30:172][  0]LogConfig: Setting CVar [[r.DOF.Scatter.ForegroundCompositing:1    ; additive foreground scattering]]
[2019.12.09-01.06.30:172][  0]LogConfig: Setting CVar [[r.DOF.Scatter.BackgroundCompositing:2    ; additive background scattering]]
[2019.12.09-01.06.30:172][  0]LogConfig: Setting CVar [[r.DOF.Scatter.EnableBokehSettings:1      ; bokeh simulation when scattering]]
[2019.12.09-01.06.30:172][  0]LogConfig: Setting CVar [[r.DOF.Scatter.MaxSpriteRatio:0.1         ; only a maximum of 10% of scattered bokeh]]
[2019.12.09-01.06.30:172][  0]LogConfig: Setting CVar [[r.DOF.Recombine.Quality:1                ; cheap slight out of focus]]
[2019.12.09-01.06.30:172][  0]LogConfig: Setting CVar [[r.DOF.Recombine.EnableBokehSettings:0    ; no bokeh simulation on slight out of focus]]
[2019.12.09-01.06.30:172][  0]LogConfig: Setting CVar [[r.DOF.TemporalAAQuality:1                ; more stable temporal accumulation]]
[2019.12.09-01.06.30:172][  0]LogConfig: Setting CVar [[r.DOF.Kernel.MaxForegroundRadius:0.025]]
[2019.12.09-01.06.30:172][  0]LogConfig: Setting CVar [[r.DOF.Kernel.MaxBackgroundRadius:0.025]]
[2019.12.09-01.06.30:172][  0]LogConfig: Applying CVar settings from Section [TextureQuality@3] File [F:/University/Year 2/Games Development/GithubVers/NeonGlider/Neon_Glider(Kyle_Version)/Saved/Config/Windows/Scalability.ini]
[2019.12.09-01.06.30:172][  0]LogConfig: Setting CVar [[r.Streaming.MipBias:0]]
[2019.12.09-01.06.30:172][  0]LogConfig: Setting CVar [[r.Streaming.AmortizeCPUToGPUCopy:0]]
[2019.12.09-01.06.30:172][  0]LogConfig: Setting CVar [[r.Streaming.MaxNumTexturesToStreamPerFrame:0]]
[2019.12.09-01.06.30:172][  0]LogConfig: Setting CVar [[r.Streaming.Boost:1]]
[2019.12.09-01.06.30:172][  0]LogConfig: Setting CVar [[r.MaxAnisotropy:8]]
[2019.12.09-01.06.30:172][  0]LogConfig: Setting CVar [[r.Streaming.LimitPoolSizeToVRAM:0]]
[2019.12.09-01.06.30:172][  0]LogConfig: Setting CVar [[r.Streaming.PoolSize:1000]]
[2019.12.09-01.06.30:172][  0]LogConfig: Setting CVar [[r.Streaming.MaxEffectiveScreenSize:0]]
[2019.12.09-01.06.30:172][  0]LogConfig: Applying CVar settings from Section [EffectsQuality@3] File [F:/University/Year 2/Games Development/GithubVers/NeonGlider/Neon_Glider(Kyle_Version)/Saved/Config/Windows/Scalability.ini]
[2019.12.09-01.06.30:172][  0]LogConfig: Setting CVar [[r.TranslucencyLightingVolumeDim:64]]
[2019.12.09-01.06.30:172][  0]LogConfig: Setting CVar [[r.RefractionQuality:2]]
[2019.12.09-01.06.30:172][  0]LogConfig: Setting CVar [[r.SSR.Quality:3]]
[2019.12.09-01.06.30:173][  0]LogConfig: Setting CVar [[r.SceneColorFormat:4]]
[2019.12.09-01.06.30:173][  0]LogConfig: Setting CVar [[r.DetailMode:2]]
[2019.12.09-01.06.30:173][  0]LogConfig: Setting CVar [[r.TranslucencyVolumeBlur:1]]
[2019.12.09-01.06.30:173][  0]LogConfig: Setting CVar [[r.MaterialQualityLevel:1 ; High quality]]
[2019.12.09-01.06.30:173][  0]LogConfig: Setting CVar [[r.SSS.Scale:1]]
[2019.12.09-01.06.30:173][  0]LogConfig: Setting CVar [[r.SSS.SampleSet:2]]
[2019.12.09-01.06.30:173][  0]LogConfig: Setting CVar [[r.SSS.Quality:1]]
[2019.12.09-01.06.30:173][  0]LogConfig: Setting CVar [[r.SSS.HalfRes:1]]
[2019.12.09-01.06.30:173][  0]LogConfig: Setting CVar [[r.EmitterSpawnRateScale:1.0]]
[2019.12.09-01.06.30:173][  0]LogConfig: Setting CVar [[r.ParticleLightQuality:2]]
[2019.12.09-01.06.30:173][  0]LogConfig: Applying CVar settings from Section [FoliageQuality@3] File [F:/University/Year 2/Games Development/GithubVers/NeonGlider/Neon_Glider(Kyle_Version)/Saved/Config/Windows/Scalability.ini]
[2019.12.09-01.06.30:173][  0]LogConfig: Setting CVar [[foliage.DensityScale:1.0]]
[2019.12.09-01.06.30:173][  0]LogConfig: Setting CVar [[grass.DensityScale:1.0]]
[2019.12.09-01.06.30:173][  0]LogInit: Selected Device Profile: [Windows]
[2019.12.09-01.06.30:173][  0]LogInit: Applying CVar settings loaded from the selected device profile: [Windows]
[2019.12.09-01.06.30:255][  0]LogHAL: Display: Platform has ~ 32 GB [34044575744 / 34359738368 / 32], which maps to Largest [LargestMinGB=32, LargerMinGB=12, DefaultMinGB=8, SmallerMinGB=6, SmallestMinGB=0)
[2019.12.09-01.06.30:255][  0]LogConfig: Setting CVar [[r.Vulkan.UseRealUBs:1]]
[2019.12.09-01.06.30:255][  0]LogInit: Going up to parent DeviceProfile []
[2019.12.09-01.06.30:255][  0]LogConfig: Applying CVar settings from Section [ViewDistanceQuality@3] File [F:/University/Year 2/Games Development/GithubVers/NeonGlider/Neon_Glider(Kyle_Version)/Saved/Config/Windows/Scalability.ini]
[2019.12.09-01.06.30:256][  0]LogConfig: Setting CVar [[r.SkeletalMeshLODBias:0]]
[2019.12.09-01.06.30:256][  0]LogConfig: Setting CVar [[r.ViewDistanceScale:1.0]]
[2019.12.09-01.06.30:256][  0]LogConfig: Applying CVar settings from Section [AntiAliasingQuality@3] File [F:/University/Year 2/Games Development/GithubVers/NeonGlider/Neon_Glider(Kyle_Version)/Saved/Config/Windows/Scalability.ini]
[2019.12.09-01.06.30:256][  0]LogConfig: Setting CVar [[r.PostProcessAAQuality:4]]
[2019.12.09-01.06.30:256][  0]LogConfig: Applying CVar settings from Section [ShadowQuality@3] File [F:/University/Year 2/Games Development/GithubVers/NeonGlider/Neon_Glider(Kyle_Version)/Saved/Config/Windows/Scalability.ini]
[2019.12.09-01.06.30:256][  0]LogConfig: Setting CVar [[r.LightFunctionQuality:1]]
[2019.12.09-01.06.30:256][  0]LogConfig: Setting CVar [[r.ShadowQuality:5]]
[2019.12.09-01.06.30:256][  0]LogConfig: Setting CVar [[r.Shadow.CSM.MaxCascades:10]]
[2019.12.09-01.06.30:256][  0]LogConfig: Setting CVar [[r.Shadow.MaxResolution:2048]]
[2019.12.09-01.06.30:256][  0]LogConfig: Setting CVar [[r.Shadow.MaxCSMResolution:2048]]
[2019.12.09-01.06.30:256][  0]LogConfig: Setting CVar [[r.Shadow.RadiusThreshold:0.01]]
[2019.12.09-01.06.30:256][  0]LogConfig: Setting CVar [[r.Shadow.DistanceScale:1.0]]
[2019.12.09-01.06.30:256][  0]LogConfig: Setting CVar [[r.Shadow.CSM.TransitionScale:1.0]]
[2019.12.09-01.06.30:256][  0]LogConfig: Setting CVar [[r.Shadow.PreShadowResolutionFactor:1.0]]
[2019.12.09-01.06.30:256][  0]LogConfig: Setting CVar [[r.DistanceFieldShadowing:1]]
[2019.12.09-01.06.30:256][  0]LogConfig: Setting CVar [[r.DistanceFieldAO:1]]
[2019.12.09-01.06.30:256][  0]LogConfig: Setting CVar [[r.AOQuality:2]]
[2019.12.09-01.06.30:256][  0]LogConfig: Setting CVar [[r.VolumetricFog:1]]
[2019.12.09-01.06.30:256][  0]LogConfig: Setting CVar [[r.VolumetricFog.GridPixelSize:8]]
[2019.12.09-01.06.30:256][  0]LogConfig: Setting CVar [[r.VolumetricFog.GridSizeZ:128]]
[2019.12.09-01.06.30:256][  0]LogConfig: Setting CVar [[r.VolumetricFog.HistoryMissSupersampleCount:4]]
[2019.12.09-01.06.30:256][  0]LogConfig: Setting CVar [[r.LightMaxDrawDistanceScale:1]]
[2019.12.09-01.06.30:256][  0]LogConfig: Setting CVar [[r.CapsuleShadows:1]]
[2019.12.09-01.06.30:256][  0]LogConfig: Applying CVar settings from Section [PostProcessQuality@3] File [F:/University/Year 2/Games Development/GithubVers/NeonGlider/Neon_Glider(Kyle_Version)/Saved/Config/Windows/Scalability.ini]
[2019.12.09-01.06.30:256][  0]LogConfig: Setting CVar [[r.MotionBlurQuality:4]]
[2019.12.09-01.06.30:256][  0]LogConfig: Setting CVar [[r.AmbientOcclusionMipLevelFactor:0.4]]
[2019.12.09-01.06.30:256][  0]LogConfig: Setting CVar [[r.AmbientOcclusionMaxQuality:100]]
[2019.12.09-01.06.30:256][  0]LogConfig: Setting CVar [[r.AmbientOcclusionLevels:-1]]
[2019.12.09-01.06.30:256][  0]LogConfig: Setting CVar [[r.AmbientOcclusionRadiusScale:1.0]]
[2019.12.09-01.06.30:256][  0]LogConfig: Setting CVar [[r.DepthOfFieldQuality:2]]
[2019.12.09-01.06.30:256][  0]LogConfig: Setting CVar [[r.RenderTargetPoolMin:400]]
[2019.12.09-01.06.30:256][  0]LogConfig: Setting CVar [[r.LensFlareQuality:2]]
[2019.12.09-01.06.30:257][  0]LogConfig: Setting CVar [[r.SceneColorFringeQuality:1]]
[2019.12.09-01.06.30:257][  0]LogConfig: Setting CVar [[r.EyeAdaptationQuality:2]]
[2019.12.09-01.06.30:257][  0]LogConfig: Setting CVar [[r.BloomQuality:5]]
[2019.12.09-01.06.30:257][  0]LogConfig: Setting CVar [[r.FastBlurThreshold:100]]
[2019.12.09-01.06.30:257][  0]LogConfig: Setting CVar [[r.Upscale.Quality:3]]
[2019.12.09-01.06.30:257][  0]LogConfig: Setting CVar [[r.Tonemapper.GrainQuantization:1]]
[2019.12.09-01.06.30:257][  0]LogConfig: Setting CVar [[r.LightShaftQuality:1]]
[2019.12.09-01.06.30:257][  0]LogConfig: Setting CVar [[r.Filter.SizeScale:1]]
[2019.12.09-01.06.30:257][  0]LogConfig: Setting CVar [[r.Tonemapper.Quality:5]]
[2019.12.09-01.06.30:257][  0]LogConfig: Setting CVar [[r.DOF.Gather.AccumulatorQuality:1        ; higher gathering accumulator quality]]
[2019.12.09-01.06.30:257][  0]LogConfig: Setting CVar [[r.DOF.Gather.PostfilterMethod:1          ; Median3x3 postfilering method]]
[2019.12.09-01.06.30:257][  0]LogConfig: Setting CVar [[r.DOF.Gather.EnableBokehSettings:0       ; no bokeh simulation when gathering]]
[2019.12.09-01.06.30:257][  0]LogConfig: Setting CVar [[r.DOF.Gather.RingCount:4                 ; medium number of samples when gathering]]
[2019.12.09-01.06.30:257][  0]LogConfig: Setting CVar [[r.DOF.Scatter.ForegroundCompositing:1    ; additive foreground scattering]]
[2019.12.09-01.06.30:257][  0]LogConfig: Setting CVar [[r.DOF.Scatter.BackgroundCompositing:2    ; additive background scattering]]
[2019.12.09-01.06.30:257][  0]LogConfig: Setting CVar [[r.DOF.Scatter.EnableBokehSettings:1      ; bokeh simulation when scattering]]
[2019.12.09-01.06.30:257][  0]LogConfig: Setting CVar [[r.DOF.Scatter.MaxSpriteRatio:0.1         ; only a maximum of 10% of scattered bokeh]]
[2019.12.09-01.06.30:257][  0]LogConfig: Setting CVar [[r.DOF.Recombine.Quality:1                ; cheap slight out of focus]]
[2019.12.09-01.06.30:257][  0]LogConfig: Setting CVar [[r.DOF.Recombine.EnableBokehSettings:0    ; no bokeh simulation on slight out of focus]]
[2019.12.09-01.06.30:257][  0]LogConfig: Setting CVar [[r.DOF.TemporalAAQuality:1                ; more stable temporal accumulation]]
[2019.12.09-01.06.30:257][  0]LogConfig: Setting CVar [[r.DOF.Kernel.MaxForegroundRadius:0.025]]
[2019.12.09-01.06.30:257][  0]LogConfig: Setting CVar [[r.DOF.Kernel.MaxBackgroundRadius:0.025]]
[2019.12.09-01.06.30:257][  0]LogConfig: Applying CVar settings from Section [TextureQuality@3] File [F:/University/Year 2/Games Development/GithubVers/NeonGlider/Neon_Glider(Kyle_Version)/Saved/Config/Windows/Scalability.ini]
[2019.12.09-01.06.30:257][  0]LogConfig: Setting CVar [[r.Streaming.MipBias:0]]
[2019.12.09-01.06.30:257][  0]LogConfig: Setting CVar [[r.Streaming.AmortizeCPUToGPUCopy:0]]
[2019.12.09-01.06.30:257][  0]LogConfig: Setting CVar [[r.Streaming.MaxNumTexturesToStreamPerFrame:0]]
[2019.12.09-01.06.30:257][  0]LogConfig: Setting CVar [[r.Streaming.Boost:1]]
[2019.12.09-01.06.30:257][  0]LogConfig: Setting CVar [[r.MaxAnisotropy:8]]
[2019.12.09-01.06.30:257][  0]LogConfig: Setting CVar [[r.Streaming.LimitPoolSizeToVRAM:0]]
[2019.12.09-01.06.30:257][  0]LogConfig: Setting CVar [[r.Streaming.PoolSize:1000]]
[2019.12.09-01.06.30:257][  0]LogConfig: Setting CVar [[r.Streaming.MaxEffectiveScreenSize:0]]
[2019.12.09-01.06.30:257][  0]LogConfig: Applying CVar settings from Section [EffectsQuality@3] File [F:/University/Year 2/Games Development/GithubVers/NeonGlider/Neon_Glider(Kyle_Version)/Saved/Config/Windows/Scalability.ini]
[2019.12.09-01.06.30:257][  0]LogConfig: Setting CVar [[r.TranslucencyLightingVolumeDim:64]]
[2019.12.09-01.06.30:258][  0]LogConfig: Setting CVar [[r.RefractionQuality:2]]
[2019.12.09-01.06.30:258][  0]LogConfig: Setting CVar [[r.SSR.Quality:3]]
[2019.12.09-01.06.30:258][  0]LogConfig: Setting CVar [[r.SceneColorFormat:4]]
[2019.12.09-01.06.30:258][  0]LogConfig: Setting CVar [[r.DetailMode:2]]
[2019.12.09-01.06.30:258][  0]LogConfig: Setting CVar [[r.TranslucencyVolumeBlur:1]]
[2019.12.09-01.06.30:258][  0]LogConfig: Setting CVar [[r.MaterialQualityLevel:1 ; High quality]]
[2019.12.09-01.06.30:258][  0]LogConfig: Setting CVar [[r.SSS.Scale:1]]
[2019.12.09-01.06.30:258][  0]LogConfig: Setting CVar [[r.SSS.SampleSet:2]]
[2019.12.09-01.06.30:258][  0]LogConfig: Setting CVar [[r.SSS.Quality:1]]
[2019.12.09-01.06.30:258][  0]LogConfig: Setting CVar [[r.SSS.HalfRes:1]]
[2019.12.09-01.06.30:258][  0]LogConfig: Setting CVar [[r.EmitterSpawnRateScale:1.0]]
[2019.12.09-01.06.30:258][  0]LogConfig: Setting CVar [[r.ParticleLightQuality:2]]
[2019.12.09-01.06.30:258][  0]LogConfig: Applying CVar settings from Section [FoliageQuality@3] File [F:/University/Year 2/Games Development/GithubVers/NeonGlider/Neon_Glider(Kyle_Version)/Saved/Config/Windows/Scalability.ini]
[2019.12.09-01.06.30:258][  0]LogConfig: Setting CVar [[foliage.DensityScale:1.0]]
[2019.12.09-01.06.30:258][  0]LogConfig: Setting CVar [[grass.DensityScale:1.0]]
[2019.12.09-01.06.30:258][  0]LogConfig: Applying CVar settings from Section [Startup] File [../../../Engine/Config/ConsoleVariables.ini]
[2019.12.09-01.06.30:258][  0]LogConfig: Setting CVar [[net.UseAdaptiveNetUpdateFrequency:0]]
[2019.12.09-01.06.30:259][  0]LogConfig: Applying CVar settings from Section [ConsoleVariables] File [F:/University/Year 2/Games Development/GithubVers/NeonGlider/Neon_Glider(Kyle_Version)/Saved/Config/Windows/Engine.ini]
[2019.12.09-01.06.30:259][  0]LogInit: Computer: TU39017
[2019.12.09-01.06.30:259][  0]LogInit: User: V8076248
[2019.12.09-01.06.30:259][  0]LogInit: CPU Page size=4096, Cores=6
[2019.12.09-01.06.30:259][  0]LogInit: High frequency timer resolution =10.000000 MHz
[2019.12.09-01.06.30:260][  0]LogMemory: Memory total: Physical=31.7GB (32GB approx)
[2019.12.09-01.06.30:260][  0]LogMemory: Platform Memory Stats for Windows
[2019.12.09-01.06.30:260][  0]LogMemory: Process Physical Memory: 106.02 MB used, 106.02 MB peak
[2019.12.09-01.06.30:260][  0]LogMemory: Process Virtual Memory: 98.69 MB used, 98.69 MB peak
[2019.12.09-01.06.30:260][  0]LogMemory: Physical Memory: 7682.78 MB used,  24784.66 MB free, 32467.44 MB total
[2019.12.09-01.06.30:260][  0]LogMemory: Virtual Memory: 4676.01 MB used,  134213048.00 MB free, 134217728.00 MB total
[2019.12.09-01.06.30:307][  0]LogInit: Using OS detected language (en-GB).
[2019.12.09-01.06.30:307][  0]LogInit: Using OS detected locale (en-GB).
[2019.12.09-01.06.30:308][  0]LogTextLocalizationManager: No specific localization for 'en-GB' exists, so the 'en' localization will be used.
[2019.12.09-01.06.30:652][  0]LogStreaming: Display: Took  0.344s to InitEngineTextLocalization.
[2019.12.09-01.06.30:652][  0]LogInit: Setting process to per monitor DPI aware
[2019.12.09-01.06.30:704][  0]LogSlate: New Slate User Created.  User Index 0, Is Virtual User: 0
[2019.12.09-01.06.30:704][  0]LogSlate: Slate User Registered.  User Index 0, Is Virtual User: 0
[2019.12.09-01.06.30:865][  0]LogHMD: Failed to initialize OpenVR with code 110
[2019.12.09-01.06.30:865][  0]LogD3D11RHI: D3D11 adapters:
[2019.12.09-01.06.30:916][  0]LogD3D11RHI:    0. 'NVIDIA GeForce GTX 1080 Ti' (Feature Level 11_0)
[2019.12.09-01.06.30:916][  0]LogD3D11RHI:       11127/0/16233 MB DedicatedVideo/DedicatedSystem/SharedSystem, Outputs:2, VendorId:0x10de
[2019.12.09-01.06.30:918][  0]LogD3D11RHI:    1. 'Microsoft Basic Render Driver' (Feature Level 11_0)
[2019.12.09-01.06.30:918][  0]LogD3D11RHI:       0/0/16233 MB DedicatedVideo/DedicatedSystem/SharedSystem, Outputs:0, VendorId:0x1414
[2019.12.09-01.06.30:918][  0]LogD3D11RHI: Chosen D3D11 Adapter: 0
[2019.12.09-01.06.30:923][  0]LogD3D11RHI: Creating new Direct3DDevice
[2019.12.09-01.06.30:923][  0]LogD3D11RHI:     GPU DeviceId: 0x1b06 (for the marketing name, search the web for "GPU Device Id")
[2019.12.09-01.06.30:923][  0]LogWindows: EnumDisplayDevices:
[2019.12.09-01.06.30:923][  0]LogWindows:    0. 'NVIDIA GeForce GTX 1080 Ti' (P:1 D:1)
[2019.12.09-01.06.30:924][  0]LogWindows:    1. 'NVIDIA GeForce GTX 1080 Ti' (P:0 D:1)
[2019.12.09-01.06.30:924][  0]LogWindows:    2. 'NVIDIA GeForce GTX 1080 Ti' (P:0 D:0)
[2019.12.09-01.06.30:924][  0]LogWindows:    3. 'NVIDIA GeForce GTX 1080 Ti' (P:0 D:0)
[2019.12.09-01.06.30:924][  0]LogWindows: DebugString: FoundDriverCount:4 
[2019.12.09-01.06.30:924][  0]LogD3D11RHI:     Adapter Name: NVIDIA GeForce GTX 1080 Ti
[2019.12.09-01.06.30:924][  0]LogD3D11RHI:   Driver Version: 431.70 (internal:26.21.14.3170, unified:431.70)
[2019.12.09-01.06.30:924][  0]LogD3D11RHI:      Driver Date: 7-24-2019
[2019.12.09-01.06.30:924][  0]LogRHI: Texture pool is 7788 MB (70% of 11127 MB)
[2019.12.09-01.06.30:957][  0]LogD3D11RHI: Async texture creation enabled
[2019.12.09-01.06.30:974][  0]LogD3D11RHI: GPU Timing Frequency: 1000.000000 (Debug: 2 1)
[2019.12.09-01.06.31:367][  0]LogTemp: Display: Loaded TP AllDesktopTargetPlatform
[2019.12.09-01.06.31:397][  0]LogTemp: Display: Loaded TP MacClientTargetPlatform
[2019.12.09-01.06.31:412][  0]LogTemp: Display: Loaded TP MacNoEditorTargetPlatform
[2019.12.09-01.06.31:424][  0]LogTemp: Display: Loaded TP MacServerTargetPlatform
[2019.12.09-01.06.31:435][  0]LogTemp: Display: Loaded TP MacTargetPlatform
[2019.12.09-01.06.31:446][  0]LogTemp: Display: Loaded TP WindowsClientTargetPlatform
[2019.12.09-01.06.31:457][  0]LogTemp: Display: Loaded TP WindowsNoEditorTargetPlatform
[2019.12.09-01.06.31:468][  0]LogTemp: Display: Loaded TP WindowsServerTargetPlatform
[2019.12.09-01.06.31:473][  0]LogTemp: Display: Loaded TP WindowsTargetPlatform
[2019.12.09-01.06.31:553][  0]LogTemp: Display: Loaded TP AndroidTargetPlatform
[2019.12.09-01.06.31:553][  0]LogTemp: Display: Loaded TP AndroidTargetPlatform
[2019.12.09-01.06.31:553][  0]LogTemp: Display: Loaded TP AndroidTargetPlatform
[2019.12.09-01.06.31:553][  0]LogTemp: Display: Loaded TP AndroidTargetPlatform
[2019.12.09-01.06.31:553][  0]LogTemp: Display: Loaded TP AndroidTargetPlatform
[2019.12.09-01.06.31:553][  0]LogTemp: Display: Loaded TP AndroidTargetPlatform
[2019.12.09-01.06.31:553][  0]LogTemp: Display: Loaded TP AndroidTargetPlatform
[2019.12.09-01.06.31:553][  0]LogTemp: Display: Loaded TP AndroidTargetPlatform
[2019.12.09-01.06.31:553][  0]LogTemp: Display: Loaded TP AndroidTargetPlatform
[2019.12.09-01.06.31:553][  0]LogTemp: Display: Loaded TP AndroidTargetPlatform
[2019.12.09-01.06.31:553][  0]LogTemp: Display: Loaded TP AndroidTargetPlatform
[2019.12.09-01.06.31:553][  0]LogTemp: Display: Loaded TP AndroidTargetPlatform
[2019.12.09-01.06.31:553][  0]LogTemp: Display: Loaded TP AndroidTargetPlatform
[2019.12.09-01.06.31:553][  0]LogTemp: Display: Loaded TP AndroidTargetPlatform
[2019.12.09-01.06.31:553][  0]LogTemp: Display: Loaded TP AndroidTargetPlatform
[2019.12.09-01.06.31:553][  0]LogTemp: Display: Loaded TP AndroidTargetPlatform
[2019.12.09-01.06.31:553][  0]LogTemp: Display: Loaded TP AndroidTargetPlatform
[2019.12.09-01.06.31:553][  0]LogTemp: Display: Loaded TP AndroidTargetPlatform
[2019.12.09-01.06.31:555][  0]LogTemp: Display: Loaded TP HTML5TargetPlatform
[2019.12.09-01.06.31:633][  0]LogTemp: Display: Loaded TP IOSTargetPlatform
[2019.12.09-01.06.31:633][  0]LogTemp: Display: Loaded TP IOSTargetPlatform
[2019.12.09-01.06.31:653][  0]LogTemp: Display: Loaded TP TVOSTargetPlatform
[2019.12.09-01.06.31:654][  0]LogTemp: Display: Loaded TP TVOSTargetPlatform
[2019.12.09-01.06.31:664][  0]LogTemp: Display: Loaded TP LinuxClientTargetPlatform
[2019.12.09-01.06.31:675][  0]LogTemp: Display: Loaded TP LinuxNoEditorTargetPlatform
[2019.12.09-01.06.31:703][  0]LogTemp: Display: Loaded TP LinuxServerTargetPlatform
[2019.12.09-01.06.31:715][  0]LogTemp: Display: Loaded TP LinuxTargetPlatform
[2019.12.09-01.06.31:753][  0]LogTemp: Display: Loaded TP LuminTargetPlatform
[2019.12.09-01.06.31:753][  0]LogTemp: Display: Loaded TP LuminTargetPlatform
[2019.12.09-01.06.31:753][  0]LogTargetPlatformManager: Display: Building Assets For Windows
[2019.12.09-01.06.31:807][  0]LogShaderCompilers: Guid format shader working directory is -38 characters bigger than the processId version (F:/University/Year 2/Games Development/GithubVers/NeonGlider/Neon_Glider(Kyle_Version)/Intermediate/Shaders/WorkingDirectory/15024/).
[2019.12.09-01.06.31:807][  0]LogShaderCompilers: Cleaned the shader compiler working directory 'C:/Users/V8076248/AppData/Local/Temp/UnrealShaderWorkingDir/ECC54FA049E0CA0A45732BAB71F2660C/'.
[2019.12.09-01.06.31:809][  0]LogXGEController: Cannot use XGE Controller as Incredibuild is not installed on this machine.
[2019.12.09-01.06.31:809][  0]LogShaderCompilers: Cannot use XGE Shader Compiler as Incredibuild is not installed on this machine.
[2019.12.09-01.06.31:809][  0]LogShaderCompilers: Display: Using Local Shader Compiler.
[2019.12.09-01.06.32:284][  0]LogDerivedDataCache: Display: Max Cache Size: 512 MB
[2019.12.09-01.06.32:335][  0]LogDerivedDataCache: Loaded boot cache 0.05s 86MB C:/Users/V8076248/AppData/Local/UnrealEngine/4.21/DerivedDataCache/Boot.ddc.
[2019.12.09-01.06.32:335][  0]LogDerivedDataCache: Display: Loaded Boot cache: C:/Users/V8076248/AppData/Local/UnrealEngine/4.21/DerivedDataCache/Boot.ddc
[2019.12.09-01.06.32:335][  0]LogDerivedDataCache: FDerivedDataBackendGraph:  Pak pak cache file F:/University/Year 2/Games Development/GithubVers/NeonGlider/Neon_Glider(Kyle_Version)/DerivedDataCache/DDC.ddp not found, will not use a pak cache.
[2019.12.09-01.06.32:335][  0]LogDerivedDataCache: Unable to find inner node Pak for hierarchical cache Hierarchy.
[2019.12.09-01.06.32:335][  0]LogDerivedDataCache: FDerivedDataBackendGraph:  CompressedPak pak cache file F:/University/Year 2/Games Development/GithubVers/NeonGlider/Neon_Glider(Kyle_Version)/DerivedDataCache/Compressed.ddp not found, will not use a pak cache.
[2019.12.09-01.06.32:335][  0]LogDerivedDataCache: Unable to find inner node CompressedPak for hierarchical cache Hierarchy.
[2019.12.09-01.06.32:349][  0]LogDerivedDataCache: Display: Pak cache opened for reading ../../../Engine/DerivedDataCache/Compressed.ddp.
[2019.12.09-01.06.32:349][  0]LogDerivedDataCache: FDerivedDataBackendGraph:  EnterprisePak pak cache file ../../../Enterprise/DerivedDataCache/Compressed.ddp not found, will not use a pak cache.
[2019.12.09-01.06.32:349][  0]LogDerivedDataCache: Unable to find inner node EnterprisePak for hierarchical cache Hierarchy.
[2019.12.09-01.06.32:361][  0]LogDerivedDataCache: Using Local data cache path C:/Users/V8076248/AppData/Local/UnrealEngine/Common/DerivedDataCache: Writable
[2019.12.09-01.06.32:361][  0]LogDerivedDataCache: Shared data cache path not found in *engine.ini, will not use an Shared cache.
[2019.12.09-01.06.32:361][  0]LogDerivedDataCache: Unable to find inner node Shared for hierarchical cache Hierarchy.
[2019.12.09-01.06.32:383][  0]LogMaterial: Verifying Global Shaders for PCD3D_SM5
[2019.12.09-01.06.32:384][  0]LogSlate: Using FreeType 2.6.0
[2019.12.09-01.06.32:384][  0]LogSlate: SlateFontServices - WITH_FREETYPE: 1, WITH_HARFBUZZ: 1
[2019.12.09-01.06.32:459][  0]LogAssetRegistry: FAssetRegistry took 0.0322 seconds to start up
[2019.12.09-01.06.32:765][  0]LogInit: Selected Device Profile: [Windows]
[2019.12.09-01.06.32:951][  0]LogSimplygon: Simplygon DLL not present - disabling.
[2019.12.09-01.06.32:955][  0]LogMeshReduction: Using SimplygonSwarm for distributed automatic mesh merging
[2019.12.09-01.06.32:955][  0]LogMeshReduction: Using ProxyLODMeshReduction for automatic mesh merging
[2019.12.09-01.06.32:955][  0]LogMeshReduction: Using QuadricMeshReduction for automatic static mesh reduction
[2019.12.09-01.06.32:955][  0]LogMeshReduction: No automatic skeletal mesh reduction module available
[2019.12.09-01.06.32:967][  0]LogNetVersion: NeonGlider 1.0.0, NetCL: 4541578, EngineNetVer: 5, GameNetVer: 0 (Checksum: 1337179755)
[2019.12.09-01.06.34:239][  0]LogPackageLocalizationCache: Processed 11 localized package path(s) for 2 prioritized culture(s) in 0.783080 seconds
[2019.12.09-01.06.34:251][  0]LogUObjectArray: 39775 objects as part of root set at end of initial load.
[2019.12.09-01.06.34:251][  0]LogUObjectAllocator: 6914656 out of 0 bytes used by permanent object pool.
[2019.12.09-01.06.34:251][  0]LogUObjectArray: CloseDisregardForGC: 0/0 objects in disregard for GC pool
[2019.12.09-01.06.35:031][  0]LogTcpMessaging: Initializing TcpMessaging bridge
[2019.12.09-01.06.35:046][  0]LogUdpMessaging: Initializing bridge on interface 0.0.0.0:0 to multicast group 230.0.0.1:6666.
[2019.12.09-01.06.35:687][  0]SourceControl: Source control is disabled
[2019.12.09-01.06.35:687][  0]SourceControl: Source control is disabled
[2019.12.09-01.06.35:689][  0]SourceControl: Source control is disabled
[2019.12.09-01.06.35:690][  0]SourceControl: Source control is disabled
[2019.12.09-01.06.35:854][  0]LogAndroidPermission: UAndroidPermissionCallbackProxy::GetInstance
[2019.12.09-01.06.35:983][  0]LogOcInput: OculusInput pre-init called
[2019.12.09-01.06.36:153][  0]LogEngine: Initializing Engine...
[2019.12.09-01.06.36:153][  0]LogHMD: Failed to initialize OpenVR with code 110
[2019.12.09-01.06.36:155][  0]LogStats: UGameplayTagsManager::ConstructGameplayTagTree: ImportINI prefixes -  0.000 s
[2019.12.09-01.06.36:155][  0]LogStats: UGameplayTagsManager::ConstructGameplayTagTree: Construct from data asset -  0.000 s
[2019.12.09-01.06.36:155][  0]LogStats: UGameplayTagsManager::ConstructGameplayTagTree: ImportINI -  0.000 s
[2019.12.09-01.06.36:155][  0]LogStats: UGameplayTagsManager::ConstructGameplayTagTree: GameplayTagTreeChangedEvent.Broadcast -  0.000 s
[2019.12.09-01.06.36:444][  0]LogInit: Initializing FReadOnlyCVARCache
[2019.12.09-01.06.36:462][  0]LogAIModule: Creating AISystem for world Untitled
[2019.12.09-01.06.36:476][  0]LogInit: XAudio2 using 'Headset Earphone (HyperX Virtual Surround Sound)' : 2 channels at 48 kHz using 16 bits per sample (channel mask 0x3)
[2019.12.09-01.06.36:510][  0]LogInit: FAudioDevice initialized.
[2019.12.09-01.06.36:510][  0]LogNetVersion: Set ProjectVersion to 1.0.0.0. Version Checksum will be recalculated on next use.
[2019.12.09-01.06.36:593][  0]LogDerivedDataCache: Saved boot cache 0.08s 86MB C:/Users/V8076248/AppData/Local/UnrealEngine/4.21/DerivedDataCache/Boot.ddc.
[2019.12.09-01.06.36:610][  0]LogInit: Texture streaming: Enabled
[2019.12.09-01.06.36:626][  0]LogEngineSessionManager: EngineSessionManager initialized
[2019.12.09-01.06.36:648][  0]LogInit: Transaction tracking system initialized
[2019.12.09-01.06.36:665][  0]BlueprintLog: New page: Editor Load
[2019.12.09-01.06.36:753][  0]LocalizationService: Localization service is disabled
[2019.12.09-01.06.37:715][  0]LogFileCache: Scanning file cache for directory 'F:/University/Year 2/Games Development/GithubVers/NeonGlider/Neon_Glider(Kyle_Version)/Content/' took 0.02s
[2019.12.09-01.06.37:715][  0]LogCook: Display: Max memory allowance for cook 16384mb min free memory 0mb
[2019.12.09-01.06.37:715][  0]LogCook: Display: Mobile HDR setting 1
[2019.12.09-01.06.37:715][  0]LogGameplayTags: Display: UGameplayTagsManager::DoneAddingNativeTags. DelegateIsBound: 0
[2019.12.09-01.06.37:715][  0]LogStats: UGameplayTagsManager::ConstructGameplayTagTree: ImportINI prefixes -  0.000 s
[2019.12.09-01.06.37:715][  0]LogStats: UGameplayTagsManager::ConstructGameplayTagTree: Construct from data asset -  0.000 s
[2019.12.09-01.06.37:715][  0]LogStats: UGameplayTagsManager::ConstructGameplayTagTree: ImportINI -  0.000 s
[2019.12.09-01.06.37:715][  0]LogStats: UGameplayTagsManager::ConstructGameplayTagTree: GameplayTagTreeChangedEvent.Broadcast -  0.000 s
[2019.12.09-01.06.37:809][  0]SourceControl: Source control is disabled
[2019.12.09-01.06.37:809][  0]Cmd: MAP LOAD FILE="F:/University/Year 2/Games Development/GithubVers/NeonGlider/Neon_Glider(Kyle_Version)/Content/TwinStickBP/Maps/MainMAp.umap" TEMPLATE=0 SHOWPROGRESS=1 FEATURELEVEL=3
[2019.12.09-01.06.37:857][  0]LightingResults: New page: Lighting Build
[2019.12.09-01.06.37:863][  0]MapCheck: New page: Map Check
[2019.12.09-01.06.37:863][  0]LightingResults: New page: Lighting Build
[2019.12.09-01.06.40:776][  0]LogTexture: Display: Building textures: ThumbnailTexture (DXT1, 512X512)
[2019.12.09-01.06.40:776][  0]LogMaterial: Display: Missing cached shader map for material M_MainNeonMaster, compiling. 
[2019.12.09-01.06.40:856][  0]LogShaderCompilers: Display: Shaders left to compile 69
[2019.12.09-01.06.40:856][  0]LogShaderCompilers: Display: Shaders left to compile 59
[2019.12.09-01.06.40:856][  0]LogShaderCompilers: Display: Shaders left to compile 49
[2019.12.09-01.06.40:856][  0]LogShaderCompilers: Display: Shaders left to compile 39
[2019.12.09-01.06.40:856][  0]LogShaderCompilers: Display: Shaders left to compile 29
[2019.12.09-01.06.40:856][  0]LogShaderCompilers: Display: Shaders left to compile 19
[2019.12.09-01.06.40:856][  0]LogShaderCompilers: Display: Shaders left to compile 9
[2019.12.09-01.06.40:873][  0]LogStaticMesh: Building static mesh SM_Beyblade...
[2019.12.09-01.06.40:878][  0]LogStaticMesh: Built static mesh [0.00s] /Game/TwinStickBP/Art/StaticMeshes/SM_Beyblade.SM_Beyblade
[2019.12.09-01.06.40:922][  0]LogStaticMesh: Building static mesh SM_Tank_Turret...
[2019.12.09-01.06.40:940][  0]LogStaticMesh: Built static mesh [0.02s] /Game/TwinStickBP/Art/StaticMeshes/SM_Tank_Turret.SM_Tank_Turret
[2019.12.09-01.06.40:948][  0]LogStaticMesh: Building static mesh SM_Tank_Base...
[2019.12.09-01.06.40:974][  0]LogStaticMesh: Built static mesh [0.03s] /Game/TwinStickBP/Art/StaticMeshes/SM_Tank_Base.SM_Tank_Base
[2019.12.09-01.06.41:023][  0]LogStaticMesh: Building static mesh SM_Enemy_Shooter...
[2019.12.09-01.06.41:057][  0]LogStaticMesh: Built static mesh [0.03s] /Game/TwinStickBP/Art/StaticMeshes/SM_Enemy_Shooter.SM_Enemy_Shooter
[2019.12.09-01.06.41:072][  0]LogStaticMesh: Building static mesh SM_Damage_Pickup...
[2019.12.09-01.06.41:078][  0]LogStaticMesh: Built static mesh [0.01s] /Game/TwinStickBP/Art/StaticMeshes/SM_Damage_Pickup.SM_Damage_Pickup
[2019.12.09-01.06.41:089][  0]LogStaticMesh: Building static mesh SM_Turret...
[2019.12.09-01.06.41:105][  0]LogStaticMesh: Built static mesh [0.02s] /Game/TwinStickBP/Art/StaticMeshes/SM_Turret.SM_Turret
[2019.12.09-01.06.41:272][  0]LogStaticMesh: Building static mesh SM_ArrowCharacter...
[2019.12.09-01.06.41:276][  0]LogStaticMesh: Built static mesh [0.00s] /Game/TwinStickBP/Art/StaticMeshes/SM_ArrowCharacter.SM_ArrowCharacter
[2019.12.09-01.06.41:342][  0]LogStaticMesh: Building static mesh SM_Health_Pickup...
[2019.12.09-01.06.41:350][  0]LogStaticMesh: Built static mesh [0.01s] /Game/TwinStickBP/Art/StaticMeshes/SM_Health_Pickup.SM_Health_Pickup
[2019.12.09-01.06.41:484][  0]LogMaterial: Display: Missing cached shader map for material M_MasterText, compiling. 
[2019.12.09-01.06.41:537][  0]LogShaderCompilers: Display: Shaders left to compile 45
[2019.12.09-01.06.41:537][  0]LogShaderCompilers: Display: Shaders left to compile 35
[2019.12.09-01.06.41:537][  0]LogMaterial: Display: Missing cached shader map for material M_DamageFlash, compiling. 
[2019.12.09-01.06.41:561][  0]LogAudioDerivedData: Display: Building compressed audio format OGG hash OGG wave Tick-Tock...
[2019.12.09-01.06.41:591][  0]LogAudioDerivedData: Display: Updated SoundWave->RawPCMDataSize from 0 to 176548 while cooking SoundWave /Game/TwinStickBP/Audio/Tick-Tock.Tick-Tock.
[2019.12.09-01.06.41:592][  0]LogAudioDerivedData: Display: Building compressed audio format OGG hash OGG wave Power-Up...
[2019.12.09-01.06.41:603][  0]LogAudioDerivedData: Display: Updated SoundWave->RawPCMDataSize from 0 to 48260 while cooking SoundWave /Game/TwinStickBP/Audio/Power-Up.Power-Up.
[2019.12.09-01.06.41:608][  0]LogAudioDerivedData: Display: Building compressed audio format OGG hash OGG wave Health...
[2019.12.09-01.06.41:655][  0]LogAudioDerivedData: Display: Updated SoundWave->RawPCMDataSize from 0 to 394824 while cooking SoundWave /Game/TwinStickBP/Audio/Health.Health.
[2019.12.09-01.06.41:789][  0]LogAIModule: Creating AISystem for world MainMap
[2019.12.09-01.06.41:821][  0]LogEditorServer: Finished looking for orphan Actors (0.000 secs)
[2019.12.09-01.06.41:869][  0]Cmd: MAP CHECKDEP NOCLEARLOG
[2019.12.09-01.06.41:869][  0]MapCheck: Map check complete: 0 Error(s), 0 Warning(s), took 0.121ms to complete.
[2019.12.09-01.06.41:869][  0]LogFileHelpers: Loading map 'MainMAp' took 4.051
[2019.12.09-01.06.41:965][  0]LogSlate: Updating window title bar state: overlay mode, drag disabled, window buttons hidden, title bar hidden
[2019.12.09-01.06.41:976][  0]LogSlate: Updating window title bar state: overlay mode, drag disabled, window buttons hidden, title bar hidden
[2019.12.09-01.06.41:985][  0]LogSlate: Updating window title bar state: overlay mode, drag disabled, window buttons hidden, title bar hidden
[2019.12.09-01.06.41:995][  0]LogSlate: Updating window title bar state: overlay mode, drag disabled, window buttons hidden, title bar hidden
[2019.12.09-01.06.42:002][  0]LogCollectionManager: Loaded 0 collections in 0.002102 seconds
[2019.12.09-01.06.42:043][  0]LogFileCache: Scanning file cache for directory 'F:/University/Year 2/Games Development/GithubVers/NeonGlider/Neon_Glider(Kyle_Version)/Saved/Collections/' took 0.01s
[2019.12.09-01.06.42:043][  0]LogFileCache: Scanning file cache for directory 'F:/University/Year 2/Games Development/GithubVers/NeonGlider/Neon_Glider(Kyle_Version)/Content/Developers/V8076248/Collections/' took 0.01s
[2019.12.09-01.06.42:043][  0]LogFileCache: Scanning file cache for directory 'F:/University/Year 2/Games Development/GithubVers/NeonGlider/Neon_Glider(Kyle_Version)/Content/Collections/' took 0.01s
[2019.12.09-01.06.42:043][  0]LogCollectionManager: Rebuilt the GUID cache for 0 collections in 0.000001 seconds
[2019.12.09-01.06.42:056][  0]LogContentBrowser: Native class hierarchy populated in 0.0128 seconds. Added 2651 classes and 620 folders.
[2019.12.09-01.06.42:064][  0]LogContentBrowser: Native class hierarchy updated for 'WidgetCarousel' in 0.0004 seconds. Added 0 classes and 0 folders.
[2019.12.09-01.06.42:066][  0]LogPakFile: Registered encryption key '00000000000000000000000000000000': 0 pak files mounted, 0 remain pending
[2019.12.09-01.06.42:066][  0]LogPakFile: Registered encryption key '00000000000000000000000000000000': 0 pak files mounted, 0 remain pending
[2019.12.09-01.06.42:067][  0]LogPakFile: Registered encryption key '00000000000000000000000000000000': 0 pak files mounted, 0 remain pending
[2019.12.09-01.06.42:068][  0]LogPakFile: Registered encryption key '00000000000000000000000000000000': 0 pak files mounted, 0 remain pending
[2019.12.09-01.06.42:068][  0]LogPakFile: Registered encryption key '00000000000000000000000000000000': 0 pak files mounted, 0 remain pending
[2019.12.09-01.06.42:069][  0]LogPakFile: Registered encryption key '00000000000000000000000000000000': 0 pak files mounted, 0 remain pending
[2019.12.09-01.06.42:069][  0]LogPakFile: Registered encryption key '00000000000000000000000000000000': 0 pak files mounted, 0 remain pending
[2019.12.09-01.06.42:070][  0]LogPakFile: Registered encryption key '00000000000000000000000000000000': 0 pak files mounted, 0 remain pending
[2019.12.09-01.06.42:070][  0]LogPakFile: Registered encryption key '00000000000000000000000000000000': 0 pak files mounted, 0 remain pending
[2019.12.09-01.06.42:071][  0]LogPakFile: Registered encryption key '00000000000000000000000000000000': 0 pak files mounted, 0 remain pending
[2019.12.09-01.06.42:071][  0]LogPakFile: Registered encryption key '00000000000000000000000000000000': 0 pak files mounted, 0 remain pending
[2019.12.09-01.06.42:072][  0]LogPakFile: Registered encryption key '00000000000000000000000000000000': 0 pak files mounted, 0 remain pending
[2019.12.09-01.06.42:073][  0]LogPakFile: Registered encryption key '00000000000000000000000000000000': 0 pak files mounted, 0 remain pending
[2019.12.09-01.06.42:073][  0]LogPakFile: Registered encryption key '00000000000000000000000000000000': 0 pak files mounted, 0 remain pending
[2019.12.09-01.06.42:074][  0]LogPakFile: Registered encryption key '00000000000000000000000000000000': 0 pak files mounted, 0 remain pending
[2019.12.09-01.06.42:074][  0]LogPakFile: Registered encryption key '00000000000000000000000000000000': 0 pak files mounted, 0 remain pending
[2019.12.09-01.06.42:074][  0]LogPakFile: Registered encryption key '00000000000000000000000000000000': 0 pak files mounted, 0 remain pending
[2019.12.09-01.06.42:075][  0]LogPakFile: Registered encryption key '00000000000000000000000000000000': 0 pak files mounted, 0 remain pending
[2019.12.09-01.06.42:075][  0]LogPakFile: Registered encryption key '00000000000000000000000000000000': 0 pak files mounted, 0 remain pending
[2019.12.09-01.06.42:076][  0]LogPakFile: Registered encryption key '00000000000000000000000000000000': 0 pak files mounted, 0 remain pending
[2019.12.09-01.06.42:076][  0]LogPakFile: Registered encryption key '00000000000000000000000000000000': 0 pak files mounted, 0 remain pending
[2019.12.09-01.06.42:077][  0]LogPakFile: Registered encryption key '00000000000000000000000000000000': 0 pak files mounted, 0 remain pending
[2019.12.09-01.06.42:078][  0]LogPakFile: Registered encryption key '00000000000000000000000000000000': 0 pak files mounted, 0 remain pending
[2019.12.09-01.06.42:078][  0]LogPakFile: Registered encryption key '00000000000000000000000000000000': 0 pak files mounted, 0 remain pending
[2019.12.09-01.06.42:079][  0]LogPakFile: Registered encryption key '00000000000000000000000000000000': 0 pak files mounted, 0 remain pending
[2019.12.09-01.06.42:079][  0]LogPakFile: Registered encryption key '00000000000000000000000000000000': 0 pak files mounted, 0 remain pending
[2019.12.09-01.06.42:116][  0]LogContentBrowser: Native class hierarchy updated for 'AddContentDialog' in 0.0004 seconds. Added 0 classes and 0 folders.
[2019.12.09-01.06.42:123][  0]LogContentBrowser: Native class hierarchy updated for 'SceneOutliner' in 0.0004 seconds. Added 1 classes and 2 folders.
[2019.12.09-01.06.42:221][  0]LogSlate: Took 0.000216 seconds to synchronously load lazily loaded font '../../../Engine/Content/Slate/Fonts/Roboto-Regular.ttf' (155K)
[2019.12.09-01.06.42:223][  0]LogSlate: Took 0.000173 seconds to synchronously load lazily loaded font '../../../Engine/Content/Slate/Fonts/Roboto-Bold.ttf' (160K)
[2019.12.09-01.06.42:228][  0]LogSlate: Took 0.000259 seconds to synchronously load lazily loaded font '../../../Engine/Content/Editor/Slate/Fonts/FontAwesome.ttf' (139K)
[2019.12.09-01.06.42:335][  0]LogRenderer: Reallocating scene render targets to support 1208x652 Format 10 NumSamples 1 (Frame:1).
[2019.12.09-01.06.42:436][  0]LogSlate: FSceneViewport::OnFocusLost() reason 2
[2019.12.09-01.06.42:455][  0]LogSlate: Window 'Tutorials' being destroyed
[2019.12.09-01.06.42:489][  0]LogContentBrowser: Native class hierarchy updated for 'HierarchicalLODOutliner' in 0.0006 seconds. Added 0 classes and 0 folders.
[2019.12.09-01.06.42:489][  0]LogLoad: (Engine Initialization) Total time: 15.74 seconds
[2019.12.09-01.06.42:489][  0]LogLoad: (Engine Initialization) Total Blueprint compile time: 0.00 seconds
[2019.12.09-01.06.42:574][  0]LogContentStreaming: Texture pool size now 1000 MB
[2019.12.09-01.06.42:619][  0]LogSlate: Took 0.000228 seconds to synchronously load lazily loaded font '../../../Engine/Content/Slate/Fonts/Roboto-Light.ttf' (167K)
[2019.12.09-01.06.42:637][  1]LogFileCache: Retrieving MD5 hashes for directory 'F:/University/Year 2/Games Development/GithubVers/NeonGlider/Neon_Glider(Kyle_Version)/Content/' took 0.12s
[2019.12.09-01.06.42:948][  5]LogShaderCompilers: Display: Shaders left to compile 47
[2019.12.09-01.06.43:185][  8]LogShaderCompilers: Display: Shaders left to compile 37
[2019.12.09-01.06.43:277][  9]LogAssetRegistry: Asset discovery search completed in 10.8173 seconds
[2019.12.09-01.06.43:279][  9]LogCollectionManager: Rebuilt the object cache for 0 collections in 0.000001 seconds (found 0 objects)
[2019.12.09-01.06.43:279][  9]LogCollectionManager: Fixed up redirectors for 0 collections in 0.000081 seconds (updated 0 objects)
[2019.12.09-01.06.43:332][ 10]LogShaderCompilers: Display: Shaders left to compile 27
[2019.12.09-01.06.43:445][ 16]LogShaderCompilers: Display: Shaders left to compile 17
[2019.12.09-01.06.43:548][ 21]LogShaderCompilers: Display: Shaders left to compile 7
[2019.12.09-01.07.01:354][365]LogEditorViewport: Clicking on Actor (CTRL LMB): StaticMeshActor (Floor)
[2019.12.09-01.07.01:870][410]LogSlate: FSceneViewport::OnFocusLost() reason 2
[2019.12.09-01.07.09:627][239]LogEditorViewport: Clicking on Actor (LMB): StaticMeshActor (Floor)
[2019.12.09-01.07.19:727][315]LogEditorViewport: Clicking on Actor (LMB): TextRenderActor (TemplateLabel)
[2019.12.09-01.07.20:645][409]Cmd: DELETE
[2019.12.09-01.07.20:645][409]Cmd: ACTOR DELETE
[2019.12.09-01.07.20:687][409]LogEditorActor: Deleted Actor: TextRenderActor
[2019.12.09-01.07.20:735][409]LogEditorActor: Deleted 1 Actors (0.090 secs)
[2019.12.09-01.07.22:778][648]LogEditorViewport: Clicking on Actor (LMB): BP_BossTest_C (BP_BossTest)
[2019.12.09-01.07.23:561][727]Cmd: DELETE
[2019.12.09-01.07.23:561][727]Cmd: ACTOR DELETE
[2019.12.09-01.07.23:570][727]LogEditorActor: Deleted Actor: BP_BossTest_C
[2019.12.09-01.07.23:608][727]LogEditorActor: Deleted 1 Actors (0.046 secs)
[2019.12.09-01.07.24:675][852]LogSlate: FSceneViewport::OnFocusLost() reason 0
[2019.12.09-01.07.24:758][862]LogTemp: Repeating last play command: Selected Viewport
[2019.12.09-01.07.24:779][862]LogBlueprintUserMessages: Early PlayInEditor Detection: Level '/Game/TwinStickBP/Maps/MainMAp.MainMap:PersistentLevel' has LevelScriptBlueprint '/Game/TwinStickBP/Maps/MainMAp.MainMap:PersistentLevel.MainMap' with GeneratedClass '/Game/TwinStickBP/Maps/MainMAp.MainMap_C' with ClassGeneratedBy '/Game/TwinStickBP/Maps/MainMAp.MainMap:PersistentLevel.MainMap'
[2019.12.09-01.07.24:780][862]LogPlayLevel: PlayLevel: No blueprints needed recompiling
[2019.12.09-01.07.24:780][862]PIE: New page: PIE session: MainMAp (9 Dec 2019 01:07:24)
[2019.12.09-01.07.24:792][862]LogPlayLevel: Creating play world package: /Game/TwinStickBP/Maps/UEDPIE_0_MainMAp
[2019.12.09-01.07.24:800][862]LogPlayLevel: PIE: StaticDuplicateObject took: (0.007070s)
[2019.12.09-01.07.24:800][862]LogAIModule: Creating AISystem for world MainMap
[2019.12.09-01.07.24:800][862]LogPlayLevel: PIE: World Init took: (0.000543s)
[2019.12.09-01.07.24:800][862]LogPlayLevel: PIE: Created PIE world by copying editor world from /Game/TwinStickBP/Maps/MainMAp.MainMap to /Game/TwinStickBP/Maps/UEDPIE_0_MainMAp.MainMap (0.007805s)
[2019.12.09-01.07.24:850][862]LogInit: XAudio2 using 'Headset Earphone (HyperX Virtual Surround Sound)' : 2 channels at 48 kHz using 16 bits per sample (channel mask 0x3)
[2019.12.09-01.07.24:861][862]LogInit: FAudioDevice initialized.
[2019.12.09-01.07.24:910][862]LogLoad: Game class is 'BP_Gamemode_C'
[2019.12.09-01.07.24:915][862]LogWorld: Bringing World /Game/TwinStickBP/Maps/UEDPIE_0_MainMAp.MainMap up for play (max tick rate 0) at 2019.12.09-01.07.24
[2019.12.09-01.07.24:917][862]LogWorld: Bringing up level for play took: 0.004490
[2019.12.09-01.07.24:941][862]LogContentBrowser: Native class hierarchy updated for 'MovieSceneCapture' in 0.0007 seconds. Added 20 classes and 0 folders.
[2019.12.09-01.07.24:944][862]PIE: Play in editor start time for /Game/TwinStickBP/Maps/UEDPIE_0_MainMAp 0.083
[2019.12.09-01.07.24:944][862]LogBlueprintUserMessages: Late PlayInEditor Detection: Level '/Game/TwinStickBP/Maps/MainMAp.MainMap:PersistentLevel' has LevelScriptBlueprint '/Game/TwinStickBP/Maps/MainMAp.MainMap:PersistentLevel.MainMap' with GeneratedClass '/Game/TwinStickBP/Maps/MainMAp.MainMap_C' with ClassGeneratedBy '/Game/TwinStickBP/Maps/MainMAp.MainMap:PersistentLevel.MainMap'
[2019.12.09-01.07.37:174][159]LogSlate: FSceneViewport::OnFocusLost() reason 0
[2019.12.09-01.07.44:638][ 39]LogBlueprintUserMessages: Early EndPlayMap Detection: Level '/Game/TwinStickBP/Maps/MainMAp.MainMap:PersistentLevel' has LevelScriptBlueprint '/Game/TwinStickBP/Maps/MainMAp.MainMap:PersistentLevel.MainMap' with GeneratedClass '/Game/TwinStickBP/Maps/MainMAp.MainMap_C' with ClassGeneratedBy '/Game/TwinStickBP/Maps/MainMAp.MainMap:PersistentLevel.MainMap'
[2019.12.09-01.07.44:638][ 39]LogSlate: Updating window title bar state: overlay mode, drag disabled, window buttons hidden, title bar hidden
[2019.12.09-01.07.44:679][ 39]LogPlayLevel: Display: Shutting down PIE online subsystems
[2019.12.09-01.07.44:679][ 39]LogBlueprintUserMessages: Late EndPlayMap Detection: Level '/Game/TwinStickBP/Maps/MainMAp.MainMap:PersistentLevel' has LevelScriptBlueprint '/Game/TwinStickBP/Maps/MainMAp.MainMap:PersistentLevel.MainMap' with GeneratedClass '/Game/TwinStickBP/Maps/MainMAp.MainMap_C' with ClassGeneratedBy '/Game/TwinStickBP/Maps/MainMAp.MainMap:PersistentLevel.MainMap'
[2019.12.09-01.07.44:729][ 39]LogSlate: Updating window title bar state: overlay mode, drag disabled, window buttons hidden, title bar hidden
[2019.12.09-01.07.44:749][ 40]LogPlayLevel: Display: Destroying online subsystem :Context_3
[2019.12.09-01.10.27:643][864]LogSlate: FSceneViewport::OnFocusLost() reason 0
[2019.12.09-01.10.33:157][463]LogEditorViewport: Clicking on Actor (LMB): StaticMeshActor (Floor)
[2019.12.09-01.10.34:239][557]LogRenderer: Reallocating scene render targets to support 1328x740 Format 10 NumSamples 1 (Frame:3587).
[2019.12.09-01.10.34:310][558]LogRenderer: Reallocating scene render targets to support 1920x1160 Format 10 NumSamples 1 (Frame:3589).
[2019.12.09-01.10.34:310][558]LogSlate: FSceneViewport::OnFocusLost() reason 2
[2019.12.09-01.10.35:377][645]LogSlate: FSceneViewport::OnFocusLost() reason 2
[2019.12.09-01.10.36:465][761]LogSlate: FSceneViewport::OnFocusLost() reason 0
[2019.12.09-01.11.01:246][358]LogSlate: Took 0.000203 seconds to synchronously load lazily loaded font '../../../Engine/Content/Slate/Fonts/Roboto-Light.ttf' (167K)
[2019.12.09-01.11.01:475][358]LogLinker: Warning: Can't find file '/Game/TwinStickBP/Art/StaticMeshes/lambert1'
[2019.12.09-01.11.01:475][358]LogLinker: Warning: Can't find file for asset '/Game/TwinStickBP/Art/StaticMeshes/lambert1' while loading F:/University/Year 2/Games Development/GithubVers/NeonGlider/Neon_Glider(Kyle_Version)/Content/TwinStickBP/Art/StaticMeshes/SM_Cube.uasset.
[2019.12.09-01.11.01:476][358]LoadErrors: Error: /Game/TwinStickBP/Art/StaticMeshes/SM_Cube : Can't find file for asset. /Game/TwinStickBP/Art/StaticMeshes/lambert1
[2019.12.09-01.11.01:476][358]LogLinker: Warning: Can't find file '/Game/TwinStickBP/Art/StaticMeshes/lambert1'
[2019.12.09-01.11.01:476][358]LogLinker: Warning: Can't find file for asset '/Game/TwinStickBP/Art/StaticMeshes/lambert1' while loading F:/University/Year 2/Games Development/GithubVers/NeonGlider/Neon_Glider(Kyle_Version)/Content/TwinStickBP/Art/StaticMeshes/SM_Cube.uasset.
[2019.12.09-01.11.01:659][358]LogTexture: Display: Building textures: ShadowMapTexture2D_0 (G8, 512X64)
[2019.12.09-01.11.01:659][358]LogLinker: Warning: Can't find file '/Game/TwinStickBP/Art/StaticMeshes/lambert1'
[2019.12.09-01.11.01:659][358]LoadErrors: Failed to load /Game/TwinStickBP/Art/StaticMeshes/lambert1.lambert1 Referenced by SM_Cube
[2019.12.09-01.11.01:659][358]LogLinker: Warning: Can't find file for asset '/Game/TwinStickBP/Art/StaticMeshes/lambert1' while loading NULL.
[2019.12.09-01.11.01:659][358]LogLinker: Warning: Can't find file '/Game/TwinStickBP/Art/StaticMeshes/lambert1'
[2019.12.09-01.11.01:659][358]LogTexture: Display: Building textures: SkyOcclusion0_1 (AutoDXT, 256X128)
[2019.12.09-01.11.01:659][358]LogLinker: Warning: Can't find file for asset '/Game/TwinStickBP/Art/StaticMeshes/lambert1' while loading NULL.
[2019.12.09-01.11.01:687][358]LogTexture: Display: Building textures: LQ_Lightmap_0_1 (DXT1, 256X256)
[2019.12.09-01.11.01:687][358]LogTexture: Display: Building textures: HQ_Lightmap0_1 (AutoDXT, 256X256)
[2019.12.09-01.11.01:723][358]LogStaticMesh: Building static mesh SM_Cube...
[2019.12.09-01.11.01:723][358]LogStaticMesh: Built static mesh [0.00s] /Game/TwinStickBP/Art/StaticMeshes/SM_Cube.SM_Cube
[2019.12.09-01.11.01:726][358]LogMaterial: Display: Missing cached shader map for material M_TransparNeonMaster, compiling. 
[2019.12.09-01.11.01:795][358]LogShaderCompilers: Display: Shaders left to compile 31
[2019.12.09-01.11.01:796][358]LogShaderCompilers: Display: Shaders left to compile 21
[2019.12.09-01.11.01:796][358]LogShaderCompilers: Display: Shaders left to compile 11
[2019.12.09-01.11.01:796][358]LogShaderCompilers: Display: Shaders left to compile 1
[2019.12.09-01.11.01:798][358]LogAIModule: Creating AISystem for world L_TobyFloors
[2019.12.09-01.11.01:835][358]LogAssetEditorManager: Opening Asset editor for World /Game/TwinStickBP/Maps/GameplayVideoMaps/L_TobyFloors.L_TobyFloors
[2019.12.09-01.11.03:136][358]LogSlate: Window 'Save Content' being destroyed
[2019.12.09-01.11.04:319][358]LogSavePackage: Moving 'F:/University/Year 2/Games Development/GithubVers/NeonGlider/Neon_Glider(Kyle_Version)/Saved/MainMApCAC52A0D4C6CC0047BC70CB7E1952BEA.tmp' to 'F:/University/Year 2/Games Development/GithubVers/NeonGlider/Neon_Glider(Kyle_Version)/Content/TwinStickBP/Maps/MainMAp.umap'
[2019.12.09-01.11.04:461][358]LogFileHelpers: Saving map 'MainMAp' took 1.318
[2019.12.09-01.11.04:462][358]LightingResults: New page: Lighting Build
[2019.12.09-01.11.04:462][358]LoadErrors: New page: Loading map: L_TobyFloors.umap
[2019.12.09-01.11.04:464][358]MapCheck: New page: Map Check
[2019.12.09-01.11.04:464][358]LightingResults: New page: Lighting Build
[2019.12.09-01.11.04:561][358]LogEditorServer: Finished looking for orphan Actors (0.000 secs)
[2019.12.09-01.11.04:628][358]Cmd: MAP CHECKDEP NOCLEARLOG
[2019.12.09-01.11.04:628][358]MapCheck: Map check complete: 0 Error(s), 0 Warning(s), took 0.101ms to complete.
[2019.12.09-01.11.04:628][358]LogFileHelpers: Loading map 'L_TobyFloors' took 0.168
[2019.12.09-01.11.04:705][358]LogAIModule: Creating AISystem for world MainMap
[2019.12.09-01.11.10:525][ 14]LogEditorViewport: Clicking Background
[2019.12.09-01.11.16:235][657]LogSlate: FSceneViewport::OnFocusLost() reason 2
[2019.12.09-01.11.17:363][777]LogTemp: Repeating last play command: Selected Viewport
[2019.12.09-01.11.17:387][777]LogBlueprintUserMessages: Early PlayInEditor Detection: Level '/Game/TwinStickBP/Maps/GameplayVideoMaps/L_TobyFloors.L_TobyFloors:PersistentLevel' has LevelScriptBlueprint '/Game/TwinStickBP/Maps/GameplayVideoMaps/L_TobyFloors.L_TobyFloors:PersistentLevel.L_TobyFloors' with GeneratedClass '/Game/TwinStickBP/Maps/GameplayVideoMaps/L_TobyFloors.L_TobyFloors_C' with ClassGeneratedBy '/Game/TwinStickBP/Maps/GameplayVideoMaps/L_TobyFloors.L_TobyFloors:PersistentLevel.L_TobyFloors'
[2019.12.09-01.11.17:387][777]LogPlayLevel: PlayLevel: No blueprints needed recompiling
[2019.12.09-01.11.17:387][777]PIE: New page: PIE session: L_TobyFloors (9 Dec 2019 01:11:17)
[2019.12.09-01.11.17:388][777]LogPlayLevel: Creating play world package: /Game/TwinStickBP/Maps/GameplayVideoMaps/UEDPIE_0_L_TobyFloors
[2019.12.09-01.11.17:399][777]LogPlayLevel: PIE: StaticDuplicateObject took: (0.011376s)
[2019.12.09-01.11.17:400][777]LogAIModule: Creating AISystem for world L_TobyFloors
[2019.12.09-01.11.17:400][777]LogPlayLevel: PIE: World Init took: (0.000525s)
[2019.12.09-01.11.17:400][777]LogPlayLevel: PIE: Created PIE world by copying editor world from /Game/TwinStickBP/Maps/GameplayVideoMaps/L_TobyFloors.L_TobyFloors to /Game/TwinStickBP/Maps/GameplayVideoMaps/UEDPIE_0_L_TobyFloors.L_TobyFloors (0.012087s)
[2019.12.09-01.11.17:451][777]LogInit: XAudio2 using 'Headset Earphone (HyperX Virtual Surround Sound)' : 2 channels at 48 kHz using 16 bits per sample (channel mask 0x3)
[2019.12.09-01.11.17:472][777]LogInit: FAudioDevice initialized.
[2019.12.09-01.11.17:472][777]LogSlate: FSceneViewport::OnFocusLost() reason 2
[2019.12.09-01.11.17:507][777]LogLoad: Game class is 'BP_Gamemode_C'
[2019.12.09-01.11.17:516][777]LogWorld: Bringing World /Game/TwinStickBP/Maps/GameplayVideoMaps/UEDPIE_0_L_TobyFloors.L_TobyFloors up for play (max tick rate 0) at 2019.12.09-01.11.17
[2019.12.09-01.11.17:518][777]LogWorld: Bringing up level for play took: 0.010203
[2019.12.09-01.11.17:538][777]PIE: Play in editor start time for /Game/TwinStickBP/Maps/GameplayVideoMaps/UEDPIE_0_L_TobyFloors 0.32
[2019.12.09-01.11.17:538][777]LogBlueprintUserMessages: Late PlayInEditor Detection: Level '/Game/TwinStickBP/Maps/GameplayVideoMaps/L_TobyFloors.L_TobyFloors:PersistentLevel' has LevelScriptBlueprint '/Game/TwinStickBP/Maps/GameplayVideoMaps/L_TobyFloors.L_TobyFloors:PersistentLevel.L_TobyFloors' with GeneratedClass '/Game/TwinStickBP/Maps/GameplayVideoMaps/L_TobyFloors.L_TobyFloors_C' with ClassGeneratedBy '/Game/TwinStickBP/Maps/GameplayVideoMaps/L_TobyFloors.L_TobyFloors:PersistentLevel.L_TobyFloors'
[2019.12.09-01.11.20:575][136]LogSpawn: Warning: SpawnActor failed because of collision at the spawn location [X=2408.697 Y=-2409.155 Z=616.106] for [BP_Enemy_Shooter_C]
[2019.12.09-01.11.20:576][136]LogSpawn: Warning: SpawnActor failed because of collision at the spawn location [X=1504.296 Y=-1610.810 Z=594.379] for [BP_Enemy_Shooter_C]
[2019.12.09-01.11.23:319][464]LogSpawn: Warning: SpawnActor failed because of collision at the spawn location [X=3898.213 Y=-2094.950 Z=594.379] for [BP_Enemy_Shooter_C]
[2019.12.09-01.11.27:309][942]LogBlueprintUserMessages: Early EndPlayMap Detection: Level '/Game/TwinStickBP/Maps/GameplayVideoMaps/L_TobyFloors.L_TobyFloors:PersistentLevel' has LevelScriptBlueprint '/Game/TwinStickBP/Maps/GameplayVideoMaps/L_TobyFloors.L_TobyFloors:PersistentLevel.L_TobyFloors' with GeneratedClass '/Game/TwinStickBP/Maps/GameplayVideoMaps/L_TobyFloors.L_TobyFloors_C' with ClassGeneratedBy '/Game/TwinStickBP/Maps/GameplayVideoMaps/L_TobyFloors.L_TobyFloors:PersistentLevel.L_TobyFloors'
[2019.12.09-01.11.27:309][942]LogSlate: Updating window title bar state: overlay mode, drag disabled, window buttons hidden, title bar hidden
[2019.12.09-01.11.27:352][942]LogPlayLevel: Display: Shutting down PIE online subsystems
[2019.12.09-01.11.27:352][942]LogBlueprintUserMessages: Late EndPlayMap Detection: Level '/Game/TwinStickBP/Maps/GameplayVideoMaps/L_TobyFloors.L_TobyFloors:PersistentLevel' has LevelScriptBlueprint '/Game/TwinStickBP/Maps/GameplayVideoMaps/L_TobyFloors.L_TobyFloors:PersistentLevel.L_TobyFloors' with GeneratedClass '/Game/TwinStickBP/Maps/GameplayVideoMaps/L_TobyFloors.L_TobyFloors_C' with ClassGeneratedBy '/Game/TwinStickBP/Maps/GameplayVideoMaps/L_TobyFloors.L_TobyFloors:PersistentLevel.L_TobyFloors'
[2019.12.09-01.11.27:408][942]LogSlate: Updating window title bar state: overlay mode, drag disabled, window buttons hidden, title bar hidden
[2019.12.09-01.11.27:432][943]LogPlayLevel: Display: Destroying online subsystem :Context_6
[2019.12.09-01.11.28:811][107]LogTemp: Repeating last play command: Selected Viewport
[2019.12.09-01.11.28:867][107]LogBlueprintUserMessages: Early PlayInEditor Detection: Level '/Game/TwinStickBP/Maps/GameplayVideoMaps/L_TobyFloors.L_TobyFloors:PersistentLevel' has LevelScriptBlueprint '/Game/TwinStickBP/Maps/GameplayVideoMaps/L_TobyFloors.L_TobyFloors:PersistentLevel.L_TobyFloors' with GeneratedClass '/Game/TwinStickBP/Maps/GameplayVideoMaps/L_TobyFloors.L_TobyFloors_C' with ClassGeneratedBy '/Game/TwinStickBP/Maps/GameplayVideoMaps/L_TobyFloors.L_TobyFloors:PersistentLevel.L_TobyFloors'
[2019.12.09-01.11.28:867][107]LogPlayLevel: PlayLevel: No blueprints needed recompiling
[2019.12.09-01.11.28:867][107]PIE: New page: PIE session: L_TobyFloors (9 Dec 2019 01:11:28)
[2019.12.09-01.11.28:868][107]LogPlayLevel: Creating play world package: /Game/TwinStickBP/Maps/GameplayVideoMaps/UEDPIE_0_L_TobyFloors
[2019.12.09-01.11.28:897][107]LogPlayLevel: PIE: StaticDuplicateObject took: (0.028765s)
[2019.12.09-01.11.28:897][107]LogAIModule: Creating AISystem for world L_TobyFloors
[2019.12.09-01.11.28:898][107]LogPlayLevel: PIE: World Init took: (0.000788s)
[2019.12.09-01.11.28:898][107]LogPlayLevel: PIE: Created PIE world by copying editor world from /Game/TwinStickBP/Maps/GameplayVideoMaps/L_TobyFloors.L_TobyFloors to /Game/TwinStickBP/Maps/GameplayVideoMaps/UEDPIE_0_L_TobyFloors.L_TobyFloors (0.029807s)
[2019.12.09-01.11.28:954][107]LogInit: XAudio2 using 'Headset Earphone (HyperX Virtual Surround Sound)' : 2 channels at 48 kHz using 16 bits per sample (channel mask 0x3)
[2019.12.09-01.11.28:963][107]LogInit: FAudioDevice initialized.
[2019.12.09-01.11.28:963][107]LogSlate: FSceneViewport::OnFocusLost() reason 2
[2019.12.09-01.11.28:998][107]LogLoad: Game class is 'BP_Gamemode_C'
[2019.12.09-01.11.29:006][107]LogWorld: Bringing World /Game/TwinStickBP/Maps/GameplayVideoMaps/UEDPIE_0_L_TobyFloors.L_TobyFloors up for play (max tick rate 0) at 2019.12.09-01.11.29
[2019.12.09-01.11.29:008][107]LogWorld: Bringing up level for play took: 0.009149
[2019.12.09-01.11.29:027][107]PIE: Play in editor start time for /Game/TwinStickBP/Maps/GameplayVideoMaps/UEDPIE_0_L_TobyFloors -0.191
[2019.12.09-01.11.29:027][107]LogBlueprintUserMessages: Late PlayInEditor Detection: Level '/Game/TwinStickBP/Maps/GameplayVideoMaps/L_TobyFloors.L_TobyFloors:PersistentLevel' has LevelScriptBlueprint '/Game/TwinStickBP/Maps/GameplayVideoMaps/L_TobyFloors.L_TobyFloors:PersistentLevel.L_TobyFloors' with GeneratedClass '/Game/TwinStickBP/Maps/GameplayVideoMaps/L_TobyFloors.L_TobyFloors_C' with ClassGeneratedBy '/Game/TwinStickBP/Maps/GameplayVideoMaps/L_TobyFloors.L_TobyFloors:PersistentLevel.L_TobyFloors'
[2019.12.09-01.11.31:149][357]LogSpawn: Warning: SpawnActor failed because of collision at the spawn location [X=1511.327 Y=-1944.518 Z=594.379] for [BP_New_Enemy_C]
[2019.12.09-01.11.46:615][207]LogBlueprintUserMessages: Early EndPlayMap Detection: Level '/Game/TwinStickBP/Maps/GameplayVideoMaps/L_TobyFloors.L_TobyFloors:PersistentLevel' has LevelScriptBlueprint '/Game/TwinStickBP/Maps/GameplayVideoMaps/L_TobyFloors.L_TobyFloors:PersistentLevel.L_TobyFloors' with GeneratedClass '/Game/TwinStickBP/Maps/GameplayVideoMaps/L_TobyFloors.L_TobyFloors_C' with ClassGeneratedBy '/Game/TwinStickBP/Maps/GameplayVideoMaps/L_TobyFloors.L_TobyFloors:PersistentLevel.L_TobyFloors'
[2019.12.09-01.11.46:615][207]LogSlate: Updating window title bar state: overlay mode, drag disabled, window buttons hidden, title bar hidden
[2019.12.09-01.11.46:657][207]LogPlayLevel: Display: Shutting down PIE online subsystems
[2019.12.09-01.11.46:657][207]LogBlueprintUserMessages: Late EndPlayMap Detection: Level '/Game/TwinStickBP/Maps/GameplayVideoMaps/L_TobyFloors.L_TobyFloors:PersistentLevel' has LevelScriptBlueprint '/Game/TwinStickBP/Maps/GameplayVideoMaps/L_TobyFloors.L_TobyFloors:PersistentLevel.L_TobyFloors' with GeneratedClass '/Game/TwinStickBP/Maps/GameplayVideoMaps/L_TobyFloors.L_TobyFloors_C' with ClassGeneratedBy '/Game/TwinStickBP/Maps/GameplayVideoMaps/L_TobyFloors.L_TobyFloors:PersistentLevel.L_TobyFloors'
[2019.12.09-01.11.46:715][207]LogSlate: Updating window title bar state: overlay mode, drag disabled, window buttons hidden, title bar hidden
[2019.12.09-01.11.46:740][208]LogPlayLevel: Display: Destroying online subsystem :Context_7
[2019.12.09-01.12.51:993][525]LogEditorViewport: Clicking on Actor (LMB): StaticMeshActor (Plane)
[2019.12.09-01.12.53:170][661]LogTemp: Repeating last play command: Selected Viewport
[2019.12.09-01.12.53:214][661]LogBlueprintUserMessages: Early PlayInEditor Detection: Level '/Game/TwinStickBP/Maps/GameplayVideoMaps/L_TobyFloors.L_TobyFloors:PersistentLevel' has LevelScriptBlueprint '/Game/TwinStickBP/Maps/GameplayVideoMaps/L_TobyFloors.L_TobyFloors:PersistentLevel.L_TobyFloors' with GeneratedClass '/Game/TwinStickBP/Maps/GameplayVideoMaps/L_TobyFloors.L_TobyFloors_C' with ClassGeneratedBy '/Game/TwinStickBP/Maps/GameplayVideoMaps/L_TobyFloors.L_TobyFloors:PersistentLevel.L_TobyFloors'
[2019.12.09-01.12.53:214][661]LogPlayLevel: PlayLevel: No blueprints needed recompiling
[2019.12.09-01.12.53:214][661]PIE: New page: PIE session: L_TobyFloors (9 Dec 2019 01:12:53)
[2019.12.09-01.12.53:215][661]LogPlayLevel: Creating play world package: /Game/TwinStickBP/Maps/GameplayVideoMaps/UEDPIE_0_L_TobyFloors
[2019.12.09-01.12.53:241][661]LogPlayLevel: PIE: StaticDuplicateObject took: (0.026123s)
[2019.12.09-01.12.53:241][661]LogAIModule: Creating AISystem for world L_TobyFloors
[2019.12.09-01.12.53:242][661]LogPlayLevel: PIE: World Init took: (0.000710s)
[2019.12.09-01.12.53:242][661]LogPlayLevel: PIE: Created PIE world by copying editor world from /Game/TwinStickBP/Maps/GameplayVideoMaps/L_TobyFloors.L_TobyFloors to /Game/TwinStickBP/Maps/GameplayVideoMaps/UEDPIE_0_L_TobyFloors.L_TobyFloors (0.027050s)
[2019.12.09-01.12.53:293][661]LogInit: XAudio2 using 'Headset Earphone (HyperX Virtual Surround Sound)' : 2 channels at 48 kHz using 16 bits per sample (channel mask 0x3)
[2019.12.09-01.12.53:302][661]LogInit: FAudioDevice initialized.
[2019.12.09-01.12.53:302][661]LogSlate: FSceneViewport::OnFocusLost() reason 2
[2019.12.09-01.12.53:345][661]LogLoad: Game class is 'BP_Gamemode_C'
[2019.12.09-01.12.53:353][661]LogWorld: Bringing World /Game/TwinStickBP/Maps/GameplayVideoMaps/UEDPIE_0_L_TobyFloors.L_TobyFloors up for play (max tick rate 0) at 2019.12.09-01.12.53
[2019.12.09-01.12.53:355][661]LogWorld: Bringing up level for play took: 0.009323
[2019.12.09-01.12.53:372][661]PIE: Play in editor start time for /Game/TwinStickBP/Maps/GameplayVideoMaps/UEDPIE_0_L_TobyFloors 0.154
[2019.12.09-01.12.53:372][661]LogBlueprintUserMessages: Late PlayInEditor Detection: Level '/Game/TwinStickBP/Maps/GameplayVideoMaps/L_TobyFloors.L_TobyFloors:PersistentLevel' has LevelScriptBlueprint '/Game/TwinStickBP/Maps/GameplayVideoMaps/L_TobyFloors.L_TobyFloors:PersistentLevel.L_TobyFloors' with GeneratedClass '/Game/TwinStickBP/Maps/GameplayVideoMaps/L_TobyFloors.L_TobyFloors_C' with ClassGeneratedBy '/Game/TwinStickBP/Maps/GameplayVideoMaps/L_TobyFloors.L_TobyFloors:PersistentLevel.L_TobyFloors'
[2019.12.09-01.12.55:955][967]LogBlueprintUserMessages: Early EndPlayMap Detection: Level '/Game/TwinStickBP/Maps/GameplayVideoMaps/L_TobyFloors.L_TobyFloors:PersistentLevel' has LevelScriptBlueprint '/Game/TwinStickBP/Maps/GameplayVideoMaps/L_TobyFloors.L_TobyFloors:PersistentLevel.L_TobyFloors' with GeneratedClass '/Game/TwinStickBP/Maps/GameplayVideoMaps/L_TobyFloors.L_TobyFloors_C' with ClassGeneratedBy '/Game/TwinStickBP/Maps/GameplayVideoMaps/L_TobyFloors.L_TobyFloors:PersistentLevel.L_TobyFloors'
[2019.12.09-01.12.55:955][967]LogSlate: Updating window title bar state: overlay mode, drag disabled, window buttons hidden, title bar hidden
[2019.12.09-01.12.55:996][967]LogPlayLevel: Display: Shutting down PIE online subsystems
[2019.12.09-01.12.55:996][967]LogBlueprintUserMessages: Late EndPlayMap Detection: Level '/Game/TwinStickBP/Maps/GameplayVideoMaps/L_TobyFloors.L_TobyFloors:PersistentLevel' has LevelScriptBlueprint '/Game/TwinStickBP/Maps/GameplayVideoMaps/L_TobyFloors.L_TobyFloors:PersistentLevel.L_TobyFloors' with GeneratedClass '/Game/TwinStickBP/Maps/GameplayVideoMaps/L_TobyFloors.L_TobyFloors_C' with ClassGeneratedBy '/Game/TwinStickBP/Maps/GameplayVideoMaps/L_TobyFloors.L_TobyFloors:PersistentLevel.L_TobyFloors'
[2019.12.09-01.12.56:047][967]LogSlate: Updating window title bar state: overlay mode, drag disabled, window buttons hidden, title bar hidden
[2019.12.09-01.12.56:069][968]LogPlayLevel: Display: Destroying online subsystem :Context_8
[2019.12.09-01.12.57:626][131]LogSlate: FSceneViewport::OnFocusLost() reason 2
[2019.12.09-01.12.58:898][278]LogSlate: FSceneViewport::OnFocusLost() reason 0
[2019.12.09-01.12.59:582][335]LogTexture: Display: Building textures: ShadowMapTexture2D_1 (G8, 1024X256)
[2019.12.09-01.12.59:721][335]LogTexture: Display: Building textures: SkyOcclusion0_1 (AutoDXT, 1024X512)
[2019.12.09-01.12.59:721][335]LogTexture: Display: Building textures: LQ_Lightmap_0_1 (DXT1, 1024X1024)
[2019.12.09-01.12.59:721][335]LogTexture: Display: Building textures: HQ_Lightmap0_1 (AutoDXT, 1024X1024)
[2019.12.09-01.12.59:722][335]LogAIModule: Creating AISystem for world L_TobyMaze
[2019.12.09-01.12.59:743][335]LogAssetEditorManager: Opening Asset editor for World /Game/TwinStickBP/Maps/GameplayVideoMaps/L_TobyMaze.L_TobyMaze
[2019.12.09-01.12.59:773][335]LightingResults: New page: Lighting Build
[2019.12.09-01.12.59:773][335]LoadErrors: New page: Loading map: L_TobyMaze.umap
[2019.12.09-01.12.59:774][335]MapCheck: New page: Map Check
[2019.12.09-01.12.59:774][335]LightingResults: New page: Lighting Build
[2019.12.09-01.12.59:887][335]LogEditorServer: Finished looking for orphan Actors (0.000 secs)
[2019.12.09-01.12.59:952][335]Cmd: MAP CHECKDEP NOCLEARLOG
[2019.12.09-01.12.59:954][335]MapCheck: Map check complete: 0 Error(s), 0 Warning(s), took 1.805ms to complete.
[2019.12.09-01.12.59:954][335]LogFileHelpers: Loading map 'L_TobyMaze' took 0.182
[2019.12.09-01.13.00:663][399]LogEditorViewport: Clicking on Actor (LMB): StaticMeshActor (Plane)
[2019.12.09-01.13.01:378][476]LogSlate: FSceneViewport::OnFocusLost() reason 0
[2019.12.09-01.13.01:461][486]LogTemp: Repeating last play command: Selected Viewport
[2019.12.09-01.13.01:482][486]LogBlueprintUserMessages: Early PlayInEditor Detection: Level '/Game/TwinStickBP/Maps/GameplayVideoMaps/L_TobyMaze.L_TobyMaze:PersistentLevel' has LevelScriptBlueprint '/Game/TwinStickBP/Maps/GameplayVideoMaps/L_TobyMaze.L_TobyMaze:PersistentLevel.L_TobyMaze' with GeneratedClass '/Game/TwinStickBP/Maps/GameplayVideoMaps/L_TobyMaze.L_TobyMaze_C' with ClassGeneratedBy '/Game/TwinStickBP/Maps/GameplayVideoMaps/L_TobyMaze.L_TobyMaze:PersistentLevel.L_TobyMaze'
[2019.12.09-01.13.01:482][486]LogPlayLevel: PlayLevel: No blueprints needed recompiling
[2019.12.09-01.13.01:482][486]PIE: New page: PIE session: L_TobyMaze (9 Dec 2019 01:13:01)
[2019.12.09-01.13.01:482][486]LogPlayLevel: Creating play world package: /Game/TwinStickBP/Maps/GameplayVideoMaps/UEDPIE_0_L_TobyMaze
[2019.12.09-01.13.01:492][486]LogPlayLevel: PIE: StaticDuplicateObject took: (0.009786s)
[2019.12.09-01.13.01:493][486]LogAIModule: Creating AISystem for world L_TobyMaze
[2019.12.09-01.13.01:493][486]LogPlayLevel: PIE: World Init took: (0.000523s)
[2019.12.09-01.13.01:493][486]LogPlayLevel: PIE: Created PIE world by copying editor world from /Game/TwinStickBP/Maps/GameplayVideoMaps/L_TobyMaze.L_TobyMaze to /Game/TwinStickBP/Maps/GameplayVideoMaps/UEDPIE_0_L_TobyMaze.L_TobyMaze (0.010492s)
[2019.12.09-01.13.01:545][486]LogInit: XAudio2 using 'Headset Earphone (HyperX Virtual Surround Sound)' : 2 channels at 48 kHz using 16 bits per sample (channel mask 0x3)
[2019.12.09-01.13.01:554][486]LogInit: FAudioDevice initialized.
[2019.12.09-01.13.01:591][486]LogLoad: Game class is 'BP_Gamemode_C'
[2019.12.09-01.13.01:597][486]LogWorld: Bringing World /Game/TwinStickBP/Maps/GameplayVideoMaps/UEDPIE_0_L_TobyMaze.L_TobyMaze up for play (max tick rate 0) at 2019.12.09-01.13.01
[2019.12.09-01.13.01:599][486]LogWorld: Bringing up level for play took: 0.006566
[2019.12.09-01.13.01:613][486]PIE: Play in editor start time for /Game/TwinStickBP/Maps/GameplayVideoMaps/UEDPIE_0_L_TobyMaze 0.396
[2019.12.09-01.13.01:614][486]LogBlueprintUserMessages: Late PlayInEditor Detection: Level '/Game/TwinStickBP/Maps/GameplayVideoMaps/L_TobyMaze.L_TobyMaze:PersistentLevel' has LevelScriptBlueprint '/Game/TwinStickBP/Maps/GameplayVideoMaps/L_TobyMaze.L_TobyMaze:PersistentLevel.L_TobyMaze' with GeneratedClass '/Game/TwinStickBP/Maps/GameplayVideoMaps/L_TobyMaze.L_TobyMaze_C' with ClassGeneratedBy '/Game/TwinStickBP/Maps/GameplayVideoMaps/L_TobyMaze.L_TobyMaze:PersistentLevel.L_TobyMaze'
[2019.12.09-01.13.02:807][623]Cmd: LevelEditor.ToggleImmersive
[2019.12.09-01.13.03:005][628]LogSlate: FSceneViewport::OnFocusLost() reason 2
[2019.12.09-01.13.11:774][673]LogBlueprintUserMessages: Early EndPlayMap Detection: Level '/Game/TwinStickBP/Maps/GameplayVideoMaps/L_TobyMaze.L_TobyMaze:PersistentLevel' has LevelScriptBlueprint '/Game/TwinStickBP/Maps/GameplayVideoMaps/L_TobyMaze.L_TobyMaze:PersistentLevel.L_TobyMaze' with GeneratedClass '/Game/TwinStickBP/Maps/GameplayVideoMaps/L_TobyMaze.L_TobyMaze_C' with ClassGeneratedBy '/Game/TwinStickBP/Maps/GameplayVideoMaps/L_TobyMaze.L_TobyMaze:PersistentLevel.L_TobyMaze'
[2019.12.09-01.13.11:775][673]LogSlate: Updating window title bar state: overlay mode, drag disabled, window buttons hidden, title bar hidden
[2019.12.09-01.13.11:845][673]LogPlayLevel: Display: Shutting down PIE online subsystems
[2019.12.09-01.13.11:846][673]LogBlueprintUserMessages: Late EndPlayMap Detection: Level '/Game/TwinStickBP/Maps/GameplayVideoMaps/L_TobyMaze.L_TobyMaze:PersistentLevel' has LevelScriptBlueprint '/Game/TwinStickBP/Maps/GameplayVideoMaps/L_TobyMaze.L_TobyMaze:PersistentLevel.L_TobyMaze' with GeneratedClass '/Game/TwinStickBP/Maps/GameplayVideoMaps/L_TobyMaze.L_TobyMaze_C' with ClassGeneratedBy '/Game/TwinStickBP/Maps/GameplayVideoMaps/L_TobyMaze.L_TobyMaze:PersistentLevel.L_TobyMaze'
[2019.12.09-01.13.11:897][673]LogSlate: Updating window title bar state: overlay mode, drag disabled, window buttons hidden, title bar hidden
[2019.12.09-01.13.11:919][674]LogPlayLevel: Display: Destroying online subsystem :Context_9
[2019.12.09-01.18.30:046][784]LogSlate: FSceneViewport::OnFocusLost() reason 2
[2019.12.09-01.18.31:307][931]LogSlate: FSceneViewport::OnFocusLost() reason 0
[2019.12.09-01.18.31:837][949]LogTexture: Display: Building textures: ShadowMapTexture2D_0 (G8, 512X64)
[2019.12.09-01.18.31:838][949]LogTexture: Display: Building textures: SkyOcclusion0_1 (AutoDXT, 256X128)
[2019.12.09-01.18.31:838][949]LogTexture: Display: Building textures: LQ_Lightmap_0_1 (DXT1, 256X256)
[2019.12.09-01.18.31:838][949]LogTexture: Display: Building textures: HQ_Lightmap0_1 (AutoDXT, 256X256)
[2019.12.09-01.18.31:872][949]LogAIModule: Creating AISystem for world L_TobyBossMap
[2019.12.09-01.18.31:885][949]LogAssetEditorManager: Opening Asset editor for World /Game/TwinStickBP/Maps/GameplayVideoMaps/L_TobyBossMap.L_TobyBossMap
[2019.12.09-01.18.31:920][949]LightingResults: New page: Lighting Build
[2019.12.09-01.18.31:920][949]LoadErrors: New page: Loading map: L_TobyBossMap.umap
[2019.12.09-01.18.31:922][949]MapCheck: New page: Map Check
[2019.12.09-01.18.31:922][949]LightingResults: New page: Lighting Build
[2019.12.09-01.18.31:966][949]LogEditorServer: Finished looking for orphan Actors (0.000 secs)
[2019.12.09-01.18.32:030][949]Cmd: MAP CHECKDEP NOCLEARLOG
[2019.12.09-01.18.32:030][949]MapCheck: Map check complete: 0 Error(s), 0 Warning(s), took 0.182ms to complete.
[2019.12.09-01.18.32:030][949]LogFileHelpers: Loading map 'L_TobyBossMap' took 0.111
[2019.12.09-01.18.35:708][361]LogAIModule: Creating AISystem for world MainMap
[2019.12.09-01.18.35:719][361]LogAssetEditorManager: Opening Asset editor for World /Game/TwinStickBP/Maps/MainMAp.MainMap
[2019.12.09-01.18.35:753][361]Cmd: MAP LOAD FILE="F:/University/Year 2/Games Development/GithubVers/NeonGlider/Neon_Glider(Kyle_Version)/Content/TwinStickBP/Maps/MainMAp.umap" TEMPLATE=0 SHOWPROGRESS=1 FEATURELEVEL=3
[2019.12.09-01.18.35:753][361]LightingResults: New page: Lighting Build
[2019.12.09-01.18.35:754][361]LoadErrors: New page: Loading map: MainMAp.umap
[2019.12.09-01.18.35:754][361]MapCheck: New page: Map Check
[2019.12.09-01.18.35:754][361]LightingResults: New page: Lighting Build
[2019.12.09-01.18.35:796][361]LogEditorServer: Finished looking for orphan Actors (0.000 secs)
[2019.12.09-01.18.35:865][361]Cmd: MAP CHECKDEP NOCLEARLOG
[2019.12.09-01.18.35:865][361]MapCheck: Map check complete: 0 Error(s), 0 Warning(s), took 0.087ms to complete.
[2019.12.09-01.18.35:865][361]LogFileHelpers: Loading map 'MainMAp' took 0.112
[2019.12.09-01.18.39:399][745]LogEditorViewport: Clicking on Actor (LMB): BP_Spawner_Shooter_C (BP_Spawner_Shooter)
[2019.12.09-01.18.43:378][160]Cmd: DELETE
[2019.12.09-01.18.43:378][160]Cmd: ACTOR DELETE
[2019.12.09-01.18.43:387][160]LogEditorActor: Deleted Actor: BP_Spawner_Shooter_C
[2019.12.09-01.18.43:388][160]LogEditorActor: Deleted Actor: BP_Spawner_Beyblade_C
[2019.12.09-01.18.43:431][160]LogEditorActor: Deleted 2 Actors (0.053 secs)
[2019.12.09-01.18.45:189][365]LogEditorViewport: Clicking on Actor (LMB): BP_DamagePickup_C (BP_DamagePickup)
[2019.12.09-01.18.53:142][205]Cmd: DELETE
[2019.12.09-01.18.53:142][205]Cmd: ACTOR DELETE
[2019.12.09-01.18.53:149][205]LogEditorActor: Deleted Actor: BP_DamagePickup_C
[2019.12.09-01.18.53:150][205]LogEditorActor: Deleted Actor: BP_DamagePickup_C
[2019.12.09-01.18.53:150][205]LogEditorActor: Deleted Actor: BP_TimePickup_C
[2019.12.09-01.18.53:151][205]LogEditorActor: Deleted Actor: BP_TimePickup_C
[2019.12.09-01.18.53:151][205]LogEditorActor: Deleted Actor: BP_TimePickup_C
[2019.12.09-01.18.53:152][205]LogEditorActor: Deleted Actor: BP_RotatingTurret_C
[2019.12.09-01.18.53:152][205]LogEditorActor: Deleted Actor: BP_MainPortal_C
[2019.12.09-01.18.53:200][205]LogEditorActor: Deleted 7 Actors (0.059 secs)
[2019.12.09-01.19.02:157][162]Cmd: DELETE
[2019.12.09-01.19.02:157][162]Cmd: ACTOR DELETE
[2019.12.09-01.19.02:163][162]LogEditorActor: Deleted Actor: BP_Enemy_C
[2019.12.09-01.19.02:163][162]LogEditorActor: Deleted Actor: BP_Enemy_C
[2019.12.09-01.19.02:164][162]LogEditorActor: Deleted Actor: BP_Enemy_C
[2019.12.09-01.19.02:164][162]LogEditorActor: Deleted Actor: BP_Enemy_C
[2019.12.09-01.19.02:165][162]LogEditorActor: Deleted Actor: BP_Enemy_C
[2019.12.09-01.19.02:165][162]LogEditorActor: Deleted Actor: BP_Enemy_C
[2019.12.09-01.19.02:165][162]LogEditorActor: Deleted Actor: TargetPoint
[2019.12.09-01.19.02:204][162]LogEditorActor: Deleted 7 Actors (0.047 secs)
[2019.12.09-01.19.03:807][351]LogEditorViewport: Clicking on Actor (LMB): StaticMeshActor (Obstacle1)
[2019.12.09-01.19.09:774][977]Cmd: DELETE
[2019.12.09-01.19.09:774][977]Cmd: ACTOR DELETE
[2019.12.09-01.19.09:777][977]LogEditorActor: Deleted Actor: StaticMeshActor
[2019.12.09-01.19.09:815][977]LogEditorActor: Deleted 1 Actors (0.041 secs)
[2019.12.09-01.19.11:690][198]LogEditorViewport: Clicking on Actor (LMB): AtmosphericFog (Atmospheric Fog)
[2019.12.09-01.19.12:840][311]LogEditorViewport: Clicking on Actor (LMB): TargetPoint (TargetPoint)
[2019.12.09-01.19.13:668][402]Cmd: DELETE
[2019.12.09-01.19.13:668][402]Cmd: ACTOR DELETE
[2019.12.09-01.19.13:674][402]LogEditorActor: Deleted Actor: TargetPoint
[2019.12.09-01.19.13:713][402]LogEditorActor: Deleted 1 Actors (0.045 secs)
[2019.12.09-01.19.15:102][564]LogEditorViewport: Clicking on Actor (LMB): BP_New_Enemy_C (BP_New_Enemy3)
[2019.12.09-01.19.16:015][661]Cmd: EDIT COPY
[2019.12.09-01.19.16:224][682]Cmd: EDIT PASTE
[2019.12.09-01.19.17:388][797]Cmd: EDIT PASTE
[2019.12.09-01.19.20:069][ 78]LogSlate: FSceneViewport::OnFocusLost() reason 0
[2019.12.09-01.19.20:142][ 86]LogTemp: Repeating last play command: Selected Viewport
[2019.12.09-01.19.20:164][ 86]LogBlueprintUserMessages: Early PlayInEditor Detection: Level '/Game/TwinStickBP/Maps/MainMAp.MainMap:PersistentLevel' has LevelScriptBlueprint '/Game/TwinStickBP/Maps/MainMAp.MainMap:PersistentLevel.MainMap' with GeneratedClass '/Game/TwinStickBP/Maps/MainMAp.MainMap_C' with ClassGeneratedBy '/Game/TwinStickBP/Maps/MainMAp.MainMap:PersistentLevel.MainMap'
[2019.12.09-01.19.20:164][ 86]LogPlayLevel: PlayLevel: No blueprints needed recompiling
[2019.12.09-01.19.20:164][ 86]PIE: New page: PIE session: MainMAp (9 Dec 2019 01:19:20)
[2019.12.09-01.19.20:164][ 86]LogPlayLevel: Creating play world package: /Game/TwinStickBP/Maps/UEDPIE_0_MainMAp
[2019.12.09-01.19.20:170][ 86]LogPlayLevel: PIE: StaticDuplicateObject took: (0.005635s)
[2019.12.09-01.19.20:170][ 86]LogAIModule: Creating AISystem for world MainMap
[2019.12.09-01.19.20:171][ 86]LogPlayLevel: PIE: World Init took: (0.000555s)
[2019.12.09-01.19.20:171][ 86]LogPlayLevel: PIE: Created PIE world by copying editor world from /Game/TwinStickBP/Maps/MainMAp.MainMap to /Game/TwinStickBP/Maps/UEDPIE_0_MainMAp.MainMap (0.006322s)
[2019.12.09-01.19.20:215][ 86]LogInit: XAudio2 using 'Headset Earphone (HyperX Virtual Surround Sound)' : 2 channels at 48 kHz using 16 bits per sample (channel mask 0x3)
[2019.12.09-01.19.20:228][ 86]LogInit: FAudioDevice initialized.
[2019.12.09-01.19.20:263][ 86]LogLoad: Game class is 'BP_Gamemode_C'
[2019.12.09-01.19.20:267][ 86]LogWorld: Bringing World /Game/TwinStickBP/Maps/UEDPIE_0_MainMAp.MainMap up for play (max tick rate 0) at 2019.12.09-01.19.20
[2019.12.09-01.19.20:268][ 86]LogWorld: Bringing up level for play took: 0.003362
[2019.12.09-01.19.20:283][ 86]PIE: Play in editor start time for /Game/TwinStickBP/Maps/UEDPIE_0_MainMAp 1.054
[2019.12.09-01.19.20:283][ 86]LogBlueprintUserMessages: Late PlayInEditor Detection: Level '/Game/TwinStickBP/Maps/MainMAp.MainMap:PersistentLevel' has LevelScriptBlueprint '/Game/TwinStickBP/Maps/MainMAp.MainMap:PersistentLevel.MainMap' with GeneratedClass '/Game/TwinStickBP/Maps/MainMAp.MainMap_C' with ClassGeneratedBy '/Game/TwinStickBP/Maps/MainMAp.MainMap:PersistentLevel.MainMap'
[2019.12.09-01.19.32:816][571]LogBlueprintUserMessages: Early EndPlayMap Detection: Level '/Game/TwinStickBP/Maps/MainMAp.MainMap:PersistentLevel' has LevelScriptBlueprint '/Game/TwinStickBP/Maps/MainMAp.MainMap:PersistentLevel.MainMap' with GeneratedClass '/Game/TwinStickBP/Maps/MainMAp.MainMap_C' with ClassGeneratedBy '/Game/TwinStickBP/Maps/MainMAp.MainMap:PersistentLevel.MainMap'
[2019.12.09-01.19.32:816][571]LogSlate: Updating window title bar state: overlay mode, drag disabled, window buttons hidden, title bar hidden
[2019.12.09-01.19.32:850][571]LogPlayLevel: Display: Shutting down PIE online subsystems
[2019.12.09-01.19.32:850][571]LogBlueprintUserMessages: Late EndPlayMap Detection: Level '/Game/TwinStickBP/Maps/MainMAp.MainMap:PersistentLevel' has LevelScriptBlueprint '/Game/TwinStickBP/Maps/MainMAp.MainMap:PersistentLevel.MainMap' with GeneratedClass '/Game/TwinStickBP/Maps/MainMAp.MainMap_C' with ClassGeneratedBy '/Game/TwinStickBP/Maps/MainMAp.MainMap:PersistentLevel.MainMap'
[2019.12.09-01.19.32:896][571]LogSlate: Updating window title bar state: overlay mode, drag disabled, window buttons hidden, title bar hidden
[2019.12.09-01.19.32:936][573]LogPlayLevel: Display: Destroying online subsystem :Context_10
[2019.12.09-01.19.38:993][265]LogEditorViewport: Clicking on Actor (LMB): StaticMeshActor (Floor)
[2019.12.09-01.19.39:537][306]LogEditorViewport: Clicking on Actor (LMB): StaticMeshActor (Floor)
[2019.12.09-01.19.39:978][350]LogEditorViewport: Clicking on Actor (LMB): BP_DoorController_C (BP_DoorController)
[2019.12.09-01.19.42:152][574]Cmd: DELETE
[2019.12.09-01.19.42:152][574]Cmd: ACTOR DELETE
[2019.12.09-01.19.42:158][574]LogEditorActor: Deleted Actor: BP_DoorController_C
[2019.12.09-01.19.42:200][574]LogEditorActor: Deleted 1 Actors (0.049 secs)
[2019.12.09-01.28.49:508][510]LogSavePackage: Moving 'F:/University/Year 2/Games Development/GithubVers/NeonGlider/Neon_Glider(Kyle_Version)/Saved/MainMAp_Auto1FCE4CFED45525D1B3CA6A39B0CAF12E4.tmp' to 'F:/University/Year 2/Games Development/GithubVers/NeonGlider/Neon_Glider(Kyle_Version)/Saved/Autosaves/Game/TwinStickBP/Maps/MainMAp_Auto1.umap'
[2019.12.09-01.28.49:590][510]LogFileHelpers: Editor autosave (incl. sublevels) for '/Game/TwinStickBP/Maps/MainMAp' took 0.904
[2019.12.09-01.28.49:590][510]LogFileHelpers: Editor autosave (incl. sublevels) for all levels took 0.904
